<?xml version="1.0" encoding="UTF-8"?>
<testsuite xmlns:xsi="http://www.w3.org/2001/XMLSchema-instance" xsi:noNamespaceSchemaLocation="https://maven.apache.org/surefire/maven-surefire-plugin/xsd/surefire-test-report-3.0.xsd" version="3.0" name="logic.BloodBankTest" time="0.408" tests="17" errors="0" skipped="0" failures="0">
  <properties>
    <property name="sun.desktop" value="windows"/>
    <property name="awt.toolkit" value="sun.awt.windows.WToolkit"/>
    <property name="netbeans.deploy" value="true"/>
    <property name="java.specification.version" value="11"/>
    <property name="sun.cpu.isalist" value="amd64"/>
    <property name="sun.jnu.encoding" value="Cp1252"/>
    <property name="java.class.path" value="C:\Users\andre\Documents\NetBeansProjects\SimpleBloodBank\target\test-classes;C:\Users\andre\Documents\NetBeansProjects\SimpleBloodBank\target\classes;C:\Users\andre\.m2\repository\org\junit\jupiter\junit-jupiter\5.7.0\junit-jupiter-5.7.0.jar;C:\Users\andre\.m2\repository\org\junit\jupiter\junit-jupiter-api\5.7.0\junit-jupiter-api-5.7.0.jar;C:\Users\andre\.m2\repository\org\apiguardian\apiguardian-api\1.1.0\apiguardian-api-1.1.0.jar;C:\Users\andre\.m2\repository\org\opentest4j\opentest4j\1.2.0\opentest4j-1.2.0.jar;C:\Users\andre\.m2\repository\org\junit\platform\junit-platform-commons\1.7.0\junit-platform-commons-1.7.0.jar;C:\Users\andre\.m2\repository\org\junit\jupiter\junit-jupiter-params\5.7.0\junit-jupiter-params-5.7.0.jar;C:\Users\andre\.m2\repository\org\junit\jupiter\junit-jupiter-engine\5.7.0\junit-jupiter-engine-5.7.0.jar;C:\Users\andre\.m2\repository\org\junit\platform\junit-platform-engine\1.7.0\junit-platform-engine-1.7.0.jar;C:\Users\andre\.m2\repository\org\hamcrest\hamcrest\2.2\hamcrest-2.2.jar;C:\Users\andre\.m2\repository\org\hamcrest\hamcrest-library\2.2\hamcrest-library-2.2.jar;C:\Users\andre\.m2\repository\org\hamcrest\hamcrest-core\2.2\hamcrest-core-2.2.jar;C:\Users\andre\.m2\repository\org\apache\logging\log4j\log4j-api\2.14.0\log4j-api-2.14.0.jar;C:\Users\andre\.m2\repository\org\apache\logging\log4j\log4j-core\2.14.0\log4j-core-2.14.0.jar;C:\Users\andre\.m2\repository\org\hibernate\hibernate-core\5.4.27.Final\hibernate-core-5.4.27.Final.jar;C:\Users\andre\.m2\repository\org\jboss\logging\jboss-logging\3.4.1.Final\jboss-logging-3.4.1.Final.jar;C:\Users\andre\.m2\repository\javax\persistence\javax.persistence-api\2.2\javax.persistence-api-2.2.jar;C:\Users\andre\.m2\repository\org\javassist\javassist\3.27.0-GA\javassist-3.27.0-GA.jar;C:\Users\andre\.m2\repository\net\bytebuddy\byte-buddy\1.10.17\byte-buddy-1.10.17.jar;C:\Users\andre\.m2\repository\antlr\antlr\2.7.7\antlr-2.7.7.jar;C:\Users\andre\.m2\repository\org\jboss\spec\javax\transaction\jboss-transaction-api_1.2_spec\1.1.1.Final\jboss-transaction-api_1.2_spec-1.1.1.Final.jar;C:\Users\andre\.m2\repository\org\jboss\jandex\2.1.3.Final\jandex-2.1.3.Final.jar;C:\Users\andre\.m2\repository\com\fasterxml\classmate\1.5.1\classmate-1.5.1.jar;C:\Users\andre\.m2\repository\javax\activation\javax.activation-api\1.2.0\javax.activation-api-1.2.0.jar;C:\Users\andre\.m2\repository\org\dom4j\dom4j\2.1.3\dom4j-2.1.3.jar;C:\Users\andre\.m2\repository\org\hibernate\common\hibernate-commons-annotations\5.1.2.Final\hibernate-commons-annotations-5.1.2.Final.jar;C:\Users\andre\.m2\repository\javax\xml\bind\jaxb-api\2.3.1\jaxb-api-2.3.1.jar;C:\Users\andre\.m2\repository\org\glassfish\jaxb\jaxb-runtime\2.3.1\jaxb-runtime-2.3.1.jar;C:\Users\andre\.m2\repository\org\glassfish\jaxb\txw2\2.3.1\txw2-2.3.1.jar;C:\Users\andre\.m2\repository\com\sun\istack\istack-commons-runtime\3.0.7\istack-commons-runtime-3.0.7.jar;C:\Users\andre\.m2\repository\org\jvnet\staxex\stax-ex\1.8\stax-ex-1.8.jar;C:\Users\andre\.m2\repository\com\sun\xml\fastinfoset\FastInfoset\1.2.15\FastInfoset-1.2.15.jar;C:\Users\andre\.m2\repository\org\apache\tomcat\embed\tomcat-embed-core\9.0.44\tomcat-embed-core-9.0.44.jar;C:\Users\andre\.m2\repository\org\apache\tomcat\tomcat-annotations-api\9.0.44\tomcat-annotations-api-9.0.44.jar;C:\Users\andre\.m2\repository\org\apache\tomcat\embed\tomcat-embed-jasper\9.0.44\tomcat-embed-jasper-9.0.44.jar;C:\Users\andre\.m2\repository\org\apache\tomcat\embed\tomcat-embed-el\9.0.44\tomcat-embed-el-9.0.44.jar;C:\Users\andre\.m2\repository\org\eclipse\jdt\ecj\3.18.0\ecj-3.18.0.jar;C:\Users\andre\.m2\repository\org\apache\tomcat\tomcat-jdbc\9.0.44\tomcat-jdbc-9.0.44.jar;C:\Users\andre\.m2\repository\org\apache\tomcat\tomcat-juli\9.0.44\tomcat-juli-9.0.44.jar;C:\Users\andre\.m2\repository\jakarta\platform\jakarta.jakartaee-api\8.0.0\jakarta.jakartaee-api-8.0.0.jar;C:\Users\andre\.m2\repository\org\glassfish\web\jakarta.servlet.jsp.jstl\1.2.6\jakarta.servlet.jsp.jstl-1.2.6.jar;C:\Users\andre\.m2\repository\jakarta\servlet\jsp\jstl\jakarta.servlet.jsp.jstl-api\1.2.4\jakarta.servlet.jsp.jstl-api-1.2.4.jar;C:\Users\andre\.m2\repository\jakarta\servlet\jakarta.servlet-api\4.0.2\jakarta.servlet-api-4.0.2.jar;C:\Users\andre\.m2\repository\jakarta\el\jakarta.el-api\3.0.2\jakarta.el-api-3.0.2.jar;C:\Users\andre\.m2\repository\mysql\mysql-connector-java\8.0.23\mysql-connector-java-8.0.23.jar;C:\Users\andre\.m2\repository\com\google\protobuf\protobuf-java\3.11.4\protobuf-java-3.11.4.jar;"/>
    <property name="java.vm.vendor" value="AdoptOpenJDK"/>
    <property name="sun.arch.data.model" value="64"/>
    <property name="user.variant" value=""/>
    <property name="catalina.useNaming" value="true"/>
    <property name="java.vendor.url" value="https://adoptopenjdk.net/"/>
    <property name="user.timezone" value="America/New_York"/>
    <property name="java.vm.specification.version" value="11"/>
    <property name="os.name" value="Windows 10"/>
    <property name="user.country" value="CA"/>
    <property name="sun.java.launcher" value="SUN_STANDARD"/>
    <property name="sun.boot.library.path" value="C:\Program Files\AdoptOpenJDK\jdk-11.0.9.101-hotspot\bin"/>
    <property name="sun.java.command" value="C:\Users\andre\AppData\Local\Temp\surefire10468875393855993764\surefirebooter17302369024437451693.jar C:\Users\andre\AppData\Local\Temp\surefire10468875393855993764 2021-04-12T12-32-27_283-jvmRun1 surefire10297323759538211944tmp surefire_05067660744759888359tmp"/>
    <property name="jdk.debug" value="release"/>
    <property name="surefire.test.class.path" value="C:\Users\andre\Documents\NetBeansProjects\SimpleBloodBank\target\test-classes;C:\Users\andre\Documents\NetBeansProjects\SimpleBloodBank\target\classes;C:\Users\andre\.m2\repository\org\junit\jupiter\junit-jupiter\5.7.0\junit-jupiter-5.7.0.jar;C:\Users\andre\.m2\repository\org\junit\jupiter\junit-jupiter-api\5.7.0\junit-jupiter-api-5.7.0.jar;C:\Users\andre\.m2\repository\org\apiguardian\apiguardian-api\1.1.0\apiguardian-api-1.1.0.jar;C:\Users\andre\.m2\repository\org\opentest4j\opentest4j\1.2.0\opentest4j-1.2.0.jar;C:\Users\andre\.m2\repository\org\junit\platform\junit-platform-commons\1.7.0\junit-platform-commons-1.7.0.jar;C:\Users\andre\.m2\repository\org\junit\jupiter\junit-jupiter-params\5.7.0\junit-jupiter-params-5.7.0.jar;C:\Users\andre\.m2\repository\org\junit\jupiter\junit-jupiter-engine\5.7.0\junit-jupiter-engine-5.7.0.jar;C:\Users\andre\.m2\repository\org\junit\platform\junit-platform-engine\1.7.0\junit-platform-engine-1.7.0.jar;C:\Users\andre\.m2\repository\org\hamcrest\hamcrest\2.2\hamcrest-2.2.jar;C:\Users\andre\.m2\repository\org\hamcrest\hamcrest-library\2.2\hamcrest-library-2.2.jar;C:\Users\andre\.m2\repository\org\hamcrest\hamcrest-core\2.2\hamcrest-core-2.2.jar;C:\Users\andre\.m2\repository\org\apache\logging\log4j\log4j-api\2.14.0\log4j-api-2.14.0.jar;C:\Users\andre\.m2\repository\org\apache\logging\log4j\log4j-core\2.14.0\log4j-core-2.14.0.jar;C:\Users\andre\.m2\repository\org\hibernate\hibernate-core\5.4.27.Final\hibernate-core-5.4.27.Final.jar;C:\Users\andre\.m2\repository\org\jboss\logging\jboss-logging\3.4.1.Final\jboss-logging-3.4.1.Final.jar;C:\Users\andre\.m2\repository\javax\persistence\javax.persistence-api\2.2\javax.persistence-api-2.2.jar;C:\Users\andre\.m2\repository\org\javassist\javassist\3.27.0-GA\javassist-3.27.0-GA.jar;C:\Users\andre\.m2\repository\net\bytebuddy\byte-buddy\1.10.17\byte-buddy-1.10.17.jar;C:\Users\andre\.m2\repository\antlr\antlr\2.7.7\antlr-2.7.7.jar;C:\Users\andre\.m2\repository\org\jboss\spec\javax\transaction\jboss-transaction-api_1.2_spec\1.1.1.Final\jboss-transaction-api_1.2_spec-1.1.1.Final.jar;C:\Users\andre\.m2\repository\org\jboss\jandex\2.1.3.Final\jandex-2.1.3.Final.jar;C:\Users\andre\.m2\repository\com\fasterxml\classmate\1.5.1\classmate-1.5.1.jar;C:\Users\andre\.m2\repository\javax\activation\javax.activation-api\1.2.0\javax.activation-api-1.2.0.jar;C:\Users\andre\.m2\repository\org\dom4j\dom4j\2.1.3\dom4j-2.1.3.jar;C:\Users\andre\.m2\repository\org\hibernate\common\hibernate-commons-annotations\5.1.2.Final\hibernate-commons-annotations-5.1.2.Final.jar;C:\Users\andre\.m2\repository\javax\xml\bind\jaxb-api\2.3.1\jaxb-api-2.3.1.jar;C:\Users\andre\.m2\repository\org\glassfish\jaxb\jaxb-runtime\2.3.1\jaxb-runtime-2.3.1.jar;C:\Users\andre\.m2\repository\org\glassfish\jaxb\txw2\2.3.1\txw2-2.3.1.jar;C:\Users\andre\.m2\repository\com\sun\istack\istack-commons-runtime\3.0.7\istack-commons-runtime-3.0.7.jar;C:\Users\andre\.m2\repository\org\jvnet\staxex\stax-ex\1.8\stax-ex-1.8.jar;C:\Users\andre\.m2\repository\com\sun\xml\fastinfoset\FastInfoset\1.2.15\FastInfoset-1.2.15.jar;C:\Users\andre\.m2\repository\org\apache\tomcat\embed\tomcat-embed-core\9.0.44\tomcat-embed-core-9.0.44.jar;C:\Users\andre\.m2\repository\org\apache\tomcat\tomcat-annotations-api\9.0.44\tomcat-annotations-api-9.0.44.jar;C:\Users\andre\.m2\repository\org\apache\tomcat\embed\tomcat-embed-jasper\9.0.44\tomcat-embed-jasper-9.0.44.jar;C:\Users\andre\.m2\repository\org\apache\tomcat\embed\tomcat-embed-el\9.0.44\tomcat-embed-el-9.0.44.jar;C:\Users\andre\.m2\repository\org\eclipse\jdt\ecj\3.18.0\ecj-3.18.0.jar;C:\Users\andre\.m2\repository\org\apache\tomcat\tomcat-jdbc\9.0.44\tomcat-jdbc-9.0.44.jar;C:\Users\andre\.m2\repository\org\apache\tomcat\tomcat-juli\9.0.44\tomcat-juli-9.0.44.jar;C:\Users\andre\.m2\repository\jakarta\platform\jakarta.jakartaee-api\8.0.0\jakarta.jakartaee-api-8.0.0.jar;C:\Users\andre\.m2\repository\org\glassfish\web\jakarta.servlet.jsp.jstl\1.2.6\jakarta.servlet.jsp.jstl-1.2.6.jar;C:\Users\andre\.m2\repository\jakarta\servlet\jsp\jstl\jakarta.servlet.jsp.jstl-api\1.2.4\jakarta.servlet.jsp.jstl-api-1.2.4.jar;C:\Users\andre\.m2\repository\jakarta\servlet\jakarta.servlet-api\4.0.2\jakarta.servlet-api-4.0.2.jar;C:\Users\andre\.m2\repository\jakarta\el\jakarta.el-api\3.0.2\jakarta.el-api-3.0.2.jar;C:\Users\andre\.m2\repository\mysql\mysql-connector-java\8.0.23\mysql-connector-java-8.0.23.jar;C:\Users\andre\.m2\repository\com\google\protobuf\protobuf-java\3.11.4\protobuf-java-3.11.4.jar;"/>
    <property name="sun.cpu.endian" value="little"/>
    <property name="user.home" value="C:\Users\andre"/>
    <property name="user.language" value="en"/>
    <property name="java.specification.vendor" value="Oracle Corporation"/>
    <property name="java.naming.factory.url.pkgs" value="org.apache.naming"/>
    <property name="java.version.date" value="2020-11-04"/>
    <property name="java.home" value="C:\Program Files\AdoptOpenJDK\jdk-11.0.9.101-hotspot"/>
    <property name="file.separator" value="\"/>
    <property name="basedir" value="C:\Users\andre\Documents\NetBeansProjects\SimpleBloodBank"/>
    <property name="java.vm.compressedOopsMode" value="32-bit"/>
    <property name="line.separator" value="&#10;"/>
    <property name="java.specification.name" value="Java Platform API Specification"/>
    <property name="java.vm.specification.vendor" value="Oracle Corporation"/>
    <property name="java.awt.graphicsenv" value="sun.awt.Win32GraphicsEnvironment"/>
    <property name="surefire.real.class.path" value="C:\Users\andre\AppData\Local\Temp\surefire10468875393855993764\surefirebooter17302369024437451693.jar"/>
    <property name="user.script" value=""/>
    <property name="sun.management.compiler" value="HotSpot 64-Bit Tiered Compilers"/>
    <property name="java.runtime.version" value="11.0.9.1+1"/>
    <property name="java.naming.factory.initial" value="org.apache.naming.java.javaURLContextFactory"/>
    <property name="user.name" value="dynonomous"/>
    <property name="path.separator" value=";"/>
    <property name="os.version" value="10.0"/>
    <property name="java.runtime.name" value="OpenJDK Runtime Environment"/>
    <property name="file.encoding" value="UTF-8"/>
    <property name="java.vm.name" value="OpenJDK 64-Bit Server VM"/>
    <property name="java.vendor.version" value="AdoptOpenJDK"/>
    <property name="maven.ext.class.path" value="C:\Program Files\NetBeans-12.0\netbeans\java\maven-nblib\netbeans-eventspy.jar"/>
    <property name="localRepository" value="C:\Users\andre\.m2\repository"/>
    <property name="java.vendor.url.bug" value="https://github.com/AdoptOpenJDK/openjdk-support/issues"/>
    <property name="java.io.tmpdir" value="C:\Users\andre\AppData\Local\Temp\"/>
    <property name="catalina.home" value="C:\Users\andre\Documents\NetBeansProjects\SimpleBloodBank\tomcat.8080"/>
    <property name="java.version" value="11.0.9.1"/>
    <property name="user.dir" value="C:\Users\andre\Documents\NetBeansProjects\SimpleBloodBank"/>
    <property name="os.arch" value="amd64"/>
    <property name="java.vm.specification.name" value="Java Virtual Machine Specification"/>
    <property name="java.awt.printerjob" value="sun.awt.windows.WPrinterJob"/>
    <property name="sun.os.patch.level" value=""/>
    <property name="catalina.base" value="C:\Users\andre\Documents\NetBeansProjects\SimpleBloodBank\tomcat.8080"/>
    <property name="java.library.path" value="C:\Program Files\AdoptOpenJDK\jdk-11.0.9.101-hotspot\bin;C:\WINDOWS\Sun\Java\bin;C:\WINDOWS\system32;C:\WINDOWS;C:\Program Files\AdoptOpenJDK\jdk-11.0.9.101-hotspot\bin;C:\app\dynonomous\product\18.0.0\dbhomeXE\bin;C:\Program Files\Microsoft MPI\Bin\;C:\Program Files (x86)\Common Files\Oracle\Java\javapath;C:\Program Files\AdoptOpenJDK\jdk-11.0.9.101-hotspot\\bin;C:\Windows\system32;C:\Windows;C:\Windows\System32\Wbem;C:\Windows\System32\WindowsPowerShell\v1.0\;C:\Windows\System32\OpenSSH\;C:\Program Files (x86)\NVIDIA Corporation\PhysX\Common;C:\Program Files\NVIDIA Corporation\NVIDIA NvDLISR;C:\Program Files\Intel\WiFi\bin\;C:\Program Files\Common Files\Intel\WirelessCommon\;C:\WINDOWS\system32;C:\WINDOWS;C:\WINDOWS\System32\Wbem;C:\WINDOWS\System32\WindowsPowerShell\v1.0\;C:\WINDOWS\System32\OpenSSH\;C:\Program Files (x86)\pgmodeler;C:\Program Files\Git\cmd;C:\Program Files\Java\jdk1.8.0_261\bin;C:\Program Files (x86)\Microsoft SQL Server\150\Tools\Binn\;C:\Program Files\Microsoft SQL Server\150\Tools\Binn\;C:\Program Files (x86)\Microsoft SQL Server\150\DTS\Binn\;C:\Program Files\Microsoft SQL Server\150\DTS\Binn\;C:\Program Files\Microsoft SQL Server\Client SDK\ODBC\170\Tools\Binn\;C:\Users\andre\javafx-sdk-11.0.2\bin;C:\Users\andre\.cargo\bin;C:\Users\andre\AppData\Local\Microsoft\WindowsApps;C:\Program Files\Intel\WiFi\bin\;C:\Program Files\Common Files\Intel\WirelessCommon\;;C:\Program Files\JetBrains\IntelliJ IDEA Community Edition 2020.2\bin;;."/>
    <property name="java.vm.info" value="mixed mode"/>
    <property name="java.vendor" value="AdoptOpenJDK"/>
    <property name="java.vm.version" value="11.0.9.1+1"/>
    <property name="sun.io.unicode.encoding" value="UnicodeLittle"/>
    <property name="java.class.version" value="55.0"/>
  </properties>
  <testcase name="testCreateEntity" classname="logic.BloodBankTest" time="0.034">
    <system-out><![CDATA[2021-04-12T12:32:32,749|[DEBUG] EMFactory - getting EntityManagerFactory
2021-04-12T12:32:32,749|[DEBUG] EMFactory - initializeing EntityManagerFactory
2021-04-12T12:32:32,752|[DEBUG] SQL - 
    /* insert entity.BloodBank
        */ insert 
        into
            simplebloodbank.blood_bank
            (employee_count, established, name, owner, privately_owned) 
        values
            (?, ?, ?, ?, ?)
2021-04-12T12:32:32,752|[TRACE] BasicBinder - binding parameter [1] as [INTEGER] - [5]
2021-04-12T12:32:32,753|[TRACE] BasicBinder - binding parameter [2] as [TIMESTAMP] - [Wed Dec 12 00:00:00 EST 1212]
2021-04-12T12:32:32,754|[TRACE] BasicBinder - binding parameter [3] as [VARCHAR] - [BloodBank Test]
2021-04-12T12:32:32,754|[TRACE] BasicBinder - binding parameter [4] as [INTEGER] - [null]
2021-04-12T12:32:32,754|[TRACE] BasicBinder - binding parameter [5] as [BOOLEAN] - [false]
2021-04-12T12:32:32,767|[DEBUG] EMFactory - getting EntityManagerFactory
2021-04-12T12:32:32,767|[DEBUG] EMFactory - initializeing EntityManagerFactory
2021-04-12T12:32:32,767|[DEBUG] SQL - 
    /* load entity.BloodBank */ select
        bloodbank0_.bank_id as bank_id1_1_0_,
        bloodbank0_.employee_count as employee2_1_0_,
        bloodbank0_.established as establis3_1_0_,
        bloodbank0_.name as name4_1_0_,
        bloodbank0_.owner as owner6_1_0_,
        bloodbank0_.privately_owned as privatel5_1_0_ 
    from
        simplebloodbank.blood_bank bloodbank0_ 
    where
        bloodbank0_.bank_id=?
2021-04-12T12:32:32,767|[TRACE] BasicBinder - binding parameter [1] as [INTEGER] - [1]
2021-04-12T12:32:32,768|[TRACE] BasicExtractor - extracted value ([employee2_1_0_] : [INTEGER]) - [5]
2021-04-12T12:32:32,769|[TRACE] BasicExtractor - extracted value ([establis3_1_0_] : [TIMESTAMP]) - [1212-12-12 00:00:00.0]
2021-04-12T12:32:32,769|[TRACE] BasicExtractor - extracted value ([name4_1_0_] : [VARCHAR]) - [BloodBank Test]
2021-04-12T12:32:32,769|[TRACE] BasicExtractor - extracted value ([owner6_1_0_] : [INTEGER]) - [null]
2021-04-12T12:32:32,769|[TRACE] BasicExtractor - extracted value ([privatel5_1_0_] : [BOOLEAN]) - [false]
2021-04-12T12:32:32,772|[DEBUG] SQL - 
    select
        blooddonat0_.bank_id as bank_id6_2_0_,
        blooddonat0_.donation_id as donation1_2_0_,
        blooddonat0_.donation_id as donation1_2_1_,
        blooddonat0_.bank_id as bank_id6_2_1_,
        blooddonat0_.blood_group as blood_gr2_2_1_,
        blooddonat0_.created as created3_2_1_,
        blooddonat0_.milliliters as millilit4_2_1_,
        blooddonat0_.rhd as rhd5_2_1_ 
    from
        simplebloodbank.blood_donation blooddonat0_ 
    where
        blooddonat0_.bank_id=?
2021-04-12T12:32:32,772|[TRACE] BasicBinder - binding parameter [1] as [INTEGER] - [1]
2021-04-12T12:32:32,777|[DEBUG] SQL - 
    /* delete entity.BloodBank */ delete 
        from
            simplebloodbank.blood_bank 
        where
            bank_id=?
2021-04-12T12:32:32,777|[TRACE] BasicBinder - binding parameter [1] as [INTEGER] - [1]
]]></system-out>
  </testcase>
  <testcase name="testGetEstablished" classname="logic.BloodBankTest" time="0.013">
    <system-out><![CDATA[2021-04-12T12:32:32,783|[DEBUG] EMFactory - getting EntityManagerFactory
2021-04-12T12:32:32,783|[DEBUG] EMFactory - initializeing EntityManagerFactory
2021-04-12T12:32:32,783|[DEBUG] SQL - 
    /* insert entity.BloodBank
        */ insert 
        into
            simplebloodbank.blood_bank
            (employee_count, established, name, owner, privately_owned) 
        values
            (?, ?, ?, ?, ?)
2021-04-12T12:32:32,783|[TRACE] BasicBinder - binding parameter [1] as [INTEGER] - [5]
2021-04-12T12:32:32,783|[TRACE] BasicBinder - binding parameter [2] as [TIMESTAMP] - [Wed Dec 12 00:00:00 EST 1212]
2021-04-12T12:32:32,784|[TRACE] BasicBinder - binding parameter [3] as [VARCHAR] - [BloodBank Test]
2021-04-12T12:32:32,784|[TRACE] BasicBinder - binding parameter [4] as [INTEGER] - [null]
2021-04-12T12:32:32,784|[TRACE] BasicBinder - binding parameter [5] as [BOOLEAN] - [false]
2021-04-12T12:32:32,787|[DEBUG] EMFactory - getting EntityManagerFactory
2021-04-12T12:32:32,787|[DEBUG] EMFactory - initializeing EntityManagerFactory
2021-04-12T12:32:32,787|[DEBUG] SQL - 
    /* load entity.BloodBank */ select
        bloodbank0_.bank_id as bank_id1_1_0_,
        bloodbank0_.employee_count as employee2_1_0_,
        bloodbank0_.established as establis3_1_0_,
        bloodbank0_.name as name4_1_0_,
        bloodbank0_.owner as owner6_1_0_,
        bloodbank0_.privately_owned as privatel5_1_0_ 
    from
        simplebloodbank.blood_bank bloodbank0_ 
    where
        bloodbank0_.bank_id=?
2021-04-12T12:32:32,788|[TRACE] BasicBinder - binding parameter [1] as [INTEGER] - [2]
2021-04-12T12:32:32,788|[TRACE] BasicExtractor - extracted value ([employee2_1_0_] : [INTEGER]) - [5]
2021-04-12T12:32:32,788|[TRACE] BasicExtractor - extracted value ([establis3_1_0_] : [TIMESTAMP]) - [1212-12-12 00:00:00.0]
2021-04-12T12:32:32,788|[TRACE] BasicExtractor - extracted value ([name4_1_0_] : [VARCHAR]) - [BloodBank Test]
2021-04-12T12:32:32,788|[TRACE] BasicExtractor - extracted value ([owner6_1_0_] : [INTEGER]) - [null]
2021-04-12T12:32:32,788|[TRACE] BasicExtractor - extracted value ([privatel5_1_0_] : [BOOLEAN]) - [false]
2021-04-12T12:32:32,788|[DEBUG] SQL - 
    select
        blooddonat0_.bank_id as bank_id6_2_0_,
        blooddonat0_.donation_id as donation1_2_0_,
        blooddonat0_.donation_id as donation1_2_1_,
        blooddonat0_.bank_id as bank_id6_2_1_,
        blooddonat0_.blood_group as blood_gr2_2_1_,
        blooddonat0_.created as created3_2_1_,
        blooddonat0_.milliliters as millilit4_2_1_,
        blooddonat0_.rhd as rhd5_2_1_ 
    from
        simplebloodbank.blood_donation blooddonat0_ 
    where
        blooddonat0_.bank_id=?
2021-04-12T12:32:32,789|[TRACE] BasicBinder - binding parameter [1] as [INTEGER] - [2]
2021-04-12T12:32:32,789|[DEBUG] SQL - 
    /* delete entity.BloodBank */ delete 
        from
            simplebloodbank.blood_bank 
        where
            bank_id=?
2021-04-12T12:32:32,789|[TRACE] BasicBinder - binding parameter [1] as [INTEGER] - [2]
]]></system-out>
  </testcase>
  <testcase name="testGetOwner" classname="logic.BloodBankTest" time="0.024">
    <system-out><![CDATA[2021-04-12T12:32:32,797|[DEBUG] EMFactory - getting EntityManagerFactory
2021-04-12T12:32:32,797|[DEBUG] EMFactory - initializeing EntityManagerFactory
2021-04-12T12:32:32,799|[DEBUG] SQL - 
    /* insert entity.BloodBank
        */ insert 
        into
            simplebloodbank.blood_bank
            (employee_count, established, name, owner, privately_owned) 
        values
            (?, ?, ?, ?, ?)
2021-04-12T12:32:32,800|[TRACE] BasicBinder - binding parameter [1] as [INTEGER] - [5]
2021-04-12T12:32:32,800|[TRACE] BasicBinder - binding parameter [2] as [TIMESTAMP] - [Wed Dec 12 00:00:00 EST 1212]
2021-04-12T12:32:32,801|[TRACE] BasicBinder - binding parameter [3] as [VARCHAR] - [BloodBank Test]
2021-04-12T12:32:32,801|[TRACE] BasicBinder - binding parameter [4] as [INTEGER] - [null]
2021-04-12T12:32:32,801|[TRACE] BasicBinder - binding parameter [5] as [BOOLEAN] - [false]
2021-04-12T12:32:32,809|[DEBUG] EMFactory - getting EntityManagerFactory
2021-04-12T12:32:32,809|[DEBUG] EMFactory - initializeing EntityManagerFactory
2021-04-12T12:32:32,810|[DEBUG] SQL - 
    /* load entity.BloodBank */ select
        bloodbank0_.bank_id as bank_id1_1_0_,
        bloodbank0_.employee_count as employee2_1_0_,
        bloodbank0_.established as establis3_1_0_,
        bloodbank0_.name as name4_1_0_,
        bloodbank0_.owner as owner6_1_0_,
        bloodbank0_.privately_owned as privatel5_1_0_ 
    from
        simplebloodbank.blood_bank bloodbank0_ 
    where
        bloodbank0_.bank_id=?
2021-04-12T12:32:32,810|[TRACE] BasicBinder - binding parameter [1] as [INTEGER] - [3]
2021-04-12T12:32:32,811|[TRACE] BasicExtractor - extracted value ([employee2_1_0_] : [INTEGER]) - [5]
2021-04-12T12:32:32,812|[TRACE] BasicExtractor - extracted value ([establis3_1_0_] : [TIMESTAMP]) - [1212-12-12 00:00:00.0]
2021-04-12T12:32:32,812|[TRACE] BasicExtractor - extracted value ([name4_1_0_] : [VARCHAR]) - [BloodBank Test]
2021-04-12T12:32:32,812|[TRACE] BasicExtractor - extracted value ([owner6_1_0_] : [INTEGER]) - [null]
2021-04-12T12:32:32,812|[TRACE] BasicExtractor - extracted value ([privatel5_1_0_] : [BOOLEAN]) - [false]
2021-04-12T12:32:32,813|[DEBUG] SQL - 
    select
        blooddonat0_.bank_id as bank_id6_2_0_,
        blooddonat0_.donation_id as donation1_2_0_,
        blooddonat0_.donation_id as donation1_2_1_,
        blooddonat0_.bank_id as bank_id6_2_1_,
        blooddonat0_.blood_group as blood_gr2_2_1_,
        blooddonat0_.created as created3_2_1_,
        blooddonat0_.milliliters as millilit4_2_1_,
        blooddonat0_.rhd as rhd5_2_1_ 
    from
        simplebloodbank.blood_donation blooddonat0_ 
    where
        blooddonat0_.bank_id=?
2021-04-12T12:32:32,813|[TRACE] BasicBinder - binding parameter [1] as [INTEGER] - [3]
2021-04-12T12:32:32,814|[DEBUG] SQL - 
    /* delete entity.BloodBank */ delete 
        from
            simplebloodbank.blood_bank 
        where
            bank_id=?
2021-04-12T12:32:32,814|[TRACE] BasicBinder - binding parameter [1] as [INTEGER] - [3]
]]></system-out>
  </testcase>
  <testcase name="testGetBloodBankWithPrivatelyOwned" classname="logic.BloodBankTest" time="0.036">
    <system-out><![CDATA[2021-04-12T12:32:32,822|[DEBUG] EMFactory - getting EntityManagerFactory
2021-04-12T12:32:32,822|[DEBUG] EMFactory - initializeing EntityManagerFactory
2021-04-12T12:32:32,823|[DEBUG] SQL - 
    /* insert entity.BloodBank
        */ insert 
        into
            simplebloodbank.blood_bank
            (employee_count, established, name, owner, privately_owned) 
        values
            (?, ?, ?, ?, ?)
2021-04-12T12:32:32,824|[TRACE] BasicBinder - binding parameter [1] as [INTEGER] - [5]
2021-04-12T12:32:32,824|[TRACE] BasicBinder - binding parameter [2] as [TIMESTAMP] - [Wed Dec 12 00:00:00 EST 1212]
2021-04-12T12:32:32,824|[TRACE] BasicBinder - binding parameter [3] as [VARCHAR] - [BloodBank Test]
2021-04-12T12:32:32,824|[TRACE] BasicBinder - binding parameter [4] as [INTEGER] - [null]
2021-04-12T12:32:32,824|[TRACE] BasicBinder - binding parameter [5] as [BOOLEAN] - [false]
2021-04-12T12:32:32,831|[DEBUG] EMFactory - getting EntityManagerFactory
2021-04-12T12:32:32,831|[DEBUG] EMFactory - initializeing EntityManagerFactory
2021-04-12T12:32:32,832|[DEBUG] SQL - 
    /* BloodBank.findByPrivatelyOwned */ select
        bloodbank0_.bank_id as bank_id1_1_,
        bloodbank0_.employee_count as employee2_1_,
        bloodbank0_.established as establis3_1_,
        bloodbank0_.name as name4_1_,
        bloodbank0_.owner as owner6_1_,
        bloodbank0_.privately_owned as privatel5_1_ 
    from
        simplebloodbank.blood_bank bloodbank0_ 
    where
        bloodbank0_.privately_owned=?
2021-04-12T12:32:32,832|[TRACE] BasicBinder - binding parameter [1] as [BOOLEAN] - [false]
2021-04-12T12:32:32,833|[TRACE] BasicExtractor - extracted value ([bank_id1_1_] : [INTEGER]) - [4]
2021-04-12T12:32:32,833|[TRACE] BasicExtractor - extracted value ([employee2_1_] : [INTEGER]) - [5]
2021-04-12T12:32:32,834|[TRACE] BasicExtractor - extracted value ([establis3_1_] : [TIMESTAMP]) - [1212-12-12 00:00:00.0]
2021-04-12T12:32:32,834|[TRACE] BasicExtractor - extracted value ([name4_1_] : [VARCHAR]) - [BloodBank Test]
2021-04-12T12:32:32,834|[TRACE] BasicExtractor - extracted value ([owner6_1_] : [INTEGER]) - [null]
2021-04-12T12:32:32,834|[TRACE] BasicExtractor - extracted value ([privatel5_1_] : [BOOLEAN]) - [false]
2021-04-12T12:32:32,834|[DEBUG] EMFactory - getting EntityManagerFactory
2021-04-12T12:32:32,834|[DEBUG] EMFactory - initializeing EntityManagerFactory
2021-04-12T12:32:32,849|[DEBUG] SQL - 
    /* load entity.BloodBank */ select
        bloodbank0_.bank_id as bank_id1_1_0_,
        bloodbank0_.employee_count as employee2_1_0_,
        bloodbank0_.established as establis3_1_0_,
        bloodbank0_.name as name4_1_0_,
        bloodbank0_.owner as owner6_1_0_,
        bloodbank0_.privately_owned as privatel5_1_0_ 
    from
        simplebloodbank.blood_bank bloodbank0_ 
    where
        bloodbank0_.bank_id=?
2021-04-12T12:32:32,849|[TRACE] BasicBinder - binding parameter [1] as [INTEGER] - [4]
2021-04-12T12:32:32,850|[TRACE] BasicExtractor - extracted value ([employee2_1_0_] : [INTEGER]) - [5]
2021-04-12T12:32:32,850|[TRACE] BasicExtractor - extracted value ([establis3_1_0_] : [TIMESTAMP]) - [1212-12-12 00:00:00.0]
2021-04-12T12:32:32,850|[TRACE] BasicExtractor - extracted value ([name4_1_0_] : [VARCHAR]) - [BloodBank Test]
2021-04-12T12:32:32,850|[TRACE] BasicExtractor - extracted value ([owner6_1_0_] : [INTEGER]) - [null]
2021-04-12T12:32:32,850|[TRACE] BasicExtractor - extracted value ([privatel5_1_0_] : [BOOLEAN]) - [false]
2021-04-12T12:32:32,851|[DEBUG] SQL - 
    select
        blooddonat0_.bank_id as bank_id6_2_0_,
        blooddonat0_.donation_id as donation1_2_0_,
        blooddonat0_.donation_id as donation1_2_1_,
        blooddonat0_.bank_id as bank_id6_2_1_,
        blooddonat0_.blood_group as blood_gr2_2_1_,
        blooddonat0_.created as created3_2_1_,
        blooddonat0_.milliliters as millilit4_2_1_,
        blooddonat0_.rhd as rhd5_2_1_ 
    from
        simplebloodbank.blood_donation blooddonat0_ 
    where
        blooddonat0_.bank_id=?
2021-04-12T12:32:32,851|[TRACE] BasicBinder - binding parameter [1] as [INTEGER] - [4]
2021-04-12T12:32:32,852|[DEBUG] SQL - 
    /* delete entity.BloodBank */ delete 
        from
            simplebloodbank.blood_bank 
        where
            bank_id=?
2021-04-12T12:32:32,852|[TRACE] BasicBinder - binding parameter [1] as [INTEGER] - [4]
]]></system-out>
    <system-err><![CDATA[Apr. 12, 2021 12:32:32 P.M. dal.GenericDAL lambda$setParameters$0
INFO: setParameters: privatelyOwned=false
]]></system-err>
  </testcase>
  <testcase name="testGetName" classname="logic.BloodBankTest" time="0.017">
    <system-out><![CDATA[2021-04-12T12:32:32,857|[DEBUG] EMFactory - getting EntityManagerFactory
2021-04-12T12:32:32,857|[DEBUG] EMFactory - initializeing EntityManagerFactory
2021-04-12T12:32:32,858|[DEBUG] SQL - 
    /* insert entity.BloodBank
        */ insert 
        into
            simplebloodbank.blood_bank
            (employee_count, established, name, owner, privately_owned) 
        values
            (?, ?, ?, ?, ?)
2021-04-12T12:32:32,858|[TRACE] BasicBinder - binding parameter [1] as [INTEGER] - [5]
2021-04-12T12:32:32,858|[TRACE] BasicBinder - binding parameter [2] as [TIMESTAMP] - [Wed Dec 12 00:00:00 EST 1212]
2021-04-12T12:32:32,858|[TRACE] BasicBinder - binding parameter [3] as [VARCHAR] - [BloodBank Test]
2021-04-12T12:32:32,859|[TRACE] BasicBinder - binding parameter [4] as [INTEGER] - [null]
2021-04-12T12:32:32,859|[TRACE] BasicBinder - binding parameter [5] as [BOOLEAN] - [false]
2021-04-12T12:32:32,865|[DEBUG] EMFactory - getting EntityManagerFactory
2021-04-12T12:32:32,865|[DEBUG] EMFactory - initializeing EntityManagerFactory
2021-04-12T12:32:32,865|[DEBUG] SQL - 
    /* load entity.BloodBank */ select
        bloodbank0_.bank_id as bank_id1_1_0_,
        bloodbank0_.employee_count as employee2_1_0_,
        bloodbank0_.established as establis3_1_0_,
        bloodbank0_.name as name4_1_0_,
        bloodbank0_.owner as owner6_1_0_,
        bloodbank0_.privately_owned as privatel5_1_0_ 
    from
        simplebloodbank.blood_bank bloodbank0_ 
    where
        bloodbank0_.bank_id=?
2021-04-12T12:32:32,866|[TRACE] BasicBinder - binding parameter [1] as [INTEGER] - [5]
2021-04-12T12:32:32,866|[TRACE] BasicExtractor - extracted value ([employee2_1_0_] : [INTEGER]) - [5]
2021-04-12T12:32:32,867|[TRACE] BasicExtractor - extracted value ([establis3_1_0_] : [TIMESTAMP]) - [1212-12-12 00:00:00.0]
2021-04-12T12:32:32,867|[TRACE] BasicExtractor - extracted value ([name4_1_0_] : [VARCHAR]) - [BloodBank Test]
2021-04-12T12:32:32,867|[TRACE] BasicExtractor - extracted value ([owner6_1_0_] : [INTEGER]) - [null]
2021-04-12T12:32:32,867|[TRACE] BasicExtractor - extracted value ([privatel5_1_0_] : [BOOLEAN]) - [false]
2021-04-12T12:32:32,867|[DEBUG] SQL - 
    select
        blooddonat0_.bank_id as bank_id6_2_0_,
        blooddonat0_.donation_id as donation1_2_0_,
        blooddonat0_.donation_id as donation1_2_1_,
        blooddonat0_.bank_id as bank_id6_2_1_,
        blooddonat0_.blood_group as blood_gr2_2_1_,
        blooddonat0_.created as created3_2_1_,
        blooddonat0_.milliliters as millilit4_2_1_,
        blooddonat0_.rhd as rhd5_2_1_ 
    from
        simplebloodbank.blood_donation blooddonat0_ 
    where
        blooddonat0_.bank_id=?
2021-04-12T12:32:32,867|[TRACE] BasicBinder - binding parameter [1] as [INTEGER] - [5]
2021-04-12T12:32:32,868|[DEBUG] SQL - 
    /* delete entity.BloodBank */ delete 
        from
            simplebloodbank.blood_bank 
        where
            bank_id=?
2021-04-12T12:32:32,869|[TRACE] BasicBinder - binding parameter [1] as [INTEGER] - [5]
]]></system-out>
  </testcase>
  <testcase name="testGetBloodBanksWithEstablished" classname="logic.BloodBankTest" time="0.033">
    <system-out><![CDATA[2021-04-12T12:32:32,875|[DEBUG] EMFactory - getting EntityManagerFactory
2021-04-12T12:32:32,875|[DEBUG] EMFactory - initializeing EntityManagerFactory
2021-04-12T12:32:32,876|[DEBUG] SQL - 
    /* insert entity.BloodBank
        */ insert 
        into
            simplebloodbank.blood_bank
            (employee_count, established, name, owner, privately_owned) 
        values
            (?, ?, ?, ?, ?)
2021-04-12T12:32:32,876|[TRACE] BasicBinder - binding parameter [1] as [INTEGER] - [5]
2021-04-12T12:32:32,876|[TRACE] BasicBinder - binding parameter [2] as [TIMESTAMP] - [Wed Dec 12 00:00:00 EST 1212]
2021-04-12T12:32:32,876|[TRACE] BasicBinder - binding parameter [3] as [VARCHAR] - [BloodBank Test]
2021-04-12T12:32:32,876|[TRACE] BasicBinder - binding parameter [4] as [INTEGER] - [null]
2021-04-12T12:32:32,876|[TRACE] BasicBinder - binding parameter [5] as [BOOLEAN] - [false]
2021-04-12T12:32:32,881|[DEBUG] EMFactory - getting EntityManagerFactory
2021-04-12T12:32:32,881|[DEBUG] EMFactory - initializeing EntityManagerFactory
2021-04-12T12:32:32,882|[DEBUG] SQL - 
    /* BloodBank.findByEstablished */ select
        bloodbank0_.bank_id as bank_id1_1_,
        bloodbank0_.employee_count as employee2_1_,
        bloodbank0_.established as establis3_1_,
        bloodbank0_.name as name4_1_,
        bloodbank0_.owner as owner6_1_,
        bloodbank0_.privately_owned as privatel5_1_ 
    from
        simplebloodbank.blood_bank bloodbank0_ 
    where
        bloodbank0_.established=?
2021-04-12T12:32:32,882|[TRACE] BasicBinder - binding parameter [1] as [TIMESTAMP] - [Wed Dec 12 00:00:00 EST 1212]
2021-04-12T12:32:32,884|[TRACE] BasicExtractor - extracted value ([bank_id1_1_] : [INTEGER]) - [6]
2021-04-12T12:32:32,884|[TRACE] BasicExtractor - extracted value ([employee2_1_] : [INTEGER]) - [5]
2021-04-12T12:32:32,884|[TRACE] BasicExtractor - extracted value ([establis3_1_] : [TIMESTAMP]) - [1212-12-12 00:00:00.0]
2021-04-12T12:32:32,884|[TRACE] BasicExtractor - extracted value ([name4_1_] : [VARCHAR]) - [BloodBank Test]
2021-04-12T12:32:32,884|[TRACE] BasicExtractor - extracted value ([owner6_1_] : [INTEGER]) - [null]
2021-04-12T12:32:32,884|[TRACE] BasicExtractor - extracted value ([privatel5_1_] : [BOOLEAN]) - [false]
2021-04-12T12:32:32,885|[DEBUG] EMFactory - getting EntityManagerFactory
2021-04-12T12:32:32,885|[DEBUG] EMFactory - initializeing EntityManagerFactory
2021-04-12T12:32:32,900|[DEBUG] SQL - 
    /* load entity.BloodBank */ select
        bloodbank0_.bank_id as bank_id1_1_0_,
        bloodbank0_.employee_count as employee2_1_0_,
        bloodbank0_.established as establis3_1_0_,
        bloodbank0_.name as name4_1_0_,
        bloodbank0_.owner as owner6_1_0_,
        bloodbank0_.privately_owned as privatel5_1_0_ 
    from
        simplebloodbank.blood_bank bloodbank0_ 
    where
        bloodbank0_.bank_id=?
2021-04-12T12:32:32,900|[TRACE] BasicBinder - binding parameter [1] as [INTEGER] - [6]
2021-04-12T12:32:32,900|[TRACE] BasicExtractor - extracted value ([employee2_1_0_] : [INTEGER]) - [5]
2021-04-12T12:32:32,901|[TRACE] BasicExtractor - extracted value ([establis3_1_0_] : [TIMESTAMP]) - [1212-12-12 00:00:00.0]
2021-04-12T12:32:32,901|[TRACE] BasicExtractor - extracted value ([name4_1_0_] : [VARCHAR]) - [BloodBank Test]
2021-04-12T12:32:32,901|[TRACE] BasicExtractor - extracted value ([owner6_1_0_] : [INTEGER]) - [null]
2021-04-12T12:32:32,901|[TRACE] BasicExtractor - extracted value ([privatel5_1_0_] : [BOOLEAN]) - [false]
2021-04-12T12:32:32,901|[DEBUG] SQL - 
    select
        blooddonat0_.bank_id as bank_id6_2_0_,
        blooddonat0_.donation_id as donation1_2_0_,
        blooddonat0_.donation_id as donation1_2_1_,
        blooddonat0_.bank_id as bank_id6_2_1_,
        blooddonat0_.blood_group as blood_gr2_2_1_,
        blooddonat0_.created as created3_2_1_,
        blooddonat0_.milliliters as millilit4_2_1_,
        blooddonat0_.rhd as rhd5_2_1_ 
    from
        simplebloodbank.blood_donation blooddonat0_ 
    where
        blooddonat0_.bank_id=?
2021-04-12T12:32:32,901|[TRACE] BasicBinder - binding parameter [1] as [INTEGER] - [6]
2021-04-12T12:32:32,902|[DEBUG] SQL - 
    /* delete entity.BloodBank */ delete 
        from
            simplebloodbank.blood_bank 
        where
            bank_id=?
2021-04-12T12:32:32,902|[TRACE] BasicBinder - binding parameter [1] as [INTEGER] - [6]
]]></system-out>
    <system-err><![CDATA[Apr. 12, 2021 12:32:32 P.M. dal.GenericDAL lambda$setParameters$0
INFO: setParameters: established=Wed Dec 12 00:00:00 EST 1212
]]></system-err>
  </testcase>
  <testcase name="testGetEmployeeCount" classname="logic.BloodBankTest" time="0.015">
    <system-out><![CDATA[2021-04-12T12:32:32,908|[DEBUG] EMFactory - getting EntityManagerFactory
2021-04-12T12:32:32,908|[DEBUG] EMFactory - initializeing EntityManagerFactory
2021-04-12T12:32:32,909|[DEBUG] SQL - 
    /* insert entity.BloodBank
        */ insert 
        into
            simplebloodbank.blood_bank
            (employee_count, established, name, owner, privately_owned) 
        values
            (?, ?, ?, ?, ?)
2021-04-12T12:32:32,909|[TRACE] BasicBinder - binding parameter [1] as [INTEGER] - [5]
2021-04-12T12:32:32,909|[TRACE] BasicBinder - binding parameter [2] as [TIMESTAMP] - [Wed Dec 12 00:00:00 EST 1212]
2021-04-12T12:32:32,909|[TRACE] BasicBinder - binding parameter [3] as [VARCHAR] - [BloodBank Test]
2021-04-12T12:32:32,909|[TRACE] BasicBinder - binding parameter [4] as [INTEGER] - [null]
2021-04-12T12:32:32,909|[TRACE] BasicBinder - binding parameter [5] as [BOOLEAN] - [false]
2021-04-12T12:32:32,914|[DEBUG] EMFactory - getting EntityManagerFactory
2021-04-12T12:32:32,914|[DEBUG] EMFactory - initializeing EntityManagerFactory
2021-04-12T12:32:32,915|[DEBUG] SQL - 
    /* load entity.BloodBank */ select
        bloodbank0_.bank_id as bank_id1_1_0_,
        bloodbank0_.employee_count as employee2_1_0_,
        bloodbank0_.established as establis3_1_0_,
        bloodbank0_.name as name4_1_0_,
        bloodbank0_.owner as owner6_1_0_,
        bloodbank0_.privately_owned as privatel5_1_0_ 
    from
        simplebloodbank.blood_bank bloodbank0_ 
    where
        bloodbank0_.bank_id=?
2021-04-12T12:32:32,915|[TRACE] BasicBinder - binding parameter [1] as [INTEGER] - [7]
2021-04-12T12:32:32,916|[TRACE] BasicExtractor - extracted value ([employee2_1_0_] : [INTEGER]) - [5]
2021-04-12T12:32:32,916|[TRACE] BasicExtractor - extracted value ([establis3_1_0_] : [TIMESTAMP]) - [1212-12-12 00:00:00.0]
2021-04-12T12:32:32,916|[TRACE] BasicExtractor - extracted value ([name4_1_0_] : [VARCHAR]) - [BloodBank Test]
2021-04-12T12:32:32,916|[TRACE] BasicExtractor - extracted value ([owner6_1_0_] : [INTEGER]) - [null]
2021-04-12T12:32:32,916|[TRACE] BasicExtractor - extracted value ([privatel5_1_0_] : [BOOLEAN]) - [false]
2021-04-12T12:32:32,916|[DEBUG] SQL - 
    select
        blooddonat0_.bank_id as bank_id6_2_0_,
        blooddonat0_.donation_id as donation1_2_0_,
        blooddonat0_.donation_id as donation1_2_1_,
        blooddonat0_.bank_id as bank_id6_2_1_,
        blooddonat0_.blood_group as blood_gr2_2_1_,
        blooddonat0_.created as created3_2_1_,
        blooddonat0_.milliliters as millilit4_2_1_,
        blooddonat0_.rhd as rhd5_2_1_ 
    from
        simplebloodbank.blood_donation blooddonat0_ 
    where
        blooddonat0_.bank_id=?
2021-04-12T12:32:32,916|[TRACE] BasicBinder - binding parameter [1] as [INTEGER] - [7]
2021-04-12T12:32:32,917|[DEBUG] SQL - 
    /* delete entity.BloodBank */ delete 
        from
            simplebloodbank.blood_bank 
        where
            bank_id=?
2021-04-12T12:32:32,917|[TRACE] BasicBinder - binding parameter [1] as [INTEGER] - [7]
]]></system-out>
  </testcase>
  <testcase name="testGetPrivatelyOwned" classname="logic.BloodBankTest" time="0.015">
    <system-out><![CDATA[2021-04-12T12:32:32,922|[DEBUG] EMFactory - getting EntityManagerFactory
2021-04-12T12:32:32,922|[DEBUG] EMFactory - initializeing EntityManagerFactory
2021-04-12T12:32:32,923|[DEBUG] SQL - 
    /* insert entity.BloodBank
        */ insert 
        into
            simplebloodbank.blood_bank
            (employee_count, established, name, owner, privately_owned) 
        values
            (?, ?, ?, ?, ?)
2021-04-12T12:32:32,923|[TRACE] BasicBinder - binding parameter [1] as [INTEGER] - [5]
2021-04-12T12:32:32,923|[TRACE] BasicBinder - binding parameter [2] as [TIMESTAMP] - [Wed Dec 12 00:00:00 EST 1212]
2021-04-12T12:32:32,924|[TRACE] BasicBinder - binding parameter [3] as [VARCHAR] - [BloodBank Test]
2021-04-12T12:32:32,924|[TRACE] BasicBinder - binding parameter [4] as [INTEGER] - [null]
2021-04-12T12:32:32,924|[TRACE] BasicBinder - binding parameter [5] as [BOOLEAN] - [false]
2021-04-12T12:32:32,930|[DEBUG] EMFactory - getting EntityManagerFactory
2021-04-12T12:32:32,930|[DEBUG] EMFactory - initializeing EntityManagerFactory
2021-04-12T12:32:32,930|[DEBUG] SQL - 
    /* load entity.BloodBank */ select
        bloodbank0_.bank_id as bank_id1_1_0_,
        bloodbank0_.employee_count as employee2_1_0_,
        bloodbank0_.established as establis3_1_0_,
        bloodbank0_.name as name4_1_0_,
        bloodbank0_.owner as owner6_1_0_,
        bloodbank0_.privately_owned as privatel5_1_0_ 
    from
        simplebloodbank.blood_bank bloodbank0_ 
    where
        bloodbank0_.bank_id=?
2021-04-12T12:32:32,930|[TRACE] BasicBinder - binding parameter [1] as [INTEGER] - [8]
2021-04-12T12:32:32,931|[TRACE] BasicExtractor - extracted value ([employee2_1_0_] : [INTEGER]) - [5]
2021-04-12T12:32:32,931|[TRACE] BasicExtractor - extracted value ([establis3_1_0_] : [TIMESTAMP]) - [1212-12-12 00:00:00.0]
2021-04-12T12:32:32,931|[TRACE] BasicExtractor - extracted value ([name4_1_0_] : [VARCHAR]) - [BloodBank Test]
2021-04-12T12:32:32,931|[TRACE] BasicExtractor - extracted value ([owner6_1_0_] : [INTEGER]) - [null]
2021-04-12T12:32:32,931|[TRACE] BasicExtractor - extracted value ([privatel5_1_0_] : [BOOLEAN]) - [false]
2021-04-12T12:32:32,931|[DEBUG] SQL - 
    select
        blooddonat0_.bank_id as bank_id6_2_0_,
        blooddonat0_.donation_id as donation1_2_0_,
        blooddonat0_.donation_id as donation1_2_1_,
        blooddonat0_.bank_id as bank_id6_2_1_,
        blooddonat0_.blood_group as blood_gr2_2_1_,
        blooddonat0_.created as created3_2_1_,
        blooddonat0_.milliliters as millilit4_2_1_,
        blooddonat0_.rhd as rhd5_2_1_ 
    from
        simplebloodbank.blood_donation blooddonat0_ 
    where
        blooddonat0_.bank_id=?
2021-04-12T12:32:32,932|[TRACE] BasicBinder - binding parameter [1] as [INTEGER] - [8]
2021-04-12T12:32:32,932|[DEBUG] SQL - 
    /* delete entity.BloodBank */ delete 
        from
            simplebloodbank.blood_bank 
        where
            bank_id=?
2021-04-12T12:32:32,932|[TRACE] BasicBinder - binding parameter [1] as [INTEGER] - [8]
]]></system-out>
  </testcase>
  <testcase name="testGetBloodBanksWithEmployeeCount" classname="logic.BloodBankTest" time="0.026">
    <system-out><![CDATA[2021-04-12T12:32:32,937|[DEBUG] EMFactory - getting EntityManagerFactory
2021-04-12T12:32:32,937|[DEBUG] EMFactory - initializeing EntityManagerFactory
2021-04-12T12:32:32,938|[DEBUG] SQL - 
    /* insert entity.BloodBank
        */ insert 
        into
            simplebloodbank.blood_bank
            (employee_count, established, name, owner, privately_owned) 
        values
            (?, ?, ?, ?, ?)
2021-04-12T12:32:32,938|[TRACE] BasicBinder - binding parameter [1] as [INTEGER] - [5]
2021-04-12T12:32:32,938|[TRACE] BasicBinder - binding parameter [2] as [TIMESTAMP] - [Wed Dec 12 00:00:00 EST 1212]
2021-04-12T12:32:32,938|[TRACE] BasicBinder - binding parameter [3] as [VARCHAR] - [BloodBank Test]
2021-04-12T12:32:32,938|[TRACE] BasicBinder - binding parameter [4] as [INTEGER] - [null]
2021-04-12T12:32:32,938|[TRACE] BasicBinder - binding parameter [5] as [BOOLEAN] - [false]
2021-04-12T12:32:32,943|[DEBUG] EMFactory - getting EntityManagerFactory
2021-04-12T12:32:32,943|[DEBUG] EMFactory - initializeing EntityManagerFactory
2021-04-12T12:32:32,944|[DEBUG] SQL - 
    /* BloodBank.findByEstablished */ select
        bloodbank0_.bank_id as bank_id1_1_,
        bloodbank0_.employee_count as employee2_1_,
        bloodbank0_.established as establis3_1_,
        bloodbank0_.name as name4_1_,
        bloodbank0_.owner as owner6_1_,
        bloodbank0_.privately_owned as privatel5_1_ 
    from
        simplebloodbank.blood_bank bloodbank0_ 
    where
        bloodbank0_.established=?
2021-04-12T12:32:32,944|[TRACE] BasicBinder - binding parameter [1] as [TIMESTAMP] - [Wed Dec 12 00:00:00 EST 1212]
2021-04-12T12:32:32,945|[TRACE] BasicExtractor - extracted value ([bank_id1_1_] : [INTEGER]) - [9]
2021-04-12T12:32:32,945|[TRACE] BasicExtractor - extracted value ([employee2_1_] : [INTEGER]) - [5]
2021-04-12T12:32:32,945|[TRACE] BasicExtractor - extracted value ([establis3_1_] : [TIMESTAMP]) - [1212-12-12 00:00:00.0]
2021-04-12T12:32:32,945|[TRACE] BasicExtractor - extracted value ([name4_1_] : [VARCHAR]) - [BloodBank Test]
2021-04-12T12:32:32,945|[TRACE] BasicExtractor - extracted value ([owner6_1_] : [INTEGER]) - [null]
2021-04-12T12:32:32,945|[TRACE] BasicExtractor - extracted value ([privatel5_1_] : [BOOLEAN]) - [false]
2021-04-12T12:32:32,945|[DEBUG] EMFactory - getting EntityManagerFactory
2021-04-12T12:32:32,945|[DEBUG] EMFactory - initializeing EntityManagerFactory
2021-04-12T12:32:32,957|[DEBUG] SQL - 
    /* load entity.BloodBank */ select
        bloodbank0_.bank_id as bank_id1_1_0_,
        bloodbank0_.employee_count as employee2_1_0_,
        bloodbank0_.established as establis3_1_0_,
        bloodbank0_.name as name4_1_0_,
        bloodbank0_.owner as owner6_1_0_,
        bloodbank0_.privately_owned as privatel5_1_0_ 
    from
        simplebloodbank.blood_bank bloodbank0_ 
    where
        bloodbank0_.bank_id=?
2021-04-12T12:32:32,958|[TRACE] BasicBinder - binding parameter [1] as [INTEGER] - [9]
2021-04-12T12:32:32,958|[TRACE] BasicExtractor - extracted value ([employee2_1_0_] : [INTEGER]) - [5]
2021-04-12T12:32:32,958|[TRACE] BasicExtractor - extracted value ([establis3_1_0_] : [TIMESTAMP]) - [1212-12-12 00:00:00.0]
2021-04-12T12:32:32,958|[TRACE] BasicExtractor - extracted value ([name4_1_0_] : [VARCHAR]) - [BloodBank Test]
2021-04-12T12:32:32,958|[TRACE] BasicExtractor - extracted value ([owner6_1_0_] : [INTEGER]) - [null]
2021-04-12T12:32:32,958|[TRACE] BasicExtractor - extracted value ([privatel5_1_0_] : [BOOLEAN]) - [false]
2021-04-12T12:32:32,959|[DEBUG] SQL - 
    select
        blooddonat0_.bank_id as bank_id6_2_0_,
        blooddonat0_.donation_id as donation1_2_0_,
        blooddonat0_.donation_id as donation1_2_1_,
        blooddonat0_.bank_id as bank_id6_2_1_,
        blooddonat0_.blood_group as blood_gr2_2_1_,
        blooddonat0_.created as created3_2_1_,
        blooddonat0_.milliliters as millilit4_2_1_,
        blooddonat0_.rhd as rhd5_2_1_ 
    from
        simplebloodbank.blood_donation blooddonat0_ 
    where
        blooddonat0_.bank_id=?
2021-04-12T12:32:32,959|[TRACE] BasicBinder - binding parameter [1] as [INTEGER] - [9]
2021-04-12T12:32:32,960|[DEBUG] SQL - 
    /* delete entity.BloodBank */ delete 
        from
            simplebloodbank.blood_bank 
        where
            bank_id=?
2021-04-12T12:32:32,960|[TRACE] BasicBinder - binding parameter [1] as [INTEGER] - [9]
]]></system-out>
    <system-err><![CDATA[Apr. 12, 2021 12:32:32 P.M. dal.GenericDAL lambda$setParameters$0
INFO: setParameters: established=Wed Dec 12 00:00:00 EST 1212
]]></system-err>
  </testcase>
  <testcase name="testGetBloodDonationSet" classname="logic.BloodBankTest" time="0.013">
    <system-out><![CDATA[2021-04-12T12:32:32,964|[DEBUG] EMFactory - getting EntityManagerFactory
2021-04-12T12:32:32,964|[DEBUG] EMFactory - initializeing EntityManagerFactory
2021-04-12T12:32:32,965|[DEBUG] SQL - 
    /* insert entity.BloodBank
        */ insert 
        into
            simplebloodbank.blood_bank
            (employee_count, established, name, owner, privately_owned) 
        values
            (?, ?, ?, ?, ?)
2021-04-12T12:32:32,965|[TRACE] BasicBinder - binding parameter [1] as [INTEGER] - [5]
2021-04-12T12:32:32,965|[TRACE] BasicBinder - binding parameter [2] as [TIMESTAMP] - [Wed Dec 12 00:00:00 EST 1212]
2021-04-12T12:32:32,965|[TRACE] BasicBinder - binding parameter [3] as [VARCHAR] - [BloodBank Test]
2021-04-12T12:32:32,965|[TRACE] BasicBinder - binding parameter [4] as [INTEGER] - [null]
2021-04-12T12:32:32,965|[TRACE] BasicBinder - binding parameter [5] as [BOOLEAN] - [false]
2021-04-12T12:32:32,970|[DEBUG] EMFactory - getting EntityManagerFactory
2021-04-12T12:32:32,970|[DEBUG] EMFactory - initializeing EntityManagerFactory
2021-04-12T12:32:32,971|[DEBUG] SQL - 
    /* load entity.BloodBank */ select
        bloodbank0_.bank_id as bank_id1_1_0_,
        bloodbank0_.employee_count as employee2_1_0_,
        bloodbank0_.established as establis3_1_0_,
        bloodbank0_.name as name4_1_0_,
        bloodbank0_.owner as owner6_1_0_,
        bloodbank0_.privately_owned as privatel5_1_0_ 
    from
        simplebloodbank.blood_bank bloodbank0_ 
    where
        bloodbank0_.bank_id=?
2021-04-12T12:32:32,971|[TRACE] BasicBinder - binding parameter [1] as [INTEGER] - [10]
2021-04-12T12:32:32,971|[TRACE] BasicExtractor - extracted value ([employee2_1_0_] : [INTEGER]) - [5]
2021-04-12T12:32:32,972|[TRACE] BasicExtractor - extracted value ([establis3_1_0_] : [TIMESTAMP]) - [1212-12-12 00:00:00.0]
2021-04-12T12:32:32,972|[TRACE] BasicExtractor - extracted value ([name4_1_0_] : [VARCHAR]) - [BloodBank Test]
2021-04-12T12:32:32,972|[TRACE] BasicExtractor - extracted value ([owner6_1_0_] : [INTEGER]) - [null]
2021-04-12T12:32:32,972|[TRACE] BasicExtractor - extracted value ([privatel5_1_0_] : [BOOLEAN]) - [false]
2021-04-12T12:32:32,972|[DEBUG] SQL - 
    select
        blooddonat0_.bank_id as bank_id6_2_0_,
        blooddonat0_.donation_id as donation1_2_0_,
        blooddonat0_.donation_id as donation1_2_1_,
        blooddonat0_.bank_id as bank_id6_2_1_,
        blooddonat0_.blood_group as blood_gr2_2_1_,
        blooddonat0_.created as created3_2_1_,
        blooddonat0_.milliliters as millilit4_2_1_,
        blooddonat0_.rhd as rhd5_2_1_ 
    from
        simplebloodbank.blood_donation blooddonat0_ 
    where
        blooddonat0_.bank_id=?
2021-04-12T12:32:32,972|[TRACE] BasicBinder - binding parameter [1] as [INTEGER] - [10]
2021-04-12T12:32:32,973|[DEBUG] SQL - 
    /* delete entity.BloodBank */ delete 
        from
            simplebloodbank.blood_bank 
        where
            bank_id=?
2021-04-12T12:32:32,973|[TRACE] BasicBinder - binding parameter [1] as [INTEGER] - [10]
]]></system-out>
  </testcase>
  <testcase name="testCreateEntityAndAdd" classname="logic.BloodBankTest" time="0.038">
    <system-out><![CDATA[2021-04-12T12:32:32,978|[DEBUG] EMFactory - getting EntityManagerFactory
2021-04-12T12:32:32,978|[DEBUG] EMFactory - initializeing EntityManagerFactory
2021-04-12T12:32:32,978|[DEBUG] SQL - 
    /* insert entity.BloodBank
        */ insert 
        into
            simplebloodbank.blood_bank
            (employee_count, established, name, owner, privately_owned) 
        values
            (?, ?, ?, ?, ?)
2021-04-12T12:32:32,978|[TRACE] BasicBinder - binding parameter [1] as [INTEGER] - [5]
2021-04-12T12:32:32,978|[TRACE] BasicBinder - binding parameter [2] as [TIMESTAMP] - [Wed Dec 12 00:00:00 EST 1212]
2021-04-12T12:32:32,979|[TRACE] BasicBinder - binding parameter [3] as [VARCHAR] - [BloodBank Test]
2021-04-12T12:32:32,979|[TRACE] BasicBinder - binding parameter [4] as [INTEGER] - [null]
2021-04-12T12:32:32,979|[TRACE] BasicBinder - binding parameter [5] as [BOOLEAN] - [false]
2021-04-12T12:32:32,983|[DEBUG] EMFactory - getting EntityManagerFactory
2021-04-12T12:32:32,983|[DEBUG] EMFactory - initializeing EntityManagerFactory
2021-04-12T12:32:32,983|[DEBUG] SQL - 
    /* insert entity.BloodBank
        */ insert 
        into
            simplebloodbank.blood_bank
            (employee_count, established, name, owner, privately_owned) 
        values
            (?, ?, ?, ?, ?)
2021-04-12T12:32:32,984|[TRACE] BasicBinder - binding parameter [1] as [INTEGER] - [5]
2021-04-12T12:32:32,984|[TRACE] BasicBinder - binding parameter [2] as [TIMESTAMP] - [Wed Dec 12 00:00:00 EST 1212]
2021-04-12T12:32:32,984|[TRACE] BasicBinder - binding parameter [3] as [VARCHAR] - [testBloodBank]
2021-04-12T12:32:32,984|[TRACE] BasicBinder - binding parameter [4] as [INTEGER] - [null]
2021-04-12T12:32:32,984|[TRACE] BasicBinder - binding parameter [5] as [BOOLEAN] - [false]
2021-04-12T12:32:32,988|[DEBUG] EMFactory - getting EntityManagerFactory
2021-04-12T12:32:32,988|[DEBUG] EMFactory - initializeing EntityManagerFactory
2021-04-12T12:32:32,989|[DEBUG] SQL - 
    /* BloodBank.findByName */ select
        bloodbank0_.bank_id as bank_id1_1_,
        bloodbank0_.employee_count as employee2_1_,
        bloodbank0_.established as establis3_1_,
        bloodbank0_.name as name4_1_,
        bloodbank0_.owner as owner6_1_,
        bloodbank0_.privately_owned as privatel5_1_ 
    from
        simplebloodbank.blood_bank bloodbank0_ 
    where
        bloodbank0_.name=?
2021-04-12T12:32:32,989|[TRACE] BasicBinder - binding parameter [1] as [VARCHAR] - [testBloodBank]
2021-04-12T12:32:32,989|[TRACE] BasicExtractor - extracted value ([bank_id1_1_] : [INTEGER]) - [12]
2021-04-12T12:32:32,990|[TRACE] BasicExtractor - extracted value ([employee2_1_] : [INTEGER]) - [5]
2021-04-12T12:32:32,990|[TRACE] BasicExtractor - extracted value ([establis3_1_] : [TIMESTAMP]) - [1212-12-12 00:00:00.0]
2021-04-12T12:32:32,990|[TRACE] BasicExtractor - extracted value ([name4_1_] : [VARCHAR]) - [testBloodBank]
2021-04-12T12:32:32,990|[TRACE] BasicExtractor - extracted value ([owner6_1_] : [INTEGER]) - [null]
2021-04-12T12:32:32,990|[TRACE] BasicExtractor - extracted value ([privatel5_1_] : [BOOLEAN]) - [false]
2021-04-12T12:32:32,990|[DEBUG] EMFactory - getting EntityManagerFactory
2021-04-12T12:32:32,990|[DEBUG] EMFactory - initializeing EntityManagerFactory
2021-04-12T12:32:33,001|[DEBUG] SQL - 
    /* load entity.BloodBank */ select
        bloodbank0_.bank_id as bank_id1_1_0_,
        bloodbank0_.employee_count as employee2_1_0_,
        bloodbank0_.established as establis3_1_0_,
        bloodbank0_.name as name4_1_0_,
        bloodbank0_.owner as owner6_1_0_,
        bloodbank0_.privately_owned as privatel5_1_0_ 
    from
        simplebloodbank.blood_bank bloodbank0_ 
    where
        bloodbank0_.bank_id=?
2021-04-12T12:32:33,001|[TRACE] BasicBinder - binding parameter [1] as [INTEGER] - [12]
2021-04-12T12:32:33,002|[TRACE] BasicExtractor - extracted value ([employee2_1_0_] : [INTEGER]) - [5]
2021-04-12T12:32:33,002|[TRACE] BasicExtractor - extracted value ([establis3_1_0_] : [TIMESTAMP]) - [1212-12-12 00:00:00.0]
2021-04-12T12:32:33,002|[TRACE] BasicExtractor - extracted value ([name4_1_0_] : [VARCHAR]) - [testBloodBank]
2021-04-12T12:32:33,002|[TRACE] BasicExtractor - extracted value ([owner6_1_0_] : [INTEGER]) - [null]
2021-04-12T12:32:33,002|[TRACE] BasicExtractor - extracted value ([privatel5_1_0_] : [BOOLEAN]) - [false]
2021-04-12T12:32:33,002|[DEBUG] SQL - 
    /* delete entity.BloodBank */ delete 
        from
            simplebloodbank.blood_bank 
        where
            bank_id=?
2021-04-12T12:32:33,002|[TRACE] BasicBinder - binding parameter [1] as [INTEGER] - [12]
2021-04-12T12:32:33,006|[DEBUG] EMFactory - getting EntityManagerFactory
2021-04-12T12:32:33,006|[DEBUG] EMFactory - initializeing EntityManagerFactory
2021-04-12T12:32:33,007|[DEBUG] SQL - 
    /* load entity.BloodBank */ select
        bloodbank0_.bank_id as bank_id1_1_0_,
        bloodbank0_.employee_count as employee2_1_0_,
        bloodbank0_.established as establis3_1_0_,
        bloodbank0_.name as name4_1_0_,
        bloodbank0_.owner as owner6_1_0_,
        bloodbank0_.privately_owned as privatel5_1_0_ 
    from
        simplebloodbank.blood_bank bloodbank0_ 
    where
        bloodbank0_.bank_id=?
2021-04-12T12:32:33,007|[TRACE] BasicBinder - binding parameter [1] as [INTEGER] - [11]
2021-04-12T12:32:33,008|[TRACE] BasicExtractor - extracted value ([employee2_1_0_] : [INTEGER]) - [5]
2021-04-12T12:32:33,008|[TRACE] BasicExtractor - extracted value ([establis3_1_0_] : [TIMESTAMP]) - [1212-12-12 00:00:00.0]
2021-04-12T12:32:33,008|[TRACE] BasicExtractor - extracted value ([name4_1_0_] : [VARCHAR]) - [BloodBank Test]
2021-04-12T12:32:33,008|[TRACE] BasicExtractor - extracted value ([owner6_1_0_] : [INTEGER]) - [null]
2021-04-12T12:32:33,008|[TRACE] BasicExtractor - extracted value ([privatel5_1_0_] : [BOOLEAN]) - [false]
2021-04-12T12:32:33,008|[DEBUG] SQL - 
    select
        blooddonat0_.bank_id as bank_id6_2_0_,
        blooddonat0_.donation_id as donation1_2_0_,
        blooddonat0_.donation_id as donation1_2_1_,
        blooddonat0_.bank_id as bank_id6_2_1_,
        blooddonat0_.blood_group as blood_gr2_2_1_,
        blooddonat0_.created as created3_2_1_,
        blooddonat0_.milliliters as millilit4_2_1_,
        blooddonat0_.rhd as rhd5_2_1_ 
    from
        simplebloodbank.blood_donation blooddonat0_ 
    where
        blooddonat0_.bank_id=?
2021-04-12T12:32:33,008|[TRACE] BasicBinder - binding parameter [1] as [INTEGER] - [11]
2021-04-12T12:32:33,009|[DEBUG] SQL - 
    /* delete entity.BloodBank */ delete 
        from
            simplebloodbank.blood_bank 
        where
            bank_id=?
2021-04-12T12:32:33,009|[TRACE] BasicBinder - binding parameter [1] as [INTEGER] - [11]
]]></system-out>
    <system-err><![CDATA[Apr. 12, 2021 12:32:32 P.M. dal.GenericDAL lambda$setParameters$0
INFO: setParameters: name=testBloodBank
]]></system-err>
  </testcase>
  <testcase name="testGetBloodBankWithName" classname="logic.BloodBankTest" time="0.027">
    <system-out><![CDATA[2021-04-12T12:32:33,016|[DEBUG] EMFactory - getting EntityManagerFactory
2021-04-12T12:32:33,016|[DEBUG] EMFactory - initializeing EntityManagerFactory
2021-04-12T12:32:33,016|[DEBUG] SQL - 
    /* insert entity.BloodBank
        */ insert 
        into
            simplebloodbank.blood_bank
            (employee_count, established, name, owner, privately_owned) 
        values
            (?, ?, ?, ?, ?)
2021-04-12T12:32:33,016|[TRACE] BasicBinder - binding parameter [1] as [INTEGER] - [5]
2021-04-12T12:32:33,016|[TRACE] BasicBinder - binding parameter [2] as [TIMESTAMP] - [Wed Dec 12 00:00:00 EST 1212]
2021-04-12T12:32:33,017|[TRACE] BasicBinder - binding parameter [3] as [VARCHAR] - [BloodBank Test]
2021-04-12T12:32:33,017|[TRACE] BasicBinder - binding parameter [4] as [INTEGER] - [null]
2021-04-12T12:32:33,017|[TRACE] BasicBinder - binding parameter [5] as [BOOLEAN] - [false]
2021-04-12T12:32:33,021|[DEBUG] EMFactory - getting EntityManagerFactory
2021-04-12T12:32:33,021|[DEBUG] EMFactory - initializeing EntityManagerFactory
2021-04-12T12:32:33,022|[DEBUG] SQL - 
    /* BloodBank.findByName */ select
        bloodbank0_.bank_id as bank_id1_1_,
        bloodbank0_.employee_count as employee2_1_,
        bloodbank0_.established as establis3_1_,
        bloodbank0_.name as name4_1_,
        bloodbank0_.owner as owner6_1_,
        bloodbank0_.privately_owned as privatel5_1_ 
    from
        simplebloodbank.blood_bank bloodbank0_ 
    where
        bloodbank0_.name=?
2021-04-12T12:32:33,022|[TRACE] BasicBinder - binding parameter [1] as [VARCHAR] - [BloodBank Test]
2021-04-12T12:32:33,023|[TRACE] BasicExtractor - extracted value ([bank_id1_1_] : [INTEGER]) - [13]
2021-04-12T12:32:33,023|[TRACE] BasicExtractor - extracted value ([employee2_1_] : [INTEGER]) - [5]
2021-04-12T12:32:33,023|[TRACE] BasicExtractor - extracted value ([establis3_1_] : [TIMESTAMP]) - [1212-12-12 00:00:00.0]
2021-04-12T12:32:33,023|[TRACE] BasicExtractor - extracted value ([name4_1_] : [VARCHAR]) - [BloodBank Test]
2021-04-12T12:32:33,023|[TRACE] BasicExtractor - extracted value ([owner6_1_] : [INTEGER]) - [null]
2021-04-12T12:32:33,023|[TRACE] BasicExtractor - extracted value ([privatel5_1_] : [BOOLEAN]) - [false]
2021-04-12T12:32:33,024|[DEBUG] EMFactory - getting EntityManagerFactory
2021-04-12T12:32:33,024|[DEBUG] EMFactory - initializeing EntityManagerFactory
2021-04-12T12:32:33,035|[DEBUG] SQL - 
    /* load entity.BloodBank */ select
        bloodbank0_.bank_id as bank_id1_1_0_,
        bloodbank0_.employee_count as employee2_1_0_,
        bloodbank0_.established as establis3_1_0_,
        bloodbank0_.name as name4_1_0_,
        bloodbank0_.owner as owner6_1_0_,
        bloodbank0_.privately_owned as privatel5_1_0_ 
    from
        simplebloodbank.blood_bank bloodbank0_ 
    where
        bloodbank0_.bank_id=?
2021-04-12T12:32:33,036|[TRACE] BasicBinder - binding parameter [1] as [INTEGER] - [13]
2021-04-12T12:32:33,036|[TRACE] BasicExtractor - extracted value ([employee2_1_0_] : [INTEGER]) - [5]
2021-04-12T12:32:33,036|[TRACE] BasicExtractor - extracted value ([establis3_1_0_] : [TIMESTAMP]) - [1212-12-12 00:00:00.0]
2021-04-12T12:32:33,036|[TRACE] BasicExtractor - extracted value ([name4_1_0_] : [VARCHAR]) - [BloodBank Test]
2021-04-12T12:32:33,036|[TRACE] BasicExtractor - extracted value ([owner6_1_0_] : [INTEGER]) - [null]
2021-04-12T12:32:33,036|[TRACE] BasicExtractor - extracted value ([privatel5_1_0_] : [BOOLEAN]) - [false]
2021-04-12T12:32:33,037|[DEBUG] SQL - 
    select
        blooddonat0_.bank_id as bank_id6_2_0_,
        blooddonat0_.donation_id as donation1_2_0_,
        blooddonat0_.donation_id as donation1_2_1_,
        blooddonat0_.bank_id as bank_id6_2_1_,
        blooddonat0_.blood_group as blood_gr2_2_1_,
        blooddonat0_.created as created3_2_1_,
        blooddonat0_.milliliters as millilit4_2_1_,
        blooddonat0_.rhd as rhd5_2_1_ 
    from
        simplebloodbank.blood_donation blooddonat0_ 
    where
        blooddonat0_.bank_id=?
2021-04-12T12:32:33,037|[TRACE] BasicBinder - binding parameter [1] as [INTEGER] - [13]
2021-04-12T12:32:33,038|[DEBUG] SQL - 
    /* delete entity.BloodBank */ delete 
        from
            simplebloodbank.blood_bank 
        where
            bank_id=?
2021-04-12T12:32:33,038|[TRACE] BasicBinder - binding parameter [1] as [INTEGER] - [13]
]]></system-out>
    <system-err><![CDATA[Apr. 12, 2021 12:32:33 P.M. dal.GenericDAL lambda$setParameters$0
INFO: setParameters: name=BloodBank Test
]]></system-err>
  </testcase>
  <testcase name="testEquals" classname="logic.BloodBankTest" time="0.013">
    <system-out><![CDATA[2021-04-12T12:32:33,043|[DEBUG] EMFactory - getting EntityManagerFactory
2021-04-12T12:32:33,043|[DEBUG] EMFactory - initializeing EntityManagerFactory
2021-04-12T12:32:33,044|[DEBUG] SQL - 
    /* insert entity.BloodBank
        */ insert 
        into
            simplebloodbank.blood_bank
            (employee_count, established, name, owner, privately_owned) 
        values
            (?, ?, ?, ?, ?)
2021-04-12T12:32:33,044|[TRACE] BasicBinder - binding parameter [1] as [INTEGER] - [5]
2021-04-12T12:32:33,044|[TRACE] BasicBinder - binding parameter [2] as [TIMESTAMP] - [Wed Dec 12 00:00:00 EST 1212]
2021-04-12T12:32:33,044|[TRACE] BasicBinder - binding parameter [3] as [VARCHAR] - [BloodBank Test]
2021-04-12T12:32:33,044|[TRACE] BasicBinder - binding parameter [4] as [INTEGER] - [null]
2021-04-12T12:32:33,044|[TRACE] BasicBinder - binding parameter [5] as [BOOLEAN] - [false]
2021-04-12T12:32:33,049|[DEBUG] EMFactory - getting EntityManagerFactory
2021-04-12T12:32:33,049|[DEBUG] EMFactory - initializeing EntityManagerFactory
2021-04-12T12:32:33,050|[DEBUG] SQL - 
    /* load entity.BloodBank */ select
        bloodbank0_.bank_id as bank_id1_1_0_,
        bloodbank0_.employee_count as employee2_1_0_,
        bloodbank0_.established as establis3_1_0_,
        bloodbank0_.name as name4_1_0_,
        bloodbank0_.owner as owner6_1_0_,
        bloodbank0_.privately_owned as privatel5_1_0_ 
    from
        simplebloodbank.blood_bank bloodbank0_ 
    where
        bloodbank0_.bank_id=?
2021-04-12T12:32:33,050|[TRACE] BasicBinder - binding parameter [1] as [INTEGER] - [14]
2021-04-12T12:32:33,050|[TRACE] BasicExtractor - extracted value ([employee2_1_0_] : [INTEGER]) - [5]
2021-04-12T12:32:33,050|[TRACE] BasicExtractor - extracted value ([establis3_1_0_] : [TIMESTAMP]) - [1212-12-12 00:00:00.0]
2021-04-12T12:32:33,050|[TRACE] BasicExtractor - extracted value ([name4_1_0_] : [VARCHAR]) - [BloodBank Test]
2021-04-12T12:32:33,050|[TRACE] BasicExtractor - extracted value ([owner6_1_0_] : [INTEGER]) - [null]
2021-04-12T12:32:33,050|[TRACE] BasicExtractor - extracted value ([privatel5_1_0_] : [BOOLEAN]) - [false]
2021-04-12T12:32:33,051|[DEBUG] SQL - 
    select
        blooddonat0_.bank_id as bank_id6_2_0_,
        blooddonat0_.donation_id as donation1_2_0_,
        blooddonat0_.donation_id as donation1_2_1_,
        blooddonat0_.bank_id as bank_id6_2_1_,
        blooddonat0_.blood_group as blood_gr2_2_1_,
        blooddonat0_.created as created3_2_1_,
        blooddonat0_.milliliters as millilit4_2_1_,
        blooddonat0_.rhd as rhd5_2_1_ 
    from
        simplebloodbank.blood_donation blooddonat0_ 
    where
        blooddonat0_.bank_id=?
2021-04-12T12:32:33,051|[TRACE] BasicBinder - binding parameter [1] as [INTEGER] - [14]
2021-04-12T12:32:33,052|[DEBUG] SQL - 
    /* delete entity.BloodBank */ delete 
        from
            simplebloodbank.blood_bank 
        where
            bank_id=?
2021-04-12T12:32:33,052|[TRACE] BasicBinder - binding parameter [1] as [INTEGER] - [14]
]]></system-out>
  </testcase>
  <testcase name="testGetAll" classname="logic.BloodBankTest" time="0.045">
    <system-out><![CDATA[2021-04-12T12:32:33,057|[DEBUG] EMFactory - getting EntityManagerFactory
2021-04-12T12:32:33,057|[DEBUG] EMFactory - initializeing EntityManagerFactory
2021-04-12T12:32:33,057|[DEBUG] SQL - 
    /* insert entity.BloodBank
        */ insert 
        into
            simplebloodbank.blood_bank
            (employee_count, established, name, owner, privately_owned) 
        values
            (?, ?, ?, ?, ?)
2021-04-12T12:32:33,057|[TRACE] BasicBinder - binding parameter [1] as [INTEGER] - [5]
2021-04-12T12:32:33,058|[TRACE] BasicBinder - binding parameter [2] as [TIMESTAMP] - [Wed Dec 12 00:00:00 EST 1212]
2021-04-12T12:32:33,058|[TRACE] BasicBinder - binding parameter [3] as [VARCHAR] - [BloodBank Test]
2021-04-12T12:32:33,058|[TRACE] BasicBinder - binding parameter [4] as [INTEGER] - [null]
2021-04-12T12:32:33,058|[TRACE] BasicBinder - binding parameter [5] as [BOOLEAN] - [false]
2021-04-12T12:32:33,063|[DEBUG] EMFactory - getting EntityManagerFactory
2021-04-12T12:32:33,063|[DEBUG] EMFactory - initializeing EntityManagerFactory
2021-04-12T12:32:33,063|[DEBUG] SQL - 
    /* BloodBank.findAll */ select
        bloodbank0_.bank_id as bank_id1_1_,
        bloodbank0_.employee_count as employee2_1_,
        bloodbank0_.established as establis3_1_,
        bloodbank0_.name as name4_1_,
        bloodbank0_.owner as owner6_1_,
        bloodbank0_.privately_owned as privatel5_1_ 
    from
        simplebloodbank.blood_bank bloodbank0_
2021-04-12T12:32:33,064|[TRACE] BasicExtractor - extracted value ([bank_id1_1_] : [INTEGER]) - [15]
2021-04-12T12:32:33,064|[TRACE] BasicExtractor - extracted value ([employee2_1_] : [INTEGER]) - [5]
2021-04-12T12:32:33,064|[TRACE] BasicExtractor - extracted value ([establis3_1_] : [TIMESTAMP]) - [1212-12-12 00:00:00.0]
2021-04-12T12:32:33,064|[TRACE] BasicExtractor - extracted value ([name4_1_] : [VARCHAR]) - [BloodBank Test]
2021-04-12T12:32:33,064|[TRACE] BasicExtractor - extracted value ([owner6_1_] : [INTEGER]) - [null]
2021-04-12T12:32:33,064|[TRACE] BasicExtractor - extracted value ([privatel5_1_] : [BOOLEAN]) - [false]
2021-04-12T12:32:33,064|[DEBUG] EMFactory - getting EntityManagerFactory
2021-04-12T12:32:33,064|[DEBUG] EMFactory - initializeing EntityManagerFactory
2021-04-12T12:32:33,076|[DEBUG] SQL - 
    /* load entity.BloodBank */ select
        bloodbank0_.bank_id as bank_id1_1_0_,
        bloodbank0_.employee_count as employee2_1_0_,
        bloodbank0_.established as establis3_1_0_,
        bloodbank0_.name as name4_1_0_,
        bloodbank0_.owner as owner6_1_0_,
        bloodbank0_.privately_owned as privatel5_1_0_ 
    from
        simplebloodbank.blood_bank bloodbank0_ 
    where
        bloodbank0_.bank_id=?
2021-04-12T12:32:33,076|[TRACE] BasicBinder - binding parameter [1] as [INTEGER] - [15]
2021-04-12T12:32:33,077|[TRACE] BasicExtractor - extracted value ([employee2_1_0_] : [INTEGER]) - [5]
2021-04-12T12:32:33,077|[TRACE] BasicExtractor - extracted value ([establis3_1_0_] : [TIMESTAMP]) - [1212-12-12 00:00:00.0]
2021-04-12T12:32:33,077|[TRACE] BasicExtractor - extracted value ([name4_1_0_] : [VARCHAR]) - [BloodBank Test]
2021-04-12T12:32:33,077|[TRACE] BasicExtractor - extracted value ([owner6_1_0_] : [INTEGER]) - [null]
2021-04-12T12:32:33,077|[TRACE] BasicExtractor - extracted value ([privatel5_1_0_] : [BOOLEAN]) - [false]
2021-04-12T12:32:33,077|[DEBUG] SQL - 
    select
        blooddonat0_.bank_id as bank_id6_2_0_,
        blooddonat0_.donation_id as donation1_2_0_,
        blooddonat0_.donation_id as donation1_2_1_,
        blooddonat0_.bank_id as bank_id6_2_1_,
        blooddonat0_.blood_group as blood_gr2_2_1_,
        blooddonat0_.created as created3_2_1_,
        blooddonat0_.milliliters as millilit4_2_1_,
        blooddonat0_.rhd as rhd5_2_1_ 
    from
        simplebloodbank.blood_donation blooddonat0_ 
    where
        blooddonat0_.bank_id=?
2021-04-12T12:32:33,077|[TRACE] BasicBinder - binding parameter [1] as [INTEGER] - [15]
2021-04-12T12:32:33,078|[DEBUG] SQL - 
    /* delete entity.BloodBank */ delete 
        from
            simplebloodbank.blood_bank 
        where
            bank_id=?
2021-04-12T12:32:33,079|[TRACE] BasicBinder - binding parameter [1] as [INTEGER] - [15]
2021-04-12T12:32:33,082|[DEBUG] EMFactory - getting EntityManagerFactory
2021-04-12T12:32:33,082|[DEBUG] EMFactory - initializeing EntityManagerFactory
2021-04-12T12:32:33,083|[DEBUG] SQL - 
    /* BloodBank.findAll */ select
        bloodbank0_.bank_id as bank_id1_1_,
        bloodbank0_.employee_count as employee2_1_,
        bloodbank0_.established as establis3_1_,
        bloodbank0_.name as name4_1_,
        bloodbank0_.owner as owner6_1_,
        bloodbank0_.privately_owned as privatel5_1_ 
    from
        simplebloodbank.blood_bank bloodbank0_
2021-04-12T12:32:33,083|[DEBUG] EMFactory - getting EntityManagerFactory
2021-04-12T12:32:33,083|[DEBUG] EMFactory - initializeing EntityManagerFactory
2021-04-12T12:32:33,094|[DEBUG] SQL - 
    /* load entity.BloodBank */ select
        bloodbank0_.bank_id as bank_id1_1_0_,
        bloodbank0_.employee_count as employee2_1_0_,
        bloodbank0_.established as establis3_1_0_,
        bloodbank0_.name as name4_1_0_,
        bloodbank0_.owner as owner6_1_0_,
        bloodbank0_.privately_owned as privatel5_1_0_ 
    from
        simplebloodbank.blood_bank bloodbank0_ 
    where
        bloodbank0_.bank_id=?
2021-04-12T12:32:33,094|[TRACE] BasicBinder - binding parameter [1] as [INTEGER] - [15]
2021-04-12T12:32:33,095|[DEBUG] SQL - 
    /* insert entity.BloodBank
        */ insert 
        into
            simplebloodbank.blood_bank
            (employee_count, established, name, owner, privately_owned) 
        values
            (?, ?, ?, ?, ?)
2021-04-12T12:32:33,096|[TRACE] BasicBinder - binding parameter [1] as [INTEGER] - [5]
2021-04-12T12:32:33,096|[TRACE] BasicBinder - binding parameter [2] as [TIMESTAMP] - [Wed Dec 12 00:00:00 EST 1212]
2021-04-12T12:32:33,096|[TRACE] BasicBinder - binding parameter [3] as [VARCHAR] - [BloodBank Test]
2021-04-12T12:32:33,096|[TRACE] BasicBinder - binding parameter [4] as [INTEGER] - [null]
2021-04-12T12:32:33,096|[TRACE] BasicBinder - binding parameter [5] as [BOOLEAN] - [false]
2021-04-12T12:32:33,097|[DEBUG] SQL - 
    /* delete entity.BloodBank */ delete 
        from
            simplebloodbank.blood_bank 
        where
            bank_id=?
2021-04-12T12:32:33,097|[TRACE] BasicBinder - binding parameter [1] as [INTEGER] - [16]
]]></system-out>
  </testcase>
  <testcase name="testGetColumnCodes" classname="logic.BloodBankTest" time="0.012">
    <system-out><![CDATA[2021-04-12T12:32:33,102|[DEBUG] EMFactory - getting EntityManagerFactory
2021-04-12T12:32:33,102|[DEBUG] EMFactory - initializeing EntityManagerFactory
2021-04-12T12:32:33,102|[DEBUG] SQL - 
    /* insert entity.BloodBank
        */ insert 
        into
            simplebloodbank.blood_bank
            (employee_count, established, name, owner, privately_owned) 
        values
            (?, ?, ?, ?, ?)
2021-04-12T12:32:33,102|[TRACE] BasicBinder - binding parameter [1] as [INTEGER] - [5]
2021-04-12T12:32:33,103|[TRACE] BasicBinder - binding parameter [2] as [TIMESTAMP] - [Wed Dec 12 00:00:00 EST 1212]
2021-04-12T12:32:33,103|[TRACE] BasicBinder - binding parameter [3] as [VARCHAR] - [BloodBank Test]
2021-04-12T12:32:33,103|[TRACE] BasicBinder - binding parameter [4] as [INTEGER] - [null]
2021-04-12T12:32:33,103|[TRACE] BasicBinder - binding parameter [5] as [BOOLEAN] - [false]
2021-04-12T12:32:33,108|[DEBUG] EMFactory - getting EntityManagerFactory
2021-04-12T12:32:33,108|[DEBUG] EMFactory - initializeing EntityManagerFactory
2021-04-12T12:32:33,109|[DEBUG] SQL - 
    /* load entity.BloodBank */ select
        bloodbank0_.bank_id as bank_id1_1_0_,
        bloodbank0_.employee_count as employee2_1_0_,
        bloodbank0_.established as establis3_1_0_,
        bloodbank0_.name as name4_1_0_,
        bloodbank0_.owner as owner6_1_0_,
        bloodbank0_.privately_owned as privatel5_1_0_ 
    from
        simplebloodbank.blood_bank bloodbank0_ 
    where
        bloodbank0_.bank_id=?
2021-04-12T12:32:33,109|[TRACE] BasicBinder - binding parameter [1] as [INTEGER] - [17]
2021-04-12T12:32:33,109|[TRACE] BasicExtractor - extracted value ([employee2_1_0_] : [INTEGER]) - [5]
2021-04-12T12:32:33,109|[TRACE] BasicExtractor - extracted value ([establis3_1_0_] : [TIMESTAMP]) - [1212-12-12 00:00:00.0]
2021-04-12T12:32:33,109|[TRACE] BasicExtractor - extracted value ([name4_1_0_] : [VARCHAR]) - [BloodBank Test]
2021-04-12T12:32:33,109|[TRACE] BasicExtractor - extracted value ([owner6_1_0_] : [INTEGER]) - [null]
2021-04-12T12:32:33,109|[TRACE] BasicExtractor - extracted value ([privatel5_1_0_] : [BOOLEAN]) - [false]
2021-04-12T12:32:33,110|[DEBUG] SQL - 
    select
        blooddonat0_.bank_id as bank_id6_2_0_,
        blooddonat0_.donation_id as donation1_2_0_,
        blooddonat0_.donation_id as donation1_2_1_,
        blooddonat0_.bank_id as bank_id6_2_1_,
        blooddonat0_.blood_group as blood_gr2_2_1_,
        blooddonat0_.created as created3_2_1_,
        blooddonat0_.milliliters as millilit4_2_1_,
        blooddonat0_.rhd as rhd5_2_1_ 
    from
        simplebloodbank.blood_donation blooddonat0_ 
    where
        blooddonat0_.bank_id=?
2021-04-12T12:32:33,110|[TRACE] BasicBinder - binding parameter [1] as [INTEGER] - [17]
2021-04-12T12:32:33,111|[DEBUG] SQL - 
    /* delete entity.BloodBank */ delete 
        from
            simplebloodbank.blood_bank 
        where
            bank_id=?
2021-04-12T12:32:33,111|[TRACE] BasicBinder - binding parameter [1] as [INTEGER] - [17]
]]></system-out>
  </testcase>
  <testcase name="testGetColumnNames" classname="logic.BloodBankTest" time="0.013">
    <system-out><![CDATA[2021-04-12T12:32:33,116|[DEBUG] EMFactory - getting EntityManagerFactory
2021-04-12T12:32:33,116|[DEBUG] EMFactory - initializeing EntityManagerFactory
2021-04-12T12:32:33,116|[DEBUG] SQL - 
    /* insert entity.BloodBank
        */ insert 
        into
            simplebloodbank.blood_bank
            (employee_count, established, name, owner, privately_owned) 
        values
            (?, ?, ?, ?, ?)
2021-04-12T12:32:33,116|[TRACE] BasicBinder - binding parameter [1] as [INTEGER] - [5]
2021-04-12T12:32:33,116|[TRACE] BasicBinder - binding parameter [2] as [TIMESTAMP] - [Wed Dec 12 00:00:00 EST 1212]
2021-04-12T12:32:33,117|[TRACE] BasicBinder - binding parameter [3] as [VARCHAR] - [BloodBank Test]
2021-04-12T12:32:33,117|[TRACE] BasicBinder - binding parameter [4] as [INTEGER] - [null]
2021-04-12T12:32:33,117|[TRACE] BasicBinder - binding parameter [5] as [BOOLEAN] - [false]
2021-04-12T12:32:33,122|[DEBUG] EMFactory - getting EntityManagerFactory
2021-04-12T12:32:33,122|[DEBUG] EMFactory - initializeing EntityManagerFactory
2021-04-12T12:32:33,122|[DEBUG] SQL - 
    /* load entity.BloodBank */ select
        bloodbank0_.bank_id as bank_id1_1_0_,
        bloodbank0_.employee_count as employee2_1_0_,
        bloodbank0_.established as establis3_1_0_,
        bloodbank0_.name as name4_1_0_,
        bloodbank0_.owner as owner6_1_0_,
        bloodbank0_.privately_owned as privatel5_1_0_ 
    from
        simplebloodbank.blood_bank bloodbank0_ 
    where
        bloodbank0_.bank_id=?
2021-04-12T12:32:33,122|[TRACE] BasicBinder - binding parameter [1] as [INTEGER] - [18]
2021-04-12T12:32:33,123|[TRACE] BasicExtractor - extracted value ([employee2_1_0_] : [INTEGER]) - [5]
2021-04-12T12:32:33,123|[TRACE] BasicExtractor - extracted value ([establis3_1_0_] : [TIMESTAMP]) - [1212-12-12 00:00:00.0]
2021-04-12T12:32:33,123|[TRACE] BasicExtractor - extracted value ([name4_1_0_] : [VARCHAR]) - [BloodBank Test]
2021-04-12T12:32:33,123|[TRACE] BasicExtractor - extracted value ([owner6_1_0_] : [INTEGER]) - [null]
2021-04-12T12:32:33,123|[TRACE] BasicExtractor - extracted value ([privatel5_1_0_] : [BOOLEAN]) - [false]
2021-04-12T12:32:33,123|[DEBUG] SQL - 
    select
        blooddonat0_.bank_id as bank_id6_2_0_,
        blooddonat0_.donation_id as donation1_2_0_,
        blooddonat0_.donation_id as donation1_2_1_,
        blooddonat0_.bank_id as bank_id6_2_1_,
        blooddonat0_.blood_group as blood_gr2_2_1_,
        blooddonat0_.created as created3_2_1_,
        blooddonat0_.milliliters as millilit4_2_1_,
        blooddonat0_.rhd as rhd5_2_1_ 
    from
        simplebloodbank.blood_donation blooddonat0_ 
    where
        blooddonat0_.bank_id=?
2021-04-12T12:32:33,123|[TRACE] BasicBinder - binding parameter [1] as [INTEGER] - [18]
2021-04-12T12:32:33,124|[DEBUG] SQL - 
    /* delete entity.BloodBank */ delete 
        from
            simplebloodbank.blood_bank 
        where
            bank_id=?
2021-04-12T12:32:33,124|[TRACE] BasicBinder - binding parameter [1] as [INTEGER] - [18]
]]></system-out>
  </testcase>
  <testcase name="testGetWithId" classname="logic.BloodBankTest" time="0.027">
    <system-out><![CDATA[2021-04-12T12:32:33,129|[DEBUG] EMFactory - getting EntityManagerFactory
2021-04-12T12:32:33,129|[DEBUG] EMFactory - initializeing EntityManagerFactory
2021-04-12T12:32:33,129|[DEBUG] SQL - 
    /* insert entity.BloodBank
        */ insert 
        into
            simplebloodbank.blood_bank
            (employee_count, established, name, owner, privately_owned) 
        values
            (?, ?, ?, ?, ?)
2021-04-12T12:32:33,129|[TRACE] BasicBinder - binding parameter [1] as [INTEGER] - [5]
2021-04-12T12:32:33,129|[TRACE] BasicBinder - binding parameter [2] as [TIMESTAMP] - [Wed Dec 12 00:00:00 EST 1212]
2021-04-12T12:32:33,130|[TRACE] BasicBinder - binding parameter [3] as [VARCHAR] - [BloodBank Test]
2021-04-12T12:32:33,130|[TRACE] BasicBinder - binding parameter [4] as [INTEGER] - [null]
2021-04-12T12:32:33,130|[TRACE] BasicBinder - binding parameter [5] as [BOOLEAN] - [false]
2021-04-12T12:32:33,134|[DEBUG] EMFactory - getting EntityManagerFactory
2021-04-12T12:32:33,134|[DEBUG] EMFactory - initializeing EntityManagerFactory
2021-04-12T12:32:33,135|[DEBUG] SQL - 
    /* BloodBank.findByBankId */ select
        bloodbank0_.bank_id as bank_id1_1_,
        bloodbank0_.employee_count as employee2_1_,
        bloodbank0_.established as establis3_1_,
        bloodbank0_.name as name4_1_,
        bloodbank0_.owner as owner6_1_,
        bloodbank0_.privately_owned as privatel5_1_ 
    from
        simplebloodbank.blood_bank bloodbank0_ 
    where
        bloodbank0_.bank_id=?
2021-04-12T12:32:33,135|[TRACE] BasicBinder - binding parameter [1] as [INTEGER] - [19]
2021-04-12T12:32:33,135|[TRACE] BasicExtractor - extracted value ([bank_id1_1_] : [INTEGER]) - [19]
2021-04-12T12:32:33,136|[TRACE] BasicExtractor - extracted value ([employee2_1_] : [INTEGER]) - [5]
2021-04-12T12:32:33,136|[TRACE] BasicExtractor - extracted value ([establis3_1_] : [TIMESTAMP]) - [1212-12-12 00:00:00.0]
2021-04-12T12:32:33,136|[TRACE] BasicExtractor - extracted value ([name4_1_] : [VARCHAR]) - [BloodBank Test]
2021-04-12T12:32:33,136|[TRACE] BasicExtractor - extracted value ([owner6_1_] : [INTEGER]) - [null]
2021-04-12T12:32:33,136|[TRACE] BasicExtractor - extracted value ([privatel5_1_] : [BOOLEAN]) - [false]
2021-04-12T12:32:33,136|[DEBUG] EMFactory - getting EntityManagerFactory
2021-04-12T12:32:33,136|[DEBUG] EMFactory - initializeing EntityManagerFactory
2021-04-12T12:32:33,148|[DEBUG] SQL - 
    /* load entity.BloodBank */ select
        bloodbank0_.bank_id as bank_id1_1_0_,
        bloodbank0_.employee_count as employee2_1_0_,
        bloodbank0_.established as establis3_1_0_,
        bloodbank0_.name as name4_1_0_,
        bloodbank0_.owner as owner6_1_0_,
        bloodbank0_.privately_owned as privatel5_1_0_ 
    from
        simplebloodbank.blood_bank bloodbank0_ 
    where
        bloodbank0_.bank_id=?
2021-04-12T12:32:33,149|[TRACE] BasicBinder - binding parameter [1] as [INTEGER] - [19]
2021-04-12T12:32:33,150|[TRACE] BasicExtractor - extracted value ([employee2_1_0_] : [INTEGER]) - [5]
2021-04-12T12:32:33,150|[TRACE] BasicExtractor - extracted value ([establis3_1_0_] : [TIMESTAMP]) - [1212-12-12 00:00:00.0]
2021-04-12T12:32:33,150|[TRACE] BasicExtractor - extracted value ([name4_1_0_] : [VARCHAR]) - [BloodBank Test]
2021-04-12T12:32:33,150|[TRACE] BasicExtractor - extracted value ([owner6_1_0_] : [INTEGER]) - [null]
2021-04-12T12:32:33,150|[TRACE] BasicExtractor - extracted value ([privatel5_1_0_] : [BOOLEAN]) - [false]
2021-04-12T12:32:33,150|[DEBUG] SQL - 
    select
        blooddonat0_.bank_id as bank_id6_2_0_,
        blooddonat0_.donation_id as donation1_2_0_,
        blooddonat0_.donation_id as donation1_2_1_,
        blooddonat0_.bank_id as bank_id6_2_1_,
        blooddonat0_.blood_group as blood_gr2_2_1_,
        blooddonat0_.created as created3_2_1_,
        blooddonat0_.milliliters as millilit4_2_1_,
        blooddonat0_.rhd as rhd5_2_1_ 
    from
        simplebloodbank.blood_donation blooddonat0_ 
    where
        blooddonat0_.bank_id=?
2021-04-12T12:32:33,150|[TRACE] BasicBinder - binding parameter [1] as [INTEGER] - [19]
2021-04-12T12:32:33,151|[DEBUG] SQL - 
    /* delete entity.BloodBank */ delete 
        from
            simplebloodbank.blood_bank 
        where
            bank_id=?
2021-04-12T12:32:33,152|[TRACE] BasicBinder - binding parameter [1] as [INTEGER] - [19]
]]></system-out>
    <system-err><![CDATA[Apr. 12, 2021 12:32:33 P.M. dal.GenericDAL lambda$setParameters$0
INFO: setParameters: bankId=19
]]></system-err>
  </testcase>
</testsuite>