<?xml version="1.0" encoding="UTF-8"?>
<testsuite xmlns:xsi="http://www.w3.org/2001/XMLSchema-instance" xsi:noNamespaceSchemaLocation="https://maven.apache.org/surefire/maven-surefire-plugin/xsd/surefire-test-report-3.0.xsd" version="3.0" name="logic.BloodDonationTest" time="0.464" tests="16" errors="0" skipped="0" failures="0">
  <properties>
    <property name="sun.desktop" value="windows"/>
    <property name="awt.toolkit" value="sun.awt.windows.WToolkit"/>
    <property name="netbeans.deploy" value="true"/>
    <property name="java.specification.version" value="11"/>
    <property name="sun.cpu.isalist" value="amd64"/>
    <property name="sun.jnu.encoding" value="Cp1252"/>
    <property name="java.class.path" value="C:\Users\andre\Documents\NetBeansProjects\SimpleBloodBank\target\test-classes;C:\Users\andre\Documents\NetBeansProjects\SimpleBloodBank\target\classes;C:\Users\andre\.m2\repository\org\junit\jupiter\junit-jupiter\5.7.0\junit-jupiter-5.7.0.jar;C:\Users\andre\.m2\repository\org\junit\jupiter\junit-jupiter-api\5.7.0\junit-jupiter-api-5.7.0.jar;C:\Users\andre\.m2\repository\org\apiguardian\apiguardian-api\1.1.0\apiguardian-api-1.1.0.jar;C:\Users\andre\.m2\repository\org\opentest4j\opentest4j\1.2.0\opentest4j-1.2.0.jar;C:\Users\andre\.m2\repository\org\junit\platform\junit-platform-commons\1.7.0\junit-platform-commons-1.7.0.jar;C:\Users\andre\.m2\repository\org\junit\jupiter\junit-jupiter-params\5.7.0\junit-jupiter-params-5.7.0.jar;C:\Users\andre\.m2\repository\org\junit\jupiter\junit-jupiter-engine\5.7.0\junit-jupiter-engine-5.7.0.jar;C:\Users\andre\.m2\repository\org\junit\platform\junit-platform-engine\1.7.0\junit-platform-engine-1.7.0.jar;C:\Users\andre\.m2\repository\org\hamcrest\hamcrest\2.2\hamcrest-2.2.jar;C:\Users\andre\.m2\repository\org\hamcrest\hamcrest-library\2.2\hamcrest-library-2.2.jar;C:\Users\andre\.m2\repository\org\hamcrest\hamcrest-core\2.2\hamcrest-core-2.2.jar;C:\Users\andre\.m2\repository\org\apache\logging\log4j\log4j-api\2.14.0\log4j-api-2.14.0.jar;C:\Users\andre\.m2\repository\org\apache\logging\log4j\log4j-core\2.14.0\log4j-core-2.14.0.jar;C:\Users\andre\.m2\repository\org\hibernate\hibernate-core\5.4.27.Final\hibernate-core-5.4.27.Final.jar;C:\Users\andre\.m2\repository\org\jboss\logging\jboss-logging\3.4.1.Final\jboss-logging-3.4.1.Final.jar;C:\Users\andre\.m2\repository\javax\persistence\javax.persistence-api\2.2\javax.persistence-api-2.2.jar;C:\Users\andre\.m2\repository\org\javassist\javassist\3.27.0-GA\javassist-3.27.0-GA.jar;C:\Users\andre\.m2\repository\net\bytebuddy\byte-buddy\1.10.17\byte-buddy-1.10.17.jar;C:\Users\andre\.m2\repository\antlr\antlr\2.7.7\antlr-2.7.7.jar;C:\Users\andre\.m2\repository\org\jboss\spec\javax\transaction\jboss-transaction-api_1.2_spec\1.1.1.Final\jboss-transaction-api_1.2_spec-1.1.1.Final.jar;C:\Users\andre\.m2\repository\org\jboss\jandex\2.1.3.Final\jandex-2.1.3.Final.jar;C:\Users\andre\.m2\repository\com\fasterxml\classmate\1.5.1\classmate-1.5.1.jar;C:\Users\andre\.m2\repository\javax\activation\javax.activation-api\1.2.0\javax.activation-api-1.2.0.jar;C:\Users\andre\.m2\repository\org\dom4j\dom4j\2.1.3\dom4j-2.1.3.jar;C:\Users\andre\.m2\repository\org\hibernate\common\hibernate-commons-annotations\5.1.2.Final\hibernate-commons-annotations-5.1.2.Final.jar;C:\Users\andre\.m2\repository\javax\xml\bind\jaxb-api\2.3.1\jaxb-api-2.3.1.jar;C:\Users\andre\.m2\repository\org\glassfish\jaxb\jaxb-runtime\2.3.1\jaxb-runtime-2.3.1.jar;C:\Users\andre\.m2\repository\org\glassfish\jaxb\txw2\2.3.1\txw2-2.3.1.jar;C:\Users\andre\.m2\repository\com\sun\istack\istack-commons-runtime\3.0.7\istack-commons-runtime-3.0.7.jar;C:\Users\andre\.m2\repository\org\jvnet\staxex\stax-ex\1.8\stax-ex-1.8.jar;C:\Users\andre\.m2\repository\com\sun\xml\fastinfoset\FastInfoset\1.2.15\FastInfoset-1.2.15.jar;C:\Users\andre\.m2\repository\org\apache\tomcat\embed\tomcat-embed-core\9.0.44\tomcat-embed-core-9.0.44.jar;C:\Users\andre\.m2\repository\org\apache\tomcat\tomcat-annotations-api\9.0.44\tomcat-annotations-api-9.0.44.jar;C:\Users\andre\.m2\repository\org\apache\tomcat\embed\tomcat-embed-jasper\9.0.44\tomcat-embed-jasper-9.0.44.jar;C:\Users\andre\.m2\repository\org\apache\tomcat\embed\tomcat-embed-el\9.0.44\tomcat-embed-el-9.0.44.jar;C:\Users\andre\.m2\repository\org\eclipse\jdt\ecj\3.18.0\ecj-3.18.0.jar;C:\Users\andre\.m2\repository\org\apache\tomcat\tomcat-jdbc\9.0.44\tomcat-jdbc-9.0.44.jar;C:\Users\andre\.m2\repository\org\apache\tomcat\tomcat-juli\9.0.44\tomcat-juli-9.0.44.jar;C:\Users\andre\.m2\repository\jakarta\platform\jakarta.jakartaee-api\8.0.0\jakarta.jakartaee-api-8.0.0.jar;C:\Users\andre\.m2\repository\org\glassfish\web\jakarta.servlet.jsp.jstl\1.2.6\jakarta.servlet.jsp.jstl-1.2.6.jar;C:\Users\andre\.m2\repository\jakarta\servlet\jsp\jstl\jakarta.servlet.jsp.jstl-api\1.2.4\jakarta.servlet.jsp.jstl-api-1.2.4.jar;C:\Users\andre\.m2\repository\jakarta\servlet\jakarta.servlet-api\4.0.2\jakarta.servlet-api-4.0.2.jar;C:\Users\andre\.m2\repository\jakarta\el\jakarta.el-api\3.0.2\jakarta.el-api-3.0.2.jar;C:\Users\andre\.m2\repository\mysql\mysql-connector-java\8.0.23\mysql-connector-java-8.0.23.jar;C:\Users\andre\.m2\repository\com\google\protobuf\protobuf-java\3.11.4\protobuf-java-3.11.4.jar;"/>
    <property name="java.vm.vendor" value="AdoptOpenJDK"/>
    <property name="sun.arch.data.model" value="64"/>
    <property name="user.variant" value=""/>
    <property name="catalina.useNaming" value="true"/>
    <property name="java.vendor.url" value="https://adoptopenjdk.net/"/>
    <property name="user.timezone" value="America/New_York"/>
    <property name="java.vm.specification.version" value="11"/>
    <property name="os.name" value="Windows 10"/>
    <property name="user.country" value="CA"/>
    <property name="sun.java.launcher" value="SUN_STANDARD"/>
    <property name="sun.boot.library.path" value="C:\Program Files\AdoptOpenJDK\jdk-11.0.9.101-hotspot\bin"/>
    <property name="sun.java.command" value="C:\Users\andre\AppData\Local\Temp\surefire1877805960244667330\surefirebooter17161209406066248140.jar C:\Users\andre\AppData\Local\Temp\surefire1877805960244667330 2021-04-14T09-27-30_933-jvmRun1 surefire9825719147979006606tmp surefire_06608683378243783990tmp"/>
    <property name="jdk.debug" value="release"/>
    <property name="surefire.test.class.path" value="C:\Users\andre\Documents\NetBeansProjects\SimpleBloodBank\target\test-classes;C:\Users\andre\Documents\NetBeansProjects\SimpleBloodBank\target\classes;C:\Users\andre\.m2\repository\org\junit\jupiter\junit-jupiter\5.7.0\junit-jupiter-5.7.0.jar;C:\Users\andre\.m2\repository\org\junit\jupiter\junit-jupiter-api\5.7.0\junit-jupiter-api-5.7.0.jar;C:\Users\andre\.m2\repository\org\apiguardian\apiguardian-api\1.1.0\apiguardian-api-1.1.0.jar;C:\Users\andre\.m2\repository\org\opentest4j\opentest4j\1.2.0\opentest4j-1.2.0.jar;C:\Users\andre\.m2\repository\org\junit\platform\junit-platform-commons\1.7.0\junit-platform-commons-1.7.0.jar;C:\Users\andre\.m2\repository\org\junit\jupiter\junit-jupiter-params\5.7.0\junit-jupiter-params-5.7.0.jar;C:\Users\andre\.m2\repository\org\junit\jupiter\junit-jupiter-engine\5.7.0\junit-jupiter-engine-5.7.0.jar;C:\Users\andre\.m2\repository\org\junit\platform\junit-platform-engine\1.7.0\junit-platform-engine-1.7.0.jar;C:\Users\andre\.m2\repository\org\hamcrest\hamcrest\2.2\hamcrest-2.2.jar;C:\Users\andre\.m2\repository\org\hamcrest\hamcrest-library\2.2\hamcrest-library-2.2.jar;C:\Users\andre\.m2\repository\org\hamcrest\hamcrest-core\2.2\hamcrest-core-2.2.jar;C:\Users\andre\.m2\repository\org\apache\logging\log4j\log4j-api\2.14.0\log4j-api-2.14.0.jar;C:\Users\andre\.m2\repository\org\apache\logging\log4j\log4j-core\2.14.0\log4j-core-2.14.0.jar;C:\Users\andre\.m2\repository\org\hibernate\hibernate-core\5.4.27.Final\hibernate-core-5.4.27.Final.jar;C:\Users\andre\.m2\repository\org\jboss\logging\jboss-logging\3.4.1.Final\jboss-logging-3.4.1.Final.jar;C:\Users\andre\.m2\repository\javax\persistence\javax.persistence-api\2.2\javax.persistence-api-2.2.jar;C:\Users\andre\.m2\repository\org\javassist\javassist\3.27.0-GA\javassist-3.27.0-GA.jar;C:\Users\andre\.m2\repository\net\bytebuddy\byte-buddy\1.10.17\byte-buddy-1.10.17.jar;C:\Users\andre\.m2\repository\antlr\antlr\2.7.7\antlr-2.7.7.jar;C:\Users\andre\.m2\repository\org\jboss\spec\javax\transaction\jboss-transaction-api_1.2_spec\1.1.1.Final\jboss-transaction-api_1.2_spec-1.1.1.Final.jar;C:\Users\andre\.m2\repository\org\jboss\jandex\2.1.3.Final\jandex-2.1.3.Final.jar;C:\Users\andre\.m2\repository\com\fasterxml\classmate\1.5.1\classmate-1.5.1.jar;C:\Users\andre\.m2\repository\javax\activation\javax.activation-api\1.2.0\javax.activation-api-1.2.0.jar;C:\Users\andre\.m2\repository\org\dom4j\dom4j\2.1.3\dom4j-2.1.3.jar;C:\Users\andre\.m2\repository\org\hibernate\common\hibernate-commons-annotations\5.1.2.Final\hibernate-commons-annotations-5.1.2.Final.jar;C:\Users\andre\.m2\repository\javax\xml\bind\jaxb-api\2.3.1\jaxb-api-2.3.1.jar;C:\Users\andre\.m2\repository\org\glassfish\jaxb\jaxb-runtime\2.3.1\jaxb-runtime-2.3.1.jar;C:\Users\andre\.m2\repository\org\glassfish\jaxb\txw2\2.3.1\txw2-2.3.1.jar;C:\Users\andre\.m2\repository\com\sun\istack\istack-commons-runtime\3.0.7\istack-commons-runtime-3.0.7.jar;C:\Users\andre\.m2\repository\org\jvnet\staxex\stax-ex\1.8\stax-ex-1.8.jar;C:\Users\andre\.m2\repository\com\sun\xml\fastinfoset\FastInfoset\1.2.15\FastInfoset-1.2.15.jar;C:\Users\andre\.m2\repository\org\apache\tomcat\embed\tomcat-embed-core\9.0.44\tomcat-embed-core-9.0.44.jar;C:\Users\andre\.m2\repository\org\apache\tomcat\tomcat-annotations-api\9.0.44\tomcat-annotations-api-9.0.44.jar;C:\Users\andre\.m2\repository\org\apache\tomcat\embed\tomcat-embed-jasper\9.0.44\tomcat-embed-jasper-9.0.44.jar;C:\Users\andre\.m2\repository\org\apache\tomcat\embed\tomcat-embed-el\9.0.44\tomcat-embed-el-9.0.44.jar;C:\Users\andre\.m2\repository\org\eclipse\jdt\ecj\3.18.0\ecj-3.18.0.jar;C:\Users\andre\.m2\repository\org\apache\tomcat\tomcat-jdbc\9.0.44\tomcat-jdbc-9.0.44.jar;C:\Users\andre\.m2\repository\org\apache\tomcat\tomcat-juli\9.0.44\tomcat-juli-9.0.44.jar;C:\Users\andre\.m2\repository\jakarta\platform\jakarta.jakartaee-api\8.0.0\jakarta.jakartaee-api-8.0.0.jar;C:\Users\andre\.m2\repository\org\glassfish\web\jakarta.servlet.jsp.jstl\1.2.6\jakarta.servlet.jsp.jstl-1.2.6.jar;C:\Users\andre\.m2\repository\jakarta\servlet\jsp\jstl\jakarta.servlet.jsp.jstl-api\1.2.4\jakarta.servlet.jsp.jstl-api-1.2.4.jar;C:\Users\andre\.m2\repository\jakarta\servlet\jakarta.servlet-api\4.0.2\jakarta.servlet-api-4.0.2.jar;C:\Users\andre\.m2\repository\jakarta\el\jakarta.el-api\3.0.2\jakarta.el-api-3.0.2.jar;C:\Users\andre\.m2\repository\mysql\mysql-connector-java\8.0.23\mysql-connector-java-8.0.23.jar;C:\Users\andre\.m2\repository\com\google\protobuf\protobuf-java\3.11.4\protobuf-java-3.11.4.jar;"/>
    <property name="sun.cpu.endian" value="little"/>
    <property name="user.home" value="C:\Users\andre"/>
    <property name="user.language" value="en"/>
    <property name="java.specification.vendor" value="Oracle Corporation"/>
    <property name="java.naming.factory.url.pkgs" value="org.apache.naming"/>
    <property name="java.version.date" value="2020-11-04"/>
    <property name="java.home" value="C:\Program Files\AdoptOpenJDK\jdk-11.0.9.101-hotspot"/>
    <property name="file.separator" value="\"/>
    <property name="basedir" value="C:\Users\andre\Documents\NetBeansProjects\SimpleBloodBank"/>
    <property name="java.vm.compressedOopsMode" value="32-bit"/>
    <property name="line.separator" value="&#10;"/>
    <property name="java.specification.name" value="Java Platform API Specification"/>
    <property name="java.vm.specification.vendor" value="Oracle Corporation"/>
    <property name="java.awt.graphicsenv" value="sun.awt.Win32GraphicsEnvironment"/>
    <property name="surefire.real.class.path" value="C:\Users\andre\AppData\Local\Temp\surefire1877805960244667330\surefirebooter17161209406066248140.jar"/>
    <property name="user.script" value=""/>
    <property name="sun.management.compiler" value="HotSpot 64-Bit Tiered Compilers"/>
    <property name="java.runtime.version" value="11.0.9.1+1"/>
    <property name="java.naming.factory.initial" value="org.apache.naming.java.javaURLContextFactory"/>
    <property name="user.name" value="dynonomous"/>
    <property name="path.separator" value=";"/>
    <property name="os.version" value="10.0"/>
    <property name="java.runtime.name" value="OpenJDK Runtime Environment"/>
    <property name="file.encoding" value="UTF-8"/>
    <property name="java.vm.name" value="OpenJDK 64-Bit Server VM"/>
    <property name="java.vendor.version" value="AdoptOpenJDK"/>
    <property name="maven.ext.class.path" value="C:\Program Files\NetBeans-12.0\netbeans\java\maven-nblib\netbeans-eventspy.jar"/>
    <property name="localRepository" value="C:\Users\andre\.m2\repository"/>
    <property name="java.vendor.url.bug" value="https://github.com/AdoptOpenJDK/openjdk-support/issues"/>
    <property name="java.io.tmpdir" value="C:\Users\andre\AppData\Local\Temp\"/>
    <property name="catalina.home" value="C:\Users\andre\Documents\NetBeansProjects\SimpleBloodBank\tomcat.8080"/>
    <property name="java.version" value="11.0.9.1"/>
    <property name="user.dir" value="C:\Users\andre\Documents\NetBeansProjects\SimpleBloodBank"/>
    <property name="os.arch" value="amd64"/>
    <property name="java.vm.specification.name" value="Java Virtual Machine Specification"/>
    <property name="java.awt.printerjob" value="sun.awt.windows.WPrinterJob"/>
    <property name="sun.os.patch.level" value=""/>
    <property name="catalina.base" value="C:\Users\andre\Documents\NetBeansProjects\SimpleBloodBank\tomcat.8080"/>
    <property name="java.library.path" value="C:\Program Files\AdoptOpenJDK\jdk-11.0.9.101-hotspot\bin;C:\WINDOWS\Sun\Java\bin;C:\WINDOWS\system32;C:\WINDOWS;C:\Program Files\AdoptOpenJDK\jdk-11.0.9.101-hotspot\bin;C:\app\dynonomous\product\18.0.0\dbhomeXE\bin;C:\Program Files\Microsoft MPI\Bin\;C:\Program Files (x86)\Common Files\Oracle\Java\javapath;C:\Program Files\AdoptOpenJDK\jdk-11.0.9.101-hotspot\\bin;C:\Windows\system32;C:\Windows;C:\Windows\System32\Wbem;C:\Windows\System32\WindowsPowerShell\v1.0\;C:\Windows\System32\OpenSSH\;C:\Program Files (x86)\NVIDIA Corporation\PhysX\Common;C:\Program Files\NVIDIA Corporation\NVIDIA NvDLISR;C:\Program Files\Intel\WiFi\bin\;C:\Program Files\Common Files\Intel\WirelessCommon\;C:\WINDOWS\system32;C:\WINDOWS;C:\WINDOWS\System32\Wbem;C:\WINDOWS\System32\WindowsPowerShell\v1.0\;C:\WINDOWS\System32\OpenSSH\;C:\Program Files (x86)\pgmodeler;C:\Program Files\Git\cmd;C:\Program Files\Java\jdk1.8.0_261\bin;C:\Program Files (x86)\Microsoft SQL Server\150\Tools\Binn\;C:\Program Files\Microsoft SQL Server\150\Tools\Binn\;C:\Program Files (x86)\Microsoft SQL Server\150\DTS\Binn\;C:\Program Files\Microsoft SQL Server\150\DTS\Binn\;C:\Program Files\Microsoft SQL Server\Client SDK\ODBC\170\Tools\Binn\;C:\Users\andre\javafx-sdk-11.0.2\bin;C:\Users\andre\.cargo\bin;C:\Users\andre\AppData\Local\Microsoft\WindowsApps;C:\Program Files\Intel\WiFi\bin\;C:\Program Files\Common Files\Intel\WirelessCommon\;;C:\Program Files\JetBrains\IntelliJ IDEA Community Edition 2020.2\bin;;."/>
    <property name="java.vm.info" value="mixed mode"/>
    <property name="java.vendor" value="AdoptOpenJDK"/>
    <property name="java.vm.version" value="11.0.9.1+1"/>
    <property name="sun.io.unicode.encoding" value="UnicodeLittle"/>
    <property name="java.class.version" value="55.0"/>
  </properties>
  <testcase name="testCreateEntity" classname="logic.BloodDonationTest" time="0.032">
    <system-out><![CDATA[2021-04-14T09:27:36,886|[DEBUG] EMFactory - getting EntityManagerFactory
2021-04-14T09:27:36,886|[DEBUG] EMFactory - initializeing EntityManagerFactory
2021-04-14T09:27:36,886|[DEBUG] SQL - 
    select
        bloodbank0_.bank_id as bank_id1_1_0_,
        bloodbank0_.employee_count as employee2_1_0_,
        bloodbank0_.established as establis3_1_0_,
        bloodbank0_.name as name4_1_0_,
        bloodbank0_.owner as owner6_1_0_,
        bloodbank0_.privately_owned as privatel5_1_0_ 
    from
        simplebloodbank.blood_bank bloodbank0_ 
    where
        bloodbank0_.bank_id=?
2021-04-14T09:27:36,886|[TRACE] BasicBinder - binding parameter [1] as [INTEGER] - [1]
2021-04-14T09:27:36,886|[DEBUG] SQL - 
    /* insert entity.BloodBank
        */ insert 
        into
            simplebloodbank.blood_bank
            (employee_count, established, name, owner, privately_owned) 
        values
            (?, ?, ?, ?, ?)
2021-04-14T09:27:36,886|[TRACE] BasicBinder - binding parameter [1] as [INTEGER] - [111]
2021-04-14T09:27:36,886|[TRACE] BasicBinder - binding parameter [2] as [TIMESTAMP] - [Sat Nov 11 11:11:11 EST 1111]
2021-04-14T09:27:36,886|[TRACE] BasicBinder - binding parameter [3] as [VARCHAR] - [JUNIT]
2021-04-14T09:27:36,886|[TRACE] BasicBinder - binding parameter [4] as [INTEGER] - [null]
2021-04-14T09:27:36,886|[TRACE] BasicBinder - binding parameter [5] as [BOOLEAN] - [true]
2021-04-14T09:27:36,886|[DEBUG] SQL - 
    /* insert entity.BloodDonation
        */ insert 
        into
            simplebloodbank.blood_donation
            (bank_id, blood_group, created, milliliters, rhd) 
        values
            (?, ?, ?, ?, ?)
2021-04-14T09:27:36,886|[TRACE] BasicBinder - binding parameter [1] as [INTEGER] - [21]
2021-04-14T09:27:36,886|[TRACE] BasicBinder - binding parameter [2] as [VARCHAR] - [AB]
2021-04-14T09:27:36,886|[TRACE] BasicBinder - binding parameter [3] as [TIMESTAMP] - [Sat Nov 11 11:11:11 EST 1111]
2021-04-14T09:27:36,886|[TRACE] BasicBinder - binding parameter [4] as [INTEGER] - [100]
2021-04-14T09:27:36,886|[DEBUG] AttributeConverterSqlTypeDescriptorAdapter - Converted value on binding : Negative -> -
2021-04-14T09:27:36,886|[TRACE] BasicBinder - binding parameter [5] as [VARCHAR] - [-]
2021-04-14T09:27:36,886|[DEBUG] EMFactory - getting EntityManagerFactory
2021-04-14T09:27:36,886|[DEBUG] EMFactory - initializeing EntityManagerFactory
2021-04-14T09:27:36,886|[DEBUG] SQL - 
    select
        bloodbank0_.bank_id as bank_id1_1_0_,
        bloodbank0_.employee_count as employee2_1_0_,
        bloodbank0_.established as establis3_1_0_,
        bloodbank0_.name as name4_1_0_,
        bloodbank0_.owner as owner6_1_0_,
        bloodbank0_.privately_owned as privatel5_1_0_ 
    from
        simplebloodbank.blood_bank bloodbank0_ 
    where
        bloodbank0_.bank_id=?
2021-04-14T09:27:36,886|[TRACE] BasicBinder - binding parameter [1] as [INTEGER] - [21]
2021-04-14T09:27:36,886|[TRACE] BasicExtractor - extracted value ([employee2_1_0_] : [INTEGER]) - [111]
2021-04-14T09:27:36,886|[TRACE] BasicExtractor - extracted value ([establis3_1_0_] : [TIMESTAMP]) - [1111-11-11 11:11:11.0]
2021-04-14T09:27:36,886|[TRACE] BasicExtractor - extracted value ([name4_1_0_] : [VARCHAR]) - [JUNIT]
2021-04-14T09:27:36,886|[TRACE] BasicExtractor - extracted value ([owner6_1_0_] : [INTEGER]) - [null]
2021-04-14T09:27:36,886|[TRACE] BasicExtractor - extracted value ([privatel5_1_0_] : [BOOLEAN]) - [true]
2021-04-14T09:27:36,886|[DEBUG] EMFactory - getting EntityManagerFactory
2021-04-14T09:27:36,886|[DEBUG] EMFactory - initializeing EntityManagerFactory
2021-04-14T09:27:36,886|[DEBUG] SQL - 
    /* load entity.BloodDonation */ select
        blooddonat0_.donation_id as donation1_2_0_,
        blooddonat0_.bank_id as bank_id6_2_0_,
        blooddonat0_.blood_group as blood_gr2_2_0_,
        blooddonat0_.created as created3_2_0_,
        blooddonat0_.milliliters as millilit4_2_0_,
        blooddonat0_.rhd as rhd5_2_0_ 
    from
        simplebloodbank.blood_donation blooddonat0_ 
    where
        blooddonat0_.donation_id=?
2021-04-14T09:27:36,886|[TRACE] BasicBinder - binding parameter [1] as [INTEGER] - [1]
2021-04-14T09:27:36,886|[TRACE] BasicExtractor - extracted value ([bank_id6_2_0_] : [INTEGER]) - [21]
2021-04-14T09:27:36,886|[TRACE] BasicExtractor - extracted value ([blood_gr2_2_0_] : [VARCHAR]) - [AB]
2021-04-14T09:27:36,886|[TRACE] BasicExtractor - extracted value ([created3_2_0_] : [TIMESTAMP]) - [1111-11-11 11:11:11.0]
2021-04-14T09:27:36,886|[TRACE] BasicExtractor - extracted value ([millilit4_2_0_] : [INTEGER]) - [100]
2021-04-14T09:27:36,886|[TRACE] BasicExtractor - extracted value ([rhd5_2_0_] : [VARCHAR]) - [-]
2021-04-14T09:27:36,886|[DEBUG] AttributeConverterSqlTypeDescriptorAdapter - Converted value on extraction: - -> Negative
2021-04-14T09:27:36,902|[DEBUG] SQL - 
    /* delete entity.BloodDonation */ delete 
        from
            simplebloodbank.blood_donation 
        where
            donation_id=?
2021-04-14T09:27:36,902|[TRACE] BasicBinder - binding parameter [1] as [INTEGER] - [1]
2021-04-14T09:27:36,902|[DEBUG] EMFactory - getting EntityManagerFactory
2021-04-14T09:27:36,902|[DEBUG] EMFactory - initializeing EntityManagerFactory
2021-04-14T09:27:36,902|[DEBUG] SQL - 
    select
        bloodbank0_.bank_id as bank_id1_1_0_,
        bloodbank0_.employee_count as employee2_1_0_,
        bloodbank0_.established as establis3_1_0_,
        bloodbank0_.name as name4_1_0_,
        bloodbank0_.owner as owner6_1_0_,
        bloodbank0_.privately_owned as privatel5_1_0_ 
    from
        simplebloodbank.blood_bank bloodbank0_ 
    where
        bloodbank0_.bank_id=?
2021-04-14T09:27:36,902|[TRACE] BasicBinder - binding parameter [1] as [INTEGER] - [21]
2021-04-14T09:27:36,902|[TRACE] BasicExtractor - extracted value ([employee2_1_0_] : [INTEGER]) - [111]
2021-04-14T09:27:36,902|[TRACE] BasicExtractor - extracted value ([establis3_1_0_] : [TIMESTAMP]) - [1111-11-11 11:11:11.0]
2021-04-14T09:27:36,902|[TRACE] BasicExtractor - extracted value ([name4_1_0_] : [VARCHAR]) - [JUNIT]
2021-04-14T09:27:36,902|[TRACE] BasicExtractor - extracted value ([owner6_1_0_] : [INTEGER]) - [null]
2021-04-14T09:27:36,902|[TRACE] BasicExtractor - extracted value ([privatel5_1_0_] : [BOOLEAN]) - [true]
2021-04-14T09:27:36,902|[DEBUG] SQL - 
    /* delete entity.BloodBank */ delete 
        from
            simplebloodbank.blood_bank 
        where
            bank_id=?
2021-04-14T09:27:36,902|[TRACE] BasicBinder - binding parameter [1] as [INTEGER] - [21]
]]></system-out>
  </testcase>
  <testcase name="testGetBloodDonationsWithCreated" classname="logic.BloodDonationTest" time="0.031">
    <system-out><![CDATA[2021-04-14T09:27:36,902|[DEBUG] EMFactory - getting EntityManagerFactory
2021-04-14T09:27:36,902|[DEBUG] EMFactory - initializeing EntityManagerFactory
2021-04-14T09:27:36,917|[DEBUG] SQL - 
    select
        bloodbank0_.bank_id as bank_id1_1_0_,
        bloodbank0_.employee_count as employee2_1_0_,
        bloodbank0_.established as establis3_1_0_,
        bloodbank0_.name as name4_1_0_,
        bloodbank0_.owner as owner6_1_0_,
        bloodbank0_.privately_owned as privatel5_1_0_ 
    from
        simplebloodbank.blood_bank bloodbank0_ 
    where
        bloodbank0_.bank_id=?
2021-04-14T09:27:36,917|[TRACE] BasicBinder - binding parameter [1] as [INTEGER] - [1]
2021-04-14T09:27:36,917|[DEBUG] SQL - 
    /* insert entity.BloodBank
        */ insert 
        into
            simplebloodbank.blood_bank
            (employee_count, established, name, owner, privately_owned) 
        values
            (?, ?, ?, ?, ?)
2021-04-14T09:27:36,917|[TRACE] BasicBinder - binding parameter [1] as [INTEGER] - [111]
2021-04-14T09:27:36,917|[TRACE] BasicBinder - binding parameter [2] as [TIMESTAMP] - [Sat Nov 11 11:11:11 EST 1111]
2021-04-14T09:27:36,917|[TRACE] BasicBinder - binding parameter [3] as [VARCHAR] - [JUNIT]
2021-04-14T09:27:36,917|[TRACE] BasicBinder - binding parameter [4] as [INTEGER] - [null]
2021-04-14T09:27:36,917|[TRACE] BasicBinder - binding parameter [5] as [BOOLEAN] - [true]
2021-04-14T09:27:36,917|[DEBUG] SQL - 
    /* insert entity.BloodDonation
        */ insert 
        into
            simplebloodbank.blood_donation
            (bank_id, blood_group, created, milliliters, rhd) 
        values
            (?, ?, ?, ?, ?)
2021-04-14T09:27:36,917|[TRACE] BasicBinder - binding parameter [1] as [INTEGER] - [22]
2021-04-14T09:27:36,917|[TRACE] BasicBinder - binding parameter [2] as [VARCHAR] - [AB]
2021-04-14T09:27:36,917|[TRACE] BasicBinder - binding parameter [3] as [TIMESTAMP] - [Sat Nov 11 11:11:11 EST 1111]
2021-04-14T09:27:36,917|[TRACE] BasicBinder - binding parameter [4] as [INTEGER] - [100]
2021-04-14T09:27:36,917|[DEBUG] AttributeConverterSqlTypeDescriptorAdapter - Converted value on binding : Negative -> -
2021-04-14T09:27:36,917|[TRACE] BasicBinder - binding parameter [5] as [VARCHAR] - [-]
2021-04-14T09:27:36,917|[DEBUG] EMFactory - getting EntityManagerFactory
2021-04-14T09:27:36,917|[DEBUG] EMFactory - initializeing EntityManagerFactory
2021-04-14T09:27:36,917|[DEBUG] SQL - 
    /* BloodDonation.findByCreated */ select
        blooddonat0_.donation_id as donation1_2_,
        blooddonat0_.bank_id as bank_id6_2_,
        blooddonat0_.blood_group as blood_gr2_2_,
        blooddonat0_.created as created3_2_,
        blooddonat0_.milliliters as millilit4_2_,
        blooddonat0_.rhd as rhd5_2_ 
    from
        simplebloodbank.blood_donation blooddonat0_ 
    where
        blooddonat0_.created=?
2021-04-14T09:27:36,917|[TRACE] BasicBinder - binding parameter [1] as [TIMESTAMP] - [Sat Nov 11 11:11:11 EST 1111]
2021-04-14T09:27:36,917|[TRACE] BasicExtractor - extracted value ([donation1_2_] : [INTEGER]) - [2]
2021-04-14T09:27:36,917|[TRACE] BasicExtractor - extracted value ([bank_id6_2_] : [INTEGER]) - [22]
2021-04-14T09:27:36,917|[TRACE] BasicExtractor - extracted value ([blood_gr2_2_] : [VARCHAR]) - [AB]
2021-04-14T09:27:36,917|[TRACE] BasicExtractor - extracted value ([created3_2_] : [TIMESTAMP]) - [1111-11-11 11:11:11.0]
2021-04-14T09:27:36,917|[TRACE] BasicExtractor - extracted value ([millilit4_2_] : [INTEGER]) - [100]
2021-04-14T09:27:36,917|[TRACE] BasicExtractor - extracted value ([rhd5_2_] : [VARCHAR]) - [-]
2021-04-14T09:27:36,917|[DEBUG] AttributeConverterSqlTypeDescriptorAdapter - Converted value on extraction: - -> Negative
2021-04-14T09:27:36,917|[DEBUG] EMFactory - getting EntityManagerFactory
2021-04-14T09:27:36,917|[DEBUG] EMFactory - initializeing EntityManagerFactory
2021-04-14T09:27:36,933|[DEBUG] SQL - 
    /* load entity.BloodDonation */ select
        blooddonat0_.donation_id as donation1_2_0_,
        blooddonat0_.bank_id as bank_id6_2_0_,
        blooddonat0_.blood_group as blood_gr2_2_0_,
        blooddonat0_.created as created3_2_0_,
        blooddonat0_.milliliters as millilit4_2_0_,
        blooddonat0_.rhd as rhd5_2_0_ 
    from
        simplebloodbank.blood_donation blooddonat0_ 
    where
        blooddonat0_.donation_id=?
2021-04-14T09:27:36,933|[TRACE] BasicBinder - binding parameter [1] as [INTEGER] - [2]
2021-04-14T09:27:36,933|[TRACE] BasicExtractor - extracted value ([bank_id6_2_0_] : [INTEGER]) - [22]
2021-04-14T09:27:36,933|[TRACE] BasicExtractor - extracted value ([blood_gr2_2_0_] : [VARCHAR]) - [AB]
2021-04-14T09:27:36,933|[TRACE] BasicExtractor - extracted value ([created3_2_0_] : [TIMESTAMP]) - [1111-11-11 11:11:11.0]
2021-04-14T09:27:36,933|[TRACE] BasicExtractor - extracted value ([millilit4_2_0_] : [INTEGER]) - [100]
2021-04-14T09:27:36,933|[TRACE] BasicExtractor - extracted value ([rhd5_2_0_] : [VARCHAR]) - [-]
2021-04-14T09:27:36,933|[DEBUG] AttributeConverterSqlTypeDescriptorAdapter - Converted value on extraction: - -> Negative
2021-04-14T09:27:36,933|[DEBUG] SQL - 
    /* delete entity.BloodDonation */ delete 
        from
            simplebloodbank.blood_donation 
        where
            donation_id=?
2021-04-14T09:27:36,933|[TRACE] BasicBinder - binding parameter [1] as [INTEGER] - [2]
2021-04-14T09:27:36,933|[DEBUG] EMFactory - getting EntityManagerFactory
2021-04-14T09:27:36,933|[DEBUG] EMFactory - initializeing EntityManagerFactory
2021-04-14T09:27:36,933|[DEBUG] SQL - 
    select
        bloodbank0_.bank_id as bank_id1_1_0_,
        bloodbank0_.employee_count as employee2_1_0_,
        bloodbank0_.established as establis3_1_0_,
        bloodbank0_.name as name4_1_0_,
        bloodbank0_.owner as owner6_1_0_,
        bloodbank0_.privately_owned as privatel5_1_0_ 
    from
        simplebloodbank.blood_bank bloodbank0_ 
    where
        bloodbank0_.bank_id=?
2021-04-14T09:27:36,933|[TRACE] BasicBinder - binding parameter [1] as [INTEGER] - [22]
2021-04-14T09:27:36,933|[TRACE] BasicExtractor - extracted value ([employee2_1_0_] : [INTEGER]) - [111]
2021-04-14T09:27:36,933|[TRACE] BasicExtractor - extracted value ([establis3_1_0_] : [TIMESTAMP]) - [1111-11-11 11:11:11.0]
2021-04-14T09:27:36,933|[TRACE] BasicExtractor - extracted value ([name4_1_0_] : [VARCHAR]) - [JUNIT]
2021-04-14T09:27:36,933|[TRACE] BasicExtractor - extracted value ([owner6_1_0_] : [INTEGER]) - [null]
2021-04-14T09:27:36,933|[TRACE] BasicExtractor - extracted value ([privatel5_1_0_] : [BOOLEAN]) - [true]
2021-04-14T09:27:36,933|[DEBUG] SQL - 
    /* delete entity.BloodBank */ delete 
        from
            simplebloodbank.blood_bank 
        where
            bank_id=?
2021-04-14T09:27:36,933|[TRACE] BasicBinder - binding parameter [1] as [INTEGER] - [22]
]]></system-out>
    <system-err><![CDATA[Apr. 14, 2021 9:27:36 A.M. dal.GenericDAL lambda$setParameters$0
INFO: setParameters: created=Sat Nov 11 11:11:11 EST 1111
]]></system-err>
  </testcase>
  <testcase name="testGetBloodDonationsWithBloodGroup" classname="logic.BloodDonationTest" time="0.038">
    <system-out><![CDATA[2021-04-14T09:27:36,933|[DEBUG] EMFactory - getting EntityManagerFactory
2021-04-14T09:27:36,933|[DEBUG] EMFactory - initializeing EntityManagerFactory
2021-04-14T09:27:36,933|[DEBUG] SQL - 
    select
        bloodbank0_.bank_id as bank_id1_1_0_,
        bloodbank0_.employee_count as employee2_1_0_,
        bloodbank0_.established as establis3_1_0_,
        bloodbank0_.name as name4_1_0_,
        bloodbank0_.owner as owner6_1_0_,
        bloodbank0_.privately_owned as privatel5_1_0_ 
    from
        simplebloodbank.blood_bank bloodbank0_ 
    where
        bloodbank0_.bank_id=?
2021-04-14T09:27:36,933|[TRACE] BasicBinder - binding parameter [1] as [INTEGER] - [1]
2021-04-14T09:27:36,933|[DEBUG] SQL - 
    /* insert entity.BloodBank
        */ insert 
        into
            simplebloodbank.blood_bank
            (employee_count, established, name, owner, privately_owned) 
        values
            (?, ?, ?, ?, ?)
2021-04-14T09:27:36,933|[TRACE] BasicBinder - binding parameter [1] as [INTEGER] - [111]
2021-04-14T09:27:36,933|[TRACE] BasicBinder - binding parameter [2] as [TIMESTAMP] - [Sat Nov 11 11:11:11 EST 1111]
2021-04-14T09:27:36,933|[TRACE] BasicBinder - binding parameter [3] as [VARCHAR] - [JUNIT]
2021-04-14T09:27:36,933|[TRACE] BasicBinder - binding parameter [4] as [INTEGER] - [null]
2021-04-14T09:27:36,933|[TRACE] BasicBinder - binding parameter [5] as [BOOLEAN] - [true]
2021-04-14T09:27:36,933|[DEBUG] SQL - 
    /* insert entity.BloodDonation
        */ insert 
        into
            simplebloodbank.blood_donation
            (bank_id, blood_group, created, milliliters, rhd) 
        values
            (?, ?, ?, ?, ?)
2021-04-14T09:27:36,933|[TRACE] BasicBinder - binding parameter [1] as [INTEGER] - [23]
2021-04-14T09:27:36,933|[TRACE] BasicBinder - binding parameter [2] as [VARCHAR] - [AB]
2021-04-14T09:27:36,933|[TRACE] BasicBinder - binding parameter [3] as [TIMESTAMP] - [Sat Nov 11 11:11:11 EST 1111]
2021-04-14T09:27:36,933|[TRACE] BasicBinder - binding parameter [4] as [INTEGER] - [100]
2021-04-14T09:27:36,933|[DEBUG] AttributeConverterSqlTypeDescriptorAdapter - Converted value on binding : Negative -> -
2021-04-14T09:27:36,933|[TRACE] BasicBinder - binding parameter [5] as [VARCHAR] - [-]
2021-04-14T09:27:36,949|[DEBUG] EMFactory - getting EntityManagerFactory
2021-04-14T09:27:36,949|[DEBUG] EMFactory - initializeing EntityManagerFactory
2021-04-14T09:27:36,949|[DEBUG] SQL - 
    /* BloodDonation.findByBloodGroup */ select
        blooddonat0_.donation_id as donation1_2_,
        blooddonat0_.bank_id as bank_id6_2_,
        blooddonat0_.blood_group as blood_gr2_2_,
        blooddonat0_.created as created3_2_,
        blooddonat0_.milliliters as millilit4_2_,
        blooddonat0_.rhd as rhd5_2_ 
    from
        simplebloodbank.blood_donation blooddonat0_ 
    where
        blooddonat0_.blood_group=?
2021-04-14T09:27:36,949|[TRACE] BasicBinder - binding parameter [1] as [VARCHAR] - [AB]
2021-04-14T09:27:36,949|[TRACE] BasicExtractor - extracted value ([donation1_2_] : [INTEGER]) - [3]
2021-04-14T09:27:36,949|[TRACE] BasicExtractor - extracted value ([bank_id6_2_] : [INTEGER]) - [23]
2021-04-14T09:27:36,949|[TRACE] BasicExtractor - extracted value ([blood_gr2_2_] : [VARCHAR]) - [AB]
2021-04-14T09:27:36,949|[TRACE] BasicExtractor - extracted value ([created3_2_] : [TIMESTAMP]) - [1111-11-11 11:11:11.0]
2021-04-14T09:27:36,949|[TRACE] BasicExtractor - extracted value ([millilit4_2_] : [INTEGER]) - [100]
2021-04-14T09:27:36,949|[TRACE] BasicExtractor - extracted value ([rhd5_2_] : [VARCHAR]) - [-]
2021-04-14T09:27:36,949|[DEBUG] AttributeConverterSqlTypeDescriptorAdapter - Converted value on extraction: - -> Negative
2021-04-14T09:27:36,949|[DEBUG] EMFactory - getting EntityManagerFactory
2021-04-14T09:27:36,949|[DEBUG] EMFactory - initializeing EntityManagerFactory
2021-04-14T09:27:36,964|[DEBUG] SQL - 
    /* load entity.BloodDonation */ select
        blooddonat0_.donation_id as donation1_2_0_,
        blooddonat0_.bank_id as bank_id6_2_0_,
        blooddonat0_.blood_group as blood_gr2_2_0_,
        blooddonat0_.created as created3_2_0_,
        blooddonat0_.milliliters as millilit4_2_0_,
        blooddonat0_.rhd as rhd5_2_0_ 
    from
        simplebloodbank.blood_donation blooddonat0_ 
    where
        blooddonat0_.donation_id=?
2021-04-14T09:27:36,964|[TRACE] BasicBinder - binding parameter [1] as [INTEGER] - [3]
2021-04-14T09:27:36,964|[TRACE] BasicExtractor - extracted value ([bank_id6_2_0_] : [INTEGER]) - [23]
2021-04-14T09:27:36,964|[TRACE] BasicExtractor - extracted value ([blood_gr2_2_0_] : [VARCHAR]) - [AB]
2021-04-14T09:27:36,964|[TRACE] BasicExtractor - extracted value ([created3_2_0_] : [TIMESTAMP]) - [1111-11-11 11:11:11.0]
2021-04-14T09:27:36,964|[TRACE] BasicExtractor - extracted value ([millilit4_2_0_] : [INTEGER]) - [100]
2021-04-14T09:27:36,964|[TRACE] BasicExtractor - extracted value ([rhd5_2_0_] : [VARCHAR]) - [-]
2021-04-14T09:27:36,964|[DEBUG] AttributeConverterSqlTypeDescriptorAdapter - Converted value on extraction: - -> Negative
2021-04-14T09:27:36,964|[DEBUG] SQL - 
    /* delete entity.BloodDonation */ delete 
        from
            simplebloodbank.blood_donation 
        where
            donation_id=?
2021-04-14T09:27:36,964|[TRACE] BasicBinder - binding parameter [1] as [INTEGER] - [3]
2021-04-14T09:27:36,964|[DEBUG] EMFactory - getting EntityManagerFactory
2021-04-14T09:27:36,964|[DEBUG] EMFactory - initializeing EntityManagerFactory
2021-04-14T09:27:36,964|[DEBUG] SQL - 
    select
        bloodbank0_.bank_id as bank_id1_1_0_,
        bloodbank0_.employee_count as employee2_1_0_,
        bloodbank0_.established as establis3_1_0_,
        bloodbank0_.name as name4_1_0_,
        bloodbank0_.owner as owner6_1_0_,
        bloodbank0_.privately_owned as privatel5_1_0_ 
    from
        simplebloodbank.blood_bank bloodbank0_ 
    where
        bloodbank0_.bank_id=?
2021-04-14T09:27:36,964|[TRACE] BasicBinder - binding parameter [1] as [INTEGER] - [23]
2021-04-14T09:27:36,964|[TRACE] BasicExtractor - extracted value ([employee2_1_0_] : [INTEGER]) - [111]
2021-04-14T09:27:36,964|[TRACE] BasicExtractor - extracted value ([establis3_1_0_] : [TIMESTAMP]) - [1111-11-11 11:11:11.0]
2021-04-14T09:27:36,964|[TRACE] BasicExtractor - extracted value ([name4_1_0_] : [VARCHAR]) - [JUNIT]
2021-04-14T09:27:36,964|[TRACE] BasicExtractor - extracted value ([owner6_1_0_] : [INTEGER]) - [null]
2021-04-14T09:27:36,964|[TRACE] BasicExtractor - extracted value ([privatel5_1_0_] : [BOOLEAN]) - [true]
2021-04-14T09:27:36,971|[DEBUG] SQL - 
    /* delete entity.BloodBank */ delete 
        from
            simplebloodbank.blood_bank 
        where
            bank_id=?
2021-04-14T09:27:36,971|[TRACE] BasicBinder - binding parameter [1] as [INTEGER] - [23]
]]></system-out>
    <system-err><![CDATA[Apr. 14, 2021 9:27:36 A.M. dal.GenericDAL lambda$setParameters$0
INFO: setParameters: bloodGroup=AB
]]></system-err>
  </testcase>
  <testcase name="testCreateEntityNullAndEmptyValues" classname="logic.BloodDonationTest" time="0.015">
    <system-out><![CDATA[2021-04-14T09:27:36,971|[DEBUG] EMFactory - getting EntityManagerFactory
2021-04-14T09:27:36,971|[DEBUG] EMFactory - initializeing EntityManagerFactory
2021-04-14T09:27:36,971|[DEBUG] SQL - 
    select
        bloodbank0_.bank_id as bank_id1_1_0_,
        bloodbank0_.employee_count as employee2_1_0_,
        bloodbank0_.established as establis3_1_0_,
        bloodbank0_.name as name4_1_0_,
        bloodbank0_.owner as owner6_1_0_,
        bloodbank0_.privately_owned as privatel5_1_0_ 
    from
        simplebloodbank.blood_bank bloodbank0_ 
    where
        bloodbank0_.bank_id=?
2021-04-14T09:27:36,971|[TRACE] BasicBinder - binding parameter [1] as [INTEGER] - [1]
2021-04-14T09:27:36,971|[DEBUG] SQL - 
    /* insert entity.BloodBank
        */ insert 
        into
            simplebloodbank.blood_bank
            (employee_count, established, name, owner, privately_owned) 
        values
            (?, ?, ?, ?, ?)
2021-04-14T09:27:36,971|[TRACE] BasicBinder - binding parameter [1] as [INTEGER] - [111]
2021-04-14T09:27:36,971|[TRACE] BasicBinder - binding parameter [2] as [TIMESTAMP] - [Sat Nov 11 11:11:11 EST 1111]
2021-04-14T09:27:36,971|[TRACE] BasicBinder - binding parameter [3] as [VARCHAR] - [JUNIT]
2021-04-14T09:27:36,971|[TRACE] BasicBinder - binding parameter [4] as [INTEGER] - [null]
2021-04-14T09:27:36,971|[TRACE] BasicBinder - binding parameter [5] as [BOOLEAN] - [true]
2021-04-14T09:27:36,971|[DEBUG] SQL - 
    /* insert entity.BloodDonation
        */ insert 
        into
            simplebloodbank.blood_donation
            (bank_id, blood_group, created, milliliters, rhd) 
        values
            (?, ?, ?, ?, ?)
2021-04-14T09:27:36,971|[TRACE] BasicBinder - binding parameter [1] as [INTEGER] - [24]
2021-04-14T09:27:36,971|[TRACE] BasicBinder - binding parameter [2] as [VARCHAR] - [AB]
2021-04-14T09:27:36,971|[TRACE] BasicBinder - binding parameter [3] as [TIMESTAMP] - [Sat Nov 11 11:11:11 EST 1111]
2021-04-14T09:27:36,971|[TRACE] BasicBinder - binding parameter [4] as [INTEGER] - [100]
2021-04-14T09:27:36,971|[DEBUG] AttributeConverterSqlTypeDescriptorAdapter - Converted value on binding : Negative -> -
2021-04-14T09:27:36,971|[TRACE] BasicBinder - binding parameter [5] as [VARCHAR] - [-]
2021-04-14T09:27:36,971|[DEBUG] EMFactory - getting EntityManagerFactory
2021-04-14T09:27:36,971|[DEBUG] EMFactory - initializeing EntityManagerFactory
2021-04-14T09:27:36,971|[DEBUG] SQL - 
    /* load entity.BloodDonation */ select
        blooddonat0_.donation_id as donation1_2_0_,
        blooddonat0_.bank_id as bank_id6_2_0_,
        blooddonat0_.blood_group as blood_gr2_2_0_,
        blooddonat0_.created as created3_2_0_,
        blooddonat0_.milliliters as millilit4_2_0_,
        blooddonat0_.rhd as rhd5_2_0_ 
    from
        simplebloodbank.blood_donation blooddonat0_ 
    where
        blooddonat0_.donation_id=?
2021-04-14T09:27:36,971|[TRACE] BasicBinder - binding parameter [1] as [INTEGER] - [4]
2021-04-14T09:27:36,971|[TRACE] BasicExtractor - extracted value ([bank_id6_2_0_] : [INTEGER]) - [24]
2021-04-14T09:27:36,971|[TRACE] BasicExtractor - extracted value ([blood_gr2_2_0_] : [VARCHAR]) - [AB]
2021-04-14T09:27:36,971|[TRACE] BasicExtractor - extracted value ([created3_2_0_] : [TIMESTAMP]) - [1111-11-11 11:11:11.0]
2021-04-14T09:27:36,971|[TRACE] BasicExtractor - extracted value ([millilit4_2_0_] : [INTEGER]) - [100]
2021-04-14T09:27:36,971|[TRACE] BasicExtractor - extracted value ([rhd5_2_0_] : [VARCHAR]) - [-]
2021-04-14T09:27:36,971|[DEBUG] AttributeConverterSqlTypeDescriptorAdapter - Converted value on extraction: - -> Negative
2021-04-14T09:27:36,971|[DEBUG] SQL - 
    /* delete entity.BloodDonation */ delete 
        from
            simplebloodbank.blood_donation 
        where
            donation_id=?
2021-04-14T09:27:36,971|[TRACE] BasicBinder - binding parameter [1] as [INTEGER] - [4]
2021-04-14T09:27:36,986|[DEBUG] EMFactory - getting EntityManagerFactory
2021-04-14T09:27:36,986|[DEBUG] EMFactory - initializeing EntityManagerFactory
2021-04-14T09:27:36,986|[DEBUG] SQL - 
    select
        bloodbank0_.bank_id as bank_id1_1_0_,
        bloodbank0_.employee_count as employee2_1_0_,
        bloodbank0_.established as establis3_1_0_,
        bloodbank0_.name as name4_1_0_,
        bloodbank0_.owner as owner6_1_0_,
        bloodbank0_.privately_owned as privatel5_1_0_ 
    from
        simplebloodbank.blood_bank bloodbank0_ 
    where
        bloodbank0_.bank_id=?
2021-04-14T09:27:36,986|[TRACE] BasicBinder - binding parameter [1] as [INTEGER] - [24]
2021-04-14T09:27:36,986|[TRACE] BasicExtractor - extracted value ([employee2_1_0_] : [INTEGER]) - [111]
2021-04-14T09:27:36,986|[TRACE] BasicExtractor - extracted value ([establis3_1_0_] : [TIMESTAMP]) - [1111-11-11 11:11:11.0]
2021-04-14T09:27:36,986|[TRACE] BasicExtractor - extracted value ([name4_1_0_] : [VARCHAR]) - [JUNIT]
2021-04-14T09:27:36,986|[TRACE] BasicExtractor - extracted value ([owner6_1_0_] : [INTEGER]) - [null]
2021-04-14T09:27:36,986|[TRACE] BasicExtractor - extracted value ([privatel5_1_0_] : [BOOLEAN]) - [true]
2021-04-14T09:27:36,986|[DEBUG] SQL - 
    /* delete entity.BloodBank */ delete 
        from
            simplebloodbank.blood_bank 
        where
            bank_id=?
2021-04-14T09:27:36,986|[TRACE] BasicBinder - binding parameter [1] as [INTEGER] - [24]
]]></system-out>
  </testcase>
  <testcase name="testExtractDataAsList" classname="logic.BloodDonationTest" time="0.016">
    <system-out><![CDATA[2021-04-14T09:27:36,986|[DEBUG] EMFactory - getting EntityManagerFactory
2021-04-14T09:27:36,986|[DEBUG] EMFactory - initializeing EntityManagerFactory
2021-04-14T09:27:36,986|[DEBUG] SQL - 
    select
        bloodbank0_.bank_id as bank_id1_1_0_,
        bloodbank0_.employee_count as employee2_1_0_,
        bloodbank0_.established as establis3_1_0_,
        bloodbank0_.name as name4_1_0_,
        bloodbank0_.owner as owner6_1_0_,
        bloodbank0_.privately_owned as privatel5_1_0_ 
    from
        simplebloodbank.blood_bank bloodbank0_ 
    where
        bloodbank0_.bank_id=?
2021-04-14T09:27:36,986|[TRACE] BasicBinder - binding parameter [1] as [INTEGER] - [1]
2021-04-14T09:27:36,986|[DEBUG] SQL - 
    /* insert entity.BloodBank
        */ insert 
        into
            simplebloodbank.blood_bank
            (employee_count, established, name, owner, privately_owned) 
        values
            (?, ?, ?, ?, ?)
2021-04-14T09:27:36,986|[TRACE] BasicBinder - binding parameter [1] as [INTEGER] - [111]
2021-04-14T09:27:36,986|[TRACE] BasicBinder - binding parameter [2] as [TIMESTAMP] - [Sat Nov 11 11:11:11 EST 1111]
2021-04-14T09:27:36,986|[TRACE] BasicBinder - binding parameter [3] as [VARCHAR] - [JUNIT]
2021-04-14T09:27:36,986|[TRACE] BasicBinder - binding parameter [4] as [INTEGER] - [null]
2021-04-14T09:27:36,986|[TRACE] BasicBinder - binding parameter [5] as [BOOLEAN] - [true]
2021-04-14T09:27:36,986|[DEBUG] SQL - 
    /* insert entity.BloodDonation
        */ insert 
        into
            simplebloodbank.blood_donation
            (bank_id, blood_group, created, milliliters, rhd) 
        values
            (?, ?, ?, ?, ?)
2021-04-14T09:27:36,986|[TRACE] BasicBinder - binding parameter [1] as [INTEGER] - [25]
2021-04-14T09:27:36,986|[TRACE] BasicBinder - binding parameter [2] as [VARCHAR] - [AB]
2021-04-14T09:27:36,986|[TRACE] BasicBinder - binding parameter [3] as [TIMESTAMP] - [Sat Nov 11 11:11:11 EST 1111]
2021-04-14T09:27:36,986|[TRACE] BasicBinder - binding parameter [4] as [INTEGER] - [100]
2021-04-14T09:27:36,986|[DEBUG] AttributeConverterSqlTypeDescriptorAdapter - Converted value on binding : Negative -> -
2021-04-14T09:27:36,986|[TRACE] BasicBinder - binding parameter [5] as [VARCHAR] - [-]
2021-04-14T09:27:36,986|[DEBUG] EMFactory - getting EntityManagerFactory
2021-04-14T09:27:36,986|[DEBUG] EMFactory - initializeing EntityManagerFactory
2021-04-14T09:27:36,986|[DEBUG] SQL - 
    /* load entity.BloodDonation */ select
        blooddonat0_.donation_id as donation1_2_0_,
        blooddonat0_.bank_id as bank_id6_2_0_,
        blooddonat0_.blood_group as blood_gr2_2_0_,
        blooddonat0_.created as created3_2_0_,
        blooddonat0_.milliliters as millilit4_2_0_,
        blooddonat0_.rhd as rhd5_2_0_ 
    from
        simplebloodbank.blood_donation blooddonat0_ 
    where
        blooddonat0_.donation_id=?
2021-04-14T09:27:36,986|[TRACE] BasicBinder - binding parameter [1] as [INTEGER] - [5]
2021-04-14T09:27:37,002|[TRACE] BasicExtractor - extracted value ([bank_id6_2_0_] : [INTEGER]) - [25]
2021-04-14T09:27:37,002|[TRACE] BasicExtractor - extracted value ([blood_gr2_2_0_] : [VARCHAR]) - [AB]
2021-04-14T09:27:37,002|[TRACE] BasicExtractor - extracted value ([created3_2_0_] : [TIMESTAMP]) - [1111-11-11 11:11:11.0]
2021-04-14T09:27:37,002|[TRACE] BasicExtractor - extracted value ([millilit4_2_0_] : [INTEGER]) - [100]
2021-04-14T09:27:37,002|[TRACE] BasicExtractor - extracted value ([rhd5_2_0_] : [VARCHAR]) - [-]
2021-04-14T09:27:37,002|[DEBUG] AttributeConverterSqlTypeDescriptorAdapter - Converted value on extraction: - -> Negative
2021-04-14T09:27:37,002|[DEBUG] SQL - 
    /* delete entity.BloodDonation */ delete 
        from
            simplebloodbank.blood_donation 
        where
            donation_id=?
2021-04-14T09:27:37,002|[TRACE] BasicBinder - binding parameter [1] as [INTEGER] - [5]
2021-04-14T09:27:37,002|[DEBUG] EMFactory - getting EntityManagerFactory
2021-04-14T09:27:37,002|[DEBUG] EMFactory - initializeing EntityManagerFactory
2021-04-14T09:27:37,002|[DEBUG] SQL - 
    select
        bloodbank0_.bank_id as bank_id1_1_0_,
        bloodbank0_.employee_count as employee2_1_0_,
        bloodbank0_.established as establis3_1_0_,
        bloodbank0_.name as name4_1_0_,
        bloodbank0_.owner as owner6_1_0_,
        bloodbank0_.privately_owned as privatel5_1_0_ 
    from
        simplebloodbank.blood_bank bloodbank0_ 
    where
        bloodbank0_.bank_id=?
2021-04-14T09:27:37,002|[TRACE] BasicBinder - binding parameter [1] as [INTEGER] - [25]
2021-04-14T09:27:37,002|[TRACE] BasicExtractor - extracted value ([employee2_1_0_] : [INTEGER]) - [111]
2021-04-14T09:27:37,002|[TRACE] BasicExtractor - extracted value ([establis3_1_0_] : [TIMESTAMP]) - [1111-11-11 11:11:11.0]
2021-04-14T09:27:37,002|[TRACE] BasicExtractor - extracted value ([name4_1_0_] : [VARCHAR]) - [JUNIT]
2021-04-14T09:27:37,002|[TRACE] BasicExtractor - extracted value ([owner6_1_0_] : [INTEGER]) - [null]
2021-04-14T09:27:37,002|[TRACE] BasicExtractor - extracted value ([privatel5_1_0_] : [BOOLEAN]) - [true]
2021-04-14T09:27:37,002|[DEBUG] SQL - 
    /* delete entity.BloodBank */ delete 
        from
            simplebloodbank.blood_bank 
        where
            bank_id=?
2021-04-14T09:27:37,002|[TRACE] BasicBinder - binding parameter [1] as [INTEGER] - [25]
]]></system-out>
  </testcase>
  <testcase name="testCreateEntityBadRhesusFactorValue" classname="logic.BloodDonationTest" time="0.016">
    <system-out><![CDATA[2021-04-14T09:27:37,002|[DEBUG] EMFactory - getting EntityManagerFactory
2021-04-14T09:27:37,002|[DEBUG] EMFactory - initializeing EntityManagerFactory
2021-04-14T09:27:37,002|[DEBUG] SQL - 
    select
        bloodbank0_.bank_id as bank_id1_1_0_,
        bloodbank0_.employee_count as employee2_1_0_,
        bloodbank0_.established as establis3_1_0_,
        bloodbank0_.name as name4_1_0_,
        bloodbank0_.owner as owner6_1_0_,
        bloodbank0_.privately_owned as privatel5_1_0_ 
    from
        simplebloodbank.blood_bank bloodbank0_ 
    where
        bloodbank0_.bank_id=?
2021-04-14T09:27:37,002|[TRACE] BasicBinder - binding parameter [1] as [INTEGER] - [1]
2021-04-14T09:27:37,002|[DEBUG] SQL - 
    /* insert entity.BloodBank
        */ insert 
        into
            simplebloodbank.blood_bank
            (employee_count, established, name, owner, privately_owned) 
        values
            (?, ?, ?, ?, ?)
2021-04-14T09:27:37,002|[TRACE] BasicBinder - binding parameter [1] as [INTEGER] - [111]
2021-04-14T09:27:37,002|[TRACE] BasicBinder - binding parameter [2] as [TIMESTAMP] - [Sat Nov 11 11:11:11 EST 1111]
2021-04-14T09:27:37,002|[TRACE] BasicBinder - binding parameter [3] as [VARCHAR] - [JUNIT]
2021-04-14T09:27:37,002|[TRACE] BasicBinder - binding parameter [4] as [INTEGER] - [null]
2021-04-14T09:27:37,002|[TRACE] BasicBinder - binding parameter [5] as [BOOLEAN] - [true]
2021-04-14T09:27:37,002|[DEBUG] SQL - 
    /* insert entity.BloodDonation
        */ insert 
        into
            simplebloodbank.blood_donation
            (bank_id, blood_group, created, milliliters, rhd) 
        values
            (?, ?, ?, ?, ?)
2021-04-14T09:27:37,002|[TRACE] BasicBinder - binding parameter [1] as [INTEGER] - [26]
2021-04-14T09:27:37,002|[TRACE] BasicBinder - binding parameter [2] as [VARCHAR] - [AB]
2021-04-14T09:27:37,002|[TRACE] BasicBinder - binding parameter [3] as [TIMESTAMP] - [Sat Nov 11 11:11:11 EST 1111]
2021-04-14T09:27:37,002|[TRACE] BasicBinder - binding parameter [4] as [INTEGER] - [100]
2021-04-14T09:27:37,002|[DEBUG] AttributeConverterSqlTypeDescriptorAdapter - Converted value on binding : Negative -> -
2021-04-14T09:27:37,002|[TRACE] BasicBinder - binding parameter [5] as [VARCHAR] - [-]
2021-04-14T09:27:37,018|[DEBUG] EMFactory - getting EntityManagerFactory
2021-04-14T09:27:37,018|[DEBUG] EMFactory - initializeing EntityManagerFactory
2021-04-14T09:27:37,018|[DEBUG] SQL - 
    /* load entity.BloodDonation */ select
        blooddonat0_.donation_id as donation1_2_0_,
        blooddonat0_.bank_id as bank_id6_2_0_,
        blooddonat0_.blood_group as blood_gr2_2_0_,
        blooddonat0_.created as created3_2_0_,
        blooddonat0_.milliliters as millilit4_2_0_,
        blooddonat0_.rhd as rhd5_2_0_ 
    from
        simplebloodbank.blood_donation blooddonat0_ 
    where
        blooddonat0_.donation_id=?
2021-04-14T09:27:37,018|[TRACE] BasicBinder - binding parameter [1] as [INTEGER] - [6]
2021-04-14T09:27:37,018|[TRACE] BasicExtractor - extracted value ([bank_id6_2_0_] : [INTEGER]) - [26]
2021-04-14T09:27:37,018|[TRACE] BasicExtractor - extracted value ([blood_gr2_2_0_] : [VARCHAR]) - [AB]
2021-04-14T09:27:37,018|[TRACE] BasicExtractor - extracted value ([created3_2_0_] : [TIMESTAMP]) - [1111-11-11 11:11:11.0]
2021-04-14T09:27:37,018|[TRACE] BasicExtractor - extracted value ([millilit4_2_0_] : [INTEGER]) - [100]
2021-04-14T09:27:37,018|[TRACE] BasicExtractor - extracted value ([rhd5_2_0_] : [VARCHAR]) - [-]
2021-04-14T09:27:37,018|[DEBUG] AttributeConverterSqlTypeDescriptorAdapter - Converted value on extraction: - -> Negative
2021-04-14T09:27:37,018|[DEBUG] SQL - 
    /* delete entity.BloodDonation */ delete 
        from
            simplebloodbank.blood_donation 
        where
            donation_id=?
2021-04-14T09:27:37,018|[TRACE] BasicBinder - binding parameter [1] as [INTEGER] - [6]
2021-04-14T09:27:37,018|[DEBUG] EMFactory - getting EntityManagerFactory
2021-04-14T09:27:37,018|[DEBUG] EMFactory - initializeing EntityManagerFactory
2021-04-14T09:27:37,018|[DEBUG] SQL - 
    select
        bloodbank0_.bank_id as bank_id1_1_0_,
        bloodbank0_.employee_count as employee2_1_0_,
        bloodbank0_.established as establis3_1_0_,
        bloodbank0_.name as name4_1_0_,
        bloodbank0_.owner as owner6_1_0_,
        bloodbank0_.privately_owned as privatel5_1_0_ 
    from
        simplebloodbank.blood_bank bloodbank0_ 
    where
        bloodbank0_.bank_id=?
2021-04-14T09:27:37,018|[TRACE] BasicBinder - binding parameter [1] as [INTEGER] - [26]
2021-04-14T09:27:37,018|[TRACE] BasicExtractor - extracted value ([employee2_1_0_] : [INTEGER]) - [111]
2021-04-14T09:27:37,018|[TRACE] BasicExtractor - extracted value ([establis3_1_0_] : [TIMESTAMP]) - [1111-11-11 11:11:11.0]
2021-04-14T09:27:37,018|[TRACE] BasicExtractor - extracted value ([name4_1_0_] : [VARCHAR]) - [JUNIT]
2021-04-14T09:27:37,018|[TRACE] BasicExtractor - extracted value ([owner6_1_0_] : [INTEGER]) - [null]
2021-04-14T09:27:37,018|[TRACE] BasicExtractor - extracted value ([privatel5_1_0_] : [BOOLEAN]) - [true]
2021-04-14T09:27:37,018|[DEBUG] SQL - 
    /* delete entity.BloodBank */ delete 
        from
            simplebloodbank.blood_bank 
        where
            bank_id=?
2021-04-14T09:27:37,018|[TRACE] BasicBinder - binding parameter [1] as [INTEGER] - [26]
]]></system-out>
  </testcase>
  <testcase name="testCreateEntityBadBloodGroupValue" classname="logic.BloodDonationTest" time="0.015">
    <system-out><![CDATA[2021-04-14T09:27:37,018|[DEBUG] EMFactory - getting EntityManagerFactory
2021-04-14T09:27:37,018|[DEBUG] EMFactory - initializeing EntityManagerFactory
2021-04-14T09:27:37,018|[DEBUG] SQL - 
    select
        bloodbank0_.bank_id as bank_id1_1_0_,
        bloodbank0_.employee_count as employee2_1_0_,
        bloodbank0_.established as establis3_1_0_,
        bloodbank0_.name as name4_1_0_,
        bloodbank0_.owner as owner6_1_0_,
        bloodbank0_.privately_owned as privatel5_1_0_ 
    from
        simplebloodbank.blood_bank bloodbank0_ 
    where
        bloodbank0_.bank_id=?
2021-04-14T09:27:37,018|[TRACE] BasicBinder - binding parameter [1] as [INTEGER] - [1]
2021-04-14T09:27:37,018|[DEBUG] SQL - 
    /* insert entity.BloodBank
        */ insert 
        into
            simplebloodbank.blood_bank
            (employee_count, established, name, owner, privately_owned) 
        values
            (?, ?, ?, ?, ?)
2021-04-14T09:27:37,018|[TRACE] BasicBinder - binding parameter [1] as [INTEGER] - [111]
2021-04-14T09:27:37,018|[TRACE] BasicBinder - binding parameter [2] as [TIMESTAMP] - [Sat Nov 11 11:11:11 EST 1111]
2021-04-14T09:27:37,018|[TRACE] BasicBinder - binding parameter [3] as [VARCHAR] - [JUNIT]
2021-04-14T09:27:37,018|[TRACE] BasicBinder - binding parameter [4] as [INTEGER] - [null]
2021-04-14T09:27:37,018|[TRACE] BasicBinder - binding parameter [5] as [BOOLEAN] - [true]
2021-04-14T09:27:37,018|[DEBUG] SQL - 
    /* insert entity.BloodDonation
        */ insert 
        into
            simplebloodbank.blood_donation
            (bank_id, blood_group, created, milliliters, rhd) 
        values
            (?, ?, ?, ?, ?)
2021-04-14T09:27:37,018|[TRACE] BasicBinder - binding parameter [1] as [INTEGER] - [27]
2021-04-14T09:27:37,018|[TRACE] BasicBinder - binding parameter [2] as [VARCHAR] - [AB]
2021-04-14T09:27:37,018|[TRACE] BasicBinder - binding parameter [3] as [TIMESTAMP] - [Sat Nov 11 11:11:11 EST 1111]
2021-04-14T09:27:37,018|[TRACE] BasicBinder - binding parameter [4] as [INTEGER] - [100]
2021-04-14T09:27:37,018|[DEBUG] AttributeConverterSqlTypeDescriptorAdapter - Converted value on binding : Negative -> -
2021-04-14T09:27:37,018|[TRACE] BasicBinder - binding parameter [5] as [VARCHAR] - [-]
2021-04-14T09:27:37,033|[DEBUG] EMFactory - getting EntityManagerFactory
2021-04-14T09:27:37,033|[DEBUG] EMFactory - initializeing EntityManagerFactory
2021-04-14T09:27:37,033|[DEBUG] SQL - 
    /* load entity.BloodDonation */ select
        blooddonat0_.donation_id as donation1_2_0_,
        blooddonat0_.bank_id as bank_id6_2_0_,
        blooddonat0_.blood_group as blood_gr2_2_0_,
        blooddonat0_.created as created3_2_0_,
        blooddonat0_.milliliters as millilit4_2_0_,
        blooddonat0_.rhd as rhd5_2_0_ 
    from
        simplebloodbank.blood_donation blooddonat0_ 
    where
        blooddonat0_.donation_id=?
2021-04-14T09:27:37,033|[TRACE] BasicBinder - binding parameter [1] as [INTEGER] - [7]
2021-04-14T09:27:37,033|[TRACE] BasicExtractor - extracted value ([bank_id6_2_0_] : [INTEGER]) - [27]
2021-04-14T09:27:37,033|[TRACE] BasicExtractor - extracted value ([blood_gr2_2_0_] : [VARCHAR]) - [AB]
2021-04-14T09:27:37,033|[TRACE] BasicExtractor - extracted value ([created3_2_0_] : [TIMESTAMP]) - [1111-11-11 11:11:11.0]
2021-04-14T09:27:37,033|[TRACE] BasicExtractor - extracted value ([millilit4_2_0_] : [INTEGER]) - [100]
2021-04-14T09:27:37,033|[TRACE] BasicExtractor - extracted value ([rhd5_2_0_] : [VARCHAR]) - [-]
2021-04-14T09:27:37,033|[DEBUG] AttributeConverterSqlTypeDescriptorAdapter - Converted value on extraction: - -> Negative
2021-04-14T09:27:37,033|[DEBUG] SQL - 
    /* delete entity.BloodDonation */ delete 
        from
            simplebloodbank.blood_donation 
        where
            donation_id=?
2021-04-14T09:27:37,033|[TRACE] BasicBinder - binding parameter [1] as [INTEGER] - [7]
2021-04-14T09:27:37,033|[DEBUG] EMFactory - getting EntityManagerFactory
2021-04-14T09:27:37,033|[DEBUG] EMFactory - initializeing EntityManagerFactory
2021-04-14T09:27:37,033|[DEBUG] SQL - 
    select
        bloodbank0_.bank_id as bank_id1_1_0_,
        bloodbank0_.employee_count as employee2_1_0_,
        bloodbank0_.established as establis3_1_0_,
        bloodbank0_.name as name4_1_0_,
        bloodbank0_.owner as owner6_1_0_,
        bloodbank0_.privately_owned as privatel5_1_0_ 
    from
        simplebloodbank.blood_bank bloodbank0_ 
    where
        bloodbank0_.bank_id=?
2021-04-14T09:27:37,033|[TRACE] BasicBinder - binding parameter [1] as [INTEGER] - [27]
2021-04-14T09:27:37,033|[TRACE] BasicExtractor - extracted value ([employee2_1_0_] : [INTEGER]) - [111]
2021-04-14T09:27:37,033|[TRACE] BasicExtractor - extracted value ([establis3_1_0_] : [TIMESTAMP]) - [1111-11-11 11:11:11.0]
2021-04-14T09:27:37,033|[TRACE] BasicExtractor - extracted value ([name4_1_0_] : [VARCHAR]) - [JUNIT]
2021-04-14T09:27:37,033|[TRACE] BasicExtractor - extracted value ([owner6_1_0_] : [INTEGER]) - [null]
2021-04-14T09:27:37,033|[TRACE] BasicExtractor - extracted value ([privatel5_1_0_] : [BOOLEAN]) - [true]
2021-04-14T09:27:37,033|[DEBUG] SQL - 
    /* delete entity.BloodBank */ delete 
        from
            simplebloodbank.blood_bank 
        where
            bank_id=?
2021-04-14T09:27:37,033|[TRACE] BasicBinder - binding parameter [1] as [INTEGER] - [27]
]]></system-out>
  </testcase>
  <testcase name="testCreateEntityBadCreatedValue" classname="logic.BloodDonationTest" time="0.031">
    <system-out><![CDATA[2021-04-14T09:27:37,033|[DEBUG] EMFactory - getting EntityManagerFactory
2021-04-14T09:27:37,033|[DEBUG] EMFactory - initializeing EntityManagerFactory
2021-04-14T09:27:37,049|[DEBUG] SQL - 
    select
        bloodbank0_.bank_id as bank_id1_1_0_,
        bloodbank0_.employee_count as employee2_1_0_,
        bloodbank0_.established as establis3_1_0_,
        bloodbank0_.name as name4_1_0_,
        bloodbank0_.owner as owner6_1_0_,
        bloodbank0_.privately_owned as privatel5_1_0_ 
    from
        simplebloodbank.blood_bank bloodbank0_ 
    where
        bloodbank0_.bank_id=?
2021-04-14T09:27:37,049|[TRACE] BasicBinder - binding parameter [1] as [INTEGER] - [1]
2021-04-14T09:27:37,049|[DEBUG] SQL - 
    /* insert entity.BloodBank
        */ insert 
        into
            simplebloodbank.blood_bank
            (employee_count, established, name, owner, privately_owned) 
        values
            (?, ?, ?, ?, ?)
2021-04-14T09:27:37,049|[TRACE] BasicBinder - binding parameter [1] as [INTEGER] - [111]
2021-04-14T09:27:37,049|[TRACE] BasicBinder - binding parameter [2] as [TIMESTAMP] - [Sat Nov 11 11:11:11 EST 1111]
2021-04-14T09:27:37,049|[TRACE] BasicBinder - binding parameter [3] as [VARCHAR] - [JUNIT]
2021-04-14T09:27:37,049|[TRACE] BasicBinder - binding parameter [4] as [INTEGER] - [null]
2021-04-14T09:27:37,049|[TRACE] BasicBinder - binding parameter [5] as [BOOLEAN] - [true]
2021-04-14T09:27:37,049|[DEBUG] SQL - 
    /* insert entity.BloodDonation
        */ insert 
        into
            simplebloodbank.blood_donation
            (bank_id, blood_group, created, milliliters, rhd) 
        values
            (?, ?, ?, ?, ?)
2021-04-14T09:27:37,049|[TRACE] BasicBinder - binding parameter [1] as [INTEGER] - [28]
2021-04-14T09:27:37,049|[TRACE] BasicBinder - binding parameter [2] as [VARCHAR] - [AB]
2021-04-14T09:27:37,049|[TRACE] BasicBinder - binding parameter [3] as [TIMESTAMP] - [Sat Nov 11 11:11:11 EST 1111]
2021-04-14T09:27:37,049|[TRACE] BasicBinder - binding parameter [4] as [INTEGER] - [100]
2021-04-14T09:27:37,049|[DEBUG] AttributeConverterSqlTypeDescriptorAdapter - Converted value on binding : Negative -> -
2021-04-14T09:27:37,049|[TRACE] BasicBinder - binding parameter [5] as [VARCHAR] - [-]
2021-04-14T09:27:37,049|[DEBUG] EMFactory - getting EntityManagerFactory
2021-04-14T09:27:37,049|[DEBUG] EMFactory - initializeing EntityManagerFactory
2021-04-14T09:27:37,049|[DEBUG] SQL - 
    /* load entity.BloodDonation */ select
        blooddonat0_.donation_id as donation1_2_0_,
        blooddonat0_.bank_id as bank_id6_2_0_,
        blooddonat0_.blood_group as blood_gr2_2_0_,
        blooddonat0_.created as created3_2_0_,
        blooddonat0_.milliliters as millilit4_2_0_,
        blooddonat0_.rhd as rhd5_2_0_ 
    from
        simplebloodbank.blood_donation blooddonat0_ 
    where
        blooddonat0_.donation_id=?
2021-04-14T09:27:37,049|[TRACE] BasicBinder - binding parameter [1] as [INTEGER] - [8]
2021-04-14T09:27:37,049|[TRACE] BasicExtractor - extracted value ([bank_id6_2_0_] : [INTEGER]) - [28]
2021-04-14T09:27:37,049|[TRACE] BasicExtractor - extracted value ([blood_gr2_2_0_] : [VARCHAR]) - [AB]
2021-04-14T09:27:37,049|[TRACE] BasicExtractor - extracted value ([created3_2_0_] : [TIMESTAMP]) - [1111-11-11 11:11:11.0]
2021-04-14T09:27:37,049|[TRACE] BasicExtractor - extracted value ([millilit4_2_0_] : [INTEGER]) - [100]
2021-04-14T09:27:37,049|[TRACE] BasicExtractor - extracted value ([rhd5_2_0_] : [VARCHAR]) - [-]
2021-04-14T09:27:37,049|[DEBUG] AttributeConverterSqlTypeDescriptorAdapter - Converted value on extraction: - -> Negative
2021-04-14T09:27:37,049|[DEBUG] SQL - 
    /* delete entity.BloodDonation */ delete 
        from
            simplebloodbank.blood_donation 
        where
            donation_id=?
2021-04-14T09:27:37,049|[TRACE] BasicBinder - binding parameter [1] as [INTEGER] - [8]
2021-04-14T09:27:37,049|[DEBUG] EMFactory - getting EntityManagerFactory
2021-04-14T09:27:37,049|[DEBUG] EMFactory - initializeing EntityManagerFactory
2021-04-14T09:27:37,049|[DEBUG] SQL - 
    select
        bloodbank0_.bank_id as bank_id1_1_0_,
        bloodbank0_.employee_count as employee2_1_0_,
        bloodbank0_.established as establis3_1_0_,
        bloodbank0_.name as name4_1_0_,
        bloodbank0_.owner as owner6_1_0_,
        bloodbank0_.privately_owned as privatel5_1_0_ 
    from
        simplebloodbank.blood_bank bloodbank0_ 
    where
        bloodbank0_.bank_id=?
2021-04-14T09:27:37,049|[TRACE] BasicBinder - binding parameter [1] as [INTEGER] - [28]
2021-04-14T09:27:37,049|[TRACE] BasicExtractor - extracted value ([employee2_1_0_] : [INTEGER]) - [111]
2021-04-14T09:27:37,049|[TRACE] BasicExtractor - extracted value ([establis3_1_0_] : [TIMESTAMP]) - [1111-11-11 11:11:11.0]
2021-04-14T09:27:37,049|[TRACE] BasicExtractor - extracted value ([name4_1_0_] : [VARCHAR]) - [JUNIT]
2021-04-14T09:27:37,049|[TRACE] BasicExtractor - extracted value ([owner6_1_0_] : [INTEGER]) - [null]
2021-04-14T09:27:37,049|[TRACE] BasicExtractor - extracted value ([privatel5_1_0_] : [BOOLEAN]) - [true]
2021-04-14T09:27:37,049|[DEBUG] SQL - 
    /* delete entity.BloodBank */ delete 
        from
            simplebloodbank.blood_bank 
        where
            bank_id=?
2021-04-14T09:27:37,049|[TRACE] BasicBinder - binding parameter [1] as [INTEGER] - [28]
]]></system-out>
    <system-err><![CDATA[Apr. 14, 2021 9:27:37 A.M. logic.GenericLogic convertStringToDate
SEVERE: null
java.text.ParseException: Unparseable date: ""
	at java.base/java.text.DateFormat.parse(DateFormat.java:395)
	at logic.GenericLogic.convertStringToDate(GenericLogic.java:91)
	at logic.BloodDonationLogic.convertStringToDate(BloodDonationLogic.java:22)
	at logic.BloodDonationLogic.createEntity(BloodDonationLogic.java:97)
	at logic.BloodDonationTest.testCreateEntityBadCreatedValue(BloodDonationTest.java:364)
	at java.base/jdk.internal.reflect.NativeMethodAccessorImpl.invoke0(Native Method)
	at java.base/jdk.internal.reflect.NativeMethodAccessorImpl.invoke(NativeMethodAccessorImpl.java:62)
	at java.base/jdk.internal.reflect.DelegatingMethodAccessorImpl.invoke(DelegatingMethodAccessorImpl.java:43)
	at java.base/java.lang.reflect.Method.invoke(Method.java:566)
	at org.junit.platform.commons.util.ReflectionUtils.invokeMethod(ReflectionUtils.java:688)
	at org.junit.jupiter.engine.execution.MethodInvocation.proceed(MethodInvocation.java:60)
	at org.junit.jupiter.engine.execution.InvocationInterceptorChain$ValidatingInvocation.proceed(InvocationInterceptorChain.java:131)
	at org.junit.jupiter.engine.extension.TimeoutExtension.intercept(TimeoutExtension.java:149)
	at org.junit.jupiter.engine.extension.TimeoutExtension.interceptTestableMethod(TimeoutExtension.java:140)
	at org.junit.jupiter.engine.extension.TimeoutExtension.interceptTestMethod(TimeoutExtension.java:84)
	at org.junit.jupiter.engine.execution.ExecutableInvoker$ReflectiveInterceptorCall.lambda$ofVoidMethod$0(ExecutableInvoker.java:115)
	at org.junit.jupiter.engine.execution.ExecutableInvoker.lambda$invoke$0(ExecutableInvoker.java:105)
	at org.junit.jupiter.engine.execution.InvocationInterceptorChain$InterceptedInvocation.proceed(InvocationInterceptorChain.java:106)
	at org.junit.jupiter.engine.execution.InvocationInterceptorChain.proceed(InvocationInterceptorChain.java:64)
	at org.junit.jupiter.engine.execution.InvocationInterceptorChain.chainAndInvoke(InvocationInterceptorChain.java:45)
	at org.junit.jupiter.engine.execution.InvocationInterceptorChain.invoke(InvocationInterceptorChain.java:37)
	at org.junit.jupiter.engine.execution.ExecutableInvoker.invoke(ExecutableInvoker.java:104)
	at org.junit.jupiter.engine.execution.ExecutableInvoker.invoke(ExecutableInvoker.java:98)
	at org.junit.jupiter.engine.descriptor.TestMethodTestDescriptor.lambda$invokeTestMethod$6(TestMethodTestDescriptor.java:210)
	at org.junit.platform.engine.support.hierarchical.ThrowableCollector.execute(ThrowableCollector.java:73)
	at org.junit.jupiter.engine.descriptor.TestMethodTestDescriptor.invokeTestMethod(TestMethodTestDescriptor.java:206)
	at org.junit.jupiter.engine.descriptor.TestMethodTestDescriptor.execute(TestMethodTestDescriptor.java:131)
	at org.junit.jupiter.engine.descriptor.TestMethodTestDescriptor.execute(TestMethodTestDescriptor.java:65)
	at org.junit.platform.engine.support.hierarchical.NodeTestTask.lambda$executeRecursively$5(NodeTestTask.java:139)
	at org.junit.platform.engine.support.hierarchical.ThrowableCollector.execute(ThrowableCollector.java:73)
	at org.junit.platform.engine.support.hierarchical.NodeTestTask.lambda$executeRecursively$7(NodeTestTask.java:129)
	at org.junit.platform.engine.support.hierarchical.Node.around(Node.java:137)
	at org.junit.platform.engine.support.hierarchical.NodeTestTask.lambda$executeRecursively$8(NodeTestTask.java:127)
	at org.junit.platform.engine.support.hierarchical.ThrowableCollector.execute(ThrowableCollector.java:73)
	at org.junit.platform.engine.support.hierarchical.NodeTestTask.executeRecursively(NodeTestTask.java:126)
	at org.junit.platform.engine.support.hierarchical.NodeTestTask.execute(NodeTestTask.java:84)
	at java.base/java.util.ArrayList.forEach(ArrayList.java:1541)
	at org.junit.platform.engine.support.hierarchical.SameThreadHierarchicalTestExecutorService.invokeAll(SameThreadHierarchicalTestExecutorService.java:38)
	at org.junit.platform.engine.support.hierarchical.NodeTestTask.lambda$executeRecursively$5(NodeTestTask.java:143)
	at org.junit.platform.engine.support.hierarchical.ThrowableCollector.execute(ThrowableCollector.java:73)
	at org.junit.platform.engine.support.hierarchical.NodeTestTask.lambda$executeRecursively$7(NodeTestTask.java:129)
	at org.junit.platform.engine.support.hierarchical.Node.around(Node.java:137)
	at org.junit.platform.engine.support.hierarchical.NodeTestTask.lambda$executeRecursively$8(NodeTestTask.java:127)
	at org.junit.platform.engine.support.hierarchical.ThrowableCollector.execute(ThrowableCollector.java:73)
	at org.junit.platform.engine.support.hierarchical.NodeTestTask.executeRecursively(NodeTestTask.java:126)
	at org.junit.platform.engine.support.hierarchical.NodeTestTask.execute(NodeTestTask.java:84)
	at java.base/java.util.ArrayList.forEach(ArrayList.java:1541)
	at org.junit.platform.engine.support.hierarchical.SameThreadHierarchicalTestExecutorService.invokeAll(SameThreadHierarchicalTestExecutorService.java:38)
	at org.junit.platform.engine.support.hierarchical.NodeTestTask.lambda$executeRecursively$5(NodeTestTask.java:143)
	at org.junit.platform.engine.support.hierarchical.ThrowableCollector.execute(ThrowableCollector.java:73)
	at org.junit.platform.engine.support.hierarchical.NodeTestTask.lambda$executeRecursively$7(NodeTestTask.java:129)
	at org.junit.platform.engine.support.hierarchical.Node.around(Node.java:137)
	at org.junit.platform.engine.support.hierarchical.NodeTestTask.lambda$executeRecursively$8(NodeTestTask.java:127)
	at org.junit.platform.engine.support.hierarchical.ThrowableCollector.execute(ThrowableCollector.java:73)
	at org.junit.platform.engine.support.hierarchical.NodeTestTask.executeRecursively(NodeTestTask.java:126)
	at org.junit.platform.engine.support.hierarchical.NodeTestTask.execute(NodeTestTask.java:84)
	at org.junit.platform.engine.support.hierarchical.SameThreadHierarchicalTestExecutorService.submit(SameThreadHierarchicalTestExecutorService.java:32)
	at org.junit.platform.engine.support.hierarchical.HierarchicalTestExecutor.execute(HierarchicalTestExecutor.java:57)
	at org.junit.platform.engine.support.hierarchical.HierarchicalTestEngine.execute(HierarchicalTestEngine.java:51)
	at org.junit.platform.launcher.core.EngineExecutionOrchestrator.execute(EngineExecutionOrchestrator.java:108)
	at org.junit.platform.launcher.core.EngineExecutionOrchestrator.execute(EngineExecutionOrchestrator.java:88)
	at org.junit.platform.launcher.core.EngineExecutionOrchestrator.lambda$execute$0(EngineExecutionOrchestrator.java:54)
	at org.junit.platform.launcher.core.EngineExecutionOrchestrator.withInterceptedStreams(EngineExecutionOrchestrator.java:67)
	at org.junit.platform.launcher.core.EngineExecutionOrchestrator.execute(EngineExecutionOrchestrator.java:52)
	at org.junit.platform.launcher.core.DefaultLauncher.execute(DefaultLauncher.java:96)
	at org.junit.platform.launcher.core.DefaultLauncher.execute(DefaultLauncher.java:75)
	at org.apache.maven.surefire.junitplatform.JUnitPlatformProvider.execute(JUnitPlatformProvider.java:188)
	at org.apache.maven.surefire.junitplatform.JUnitPlatformProvider.invokeAllTests(JUnitPlatformProvider.java:154)
	at org.apache.maven.surefire.junitplatform.JUnitPlatformProvider.invoke(JUnitPlatformProvider.java:128)
	at org.apache.maven.surefire.booter.ForkedBooter.runSuitesInProcess(ForkedBooter.java:428)
	at org.apache.maven.surefire.booter.ForkedBooter.execute(ForkedBooter.java:162)
	at org.apache.maven.surefire.booter.ForkedBooter.run(ForkedBooter.java:562)
	at org.apache.maven.surefire.booter.ForkedBooter.main(ForkedBooter.java:548)

Apr. 14, 2021 9:27:37 A.M. logic.BloodDonationLogic createEntity
SEVERE: null
common.ValidationException: failed to format String="" to a date object
	at logic.GenericLogic.convertStringToDate(GenericLogic.java:94)
	at logic.BloodDonationLogic.convertStringToDate(BloodDonationLogic.java:22)
	at logic.BloodDonationLogic.createEntity(BloodDonationLogic.java:97)
	at logic.BloodDonationTest.testCreateEntityBadCreatedValue(BloodDonationTest.java:364)
	at java.base/jdk.internal.reflect.NativeMethodAccessorImpl.invoke0(Native Method)
	at java.base/jdk.internal.reflect.NativeMethodAccessorImpl.invoke(NativeMethodAccessorImpl.java:62)
	at java.base/jdk.internal.reflect.DelegatingMethodAccessorImpl.invoke(DelegatingMethodAccessorImpl.java:43)
	at java.base/java.lang.reflect.Method.invoke(Method.java:566)
	at org.junit.platform.commons.util.ReflectionUtils.invokeMethod(ReflectionUtils.java:688)
	at org.junit.jupiter.engine.execution.MethodInvocation.proceed(MethodInvocation.java:60)
	at org.junit.jupiter.engine.execution.InvocationInterceptorChain$ValidatingInvocation.proceed(InvocationInterceptorChain.java:131)
	at org.junit.jupiter.engine.extension.TimeoutExtension.intercept(TimeoutExtension.java:149)
	at org.junit.jupiter.engine.extension.TimeoutExtension.interceptTestableMethod(TimeoutExtension.java:140)
	at org.junit.jupiter.engine.extension.TimeoutExtension.interceptTestMethod(TimeoutExtension.java:84)
	at org.junit.jupiter.engine.execution.ExecutableInvoker$ReflectiveInterceptorCall.lambda$ofVoidMethod$0(ExecutableInvoker.java:115)
	at org.junit.jupiter.engine.execution.ExecutableInvoker.lambda$invoke$0(ExecutableInvoker.java:105)
	at org.junit.jupiter.engine.execution.InvocationInterceptorChain$InterceptedInvocation.proceed(InvocationInterceptorChain.java:106)
	at org.junit.jupiter.engine.execution.InvocationInterceptorChain.proceed(InvocationInterceptorChain.java:64)
	at org.junit.jupiter.engine.execution.InvocationInterceptorChain.chainAndInvoke(InvocationInterceptorChain.java:45)
	at org.junit.jupiter.engine.execution.InvocationInterceptorChain.invoke(InvocationInterceptorChain.java:37)
	at org.junit.jupiter.engine.execution.ExecutableInvoker.invoke(ExecutableInvoker.java:104)
	at org.junit.jupiter.engine.execution.ExecutableInvoker.invoke(ExecutableInvoker.java:98)
	at org.junit.jupiter.engine.descriptor.TestMethodTestDescriptor.lambda$invokeTestMethod$6(TestMethodTestDescriptor.java:210)
	at org.junit.platform.engine.support.hierarchical.ThrowableCollector.execute(ThrowableCollector.java:73)
	at org.junit.jupiter.engine.descriptor.TestMethodTestDescriptor.invokeTestMethod(TestMethodTestDescriptor.java:206)
	at org.junit.jupiter.engine.descriptor.TestMethodTestDescriptor.execute(TestMethodTestDescriptor.java:131)
	at org.junit.jupiter.engine.descriptor.TestMethodTestDescriptor.execute(TestMethodTestDescriptor.java:65)
	at org.junit.platform.engine.support.hierarchical.NodeTestTask.lambda$executeRecursively$5(NodeTestTask.java:139)
	at org.junit.platform.engine.support.hierarchical.ThrowableCollector.execute(ThrowableCollector.java:73)
	at org.junit.platform.engine.support.hierarchical.NodeTestTask.lambda$executeRecursively$7(NodeTestTask.java:129)
	at org.junit.platform.engine.support.hierarchical.Node.around(Node.java:137)
	at org.junit.platform.engine.support.hierarchical.NodeTestTask.lambda$executeRecursively$8(NodeTestTask.java:127)
	at org.junit.platform.engine.support.hierarchical.ThrowableCollector.execute(ThrowableCollector.java:73)
	at org.junit.platform.engine.support.hierarchical.NodeTestTask.executeRecursively(NodeTestTask.java:126)
	at org.junit.platform.engine.support.hierarchical.NodeTestTask.execute(NodeTestTask.java:84)
	at java.base/java.util.ArrayList.forEach(ArrayList.java:1541)
	at org.junit.platform.engine.support.hierarchical.SameThreadHierarchicalTestExecutorService.invokeAll(SameThreadHierarchicalTestExecutorService.java:38)
	at org.junit.platform.engine.support.hierarchical.NodeTestTask.lambda$executeRecursively$5(NodeTestTask.java:143)
	at org.junit.platform.engine.support.hierarchical.ThrowableCollector.execute(ThrowableCollector.java:73)
	at org.junit.platform.engine.support.hierarchical.NodeTestTask.lambda$executeRecursively$7(NodeTestTask.java:129)
	at org.junit.platform.engine.support.hierarchical.Node.around(Node.java:137)
	at org.junit.platform.engine.support.hierarchical.NodeTestTask.lambda$executeRecursively$8(NodeTestTask.java:127)
	at org.junit.platform.engine.support.hierarchical.ThrowableCollector.execute(ThrowableCollector.java:73)
	at org.junit.platform.engine.support.hierarchical.NodeTestTask.executeRecursively(NodeTestTask.java:126)
	at org.junit.platform.engine.support.hierarchical.NodeTestTask.execute(NodeTestTask.java:84)
	at java.base/java.util.ArrayList.forEach(ArrayList.java:1541)
	at org.junit.platform.engine.support.hierarchical.SameThreadHierarchicalTestExecutorService.invokeAll(SameThreadHierarchicalTestExecutorService.java:38)
	at org.junit.platform.engine.support.hierarchical.NodeTestTask.lambda$executeRecursively$5(NodeTestTask.java:143)
	at org.junit.platform.engine.support.hierarchical.ThrowableCollector.execute(ThrowableCollector.java:73)
	at org.junit.platform.engine.support.hierarchical.NodeTestTask.lambda$executeRecursively$7(NodeTestTask.java:129)
	at org.junit.platform.engine.support.hierarchical.Node.around(Node.java:137)
	at org.junit.platform.engine.support.hierarchical.NodeTestTask.lambda$executeRecursively$8(NodeTestTask.java:127)
	at org.junit.platform.engine.support.hierarchical.ThrowableCollector.execute(ThrowableCollector.java:73)
	at org.junit.platform.engine.support.hierarchical.NodeTestTask.executeRecursively(NodeTestTask.java:126)
	at org.junit.platform.engine.support.hierarchical.NodeTestTask.execute(NodeTestTask.java:84)
	at org.junit.platform.engine.support.hierarchical.SameThreadHierarchicalTestExecutorService.submit(SameThreadHierarchicalTestExecutorService.java:32)
	at org.junit.platform.engine.support.hierarchical.HierarchicalTestExecutor.execute(HierarchicalTestExecutor.java:57)
	at org.junit.platform.engine.support.hierarchical.HierarchicalTestEngine.execute(HierarchicalTestEngine.java:51)
	at org.junit.platform.launcher.core.EngineExecutionOrchestrator.execute(EngineExecutionOrchestrator.java:108)
	at org.junit.platform.launcher.core.EngineExecutionOrchestrator.execute(EngineExecutionOrchestrator.java:88)
	at org.junit.platform.launcher.core.EngineExecutionOrchestrator.lambda$execute$0(EngineExecutionOrchestrator.java:54)
	at org.junit.platform.launcher.core.EngineExecutionOrchestrator.withInterceptedStreams(EngineExecutionOrchestrator.java:67)
	at org.junit.platform.launcher.core.EngineExecutionOrchestrator.execute(EngineExecutionOrchestrator.java:52)
	at org.junit.platform.launcher.core.DefaultLauncher.execute(DefaultLauncher.java:96)
	at org.junit.platform.launcher.core.DefaultLauncher.execute(DefaultLauncher.java:75)
	at org.apache.maven.surefire.junitplatform.JUnitPlatformProvider.execute(JUnitPlatformProvider.java:188)
	at org.apache.maven.surefire.junitplatform.JUnitPlatformProvider.invokeAllTests(JUnitPlatformProvider.java:154)
	at org.apache.maven.surefire.junitplatform.JUnitPlatformProvider.invoke(JUnitPlatformProvider.java:128)
	at org.apache.maven.surefire.booter.ForkedBooter.runSuitesInProcess(ForkedBooter.java:428)
	at org.apache.maven.surefire.booter.ForkedBooter.execute(ForkedBooter.java:162)
	at org.apache.maven.surefire.booter.ForkedBooter.run(ForkedBooter.java:562)
	at org.apache.maven.surefire.booter.ForkedBooter.main(ForkedBooter.java:548)
Caused by: java.text.ParseException: Unparseable date: ""
	at java.base/java.text.DateFormat.parse(DateFormat.java:395)
	at logic.GenericLogic.convertStringToDate(GenericLogic.java:91)
	... 71 more

]]></system-err>
  </testcase>
  <testcase name="testGetBloodDonationsWithMilliliters" classname="logic.BloodDonationTest" time="0.023">
    <system-out><![CDATA[2021-04-14T09:27:37,064|[DEBUG] EMFactory - getting EntityManagerFactory
2021-04-14T09:27:37,064|[DEBUG] EMFactory - initializeing EntityManagerFactory
2021-04-14T09:27:37,064|[DEBUG] SQL - 
    select
        bloodbank0_.bank_id as bank_id1_1_0_,
        bloodbank0_.employee_count as employee2_1_0_,
        bloodbank0_.established as establis3_1_0_,
        bloodbank0_.name as name4_1_0_,
        bloodbank0_.owner as owner6_1_0_,
        bloodbank0_.privately_owned as privatel5_1_0_ 
    from
        simplebloodbank.blood_bank bloodbank0_ 
    where
        bloodbank0_.bank_id=?
2021-04-14T09:27:37,064|[TRACE] BasicBinder - binding parameter [1] as [INTEGER] - [1]
2021-04-14T09:27:37,064|[DEBUG] SQL - 
    /* insert entity.BloodBank
        */ insert 
        into
            simplebloodbank.blood_bank
            (employee_count, established, name, owner, privately_owned) 
        values
            (?, ?, ?, ?, ?)
2021-04-14T09:27:37,064|[TRACE] BasicBinder - binding parameter [1] as [INTEGER] - [111]
2021-04-14T09:27:37,064|[TRACE] BasicBinder - binding parameter [2] as [TIMESTAMP] - [Sat Nov 11 11:11:11 EST 1111]
2021-04-14T09:27:37,064|[TRACE] BasicBinder - binding parameter [3] as [VARCHAR] - [JUNIT]
2021-04-14T09:27:37,064|[TRACE] BasicBinder - binding parameter [4] as [INTEGER] - [null]
2021-04-14T09:27:37,064|[TRACE] BasicBinder - binding parameter [5] as [BOOLEAN] - [true]
2021-04-14T09:27:37,071|[DEBUG] SQL - 
    /* insert entity.BloodDonation
        */ insert 
        into
            simplebloodbank.blood_donation
            (bank_id, blood_group, created, milliliters, rhd) 
        values
            (?, ?, ?, ?, ?)
2021-04-14T09:27:37,071|[TRACE] BasicBinder - binding parameter [1] as [INTEGER] - [29]
2021-04-14T09:27:37,071|[TRACE] BasicBinder - binding parameter [2] as [VARCHAR] - [AB]
2021-04-14T09:27:37,071|[TRACE] BasicBinder - binding parameter [3] as [TIMESTAMP] - [Sat Nov 11 11:11:11 EST 1111]
2021-04-14T09:27:37,071|[TRACE] BasicBinder - binding parameter [4] as [INTEGER] - [100]
2021-04-14T09:27:37,071|[DEBUG] AttributeConverterSqlTypeDescriptorAdapter - Converted value on binding : Negative -> -
2021-04-14T09:27:37,071|[TRACE] BasicBinder - binding parameter [5] as [VARCHAR] - [-]
2021-04-14T09:27:37,071|[DEBUG] EMFactory - getting EntityManagerFactory
2021-04-14T09:27:37,071|[DEBUG] EMFactory - initializeing EntityManagerFactory
2021-04-14T09:27:37,071|[DEBUG] SQL - 
    /* BloodDonation.findByMilliliters */ select
        blooddonat0_.donation_id as donation1_2_,
        blooddonat0_.bank_id as bank_id6_2_,
        blooddonat0_.blood_group as blood_gr2_2_,
        blooddonat0_.created as created3_2_,
        blooddonat0_.milliliters as millilit4_2_,
        blooddonat0_.rhd as rhd5_2_ 
    from
        simplebloodbank.blood_donation blooddonat0_ 
    where
        blooddonat0_.milliliters=?
2021-04-14T09:27:37,071|[TRACE] BasicBinder - binding parameter [1] as [INTEGER] - [100]
2021-04-14T09:27:37,071|[TRACE] BasicExtractor - extracted value ([donation1_2_] : [INTEGER]) - [9]
2021-04-14T09:27:37,071|[TRACE] BasicExtractor - extracted value ([bank_id6_2_] : [INTEGER]) - [29]
2021-04-14T09:27:37,071|[TRACE] BasicExtractor - extracted value ([blood_gr2_2_] : [VARCHAR]) - [AB]
2021-04-14T09:27:37,071|[TRACE] BasicExtractor - extracted value ([created3_2_] : [TIMESTAMP]) - [1111-11-11 11:11:11.0]
2021-04-14T09:27:37,071|[TRACE] BasicExtractor - extracted value ([millilit4_2_] : [INTEGER]) - [100]
2021-04-14T09:27:37,071|[TRACE] BasicExtractor - extracted value ([rhd5_2_] : [VARCHAR]) - [-]
2021-04-14T09:27:37,071|[DEBUG] AttributeConverterSqlTypeDescriptorAdapter - Converted value on extraction: - -> Negative
2021-04-14T09:27:37,071|[DEBUG] EMFactory - getting EntityManagerFactory
2021-04-14T09:27:37,071|[DEBUG] EMFactory - initializeing EntityManagerFactory
2021-04-14T09:27:37,071|[DEBUG] SQL - 
    /* load entity.BloodDonation */ select
        blooddonat0_.donation_id as donation1_2_0_,
        blooddonat0_.bank_id as bank_id6_2_0_,
        blooddonat0_.blood_group as blood_gr2_2_0_,
        blooddonat0_.created as created3_2_0_,
        blooddonat0_.milliliters as millilit4_2_0_,
        blooddonat0_.rhd as rhd5_2_0_ 
    from
        simplebloodbank.blood_donation blooddonat0_ 
    where
        blooddonat0_.donation_id=?
2021-04-14T09:27:37,087|[TRACE] BasicBinder - binding parameter [1] as [INTEGER] - [9]
2021-04-14T09:27:37,087|[TRACE] BasicExtractor - extracted value ([bank_id6_2_0_] : [INTEGER]) - [29]
2021-04-14T09:27:37,087|[TRACE] BasicExtractor - extracted value ([blood_gr2_2_0_] : [VARCHAR]) - [AB]
2021-04-14T09:27:37,087|[TRACE] BasicExtractor - extracted value ([created3_2_0_] : [TIMESTAMP]) - [1111-11-11 11:11:11.0]
2021-04-14T09:27:37,087|[TRACE] BasicExtractor - extracted value ([millilit4_2_0_] : [INTEGER]) - [100]
2021-04-14T09:27:37,087|[TRACE] BasicExtractor - extracted value ([rhd5_2_0_] : [VARCHAR]) - [-]
2021-04-14T09:27:37,087|[DEBUG] AttributeConverterSqlTypeDescriptorAdapter - Converted value on extraction: - -> Negative
2021-04-14T09:27:37,087|[DEBUG] SQL - 
    /* delete entity.BloodDonation */ delete 
        from
            simplebloodbank.blood_donation 
        where
            donation_id=?
2021-04-14T09:27:37,087|[TRACE] BasicBinder - binding parameter [1] as [INTEGER] - [9]
2021-04-14T09:27:37,087|[DEBUG] EMFactory - getting EntityManagerFactory
2021-04-14T09:27:37,087|[DEBUG] EMFactory - initializeing EntityManagerFactory
2021-04-14T09:27:37,087|[DEBUG] SQL - 
    select
        bloodbank0_.bank_id as bank_id1_1_0_,
        bloodbank0_.employee_count as employee2_1_0_,
        bloodbank0_.established as establis3_1_0_,
        bloodbank0_.name as name4_1_0_,
        bloodbank0_.owner as owner6_1_0_,
        bloodbank0_.privately_owned as privatel5_1_0_ 
    from
        simplebloodbank.blood_bank bloodbank0_ 
    where
        bloodbank0_.bank_id=?
2021-04-14T09:27:37,087|[TRACE] BasicBinder - binding parameter [1] as [INTEGER] - [29]
2021-04-14T09:27:37,087|[TRACE] BasicExtractor - extracted value ([employee2_1_0_] : [INTEGER]) - [111]
2021-04-14T09:27:37,087|[TRACE] BasicExtractor - extracted value ([establis3_1_0_] : [TIMESTAMP]) - [1111-11-11 11:11:11.0]
2021-04-14T09:27:37,087|[TRACE] BasicExtractor - extracted value ([name4_1_0_] : [VARCHAR]) - [JUNIT]
2021-04-14T09:27:37,087|[TRACE] BasicExtractor - extracted value ([owner6_1_0_] : [INTEGER]) - [null]
2021-04-14T09:27:37,087|[TRACE] BasicExtractor - extracted value ([privatel5_1_0_] : [BOOLEAN]) - [true]
2021-04-14T09:27:37,087|[DEBUG] SQL - 
    /* delete entity.BloodBank */ delete 
        from
            simplebloodbank.blood_bank 
        where
            bank_id=?
2021-04-14T09:27:37,087|[TRACE] BasicBinder - binding parameter [1] as [INTEGER] - [29]
]]></system-out>
    <system-err><![CDATA[Apr. 14, 2021 9:27:37 A.M. dal.GenericDAL lambda$setParameters$0
INFO: setParameters: milliliters=100
]]></system-err>
  </testcase>
  <testcase name="testGetBloodDonationsWithBloodBank" classname="logic.BloodDonationTest" time="0.031">
    <system-out><![CDATA[2021-04-14T09:27:37,087|[DEBUG] EMFactory - getting EntityManagerFactory
2021-04-14T09:27:37,087|[DEBUG] EMFactory - initializeing EntityManagerFactory
2021-04-14T09:27:37,087|[DEBUG] SQL - 
    select
        bloodbank0_.bank_id as bank_id1_1_0_,
        bloodbank0_.employee_count as employee2_1_0_,
        bloodbank0_.established as establis3_1_0_,
        bloodbank0_.name as name4_1_0_,
        bloodbank0_.owner as owner6_1_0_,
        bloodbank0_.privately_owned as privatel5_1_0_ 
    from
        simplebloodbank.blood_bank bloodbank0_ 
    where
        bloodbank0_.bank_id=?
2021-04-14T09:27:37,087|[TRACE] BasicBinder - binding parameter [1] as [INTEGER] - [1]
2021-04-14T09:27:37,087|[DEBUG] SQL - 
    /* insert entity.BloodBank
        */ insert 
        into
            simplebloodbank.blood_bank
            (employee_count, established, name, owner, privately_owned) 
        values
            (?, ?, ?, ?, ?)
2021-04-14T09:27:37,087|[TRACE] BasicBinder - binding parameter [1] as [INTEGER] - [111]
2021-04-14T09:27:37,087|[TRACE] BasicBinder - binding parameter [2] as [TIMESTAMP] - [Sat Nov 11 11:11:11 EST 1111]
2021-04-14T09:27:37,087|[TRACE] BasicBinder - binding parameter [3] as [VARCHAR] - [JUNIT]
2021-04-14T09:27:37,087|[TRACE] BasicBinder - binding parameter [4] as [INTEGER] - [null]
2021-04-14T09:27:37,087|[TRACE] BasicBinder - binding parameter [5] as [BOOLEAN] - [true]
2021-04-14T09:27:37,087|[DEBUG] SQL - 
    /* insert entity.BloodDonation
        */ insert 
        into
            simplebloodbank.blood_donation
            (bank_id, blood_group, created, milliliters, rhd) 
        values
            (?, ?, ?, ?, ?)
2021-04-14T09:27:37,087|[TRACE] BasicBinder - binding parameter [1] as [INTEGER] - [30]
2021-04-14T09:27:37,087|[TRACE] BasicBinder - binding parameter [2] as [VARCHAR] - [AB]
2021-04-14T09:27:37,087|[TRACE] BasicBinder - binding parameter [3] as [TIMESTAMP] - [Sat Nov 11 11:11:11 EST 1111]
2021-04-14T09:27:37,087|[TRACE] BasicBinder - binding parameter [4] as [INTEGER] - [100]
2021-04-14T09:27:37,087|[DEBUG] AttributeConverterSqlTypeDescriptorAdapter - Converted value on binding : Negative -> -
2021-04-14T09:27:37,087|[TRACE] BasicBinder - binding parameter [5] as [VARCHAR] - [-]
2021-04-14T09:27:37,102|[DEBUG] EMFactory - getting EntityManagerFactory
2021-04-14T09:27:37,102|[DEBUG] EMFactory - initializeing EntityManagerFactory
2021-04-14T09:27:37,102|[DEBUG] SQL - 
    /* BloodDonation.findByBloodBank */ select
        blooddonat0_.donation_id as donation1_2_,
        blooddonat0_.bank_id as bank_id6_2_,
        blooddonat0_.blood_group as blood_gr2_2_,
        blooddonat0_.created as created3_2_,
        blooddonat0_.milliliters as millilit4_2_,
        blooddonat0_.rhd as rhd5_2_ 
    from
        simplebloodbank.blood_donation blooddonat0_ 
    where
        blooddonat0_.bank_id=?
2021-04-14T09:27:37,102|[TRACE] BasicBinder - binding parameter [1] as [INTEGER] - [30]
2021-04-14T09:27:37,102|[TRACE] BasicExtractor - extracted value ([donation1_2_] : [INTEGER]) - [10]
2021-04-14T09:27:37,102|[TRACE] BasicExtractor - extracted value ([bank_id6_2_] : [INTEGER]) - [30]
2021-04-14T09:27:37,102|[TRACE] BasicExtractor - extracted value ([blood_gr2_2_] : [VARCHAR]) - [AB]
2021-04-14T09:27:37,102|[TRACE] BasicExtractor - extracted value ([created3_2_] : [TIMESTAMP]) - [1111-11-11 11:11:11.0]
2021-04-14T09:27:37,102|[TRACE] BasicExtractor - extracted value ([millilit4_2_] : [INTEGER]) - [100]
2021-04-14T09:27:37,102|[TRACE] BasicExtractor - extracted value ([rhd5_2_] : [VARCHAR]) - [-]
2021-04-14T09:27:37,102|[DEBUG] AttributeConverterSqlTypeDescriptorAdapter - Converted value on extraction: - -> Negative
2021-04-14T09:27:37,102|[DEBUG] SQL - 
    select
        bloodbank0_.bank_id as bank_id1_1_0_,
        bloodbank0_.employee_count as employee2_1_0_,
        bloodbank0_.established as establis3_1_0_,
        bloodbank0_.name as name4_1_0_,
        bloodbank0_.owner as owner6_1_0_,
        bloodbank0_.privately_owned as privatel5_1_0_ 
    from
        simplebloodbank.blood_bank bloodbank0_ 
    where
        bloodbank0_.bank_id=?
2021-04-14T09:27:37,102|[TRACE] BasicBinder - binding parameter [1] as [INTEGER] - [30]
2021-04-14T09:27:37,102|[TRACE] BasicExtractor - extracted value ([employee2_1_0_] : [INTEGER]) - [111]
2021-04-14T09:27:37,102|[TRACE] BasicExtractor - extracted value ([establis3_1_0_] : [TIMESTAMP]) - [1111-11-11 11:11:11.0]
2021-04-14T09:27:37,102|[TRACE] BasicExtractor - extracted value ([name4_1_0_] : [VARCHAR]) - [JUNIT]
2021-04-14T09:27:37,102|[TRACE] BasicExtractor - extracted value ([owner6_1_0_] : [INTEGER]) - [null]
2021-04-14T09:27:37,102|[TRACE] BasicExtractor - extracted value ([privatel5_1_0_] : [BOOLEAN]) - [true]
2021-04-14T09:27:37,102|[DEBUG] EMFactory - getting EntityManagerFactory
2021-04-14T09:27:37,102|[DEBUG] EMFactory - initializeing EntityManagerFactory
2021-04-14T09:27:37,118|[DEBUG] SQL - 
    /* load entity.BloodDonation */ select
        blooddonat0_.donation_id as donation1_2_0_,
        blooddonat0_.bank_id as bank_id6_2_0_,
        blooddonat0_.blood_group as blood_gr2_2_0_,
        blooddonat0_.created as created3_2_0_,
        blooddonat0_.milliliters as millilit4_2_0_,
        blooddonat0_.rhd as rhd5_2_0_ 
    from
        simplebloodbank.blood_donation blooddonat0_ 
    where
        blooddonat0_.donation_id=?
2021-04-14T09:27:37,118|[TRACE] BasicBinder - binding parameter [1] as [INTEGER] - [10]
2021-04-14T09:27:37,118|[TRACE] BasicExtractor - extracted value ([bank_id6_2_0_] : [INTEGER]) - [30]
2021-04-14T09:27:37,118|[TRACE] BasicExtractor - extracted value ([blood_gr2_2_0_] : [VARCHAR]) - [AB]
2021-04-14T09:27:37,118|[TRACE] BasicExtractor - extracted value ([created3_2_0_] : [TIMESTAMP]) - [1111-11-11 11:11:11.0]
2021-04-14T09:27:37,118|[TRACE] BasicExtractor - extracted value ([millilit4_2_0_] : [INTEGER]) - [100]
2021-04-14T09:27:37,118|[TRACE] BasicExtractor - extracted value ([rhd5_2_0_] : [VARCHAR]) - [-]
2021-04-14T09:27:37,118|[DEBUG] AttributeConverterSqlTypeDescriptorAdapter - Converted value on extraction: - -> Negative
2021-04-14T09:27:37,118|[DEBUG] SQL - 
    /* delete entity.BloodDonation */ delete 
        from
            simplebloodbank.blood_donation 
        where
            donation_id=?
2021-04-14T09:27:37,118|[TRACE] BasicBinder - binding parameter [1] as [INTEGER] - [10]
2021-04-14T09:27:37,118|[DEBUG] EMFactory - getting EntityManagerFactory
2021-04-14T09:27:37,118|[DEBUG] EMFactory - initializeing EntityManagerFactory
2021-04-14T09:27:37,118|[DEBUG] SQL - 
    select
        bloodbank0_.bank_id as bank_id1_1_0_,
        bloodbank0_.employee_count as employee2_1_0_,
        bloodbank0_.established as establis3_1_0_,
        bloodbank0_.name as name4_1_0_,
        bloodbank0_.owner as owner6_1_0_,
        bloodbank0_.privately_owned as privatel5_1_0_ 
    from
        simplebloodbank.blood_bank bloodbank0_ 
    where
        bloodbank0_.bank_id=?
2021-04-14T09:27:37,118|[TRACE] BasicBinder - binding parameter [1] as [INTEGER] - [30]
2021-04-14T09:27:37,118|[TRACE] BasicExtractor - extracted value ([employee2_1_0_] : [INTEGER]) - [111]
2021-04-14T09:27:37,118|[TRACE] BasicExtractor - extracted value ([establis3_1_0_] : [TIMESTAMP]) - [1111-11-11 11:11:11.0]
2021-04-14T09:27:37,118|[TRACE] BasicExtractor - extracted value ([name4_1_0_] : [VARCHAR]) - [JUNIT]
2021-04-14T09:27:37,118|[TRACE] BasicExtractor - extracted value ([owner6_1_0_] : [INTEGER]) - [null]
2021-04-14T09:27:37,118|[TRACE] BasicExtractor - extracted value ([privatel5_1_0_] : [BOOLEAN]) - [true]
2021-04-14T09:27:37,118|[DEBUG] SQL - 
    /* delete entity.BloodBank */ delete 
        from
            simplebloodbank.blood_bank 
        where
            bank_id=?
2021-04-14T09:27:37,118|[TRACE] BasicBinder - binding parameter [1] as [INTEGER] - [30]
]]></system-out>
    <system-err><![CDATA[Apr. 14, 2021 9:27:37 A.M. dal.GenericDAL lambda$setParameters$0
INFO: setParameters: bloodBankId=30
]]></system-err>
  </testcase>
  <testcase name="testCreateEntityAndAdd" classname="logic.BloodDonationTest" time="0.047">
    <system-out><![CDATA[2021-04-14T09:27:37,118|[DEBUG] EMFactory - getting EntityManagerFactory
2021-04-14T09:27:37,118|[DEBUG] EMFactory - initializeing EntityManagerFactory
2021-04-14T09:27:37,118|[DEBUG] SQL - 
    select
        bloodbank0_.bank_id as bank_id1_1_0_,
        bloodbank0_.employee_count as employee2_1_0_,
        bloodbank0_.established as establis3_1_0_,
        bloodbank0_.name as name4_1_0_,
        bloodbank0_.owner as owner6_1_0_,
        bloodbank0_.privately_owned as privatel5_1_0_ 
    from
        simplebloodbank.blood_bank bloodbank0_ 
    where
        bloodbank0_.bank_id=?
2021-04-14T09:27:37,118|[TRACE] BasicBinder - binding parameter [1] as [INTEGER] - [1]
2021-04-14T09:27:37,118|[DEBUG] SQL - 
    /* insert entity.BloodBank
        */ insert 
        into
            simplebloodbank.blood_bank
            (employee_count, established, name, owner, privately_owned) 
        values
            (?, ?, ?, ?, ?)
2021-04-14T09:27:37,118|[TRACE] BasicBinder - binding parameter [1] as [INTEGER] - [111]
2021-04-14T09:27:37,118|[TRACE] BasicBinder - binding parameter [2] as [TIMESTAMP] - [Sat Nov 11 11:11:11 EST 1111]
2021-04-14T09:27:37,118|[TRACE] BasicBinder - binding parameter [3] as [VARCHAR] - [JUNIT]
2021-04-14T09:27:37,118|[TRACE] BasicBinder - binding parameter [4] as [INTEGER] - [null]
2021-04-14T09:27:37,118|[TRACE] BasicBinder - binding parameter [5] as [BOOLEAN] - [true]
2021-04-14T09:27:37,118|[DEBUG] SQL - 
    /* insert entity.BloodDonation
        */ insert 
        into
            simplebloodbank.blood_donation
            (bank_id, blood_group, created, milliliters, rhd) 
        values
            (?, ?, ?, ?, ?)
2021-04-14T09:27:37,118|[TRACE] BasicBinder - binding parameter [1] as [INTEGER] - [31]
2021-04-14T09:27:37,118|[TRACE] BasicBinder - binding parameter [2] as [VARCHAR] - [AB]
2021-04-14T09:27:37,118|[TRACE] BasicBinder - binding parameter [3] as [TIMESTAMP] - [Sat Nov 11 11:11:11 EST 1111]
2021-04-14T09:27:37,118|[TRACE] BasicBinder - binding parameter [4] as [INTEGER] - [100]
2021-04-14T09:27:37,118|[DEBUG] AttributeConverterSqlTypeDescriptorAdapter - Converted value on binding : Negative -> -
2021-04-14T09:27:37,118|[TRACE] BasicBinder - binding parameter [5] as [VARCHAR] - [-]
2021-04-14T09:27:37,133|[DEBUG] EMFactory - getting EntityManagerFactory
2021-04-14T09:27:37,133|[DEBUG] EMFactory - initializeing EntityManagerFactory
2021-04-14T09:27:37,133|[DEBUG] SQL - 
    select
        bloodbank0_.bank_id as bank_id1_1_0_,
        bloodbank0_.employee_count as employee2_1_0_,
        bloodbank0_.established as establis3_1_0_,
        bloodbank0_.name as name4_1_0_,
        bloodbank0_.owner as owner6_1_0_,
        bloodbank0_.privately_owned as privatel5_1_0_ 
    from
        simplebloodbank.blood_bank bloodbank0_ 
    where
        bloodbank0_.bank_id=?
2021-04-14T09:27:37,133|[TRACE] BasicBinder - binding parameter [1] as [INTEGER] - [31]
2021-04-14T09:27:37,133|[TRACE] BasicExtractor - extracted value ([employee2_1_0_] : [INTEGER]) - [111]
2021-04-14T09:27:37,133|[TRACE] BasicExtractor - extracted value ([establis3_1_0_] : [TIMESTAMP]) - [1111-11-11 11:11:11.0]
2021-04-14T09:27:37,133|[TRACE] BasicExtractor - extracted value ([name4_1_0_] : [VARCHAR]) - [JUNIT]
2021-04-14T09:27:37,133|[TRACE] BasicExtractor - extracted value ([owner6_1_0_] : [INTEGER]) - [null]
2021-04-14T09:27:37,133|[TRACE] BasicExtractor - extracted value ([privatel5_1_0_] : [BOOLEAN]) - [true]
2021-04-14T09:27:37,133|[DEBUG] EMFactory - getting EntityManagerFactory
2021-04-14T09:27:37,133|[DEBUG] EMFactory - initializeing EntityManagerFactory
2021-04-14T09:27:37,133|[DEBUG] SQL - 
    /* insert entity.BloodDonation
        */ insert 
        into
            simplebloodbank.blood_donation
            (bank_id, blood_group, created, milliliters, rhd) 
        values
            (?, ?, ?, ?, ?)
2021-04-14T09:27:37,133|[TRACE] BasicBinder - binding parameter [1] as [INTEGER] - [31]
2021-04-14T09:27:37,133|[TRACE] BasicBinder - binding parameter [2] as [VARCHAR] - [AB]
2021-04-14T09:27:37,133|[TRACE] BasicBinder - binding parameter [3] as [TIMESTAMP] - [Sat Nov 11 11:11:11 EST 1111]
2021-04-14T09:27:37,133|[TRACE] BasicBinder - binding parameter [4] as [INTEGER] - [100]
2021-04-14T09:27:37,133|[DEBUG] AttributeConverterSqlTypeDescriptorAdapter - Converted value on binding : Negative -> -
2021-04-14T09:27:37,133|[TRACE] BasicBinder - binding parameter [5] as [VARCHAR] - [-]
2021-04-14T09:27:37,133|[DEBUG] EMFactory - getting EntityManagerFactory
2021-04-14T09:27:37,133|[DEBUG] EMFactory - initializeing EntityManagerFactory
2021-04-14T09:27:37,133|[DEBUG] SQL - 
    /* BloodDonation.findByBloodBank */ select
        blooddonat0_.donation_id as donation1_2_,
        blooddonat0_.bank_id as bank_id6_2_,
        blooddonat0_.blood_group as blood_gr2_2_,
        blooddonat0_.created as created3_2_,
        blooddonat0_.milliliters as millilit4_2_,
        blooddonat0_.rhd as rhd5_2_ 
    from
        simplebloodbank.blood_donation blooddonat0_ 
    where
        blooddonat0_.bank_id=?
2021-04-14T09:27:37,133|[TRACE] BasicBinder - binding parameter [1] as [INTEGER] - [31]
2021-04-14T09:27:37,133|[TRACE] BasicExtractor - extracted value ([donation1_2_] : [INTEGER]) - [11]
2021-04-14T09:27:37,133|[TRACE] BasicExtractor - extracted value ([bank_id6_2_] : [INTEGER]) - [31]
2021-04-14T09:27:37,133|[TRACE] BasicExtractor - extracted value ([blood_gr2_2_] : [VARCHAR]) - [AB]
2021-04-14T09:27:37,133|[TRACE] BasicExtractor - extracted value ([created3_2_] : [TIMESTAMP]) - [1111-11-11 11:11:11.0]
2021-04-14T09:27:37,133|[TRACE] BasicExtractor - extracted value ([millilit4_2_] : [INTEGER]) - [100]
2021-04-14T09:27:37,133|[TRACE] BasicExtractor - extracted value ([rhd5_2_] : [VARCHAR]) - [-]
2021-04-14T09:27:37,133|[DEBUG] AttributeConverterSqlTypeDescriptorAdapter - Converted value on extraction: - -> Negative
2021-04-14T09:27:37,133|[TRACE] BasicExtractor - extracted value ([donation1_2_] : [INTEGER]) - [12]
2021-04-14T09:27:37,133|[TRACE] BasicExtractor - extracted value ([bank_id6_2_] : [INTEGER]) - [31]
2021-04-14T09:27:37,133|[TRACE] BasicExtractor - extracted value ([blood_gr2_2_] : [VARCHAR]) - [AB]
2021-04-14T09:27:37,133|[TRACE] BasicExtractor - extracted value ([created3_2_] : [TIMESTAMP]) - [1111-11-11 11:11:11.0]
2021-04-14T09:27:37,133|[TRACE] BasicExtractor - extracted value ([millilit4_2_] : [INTEGER]) - [100]
2021-04-14T09:27:37,133|[TRACE] BasicExtractor - extracted value ([rhd5_2_] : [VARCHAR]) - [-]
2021-04-14T09:27:37,133|[DEBUG] AttributeConverterSqlTypeDescriptorAdapter - Converted value on extraction: - -> Negative
2021-04-14T09:27:37,133|[DEBUG] SQL - 
    select
        bloodbank0_.bank_id as bank_id1_1_0_,
        bloodbank0_.employee_count as employee2_1_0_,
        bloodbank0_.established as establis3_1_0_,
        bloodbank0_.name as name4_1_0_,
        bloodbank0_.owner as owner6_1_0_,
        bloodbank0_.privately_owned as privatel5_1_0_ 
    from
        simplebloodbank.blood_bank bloodbank0_ 
    where
        bloodbank0_.bank_id=?
2021-04-14T09:27:37,133|[TRACE] BasicBinder - binding parameter [1] as [INTEGER] - [31]
2021-04-14T09:27:37,133|[TRACE] BasicExtractor - extracted value ([employee2_1_0_] : [INTEGER]) - [111]
2021-04-14T09:27:37,133|[TRACE] BasicExtractor - extracted value ([establis3_1_0_] : [TIMESTAMP]) - [1111-11-11 11:11:11.0]
2021-04-14T09:27:37,133|[TRACE] BasicExtractor - extracted value ([name4_1_0_] : [VARCHAR]) - [JUNIT]
2021-04-14T09:27:37,133|[TRACE] BasicExtractor - extracted value ([owner6_1_0_] : [INTEGER]) - [null]
2021-04-14T09:27:37,133|[TRACE] BasicExtractor - extracted value ([privatel5_1_0_] : [BOOLEAN]) - [true]
2021-04-14T09:27:37,133|[DEBUG] EMFactory - getting EntityManagerFactory
2021-04-14T09:27:37,133|[DEBUG] EMFactory - initializeing EntityManagerFactory
2021-04-14T09:27:37,149|[DEBUG] SQL - 
    /* load entity.BloodDonation */ select
        blooddonat0_.donation_id as donation1_2_0_,
        blooddonat0_.bank_id as bank_id6_2_0_,
        blooddonat0_.blood_group as blood_gr2_2_0_,
        blooddonat0_.created as created3_2_0_,
        blooddonat0_.milliliters as millilit4_2_0_,
        blooddonat0_.rhd as rhd5_2_0_ 
    from
        simplebloodbank.blood_donation blooddonat0_ 
    where
        blooddonat0_.donation_id=?
2021-04-14T09:27:37,149|[TRACE] BasicBinder - binding parameter [1] as [INTEGER] - [12]
2021-04-14T09:27:37,149|[TRACE] BasicExtractor - extracted value ([bank_id6_2_0_] : [INTEGER]) - [31]
2021-04-14T09:27:37,149|[TRACE] BasicExtractor - extracted value ([blood_gr2_2_0_] : [VARCHAR]) - [AB]
2021-04-14T09:27:37,149|[TRACE] BasicExtractor - extracted value ([created3_2_0_] : [TIMESTAMP]) - [1111-11-11 11:11:11.0]
2021-04-14T09:27:37,149|[TRACE] BasicExtractor - extracted value ([millilit4_2_0_] : [INTEGER]) - [100]
2021-04-14T09:27:37,149|[TRACE] BasicExtractor - extracted value ([rhd5_2_0_] : [VARCHAR]) - [-]
2021-04-14T09:27:37,149|[DEBUG] AttributeConverterSqlTypeDescriptorAdapter - Converted value on extraction: - -> Negative
2021-04-14T09:27:37,149|[DEBUG] SQL - 
    /* delete entity.BloodDonation */ delete 
        from
            simplebloodbank.blood_donation 
        where
            donation_id=?
2021-04-14T09:27:37,149|[TRACE] BasicBinder - binding parameter [1] as [INTEGER] - [12]
2021-04-14T09:27:37,149|[DEBUG] EMFactory - getting EntityManagerFactory
2021-04-14T09:27:37,149|[DEBUG] EMFactory - initializeing EntityManagerFactory
2021-04-14T09:27:37,149|[DEBUG] SQL - 
    /* load entity.BloodDonation */ select
        blooddonat0_.donation_id as donation1_2_0_,
        blooddonat0_.bank_id as bank_id6_2_0_,
        blooddonat0_.blood_group as blood_gr2_2_0_,
        blooddonat0_.created as created3_2_0_,
        blooddonat0_.milliliters as millilit4_2_0_,
        blooddonat0_.rhd as rhd5_2_0_ 
    from
        simplebloodbank.blood_donation blooddonat0_ 
    where
        blooddonat0_.donation_id=?
2021-04-14T09:27:37,149|[TRACE] BasicBinder - binding parameter [1] as [INTEGER] - [11]
2021-04-14T09:27:37,149|[TRACE] BasicExtractor - extracted value ([bank_id6_2_0_] : [INTEGER]) - [31]
2021-04-14T09:27:37,149|[TRACE] BasicExtractor - extracted value ([blood_gr2_2_0_] : [VARCHAR]) - [AB]
2021-04-14T09:27:37,149|[TRACE] BasicExtractor - extracted value ([created3_2_0_] : [TIMESTAMP]) - [1111-11-11 11:11:11.0]
2021-04-14T09:27:37,149|[TRACE] BasicExtractor - extracted value ([millilit4_2_0_] : [INTEGER]) - [100]
2021-04-14T09:27:37,149|[TRACE] BasicExtractor - extracted value ([rhd5_2_0_] : [VARCHAR]) - [-]
2021-04-14T09:27:37,149|[DEBUG] AttributeConverterSqlTypeDescriptorAdapter - Converted value on extraction: - -> Negative
2021-04-14T09:27:37,149|[DEBUG] SQL - 
    /* delete entity.BloodDonation */ delete 
        from
            simplebloodbank.blood_donation 
        where
            donation_id=?
2021-04-14T09:27:37,149|[TRACE] BasicBinder - binding parameter [1] as [INTEGER] - [11]
2021-04-14T09:27:37,149|[DEBUG] EMFactory - getting EntityManagerFactory
2021-04-14T09:27:37,149|[DEBUG] EMFactory - initializeing EntityManagerFactory
2021-04-14T09:27:37,149|[DEBUG] SQL - 
    select
        bloodbank0_.bank_id as bank_id1_1_0_,
        bloodbank0_.employee_count as employee2_1_0_,
        bloodbank0_.established as establis3_1_0_,
        bloodbank0_.name as name4_1_0_,
        bloodbank0_.owner as owner6_1_0_,
        bloodbank0_.privately_owned as privatel5_1_0_ 
    from
        simplebloodbank.blood_bank bloodbank0_ 
    where
        bloodbank0_.bank_id=?
2021-04-14T09:27:37,149|[TRACE] BasicBinder - binding parameter [1] as [INTEGER] - [31]
2021-04-14T09:27:37,149|[TRACE] BasicExtractor - extracted value ([employee2_1_0_] : [INTEGER]) - [111]
2021-04-14T09:27:37,149|[TRACE] BasicExtractor - extracted value ([establis3_1_0_] : [TIMESTAMP]) - [1111-11-11 11:11:11.0]
2021-04-14T09:27:37,149|[TRACE] BasicExtractor - extracted value ([name4_1_0_] : [VARCHAR]) - [JUNIT]
2021-04-14T09:27:37,149|[TRACE] BasicExtractor - extracted value ([owner6_1_0_] : [INTEGER]) - [null]
2021-04-14T09:27:37,149|[TRACE] BasicExtractor - extracted value ([privatel5_1_0_] : [BOOLEAN]) - [true]
2021-04-14T09:27:37,149|[DEBUG] SQL - 
    /* delete entity.BloodBank */ delete 
        from
            simplebloodbank.blood_bank 
        where
            bank_id=?
2021-04-14T09:27:37,149|[TRACE] BasicBinder - binding parameter [1] as [INTEGER] - [31]
]]></system-out>
    <system-err><![CDATA[Apr. 14, 2021 9:27:37 A.M. dal.GenericDAL lambda$setParameters$0
INFO: setParameters: bloodBankId=31
]]></system-err>
  </testcase>
  <testcase name="testGetAll" classname="logic.BloodDonationTest" time="0.037">
    <system-out><![CDATA[2021-04-14T09:27:37,165|[DEBUG] EMFactory - getting EntityManagerFactory
2021-04-14T09:27:37,165|[DEBUG] EMFactory - initializeing EntityManagerFactory
2021-04-14T09:27:37,165|[DEBUG] SQL - 
    select
        bloodbank0_.bank_id as bank_id1_1_0_,
        bloodbank0_.employee_count as employee2_1_0_,
        bloodbank0_.established as establis3_1_0_,
        bloodbank0_.name as name4_1_0_,
        bloodbank0_.owner as owner6_1_0_,
        bloodbank0_.privately_owned as privatel5_1_0_ 
    from
        simplebloodbank.blood_bank bloodbank0_ 
    where
        bloodbank0_.bank_id=?
2021-04-14T09:27:37,165|[TRACE] BasicBinder - binding parameter [1] as [INTEGER] - [1]
2021-04-14T09:27:37,165|[DEBUG] SQL - 
    /* insert entity.BloodBank
        */ insert 
        into
            simplebloodbank.blood_bank
            (employee_count, established, name, owner, privately_owned) 
        values
            (?, ?, ?, ?, ?)
2021-04-14T09:27:37,165|[TRACE] BasicBinder - binding parameter [1] as [INTEGER] - [111]
2021-04-14T09:27:37,165|[TRACE] BasicBinder - binding parameter [2] as [TIMESTAMP] - [Sat Nov 11 11:11:11 EST 1111]
2021-04-14T09:27:37,165|[TRACE] BasicBinder - binding parameter [3] as [VARCHAR] - [JUNIT]
2021-04-14T09:27:37,165|[TRACE] BasicBinder - binding parameter [4] as [INTEGER] - [null]
2021-04-14T09:27:37,165|[TRACE] BasicBinder - binding parameter [5] as [BOOLEAN] - [true]
2021-04-14T09:27:37,165|[DEBUG] SQL - 
    /* insert entity.BloodDonation
        */ insert 
        into
            simplebloodbank.blood_donation
            (bank_id, blood_group, created, milliliters, rhd) 
        values
            (?, ?, ?, ?, ?)
2021-04-14T09:27:37,165|[TRACE] BasicBinder - binding parameter [1] as [INTEGER] - [32]
2021-04-14T09:27:37,165|[TRACE] BasicBinder - binding parameter [2] as [VARCHAR] - [AB]
2021-04-14T09:27:37,165|[TRACE] BasicBinder - binding parameter [3] as [TIMESTAMP] - [Sat Nov 11 11:11:11 EST 1111]
2021-04-14T09:27:37,165|[TRACE] BasicBinder - binding parameter [4] as [INTEGER] - [100]
2021-04-14T09:27:37,165|[DEBUG] AttributeConverterSqlTypeDescriptorAdapter - Converted value on binding : Negative -> -
2021-04-14T09:27:37,165|[TRACE] BasicBinder - binding parameter [5] as [VARCHAR] - [-]
2021-04-14T09:27:37,171|[DEBUG] EMFactory - getting EntityManagerFactory
2021-04-14T09:27:37,171|[DEBUG] EMFactory - initializeing EntityManagerFactory
2021-04-14T09:27:37,171|[DEBUG] SQL - 
    /* BloodDonation.findAll */ select
        blooddonat0_.donation_id as donation1_2_,
        blooddonat0_.bank_id as bank_id6_2_,
        blooddonat0_.blood_group as blood_gr2_2_,
        blooddonat0_.created as created3_2_,
        blooddonat0_.milliliters as millilit4_2_,
        blooddonat0_.rhd as rhd5_2_ 
    from
        simplebloodbank.blood_donation blooddonat0_
2021-04-14T09:27:37,171|[TRACE] BasicExtractor - extracted value ([donation1_2_] : [INTEGER]) - [13]
2021-04-14T09:27:37,171|[TRACE] BasicExtractor - extracted value ([bank_id6_2_] : [INTEGER]) - [32]
2021-04-14T09:27:37,171|[TRACE] BasicExtractor - extracted value ([blood_gr2_2_] : [VARCHAR]) - [AB]
2021-04-14T09:27:37,171|[TRACE] BasicExtractor - extracted value ([created3_2_] : [TIMESTAMP]) - [1111-11-11 11:11:11.0]
2021-04-14T09:27:37,171|[TRACE] BasicExtractor - extracted value ([millilit4_2_] : [INTEGER]) - [100]
2021-04-14T09:27:37,171|[TRACE] BasicExtractor - extracted value ([rhd5_2_] : [VARCHAR]) - [-]
2021-04-14T09:27:37,171|[DEBUG] AttributeConverterSqlTypeDescriptorAdapter - Converted value on extraction: - -> Negative
2021-04-14T09:27:37,171|[DEBUG] EMFactory - getting EntityManagerFactory
2021-04-14T09:27:37,171|[DEBUG] EMFactory - initializeing EntityManagerFactory
2021-04-14T09:27:37,171|[DEBUG] SQL - 
    /* load entity.BloodDonation */ select
        blooddonat0_.donation_id as donation1_2_0_,
        blooddonat0_.bank_id as bank_id6_2_0_,
        blooddonat0_.blood_group as blood_gr2_2_0_,
        blooddonat0_.created as created3_2_0_,
        blooddonat0_.milliliters as millilit4_2_0_,
        blooddonat0_.rhd as rhd5_2_0_ 
    from
        simplebloodbank.blood_donation blooddonat0_ 
    where
        blooddonat0_.donation_id=?
2021-04-14T09:27:37,171|[TRACE] BasicBinder - binding parameter [1] as [INTEGER] - [13]
2021-04-14T09:27:37,171|[TRACE] BasicExtractor - extracted value ([bank_id6_2_0_] : [INTEGER]) - [32]
2021-04-14T09:27:37,171|[TRACE] BasicExtractor - extracted value ([blood_gr2_2_0_] : [VARCHAR]) - [AB]
2021-04-14T09:27:37,171|[TRACE] BasicExtractor - extracted value ([created3_2_0_] : [TIMESTAMP]) - [1111-11-11 11:11:11.0]
2021-04-14T09:27:37,171|[TRACE] BasicExtractor - extracted value ([millilit4_2_0_] : [INTEGER]) - [100]
2021-04-14T09:27:37,171|[TRACE] BasicExtractor - extracted value ([rhd5_2_0_] : [VARCHAR]) - [-]
2021-04-14T09:27:37,171|[DEBUG] AttributeConverterSqlTypeDescriptorAdapter - Converted value on extraction: - -> Negative
2021-04-14T09:27:37,187|[DEBUG] SQL - 
    /* delete entity.BloodDonation */ delete 
        from
            simplebloodbank.blood_donation 
        where
            donation_id=?
2021-04-14T09:27:37,187|[TRACE] BasicBinder - binding parameter [1] as [INTEGER] - [13]
2021-04-14T09:27:37,187|[DEBUG] EMFactory - getting EntityManagerFactory
2021-04-14T09:27:37,187|[DEBUG] EMFactory - initializeing EntityManagerFactory
2021-04-14T09:27:37,187|[DEBUG] SQL - 
    /* BloodDonation.findAll */ select
        blooddonat0_.donation_id as donation1_2_,
        blooddonat0_.bank_id as bank_id6_2_,
        blooddonat0_.blood_group as blood_gr2_2_,
        blooddonat0_.created as created3_2_,
        blooddonat0_.milliliters as millilit4_2_,
        blooddonat0_.rhd as rhd5_2_ 
    from
        simplebloodbank.blood_donation blooddonat0_
2021-04-14T09:27:37,187|[DEBUG] EMFactory - getting EntityManagerFactory
2021-04-14T09:27:37,187|[DEBUG] EMFactory - initializeing EntityManagerFactory
2021-04-14T09:27:37,202|[DEBUG] SQL - 
    /* load entity.BloodDonation */ select
        blooddonat0_.donation_id as donation1_2_0_,
        blooddonat0_.bank_id as bank_id6_2_0_,
        blooddonat0_.blood_group as blood_gr2_2_0_,
        blooddonat0_.created as created3_2_0_,
        blooddonat0_.milliliters as millilit4_2_0_,
        blooddonat0_.rhd as rhd5_2_0_ 
    from
        simplebloodbank.blood_donation blooddonat0_ 
    where
        blooddonat0_.donation_id=?
2021-04-14T09:27:37,202|[TRACE] BasicBinder - binding parameter [1] as [INTEGER] - [13]
2021-04-14T09:27:37,202|[DEBUG] SQL - 
    /* insert entity.BloodDonation
        */ insert 
        into
            simplebloodbank.blood_donation
            (bank_id, blood_group, created, milliliters, rhd) 
        values
            (?, ?, ?, ?, ?)
2021-04-14T09:27:37,202|[TRACE] BasicBinder - binding parameter [1] as [INTEGER] - [32]
2021-04-14T09:27:37,202|[TRACE] BasicBinder - binding parameter [2] as [VARCHAR] - [AB]
2021-04-14T09:27:37,202|[TRACE] BasicBinder - binding parameter [3] as [TIMESTAMP] - [Sat Nov 11 11:11:11 EST 1111]
2021-04-14T09:27:37,202|[TRACE] BasicBinder - binding parameter [4] as [INTEGER] - [100]
2021-04-14T09:27:37,202|[DEBUG] AttributeConverterSqlTypeDescriptorAdapter - Converted value on binding : Negative -> -
2021-04-14T09:27:37,202|[TRACE] BasicBinder - binding parameter [5] as [VARCHAR] - [-]
2021-04-14T09:27:37,202|[DEBUG] SQL - 
    /* delete entity.BloodDonation */ delete 
        from
            simplebloodbank.blood_donation 
        where
            donation_id=?
2021-04-14T09:27:37,202|[TRACE] BasicBinder - binding parameter [1] as [INTEGER] - [14]
2021-04-14T09:27:37,202|[DEBUG] EMFactory - getting EntityManagerFactory
2021-04-14T09:27:37,202|[DEBUG] EMFactory - initializeing EntityManagerFactory
2021-04-14T09:27:37,202|[DEBUG] SQL - 
    select
        bloodbank0_.bank_id as bank_id1_1_0_,
        bloodbank0_.employee_count as employee2_1_0_,
        bloodbank0_.established as establis3_1_0_,
        bloodbank0_.name as name4_1_0_,
        bloodbank0_.owner as owner6_1_0_,
        bloodbank0_.privately_owned as privatel5_1_0_ 
    from
        simplebloodbank.blood_bank bloodbank0_ 
    where
        bloodbank0_.bank_id=?
2021-04-14T09:27:37,202|[TRACE] BasicBinder - binding parameter [1] as [INTEGER] - [32]
2021-04-14T09:27:37,202|[TRACE] BasicExtractor - extracted value ([employee2_1_0_] : [INTEGER]) - [111]
2021-04-14T09:27:37,202|[TRACE] BasicExtractor - extracted value ([establis3_1_0_] : [TIMESTAMP]) - [1111-11-11 11:11:11.0]
2021-04-14T09:27:37,202|[TRACE] BasicExtractor - extracted value ([name4_1_0_] : [VARCHAR]) - [JUNIT]
2021-04-14T09:27:37,202|[TRACE] BasicExtractor - extracted value ([owner6_1_0_] : [INTEGER]) - [null]
2021-04-14T09:27:37,202|[TRACE] BasicExtractor - extracted value ([privatel5_1_0_] : [BOOLEAN]) - [true]
2021-04-14T09:27:37,202|[DEBUG] SQL - 
    /* delete entity.BloodBank */ delete 
        from
            simplebloodbank.blood_bank 
        where
            bank_id=?
2021-04-14T09:27:37,202|[TRACE] BasicBinder - binding parameter [1] as [INTEGER] - [32]
]]></system-out>
  </testcase>
  <testcase name="testGetBloodDonationsWithRhd" classname="logic.BloodDonationTest" time="0.047">
    <system-out><![CDATA[2021-04-14T09:27:37,202|[DEBUG] EMFactory - getting EntityManagerFactory
2021-04-14T09:27:37,202|[DEBUG] EMFactory - initializeing EntityManagerFactory
2021-04-14T09:27:37,202|[DEBUG] SQL - 
    select
        bloodbank0_.bank_id as bank_id1_1_0_,
        bloodbank0_.employee_count as employee2_1_0_,
        bloodbank0_.established as establis3_1_0_,
        bloodbank0_.name as name4_1_0_,
        bloodbank0_.owner as owner6_1_0_,
        bloodbank0_.privately_owned as privatel5_1_0_ 
    from
        simplebloodbank.blood_bank bloodbank0_ 
    where
        bloodbank0_.bank_id=?
2021-04-14T09:27:37,202|[TRACE] BasicBinder - binding parameter [1] as [INTEGER] - [1]
2021-04-14T09:27:37,202|[DEBUG] SQL - 
    /* insert entity.BloodBank
        */ insert 
        into
            simplebloodbank.blood_bank
            (employee_count, established, name, owner, privately_owned) 
        values
            (?, ?, ?, ?, ?)
2021-04-14T09:27:37,202|[TRACE] BasicBinder - binding parameter [1] as [INTEGER] - [111]
2021-04-14T09:27:37,202|[TRACE] BasicBinder - binding parameter [2] as [TIMESTAMP] - [Sat Nov 11 11:11:11 EST 1111]
2021-04-14T09:27:37,202|[TRACE] BasicBinder - binding parameter [3] as [VARCHAR] - [JUNIT]
2021-04-14T09:27:37,202|[TRACE] BasicBinder - binding parameter [4] as [INTEGER] - [null]
2021-04-14T09:27:37,202|[TRACE] BasicBinder - binding parameter [5] as [BOOLEAN] - [true]
2021-04-14T09:27:37,202|[DEBUG] SQL - 
    /* insert entity.BloodDonation
        */ insert 
        into
            simplebloodbank.blood_donation
            (bank_id, blood_group, created, milliliters, rhd) 
        values
            (?, ?, ?, ?, ?)
2021-04-14T09:27:37,202|[TRACE] BasicBinder - binding parameter [1] as [INTEGER] - [33]
2021-04-14T09:27:37,202|[TRACE] BasicBinder - binding parameter [2] as [VARCHAR] - [AB]
2021-04-14T09:27:37,202|[TRACE] BasicBinder - binding parameter [3] as [TIMESTAMP] - [Sat Nov 11 11:11:11 EST 1111]
2021-04-14T09:27:37,202|[TRACE] BasicBinder - binding parameter [4] as [INTEGER] - [100]
2021-04-14T09:27:37,202|[DEBUG] AttributeConverterSqlTypeDescriptorAdapter - Converted value on binding : Negative -> -
2021-04-14T09:27:37,202|[TRACE] BasicBinder - binding parameter [5] as [VARCHAR] - [-]
2021-04-14T09:27:37,218|[DEBUG] EMFactory - getting EntityManagerFactory
2021-04-14T09:27:37,218|[DEBUG] EMFactory - initializeing EntityManagerFactory
2021-04-14T09:27:37,218|[DEBUG] SQL - 
    /* BloodDonation.findByRhd */ select
        blooddonat0_.donation_id as donation1_2_,
        blooddonat0_.bank_id as bank_id6_2_,
        blooddonat0_.blood_group as blood_gr2_2_,
        blooddonat0_.created as created3_2_,
        blooddonat0_.milliliters as millilit4_2_,
        blooddonat0_.rhd as rhd5_2_ 
    from
        simplebloodbank.blood_donation blooddonat0_ 
    where
        blooddonat0_.rhd=?
2021-04-14T09:27:37,218|[DEBUG] AttributeConverterSqlTypeDescriptorAdapter - Converted value on binding : Negative -> -
2021-04-14T09:27:37,218|[TRACE] BasicBinder - binding parameter [1] as [VARCHAR] - [-]
2021-04-14T09:27:37,218|[TRACE] BasicExtractor - extracted value ([donation1_2_] : [INTEGER]) - [15]
2021-04-14T09:27:37,218|[TRACE] BasicExtractor - extracted value ([bank_id6_2_] : [INTEGER]) - [33]
2021-04-14T09:27:37,218|[TRACE] BasicExtractor - extracted value ([blood_gr2_2_] : [VARCHAR]) - [AB]
2021-04-14T09:27:37,218|[TRACE] BasicExtractor - extracted value ([created3_2_] : [TIMESTAMP]) - [1111-11-11 11:11:11.0]
2021-04-14T09:27:37,218|[TRACE] BasicExtractor - extracted value ([millilit4_2_] : [INTEGER]) - [100]
2021-04-14T09:27:37,218|[TRACE] BasicExtractor - extracted value ([rhd5_2_] : [VARCHAR]) - [-]
2021-04-14T09:27:37,218|[DEBUG] AttributeConverterSqlTypeDescriptorAdapter - Converted value on extraction: - -> Negative
2021-04-14T09:27:37,218|[DEBUG] EMFactory - getting EntityManagerFactory
2021-04-14T09:27:37,218|[DEBUG] EMFactory - initializeing EntityManagerFactory
2021-04-14T09:27:37,234|[DEBUG] SQL - 
    /* load entity.BloodDonation */ select
        blooddonat0_.donation_id as donation1_2_0_,
        blooddonat0_.bank_id as bank_id6_2_0_,
        blooddonat0_.blood_group as blood_gr2_2_0_,
        blooddonat0_.created as created3_2_0_,
        blooddonat0_.milliliters as millilit4_2_0_,
        blooddonat0_.rhd as rhd5_2_0_ 
    from
        simplebloodbank.blood_donation blooddonat0_ 
    where
        blooddonat0_.donation_id=?
2021-04-14T09:27:37,234|[TRACE] BasicBinder - binding parameter [1] as [INTEGER] - [15]
2021-04-14T09:27:37,234|[TRACE] BasicExtractor - extracted value ([bank_id6_2_0_] : [INTEGER]) - [33]
2021-04-14T09:27:37,234|[TRACE] BasicExtractor - extracted value ([blood_gr2_2_0_] : [VARCHAR]) - [AB]
2021-04-14T09:27:37,234|[TRACE] BasicExtractor - extracted value ([created3_2_0_] : [TIMESTAMP]) - [1111-11-11 11:11:11.0]
2021-04-14T09:27:37,234|[TRACE] BasicExtractor - extracted value ([millilit4_2_0_] : [INTEGER]) - [100]
2021-04-14T09:27:37,234|[TRACE] BasicExtractor - extracted value ([rhd5_2_0_] : [VARCHAR]) - [-]
2021-04-14T09:27:37,234|[DEBUG] AttributeConverterSqlTypeDescriptorAdapter - Converted value on extraction: - -> Negative
2021-04-14T09:27:37,234|[DEBUG] SQL - 
    /* delete entity.BloodDonation */ delete 
        from
            simplebloodbank.blood_donation 
        where
            donation_id=?
2021-04-14T09:27:37,234|[TRACE] BasicBinder - binding parameter [1] as [INTEGER] - [15]
2021-04-14T09:27:37,234|[DEBUG] EMFactory - getting EntityManagerFactory
2021-04-14T09:27:37,234|[DEBUG] EMFactory - initializeing EntityManagerFactory
2021-04-14T09:27:37,234|[DEBUG] SQL - 
    select
        bloodbank0_.bank_id as bank_id1_1_0_,
        bloodbank0_.employee_count as employee2_1_0_,
        bloodbank0_.established as establis3_1_0_,
        bloodbank0_.name as name4_1_0_,
        bloodbank0_.owner as owner6_1_0_,
        bloodbank0_.privately_owned as privatel5_1_0_ 
    from
        simplebloodbank.blood_bank bloodbank0_ 
    where
        bloodbank0_.bank_id=?
2021-04-14T09:27:37,234|[TRACE] BasicBinder - binding parameter [1] as [INTEGER] - [33]
2021-04-14T09:27:37,234|[TRACE] BasicExtractor - extracted value ([employee2_1_0_] : [INTEGER]) - [111]
2021-04-14T09:27:37,234|[TRACE] BasicExtractor - extracted value ([establis3_1_0_] : [TIMESTAMP]) - [1111-11-11 11:11:11.0]
2021-04-14T09:27:37,234|[TRACE] BasicExtractor - extracted value ([name4_1_0_] : [VARCHAR]) - [JUNIT]
2021-04-14T09:27:37,234|[TRACE] BasicExtractor - extracted value ([owner6_1_0_] : [INTEGER]) - [null]
2021-04-14T09:27:37,234|[TRACE] BasicExtractor - extracted value ([privatel5_1_0_] : [BOOLEAN]) - [true]
2021-04-14T09:27:37,234|[DEBUG] SQL - 
    /* delete entity.BloodBank */ delete 
        from
            simplebloodbank.blood_bank 
        where
            bank_id=?
2021-04-14T09:27:37,234|[TRACE] BasicBinder - binding parameter [1] as [INTEGER] - [33]
]]></system-out>
    <system-err><![CDATA[Apr. 14, 2021 9:27:37 A.M. dal.GenericDAL lambda$setParameters$0
INFO: setParameters: rhd=Negative
]]></system-err>
  </testcase>
  <testcase name="testGetColumnCodes" classname="logic.BloodDonationTest" time="0.038">
    <system-out><![CDATA[2021-04-14T09:27:37,249|[DEBUG] EMFactory - getting EntityManagerFactory
2021-04-14T09:27:37,249|[DEBUG] EMFactory - initializeing EntityManagerFactory
2021-04-14T09:27:37,249|[DEBUG] SQL - 
    select
        bloodbank0_.bank_id as bank_id1_1_0_,
        bloodbank0_.employee_count as employee2_1_0_,
        bloodbank0_.established as establis3_1_0_,
        bloodbank0_.name as name4_1_0_,
        bloodbank0_.owner as owner6_1_0_,
        bloodbank0_.privately_owned as privatel5_1_0_ 
    from
        simplebloodbank.blood_bank bloodbank0_ 
    where
        bloodbank0_.bank_id=?
2021-04-14T09:27:37,249|[TRACE] BasicBinder - binding parameter [1] as [INTEGER] - [1]
2021-04-14T09:27:37,249|[DEBUG] SQL - 
    /* insert entity.BloodBank
        */ insert 
        into
            simplebloodbank.blood_bank
            (employee_count, established, name, owner, privately_owned) 
        values
            (?, ?, ?, ?, ?)
2021-04-14T09:27:37,249|[TRACE] BasicBinder - binding parameter [1] as [INTEGER] - [111]
2021-04-14T09:27:37,249|[TRACE] BasicBinder - binding parameter [2] as [TIMESTAMP] - [Sat Nov 11 11:11:11 EST 1111]
2021-04-14T09:27:37,265|[TRACE] BasicBinder - binding parameter [3] as [VARCHAR] - [JUNIT]
2021-04-14T09:27:37,265|[TRACE] BasicBinder - binding parameter [4] as [INTEGER] - [null]
2021-04-14T09:27:37,265|[TRACE] BasicBinder - binding parameter [5] as [BOOLEAN] - [true]
2021-04-14T09:27:37,265|[DEBUG] SQL - 
    /* insert entity.BloodDonation
        */ insert 
        into
            simplebloodbank.blood_donation
            (bank_id, blood_group, created, milliliters, rhd) 
        values
            (?, ?, ?, ?, ?)
2021-04-14T09:27:37,265|[TRACE] BasicBinder - binding parameter [1] as [INTEGER] - [34]
2021-04-14T09:27:37,265|[TRACE] BasicBinder - binding parameter [2] as [VARCHAR] - [AB]
2021-04-14T09:27:37,265|[TRACE] BasicBinder - binding parameter [3] as [TIMESTAMP] - [Sat Nov 11 11:11:11 EST 1111]
2021-04-14T09:27:37,265|[TRACE] BasicBinder - binding parameter [4] as [INTEGER] - [100]
2021-04-14T09:27:37,265|[DEBUG] AttributeConverterSqlTypeDescriptorAdapter - Converted value on binding : Negative -> -
2021-04-14T09:27:37,265|[TRACE] BasicBinder - binding parameter [5] as [VARCHAR] - [-]
2021-04-14T09:27:37,271|[DEBUG] EMFactory - getting EntityManagerFactory
2021-04-14T09:27:37,271|[DEBUG] EMFactory - initializeing EntityManagerFactory
2021-04-14T09:27:37,271|[DEBUG] SQL - 
    /* load entity.BloodDonation */ select
        blooddonat0_.donation_id as donation1_2_0_,
        blooddonat0_.bank_id as bank_id6_2_0_,
        blooddonat0_.blood_group as blood_gr2_2_0_,
        blooddonat0_.created as created3_2_0_,
        blooddonat0_.milliliters as millilit4_2_0_,
        blooddonat0_.rhd as rhd5_2_0_ 
    from
        simplebloodbank.blood_donation blooddonat0_ 
    where
        blooddonat0_.donation_id=?
2021-04-14T09:27:37,271|[TRACE] BasicBinder - binding parameter [1] as [INTEGER] - [16]
2021-04-14T09:27:37,271|[TRACE] BasicExtractor - extracted value ([bank_id6_2_0_] : [INTEGER]) - [34]
2021-04-14T09:27:37,271|[TRACE] BasicExtractor - extracted value ([blood_gr2_2_0_] : [VARCHAR]) - [AB]
2021-04-14T09:27:37,271|[TRACE] BasicExtractor - extracted value ([created3_2_0_] : [TIMESTAMP]) - [1111-11-11 11:11:11.0]
2021-04-14T09:27:37,271|[TRACE] BasicExtractor - extracted value ([millilit4_2_0_] : [INTEGER]) - [100]
2021-04-14T09:27:37,271|[TRACE] BasicExtractor - extracted value ([rhd5_2_0_] : [VARCHAR]) - [-]
2021-04-14T09:27:37,271|[DEBUG] AttributeConverterSqlTypeDescriptorAdapter - Converted value on extraction: - -> Negative
2021-04-14T09:27:37,271|[DEBUG] SQL - 
    /* delete entity.BloodDonation */ delete 
        from
            simplebloodbank.blood_donation 
        where
            donation_id=?
2021-04-14T09:27:37,271|[TRACE] BasicBinder - binding parameter [1] as [INTEGER] - [16]
2021-04-14T09:27:37,287|[DEBUG] EMFactory - getting EntityManagerFactory
2021-04-14T09:27:37,287|[DEBUG] EMFactory - initializeing EntityManagerFactory
2021-04-14T09:27:37,287|[DEBUG] SQL - 
    select
        bloodbank0_.bank_id as bank_id1_1_0_,
        bloodbank0_.employee_count as employee2_1_0_,
        bloodbank0_.established as establis3_1_0_,
        bloodbank0_.name as name4_1_0_,
        bloodbank0_.owner as owner6_1_0_,
        bloodbank0_.privately_owned as privatel5_1_0_ 
    from
        simplebloodbank.blood_bank bloodbank0_ 
    where
        bloodbank0_.bank_id=?
2021-04-14T09:27:37,287|[TRACE] BasicBinder - binding parameter [1] as [INTEGER] - [34]
2021-04-14T09:27:37,287|[TRACE] BasicExtractor - extracted value ([employee2_1_0_] : [INTEGER]) - [111]
2021-04-14T09:27:37,287|[TRACE] BasicExtractor - extracted value ([establis3_1_0_] : [TIMESTAMP]) - [1111-11-11 11:11:11.0]
2021-04-14T09:27:37,287|[TRACE] BasicExtractor - extracted value ([name4_1_0_] : [VARCHAR]) - [JUNIT]
2021-04-14T09:27:37,287|[TRACE] BasicExtractor - extracted value ([owner6_1_0_] : [INTEGER]) - [null]
2021-04-14T09:27:37,287|[TRACE] BasicExtractor - extracted value ([privatel5_1_0_] : [BOOLEAN]) - [true]
2021-04-14T09:27:37,287|[DEBUG] SQL - 
    /* delete entity.BloodBank */ delete 
        from
            simplebloodbank.blood_bank 
        where
            bank_id=?
2021-04-14T09:27:37,287|[TRACE] BasicBinder - binding parameter [1] as [INTEGER] - [34]
]]></system-out>
  </testcase>
  <testcase name="testGetColumnNames" classname="logic.BloodDonationTest" time="0.016">
    <system-out><![CDATA[2021-04-14T09:27:37,287|[DEBUG] EMFactory - getting EntityManagerFactory
2021-04-14T09:27:37,287|[DEBUG] EMFactory - initializeing EntityManagerFactory
2021-04-14T09:27:37,287|[DEBUG] SQL - 
    select
        bloodbank0_.bank_id as bank_id1_1_0_,
        bloodbank0_.employee_count as employee2_1_0_,
        bloodbank0_.established as establis3_1_0_,
        bloodbank0_.name as name4_1_0_,
        bloodbank0_.owner as owner6_1_0_,
        bloodbank0_.privately_owned as privatel5_1_0_ 
    from
        simplebloodbank.blood_bank bloodbank0_ 
    where
        bloodbank0_.bank_id=?
2021-04-14T09:27:37,287|[TRACE] BasicBinder - binding parameter [1] as [INTEGER] - [1]
2021-04-14T09:27:37,287|[DEBUG] SQL - 
    /* insert entity.BloodBank
        */ insert 
        into
            simplebloodbank.blood_bank
            (employee_count, established, name, owner, privately_owned) 
        values
            (?, ?, ?, ?, ?)
2021-04-14T09:27:37,287|[TRACE] BasicBinder - binding parameter [1] as [INTEGER] - [111]
2021-04-14T09:27:37,287|[TRACE] BasicBinder - binding parameter [2] as [TIMESTAMP] - [Sat Nov 11 11:11:11 EST 1111]
2021-04-14T09:27:37,287|[TRACE] BasicBinder - binding parameter [3] as [VARCHAR] - [JUNIT]
2021-04-14T09:27:37,287|[TRACE] BasicBinder - binding parameter [4] as [INTEGER] - [null]
2021-04-14T09:27:37,287|[TRACE] BasicBinder - binding parameter [5] as [BOOLEAN] - [true]
2021-04-14T09:27:37,287|[DEBUG] SQL - 
    /* insert entity.BloodDonation
        */ insert 
        into
            simplebloodbank.blood_donation
            (bank_id, blood_group, created, milliliters, rhd) 
        values
            (?, ?, ?, ?, ?)
2021-04-14T09:27:37,287|[TRACE] BasicBinder - binding parameter [1] as [INTEGER] - [35]
2021-04-14T09:27:37,287|[TRACE] BasicBinder - binding parameter [2] as [VARCHAR] - [AB]
2021-04-14T09:27:37,287|[TRACE] BasicBinder - binding parameter [3] as [TIMESTAMP] - [Sat Nov 11 11:11:11 EST 1111]
2021-04-14T09:27:37,287|[TRACE] BasicBinder - binding parameter [4] as [INTEGER] - [100]
2021-04-14T09:27:37,287|[DEBUG] AttributeConverterSqlTypeDescriptorAdapter - Converted value on binding : Negative -> -
2021-04-14T09:27:37,287|[TRACE] BasicBinder - binding parameter [5] as [VARCHAR] - [-]
2021-04-14T09:27:37,303|[DEBUG] EMFactory - getting EntityManagerFactory
2021-04-14T09:27:37,303|[DEBUG] EMFactory - initializeing EntityManagerFactory
2021-04-14T09:27:37,303|[DEBUG] SQL - 
    /* load entity.BloodDonation */ select
        blooddonat0_.donation_id as donation1_2_0_,
        blooddonat0_.bank_id as bank_id6_2_0_,
        blooddonat0_.blood_group as blood_gr2_2_0_,
        blooddonat0_.created as created3_2_0_,
        blooddonat0_.milliliters as millilit4_2_0_,
        blooddonat0_.rhd as rhd5_2_0_ 
    from
        simplebloodbank.blood_donation blooddonat0_ 
    where
        blooddonat0_.donation_id=?
2021-04-14T09:27:37,303|[TRACE] BasicBinder - binding parameter [1] as [INTEGER] - [17]
2021-04-14T09:27:37,303|[TRACE] BasicExtractor - extracted value ([bank_id6_2_0_] : [INTEGER]) - [35]
2021-04-14T09:27:37,303|[TRACE] BasicExtractor - extracted value ([blood_gr2_2_0_] : [VARCHAR]) - [AB]
2021-04-14T09:27:37,303|[TRACE] BasicExtractor - extracted value ([created3_2_0_] : [TIMESTAMP]) - [1111-11-11 11:11:11.0]
2021-04-14T09:27:37,303|[TRACE] BasicExtractor - extracted value ([millilit4_2_0_] : [INTEGER]) - [100]
2021-04-14T09:27:37,303|[TRACE] BasicExtractor - extracted value ([rhd5_2_0_] : [VARCHAR]) - [-]
2021-04-14T09:27:37,303|[DEBUG] AttributeConverterSqlTypeDescriptorAdapter - Converted value on extraction: - -> Negative
2021-04-14T09:27:37,303|[DEBUG] SQL - 
    /* delete entity.BloodDonation */ delete 
        from
            simplebloodbank.blood_donation 
        where
            donation_id=?
2021-04-14T09:27:37,303|[TRACE] BasicBinder - binding parameter [1] as [INTEGER] - [17]
2021-04-14T09:27:37,303|[DEBUG] EMFactory - getting EntityManagerFactory
2021-04-14T09:27:37,303|[DEBUG] EMFactory - initializeing EntityManagerFactory
2021-04-14T09:27:37,303|[DEBUG] SQL - 
    select
        bloodbank0_.bank_id as bank_id1_1_0_,
        bloodbank0_.employee_count as employee2_1_0_,
        bloodbank0_.established as establis3_1_0_,
        bloodbank0_.name as name4_1_0_,
        bloodbank0_.owner as owner6_1_0_,
        bloodbank0_.privately_owned as privatel5_1_0_ 
    from
        simplebloodbank.blood_bank bloodbank0_ 
    where
        bloodbank0_.bank_id=?
2021-04-14T09:27:37,303|[TRACE] BasicBinder - binding parameter [1] as [INTEGER] - [35]
2021-04-14T09:27:37,303|[TRACE] BasicExtractor - extracted value ([employee2_1_0_] : [INTEGER]) - [111]
2021-04-14T09:27:37,303|[TRACE] BasicExtractor - extracted value ([establis3_1_0_] : [TIMESTAMP]) - [1111-11-11 11:11:11.0]
2021-04-14T09:27:37,303|[TRACE] BasicExtractor - extracted value ([name4_1_0_] : [VARCHAR]) - [JUNIT]
2021-04-14T09:27:37,303|[TRACE] BasicExtractor - extracted value ([owner6_1_0_] : [INTEGER]) - [null]
2021-04-14T09:27:37,303|[TRACE] BasicExtractor - extracted value ([privatel5_1_0_] : [BOOLEAN]) - [true]
2021-04-14T09:27:37,303|[DEBUG] SQL - 
    /* delete entity.BloodBank */ delete 
        from
            simplebloodbank.blood_bank 
        where
            bank_id=?
2021-04-14T09:27:37,303|[TRACE] BasicBinder - binding parameter [1] as [INTEGER] - [35]
]]></system-out>
  </testcase>
  <testcase name="testGetWithId" classname="logic.BloodDonationTest" time="0.031">
    <system-out><![CDATA[2021-04-14T09:27:37,303|[DEBUG] EMFactory - getting EntityManagerFactory
2021-04-14T09:27:37,303|[DEBUG] EMFactory - initializeing EntityManagerFactory
2021-04-14T09:27:37,303|[DEBUG] SQL - 
    select
        bloodbank0_.bank_id as bank_id1_1_0_,
        bloodbank0_.employee_count as employee2_1_0_,
        bloodbank0_.established as establis3_1_0_,
        bloodbank0_.name as name4_1_0_,
        bloodbank0_.owner as owner6_1_0_,
        bloodbank0_.privately_owned as privatel5_1_0_ 
    from
        simplebloodbank.blood_bank bloodbank0_ 
    where
        bloodbank0_.bank_id=?
2021-04-14T09:27:37,303|[TRACE] BasicBinder - binding parameter [1] as [INTEGER] - [1]
2021-04-14T09:27:37,303|[DEBUG] SQL - 
    /* insert entity.BloodBank
        */ insert 
        into
            simplebloodbank.blood_bank
            (employee_count, established, name, owner, privately_owned) 
        values
            (?, ?, ?, ?, ?)
2021-04-14T09:27:37,303|[TRACE] BasicBinder - binding parameter [1] as [INTEGER] - [111]
2021-04-14T09:27:37,303|[TRACE] BasicBinder - binding parameter [2] as [TIMESTAMP] - [Sat Nov 11 11:11:11 EST 1111]
2021-04-14T09:27:37,303|[TRACE] BasicBinder - binding parameter [3] as [VARCHAR] - [JUNIT]
2021-04-14T09:27:37,303|[TRACE] BasicBinder - binding parameter [4] as [INTEGER] - [null]
2021-04-14T09:27:37,303|[TRACE] BasicBinder - binding parameter [5] as [BOOLEAN] - [true]
2021-04-14T09:27:37,303|[DEBUG] SQL - 
    /* insert entity.BloodDonation
        */ insert 
        into
            simplebloodbank.blood_donation
            (bank_id, blood_group, created, milliliters, rhd) 
        values
            (?, ?, ?, ?, ?)
2021-04-14T09:27:37,303|[TRACE] BasicBinder - binding parameter [1] as [INTEGER] - [36]
2021-04-14T09:27:37,303|[TRACE] BasicBinder - binding parameter [2] as [VARCHAR] - [AB]
2021-04-14T09:27:37,303|[TRACE] BasicBinder - binding parameter [3] as [TIMESTAMP] - [Sat Nov 11 11:11:11 EST 1111]
2021-04-14T09:27:37,303|[TRACE] BasicBinder - binding parameter [4] as [INTEGER] - [100]
2021-04-14T09:27:37,303|[DEBUG] AttributeConverterSqlTypeDescriptorAdapter - Converted value on binding : Negative -> -
2021-04-14T09:27:37,303|[TRACE] BasicBinder - binding parameter [5] as [VARCHAR] - [-]
2021-04-14T09:27:37,318|[DEBUG] EMFactory - getting EntityManagerFactory
2021-04-14T09:27:37,318|[DEBUG] EMFactory - initializeing EntityManagerFactory
2021-04-14T09:27:37,318|[DEBUG] SQL - 
    /* BloodDonation.findByDonationId */ select
        blooddonat0_.donation_id as donation1_2_,
        blooddonat0_.bank_id as bank_id6_2_,
        blooddonat0_.blood_group as blood_gr2_2_,
        blooddonat0_.created as created3_2_,
        blooddonat0_.milliliters as millilit4_2_,
        blooddonat0_.rhd as rhd5_2_ 
    from
        simplebloodbank.blood_donation blooddonat0_ 
    where
        blooddonat0_.donation_id=?
2021-04-14T09:27:37,318|[TRACE] BasicBinder - binding parameter [1] as [INTEGER] - [18]
2021-04-14T09:27:37,318|[TRACE] BasicExtractor - extracted value ([donation1_2_] : [INTEGER]) - [18]
2021-04-14T09:27:37,318|[TRACE] BasicExtractor - extracted value ([bank_id6_2_] : [INTEGER]) - [36]
2021-04-14T09:27:37,318|[TRACE] BasicExtractor - extracted value ([blood_gr2_2_] : [VARCHAR]) - [AB]
2021-04-14T09:27:37,318|[TRACE] BasicExtractor - extracted value ([created3_2_] : [TIMESTAMP]) - [1111-11-11 11:11:11.0]
2021-04-14T09:27:37,318|[TRACE] BasicExtractor - extracted value ([millilit4_2_] : [INTEGER]) - [100]
2021-04-14T09:27:37,318|[TRACE] BasicExtractor - extracted value ([rhd5_2_] : [VARCHAR]) - [-]
2021-04-14T09:27:37,318|[DEBUG] AttributeConverterSqlTypeDescriptorAdapter - Converted value on extraction: - -> Negative
2021-04-14T09:27:37,318|[DEBUG] SQL - 
    select
        bloodbank0_.bank_id as bank_id1_1_0_,
        bloodbank0_.employee_count as employee2_1_0_,
        bloodbank0_.established as establis3_1_0_,
        bloodbank0_.name as name4_1_0_,
        bloodbank0_.owner as owner6_1_0_,
        bloodbank0_.privately_owned as privatel5_1_0_ 
    from
        simplebloodbank.blood_bank bloodbank0_ 
    where
        bloodbank0_.bank_id=?
2021-04-14T09:27:37,318|[TRACE] BasicBinder - binding parameter [1] as [INTEGER] - [36]
2021-04-14T09:27:37,318|[TRACE] BasicExtractor - extracted value ([employee2_1_0_] : [INTEGER]) - [111]
2021-04-14T09:27:37,318|[TRACE] BasicExtractor - extracted value ([establis3_1_0_] : [TIMESTAMP]) - [1111-11-11 11:11:11.0]
2021-04-14T09:27:37,318|[TRACE] BasicExtractor - extracted value ([name4_1_0_] : [VARCHAR]) - [JUNIT]
2021-04-14T09:27:37,318|[TRACE] BasicExtractor - extracted value ([owner6_1_0_] : [INTEGER]) - [null]
2021-04-14T09:27:37,318|[TRACE] BasicExtractor - extracted value ([privatel5_1_0_] : [BOOLEAN]) - [true]
2021-04-14T09:27:37,318|[DEBUG] EMFactory - getting EntityManagerFactory
2021-04-14T09:27:37,318|[DEBUG] EMFactory - initializeing EntityManagerFactory
2021-04-14T09:27:37,334|[DEBUG] SQL - 
    /* load entity.BloodDonation */ select
        blooddonat0_.donation_id as donation1_2_0_,
        blooddonat0_.bank_id as bank_id6_2_0_,
        blooddonat0_.blood_group as blood_gr2_2_0_,
        blooddonat0_.created as created3_2_0_,
        blooddonat0_.milliliters as millilit4_2_0_,
        blooddonat0_.rhd as rhd5_2_0_ 
    from
        simplebloodbank.blood_donation blooddonat0_ 
    where
        blooddonat0_.donation_id=?
2021-04-14T09:27:37,334|[TRACE] BasicBinder - binding parameter [1] as [INTEGER] - [18]
2021-04-14T09:27:37,334|[TRACE] BasicExtractor - extracted value ([bank_id6_2_0_] : [INTEGER]) - [36]
2021-04-14T09:27:37,334|[TRACE] BasicExtractor - extracted value ([blood_gr2_2_0_] : [VARCHAR]) - [AB]
2021-04-14T09:27:37,334|[TRACE] BasicExtractor - extracted value ([created3_2_0_] : [TIMESTAMP]) - [1111-11-11 11:11:11.0]
2021-04-14T09:27:37,334|[TRACE] BasicExtractor - extracted value ([millilit4_2_0_] : [INTEGER]) - [100]
2021-04-14T09:27:37,334|[TRACE] BasicExtractor - extracted value ([rhd5_2_0_] : [VARCHAR]) - [-]
2021-04-14T09:27:37,334|[DEBUG] AttributeConverterSqlTypeDescriptorAdapter - Converted value on extraction: - -> Negative
2021-04-14T09:27:37,334|[DEBUG] SQL - 
    /* delete entity.BloodDonation */ delete 
        from
            simplebloodbank.blood_donation 
        where
            donation_id=?
2021-04-14T09:27:37,334|[TRACE] BasicBinder - binding parameter [1] as [INTEGER] - [18]
2021-04-14T09:27:37,334|[DEBUG] EMFactory - getting EntityManagerFactory
2021-04-14T09:27:37,334|[DEBUG] EMFactory - initializeing EntityManagerFactory
2021-04-14T09:27:37,334|[DEBUG] SQL - 
    select
        bloodbank0_.bank_id as bank_id1_1_0_,
        bloodbank0_.employee_count as employee2_1_0_,
        bloodbank0_.established as establis3_1_0_,
        bloodbank0_.name as name4_1_0_,
        bloodbank0_.owner as owner6_1_0_,
        bloodbank0_.privately_owned as privatel5_1_0_ 
    from
        simplebloodbank.blood_bank bloodbank0_ 
    where
        bloodbank0_.bank_id=?
2021-04-14T09:27:37,334|[TRACE] BasicBinder - binding parameter [1] as [INTEGER] - [36]
2021-04-14T09:27:37,334|[TRACE] BasicExtractor - extracted value ([employee2_1_0_] : [INTEGER]) - [111]
2021-04-14T09:27:37,334|[TRACE] BasicExtractor - extracted value ([establis3_1_0_] : [TIMESTAMP]) - [1111-11-11 11:11:11.0]
2021-04-14T09:27:37,334|[TRACE] BasicExtractor - extracted value ([name4_1_0_] : [VARCHAR]) - [JUNIT]
2021-04-14T09:27:37,334|[TRACE] BasicExtractor - extracted value ([owner6_1_0_] : [INTEGER]) - [null]
2021-04-14T09:27:37,334|[TRACE] BasicExtractor - extracted value ([privatel5_1_0_] : [BOOLEAN]) - [true]
2021-04-14T09:27:37,334|[DEBUG] SQL - 
    /* delete entity.BloodBank */ delete 
        from
            simplebloodbank.blood_bank 
        where
            bank_id=?
2021-04-14T09:27:37,334|[TRACE] BasicBinder - binding parameter [1] as [INTEGER] - [36]
]]></system-out>
    <system-err><![CDATA[Apr. 14, 2021 9:27:37 A.M. dal.GenericDAL lambda$setParameters$0
INFO: setParameters: donationId=18
]]></system-err>
  </testcase>
</testsuite>