<?xml version="1.0" encoding="UTF-8"?>
<testsuite xmlns:xsi="http://www.w3.org/2001/XMLSchema-instance" xsi:noNamespaceSchemaLocation="https://maven.apache.org/surefire/maven-surefire-plugin/xsd/surefire-test-report-3.0.xsd" version="3.0" name="logic.BloodBankTest" time="0.761" tests="21" errors="0" skipped="0" failures="0">
  <properties>
    <property name="sun.desktop" value="windows"/>
    <property name="awt.toolkit" value="sun.awt.windows.WToolkit"/>
    <property name="netbeans.deploy" value="true"/>
    <property name="java.specification.version" value="11"/>
    <property name="sun.cpu.isalist" value="amd64"/>
    <property name="sun.jnu.encoding" value="Cp1252"/>
    <property name="java.class.path" value="C:\Users\andre\Documents\NetBeansProjects\SimpleBloodBank\target\test-classes;C:\Users\andre\Documents\NetBeansProjects\SimpleBloodBank\target\classes;C:\Users\andre\.m2\repository\org\junit\jupiter\junit-jupiter\5.7.0\junit-jupiter-5.7.0.jar;C:\Users\andre\.m2\repository\org\junit\jupiter\junit-jupiter-api\5.7.0\junit-jupiter-api-5.7.0.jar;C:\Users\andre\.m2\repository\org\apiguardian\apiguardian-api\1.1.0\apiguardian-api-1.1.0.jar;C:\Users\andre\.m2\repository\org\opentest4j\opentest4j\1.2.0\opentest4j-1.2.0.jar;C:\Users\andre\.m2\repository\org\junit\platform\junit-platform-commons\1.7.0\junit-platform-commons-1.7.0.jar;C:\Users\andre\.m2\repository\org\junit\jupiter\junit-jupiter-params\5.7.0\junit-jupiter-params-5.7.0.jar;C:\Users\andre\.m2\repository\org\junit\jupiter\junit-jupiter-engine\5.7.0\junit-jupiter-engine-5.7.0.jar;C:\Users\andre\.m2\repository\org\junit\platform\junit-platform-engine\1.7.0\junit-platform-engine-1.7.0.jar;C:\Users\andre\.m2\repository\org\hamcrest\hamcrest\2.2\hamcrest-2.2.jar;C:\Users\andre\.m2\repository\org\hamcrest\hamcrest-library\2.2\hamcrest-library-2.2.jar;C:\Users\andre\.m2\repository\org\hamcrest\hamcrest-core\2.2\hamcrest-core-2.2.jar;C:\Users\andre\.m2\repository\org\apache\logging\log4j\log4j-api\2.14.0\log4j-api-2.14.0.jar;C:\Users\andre\.m2\repository\org\apache\logging\log4j\log4j-core\2.14.0\log4j-core-2.14.0.jar;C:\Users\andre\.m2\repository\org\hibernate\hibernate-core\5.4.27.Final\hibernate-core-5.4.27.Final.jar;C:\Users\andre\.m2\repository\org\jboss\logging\jboss-logging\3.4.1.Final\jboss-logging-3.4.1.Final.jar;C:\Users\andre\.m2\repository\javax\persistence\javax.persistence-api\2.2\javax.persistence-api-2.2.jar;C:\Users\andre\.m2\repository\org\javassist\javassist\3.27.0-GA\javassist-3.27.0-GA.jar;C:\Users\andre\.m2\repository\net\bytebuddy\byte-buddy\1.10.17\byte-buddy-1.10.17.jar;C:\Users\andre\.m2\repository\antlr\antlr\2.7.7\antlr-2.7.7.jar;C:\Users\andre\.m2\repository\org\jboss\spec\javax\transaction\jboss-transaction-api_1.2_spec\1.1.1.Final\jboss-transaction-api_1.2_spec-1.1.1.Final.jar;C:\Users\andre\.m2\repository\org\jboss\jandex\2.1.3.Final\jandex-2.1.3.Final.jar;C:\Users\andre\.m2\repository\com\fasterxml\classmate\1.5.1\classmate-1.5.1.jar;C:\Users\andre\.m2\repository\javax\activation\javax.activation-api\1.2.0\javax.activation-api-1.2.0.jar;C:\Users\andre\.m2\repository\org\dom4j\dom4j\2.1.3\dom4j-2.1.3.jar;C:\Users\andre\.m2\repository\org\hibernate\common\hibernate-commons-annotations\5.1.2.Final\hibernate-commons-annotations-5.1.2.Final.jar;C:\Users\andre\.m2\repository\javax\xml\bind\jaxb-api\2.3.1\jaxb-api-2.3.1.jar;C:\Users\andre\.m2\repository\org\glassfish\jaxb\jaxb-runtime\2.3.1\jaxb-runtime-2.3.1.jar;C:\Users\andre\.m2\repository\org\glassfish\jaxb\txw2\2.3.1\txw2-2.3.1.jar;C:\Users\andre\.m2\repository\com\sun\istack\istack-commons-runtime\3.0.7\istack-commons-runtime-3.0.7.jar;C:\Users\andre\.m2\repository\org\jvnet\staxex\stax-ex\1.8\stax-ex-1.8.jar;C:\Users\andre\.m2\repository\com\sun\xml\fastinfoset\FastInfoset\1.2.15\FastInfoset-1.2.15.jar;C:\Users\andre\.m2\repository\org\apache\tomcat\embed\tomcat-embed-core\9.0.44\tomcat-embed-core-9.0.44.jar;C:\Users\andre\.m2\repository\org\apache\tomcat\tomcat-annotations-api\9.0.44\tomcat-annotations-api-9.0.44.jar;C:\Users\andre\.m2\repository\org\apache\tomcat\embed\tomcat-embed-jasper\9.0.44\tomcat-embed-jasper-9.0.44.jar;C:\Users\andre\.m2\repository\org\apache\tomcat\embed\tomcat-embed-el\9.0.44\tomcat-embed-el-9.0.44.jar;C:\Users\andre\.m2\repository\org\eclipse\jdt\ecj\3.18.0\ecj-3.18.0.jar;C:\Users\andre\.m2\repository\org\apache\tomcat\tomcat-jdbc\9.0.44\tomcat-jdbc-9.0.44.jar;C:\Users\andre\.m2\repository\org\apache\tomcat\tomcat-juli\9.0.44\tomcat-juli-9.0.44.jar;C:\Users\andre\.m2\repository\jakarta\platform\jakarta.jakartaee-api\8.0.0\jakarta.jakartaee-api-8.0.0.jar;C:\Users\andre\.m2\repository\org\glassfish\web\jakarta.servlet.jsp.jstl\1.2.6\jakarta.servlet.jsp.jstl-1.2.6.jar;C:\Users\andre\.m2\repository\jakarta\servlet\jsp\jstl\jakarta.servlet.jsp.jstl-api\1.2.4\jakarta.servlet.jsp.jstl-api-1.2.4.jar;C:\Users\andre\.m2\repository\jakarta\servlet\jakarta.servlet-api\4.0.2\jakarta.servlet-api-4.0.2.jar;C:\Users\andre\.m2\repository\jakarta\el\jakarta.el-api\3.0.2\jakarta.el-api-3.0.2.jar;C:\Users\andre\.m2\repository\mysql\mysql-connector-java\8.0.23\mysql-connector-java-8.0.23.jar;C:\Users\andre\.m2\repository\com\google\protobuf\protobuf-java\3.11.4\protobuf-java-3.11.4.jar;"/>
    <property name="java.vm.vendor" value="AdoptOpenJDK"/>
    <property name="sun.arch.data.model" value="64"/>
    <property name="user.variant" value=""/>
    <property name="catalina.useNaming" value="true"/>
    <property name="java.vendor.url" value="https://adoptopenjdk.net/"/>
    <property name="user.timezone" value="America/New_York"/>
    <property name="java.vm.specification.version" value="11"/>
    <property name="os.name" value="Windows 10"/>
    <property name="user.country" value="CA"/>
    <property name="sun.java.launcher" value="SUN_STANDARD"/>
    <property name="sun.boot.library.path" value="C:\Program Files\AdoptOpenJDK\jdk-11.0.9.101-hotspot\bin"/>
    <property name="sun.java.command" value="C:\Users\andre\AppData\Local\Temp\surefire16665708190013614202\surefirebooter11861376298498430215.jar C:\Users\andre\AppData\Local\Temp\surefire16665708190013614202 2021-04-14T14-36-06_223-jvmRun1 surefire8193044273710442231tmp surefire_014914814392122935927tmp"/>
    <property name="jdk.debug" value="release"/>
    <property name="surefire.test.class.path" value="C:\Users\andre\Documents\NetBeansProjects\SimpleBloodBank\target\test-classes;C:\Users\andre\Documents\NetBeansProjects\SimpleBloodBank\target\classes;C:\Users\andre\.m2\repository\org\junit\jupiter\junit-jupiter\5.7.0\junit-jupiter-5.7.0.jar;C:\Users\andre\.m2\repository\org\junit\jupiter\junit-jupiter-api\5.7.0\junit-jupiter-api-5.7.0.jar;C:\Users\andre\.m2\repository\org\apiguardian\apiguardian-api\1.1.0\apiguardian-api-1.1.0.jar;C:\Users\andre\.m2\repository\org\opentest4j\opentest4j\1.2.0\opentest4j-1.2.0.jar;C:\Users\andre\.m2\repository\org\junit\platform\junit-platform-commons\1.7.0\junit-platform-commons-1.7.0.jar;C:\Users\andre\.m2\repository\org\junit\jupiter\junit-jupiter-params\5.7.0\junit-jupiter-params-5.7.0.jar;C:\Users\andre\.m2\repository\org\junit\jupiter\junit-jupiter-engine\5.7.0\junit-jupiter-engine-5.7.0.jar;C:\Users\andre\.m2\repository\org\junit\platform\junit-platform-engine\1.7.0\junit-platform-engine-1.7.0.jar;C:\Users\andre\.m2\repository\org\hamcrest\hamcrest\2.2\hamcrest-2.2.jar;C:\Users\andre\.m2\repository\org\hamcrest\hamcrest-library\2.2\hamcrest-library-2.2.jar;C:\Users\andre\.m2\repository\org\hamcrest\hamcrest-core\2.2\hamcrest-core-2.2.jar;C:\Users\andre\.m2\repository\org\apache\logging\log4j\log4j-api\2.14.0\log4j-api-2.14.0.jar;C:\Users\andre\.m2\repository\org\apache\logging\log4j\log4j-core\2.14.0\log4j-core-2.14.0.jar;C:\Users\andre\.m2\repository\org\hibernate\hibernate-core\5.4.27.Final\hibernate-core-5.4.27.Final.jar;C:\Users\andre\.m2\repository\org\jboss\logging\jboss-logging\3.4.1.Final\jboss-logging-3.4.1.Final.jar;C:\Users\andre\.m2\repository\javax\persistence\javax.persistence-api\2.2\javax.persistence-api-2.2.jar;C:\Users\andre\.m2\repository\org\javassist\javassist\3.27.0-GA\javassist-3.27.0-GA.jar;C:\Users\andre\.m2\repository\net\bytebuddy\byte-buddy\1.10.17\byte-buddy-1.10.17.jar;C:\Users\andre\.m2\repository\antlr\antlr\2.7.7\antlr-2.7.7.jar;C:\Users\andre\.m2\repository\org\jboss\spec\javax\transaction\jboss-transaction-api_1.2_spec\1.1.1.Final\jboss-transaction-api_1.2_spec-1.1.1.Final.jar;C:\Users\andre\.m2\repository\org\jboss\jandex\2.1.3.Final\jandex-2.1.3.Final.jar;C:\Users\andre\.m2\repository\com\fasterxml\classmate\1.5.1\classmate-1.5.1.jar;C:\Users\andre\.m2\repository\javax\activation\javax.activation-api\1.2.0\javax.activation-api-1.2.0.jar;C:\Users\andre\.m2\repository\org\dom4j\dom4j\2.1.3\dom4j-2.1.3.jar;C:\Users\andre\.m2\repository\org\hibernate\common\hibernate-commons-annotations\5.1.2.Final\hibernate-commons-annotations-5.1.2.Final.jar;C:\Users\andre\.m2\repository\javax\xml\bind\jaxb-api\2.3.1\jaxb-api-2.3.1.jar;C:\Users\andre\.m2\repository\org\glassfish\jaxb\jaxb-runtime\2.3.1\jaxb-runtime-2.3.1.jar;C:\Users\andre\.m2\repository\org\glassfish\jaxb\txw2\2.3.1\txw2-2.3.1.jar;C:\Users\andre\.m2\repository\com\sun\istack\istack-commons-runtime\3.0.7\istack-commons-runtime-3.0.7.jar;C:\Users\andre\.m2\repository\org\jvnet\staxex\stax-ex\1.8\stax-ex-1.8.jar;C:\Users\andre\.m2\repository\com\sun\xml\fastinfoset\FastInfoset\1.2.15\FastInfoset-1.2.15.jar;C:\Users\andre\.m2\repository\org\apache\tomcat\embed\tomcat-embed-core\9.0.44\tomcat-embed-core-9.0.44.jar;C:\Users\andre\.m2\repository\org\apache\tomcat\tomcat-annotations-api\9.0.44\tomcat-annotations-api-9.0.44.jar;C:\Users\andre\.m2\repository\org\apache\tomcat\embed\tomcat-embed-jasper\9.0.44\tomcat-embed-jasper-9.0.44.jar;C:\Users\andre\.m2\repository\org\apache\tomcat\embed\tomcat-embed-el\9.0.44\tomcat-embed-el-9.0.44.jar;C:\Users\andre\.m2\repository\org\eclipse\jdt\ecj\3.18.0\ecj-3.18.0.jar;C:\Users\andre\.m2\repository\org\apache\tomcat\tomcat-jdbc\9.0.44\tomcat-jdbc-9.0.44.jar;C:\Users\andre\.m2\repository\org\apache\tomcat\tomcat-juli\9.0.44\tomcat-juli-9.0.44.jar;C:\Users\andre\.m2\repository\jakarta\platform\jakarta.jakartaee-api\8.0.0\jakarta.jakartaee-api-8.0.0.jar;C:\Users\andre\.m2\repository\org\glassfish\web\jakarta.servlet.jsp.jstl\1.2.6\jakarta.servlet.jsp.jstl-1.2.6.jar;C:\Users\andre\.m2\repository\jakarta\servlet\jsp\jstl\jakarta.servlet.jsp.jstl-api\1.2.4\jakarta.servlet.jsp.jstl-api-1.2.4.jar;C:\Users\andre\.m2\repository\jakarta\servlet\jakarta.servlet-api\4.0.2\jakarta.servlet-api-4.0.2.jar;C:\Users\andre\.m2\repository\jakarta\el\jakarta.el-api\3.0.2\jakarta.el-api-3.0.2.jar;C:\Users\andre\.m2\repository\mysql\mysql-connector-java\8.0.23\mysql-connector-java-8.0.23.jar;C:\Users\andre\.m2\repository\com\google\protobuf\protobuf-java\3.11.4\protobuf-java-3.11.4.jar;"/>
    <property name="sun.cpu.endian" value="little"/>
    <property name="user.home" value="C:\Users\andre"/>
    <property name="user.language" value="en"/>
    <property name="java.specification.vendor" value="Oracle Corporation"/>
    <property name="java.naming.factory.url.pkgs" value="org.apache.naming"/>
    <property name="java.version.date" value="2020-11-04"/>
    <property name="java.home" value="C:\Program Files\AdoptOpenJDK\jdk-11.0.9.101-hotspot"/>
    <property name="file.separator" value="\"/>
    <property name="basedir" value="C:\Users\andre\Documents\NetBeansProjects\SimpleBloodBank"/>
    <property name="java.vm.compressedOopsMode" value="32-bit"/>
    <property name="line.separator" value="&#10;"/>
    <property name="java.specification.name" value="Java Platform API Specification"/>
    <property name="java.vm.specification.vendor" value="Oracle Corporation"/>
    <property name="java.awt.graphicsenv" value="sun.awt.Win32GraphicsEnvironment"/>
    <property name="surefire.real.class.path" value="C:\Users\andre\AppData\Local\Temp\surefire16665708190013614202\surefirebooter11861376298498430215.jar"/>
    <property name="user.script" value=""/>
    <property name="sun.management.compiler" value="HotSpot 64-Bit Tiered Compilers"/>
    <property name="java.runtime.version" value="11.0.9.1+1"/>
    <property name="java.naming.factory.initial" value="org.apache.naming.java.javaURLContextFactory"/>
    <property name="user.name" value="dynonomous"/>
    <property name="path.separator" value=";"/>
    <property name="os.version" value="10.0"/>
    <property name="java.runtime.name" value="OpenJDK Runtime Environment"/>
    <property name="file.encoding" value="UTF-8"/>
    <property name="java.vm.name" value="OpenJDK 64-Bit Server VM"/>
    <property name="java.vendor.version" value="AdoptOpenJDK"/>
    <property name="maven.ext.class.path" value="C:\Program Files\NetBeans-12.0\netbeans\java\maven-nblib\netbeans-eventspy.jar"/>
    <property name="localRepository" value="C:\Users\andre\.m2\repository"/>
    <property name="java.vendor.url.bug" value="https://github.com/AdoptOpenJDK/openjdk-support/issues"/>
    <property name="java.io.tmpdir" value="C:\Users\andre\AppData\Local\Temp\"/>
    <property name="catalina.home" value="C:\Users\andre\Documents\NetBeansProjects\SimpleBloodBank\tomcat.8080"/>
    <property name="java.version" value="11.0.9.1"/>
    <property name="user.dir" value="C:\Users\andre\Documents\NetBeansProjects\SimpleBloodBank"/>
    <property name="os.arch" value="amd64"/>
    <property name="java.vm.specification.name" value="Java Virtual Machine Specification"/>
    <property name="java.awt.printerjob" value="sun.awt.windows.WPrinterJob"/>
    <property name="sun.os.patch.level" value=""/>
    <property name="catalina.base" value="C:\Users\andre\Documents\NetBeansProjects\SimpleBloodBank\tomcat.8080"/>
    <property name="java.library.path" value="C:\Program Files\AdoptOpenJDK\jdk-11.0.9.101-hotspot\bin;C:\WINDOWS\Sun\Java\bin;C:\WINDOWS\system32;C:\WINDOWS;C:\Program Files\AdoptOpenJDK\jdk-11.0.9.101-hotspot\bin;C:\app\dynonomous\product\18.0.0\dbhomeXE\bin;C:\Program Files\Microsoft MPI\Bin\;C:\Program Files (x86)\Common Files\Oracle\Java\javapath;C:\Program Files\AdoptOpenJDK\jdk-11.0.9.101-hotspot\\bin;C:\Windows\system32;C:\Windows;C:\Windows\System32\Wbem;C:\Windows\System32\WindowsPowerShell\v1.0\;C:\Windows\System32\OpenSSH\;C:\Program Files (x86)\NVIDIA Corporation\PhysX\Common;C:\Program Files\NVIDIA Corporation\NVIDIA NvDLISR;C:\Program Files\Intel\WiFi\bin\;C:\Program Files\Common Files\Intel\WirelessCommon\;C:\WINDOWS\system32;C:\WINDOWS;C:\WINDOWS\System32\Wbem;C:\WINDOWS\System32\WindowsPowerShell\v1.0\;C:\WINDOWS\System32\OpenSSH\;C:\Program Files (x86)\pgmodeler;C:\Program Files\Git\cmd;C:\Program Files\Java\jdk1.8.0_261\bin;C:\Program Files (x86)\Microsoft SQL Server\150\Tools\Binn\;C:\Program Files\Microsoft SQL Server\150\Tools\Binn\;C:\Program Files (x86)\Microsoft SQL Server\150\DTS\Binn\;C:\Program Files\Microsoft SQL Server\150\DTS\Binn\;C:\Program Files\Microsoft SQL Server\Client SDK\ODBC\170\Tools\Binn\;C:\Users\andre\javafx-sdk-11.0.2\bin;C:\Users\andre\.cargo\bin;C:\Users\andre\AppData\Local\Microsoft\WindowsApps;C:\Program Files\Intel\WiFi\bin\;C:\Program Files\Common Files\Intel\WirelessCommon\;;C:\Program Files\JetBrains\IntelliJ IDEA Community Edition 2020.2\bin;;."/>
    <property name="java.vm.info" value="mixed mode"/>
    <property name="java.vendor" value="AdoptOpenJDK"/>
    <property name="java.vm.version" value="11.0.9.1+1"/>
    <property name="sun.io.unicode.encoding" value="UnicodeLittle"/>
    <property name="java.class.version" value="55.0"/>
  </properties>
  <testcase name="testCreateEntity" classname="logic.BloodBankTest" time="0.065">
    <system-out><![CDATA[2021-04-14T14:36:11,695|[DEBUG] EMFactory - getting EntityManagerFactory
2021-04-14T14:36:11,695|[DEBUG] EMFactory - initializeing EntityManagerFactory
2021-04-14T14:36:11,696|[DEBUG] SQL - 
    select
        person0_.id as id1_4_0_,
        person0_.address as address2_4_0_,
        person0_.birth as birth3_4_0_,
        person0_.first_name as first_na4_4_0_,
        person0_.last_name as last_nam5_4_0_,
        person0_.phone as phone6_4_0_ 
    from
        simplebloodbank.person person0_ 
    where
        person0_.id=?
2021-04-14T14:36:11,696|[TRACE] BasicBinder - binding parameter [1] as [INTEGER] - [2]
2021-04-14T14:36:11,701|[DEBUG] SQL - 
    /* insert entity.Person
        */ insert 
        into
            simplebloodbank.person
            (address, birth, first_name, last_name, phone) 
        values
            (?, ?, ?, ?, ?)
2021-04-14T14:36:11,701|[TRACE] BasicBinder - binding parameter [1] as [VARCHAR] - [123 Road Street]
2021-04-14T14:36:11,702|[TRACE] BasicBinder - binding parameter [2] as [TIMESTAMP] - [Sun Mar 01 00:00:00 EST 2020]
2021-04-14T14:36:11,703|[TRACE] BasicBinder - binding parameter [3] as [VARCHAR] - [Clark]
2021-04-14T14:36:11,703|[TRACE] BasicBinder - binding parameter [4] as [VARCHAR] - [Kent]
2021-04-14T14:36:11,703|[TRACE] BasicBinder - binding parameter [5] as [VARCHAR] - [613-316-1361]
2021-04-14T14:36:11,706|[DEBUG] SQL - 
    /* insert entity.BloodBank
        */ insert 
        into
            simplebloodbank.blood_bank
            (employee_count, established, name, owner, privately_owned) 
        values
            (?, ?, ?, ?, ?)
2021-04-14T14:36:11,706|[TRACE] BasicBinder - binding parameter [1] as [INTEGER] - [5]
2021-04-14T14:36:11,706|[TRACE] BasicBinder - binding parameter [2] as [TIMESTAMP] - [Wed Dec 12 00:00:00 EST 1212]
2021-04-14T14:36:11,706|[TRACE] BasicBinder - binding parameter [3] as [VARCHAR] - [test name]
2021-04-14T14:36:11,706|[TRACE] BasicBinder - binding parameter [4] as [INTEGER] - [2]
2021-04-14T14:36:11,707|[TRACE] BasicBinder - binding parameter [5] as [BOOLEAN] - [true]
2021-04-14T14:36:11,721|[DEBUG] EMFactory - getting EntityManagerFactory
2021-04-14T14:36:11,721|[DEBUG] EMFactory - initializeing EntityManagerFactory
2021-04-14T14:36:11,721|[DEBUG] SQL - 
    select
        person0_.id as id1_4_0_,
        person0_.address as address2_4_0_,
        person0_.birth as birth3_4_0_,
        person0_.first_name as first_na4_4_0_,
        person0_.last_name as last_nam5_4_0_,
        person0_.phone as phone6_4_0_ 
    from
        simplebloodbank.person person0_ 
    where
        person0_.id=?
2021-04-14T14:36:11,722|[TRACE] BasicBinder - binding parameter [1] as [INTEGER] - [2]
2021-04-14T14:36:11,723|[TRACE] BasicExtractor - extracted value ([address2_4_0_] : [VARCHAR]) - [123 Road Street]
2021-04-14T14:36:11,723|[TRACE] BasicExtractor - extracted value ([birth3_4_0_] : [TIMESTAMP]) - [2020-03-01 00:00:00.0]
2021-04-14T14:36:11,723|[TRACE] BasicExtractor - extracted value ([first_na4_4_0_] : [VARCHAR]) - [Clark]
2021-04-14T14:36:11,723|[TRACE] BasicExtractor - extracted value ([last_nam5_4_0_] : [VARCHAR]) - [Kent]
2021-04-14T14:36:11,723|[TRACE] BasicExtractor - extracted value ([phone6_4_0_] : [VARCHAR]) - [613-316-1361]
2021-04-14T14:36:11,725|[DEBUG] SQL - 
    /* load entity.BloodBank */ select
        bloodbank0_.bank_id as bank_id1_1_0_,
        bloodbank0_.employee_count as employee2_1_0_,
        bloodbank0_.established as establis3_1_0_,
        bloodbank0_.name as name4_1_0_,
        bloodbank0_.owner as owner6_1_0_,
        bloodbank0_.privately_owned as privatel5_1_0_ 
    from
        simplebloodbank.blood_bank bloodbank0_ 
    where
        bloodbank0_.owner=?
2021-04-14T14:36:11,725|[TRACE] BasicBinder - binding parameter [1] as [INTEGER] - [2]
2021-04-14T14:36:11,726|[TRACE] BasicExtractor - extracted value ([bank_id1_1_0_] : [INTEGER]) - [1]
2021-04-14T14:36:11,726|[TRACE] BasicExtractor - extracted value ([employee2_1_0_] : [INTEGER]) - [5]
2021-04-14T14:36:11,726|[TRACE] BasicExtractor - extracted value ([establis3_1_0_] : [TIMESTAMP]) - [1212-12-12 00:00:00.0]
2021-04-14T14:36:11,726|[TRACE] BasicExtractor - extracted value ([name4_1_0_] : [VARCHAR]) - [test name]
2021-04-14T14:36:11,726|[TRACE] BasicExtractor - extracted value ([owner6_1_0_] : [INTEGER]) - [2]
2021-04-14T14:36:11,727|[TRACE] BasicExtractor - extracted value ([privatel5_1_0_] : [BOOLEAN]) - [true]
2021-04-14T14:36:11,727|[DEBUG] EMFactory - getting EntityManagerFactory
2021-04-14T14:36:11,727|[DEBUG] EMFactory - initializeing EntityManagerFactory
2021-04-14T14:36:11,728|[DEBUG] SQL - 
    /* load entity.BloodBank */ select
        bloodbank0_.bank_id as bank_id1_1_0_,
        bloodbank0_.employee_count as employee2_1_0_,
        bloodbank0_.established as establis3_1_0_,
        bloodbank0_.name as name4_1_0_,
        bloodbank0_.owner as owner6_1_0_,
        bloodbank0_.privately_owned as privatel5_1_0_ 
    from
        simplebloodbank.blood_bank bloodbank0_ 
    where
        bloodbank0_.bank_id=?
2021-04-14T14:36:11,728|[TRACE] BasicBinder - binding parameter [1] as [INTEGER] - [1]
2021-04-14T14:36:11,729|[TRACE] BasicExtractor - extracted value ([employee2_1_0_] : [INTEGER]) - [5]
2021-04-14T14:36:11,729|[TRACE] BasicExtractor - extracted value ([establis3_1_0_] : [TIMESTAMP]) - [1212-12-12 00:00:00.0]
2021-04-14T14:36:11,729|[TRACE] BasicExtractor - extracted value ([name4_1_0_] : [VARCHAR]) - [test name]
2021-04-14T14:36:11,729|[TRACE] BasicExtractor - extracted value ([owner6_1_0_] : [INTEGER]) - [2]
2021-04-14T14:36:11,729|[TRACE] BasicExtractor - extracted value ([privatel5_1_0_] : [BOOLEAN]) - [true]
2021-04-14T14:36:11,736|[DEBUG] SQL - 
    select
        blooddonat0_.bank_id as bank_id6_2_0_,
        blooddonat0_.donation_id as donation1_2_0_,
        blooddonat0_.donation_id as donation1_2_1_,
        blooddonat0_.bank_id as bank_id6_2_1_,
        blooddonat0_.blood_group as blood_gr2_2_1_,
        blooddonat0_.created as created3_2_1_,
        blooddonat0_.milliliters as millilit4_2_1_,
        blooddonat0_.rhd as rhd5_2_1_ 
    from
        simplebloodbank.blood_donation blooddonat0_ 
    where
        blooddonat0_.bank_id=?
2021-04-14T14:36:11,736|[TRACE] BasicBinder - binding parameter [1] as [INTEGER] - [1]
2021-04-14T14:36:11,740|[DEBUG] SQL - 
    /* delete entity.BloodBank */ delete 
        from
            simplebloodbank.blood_bank 
        where
            bank_id=?
2021-04-14T14:36:11,740|[TRACE] BasicBinder - binding parameter [1] as [INTEGER] - [1]
2021-04-14T14:36:11,746|[DEBUG] EMFactory - getting EntityManagerFactory
2021-04-14T14:36:11,746|[DEBUG] EMFactory - initializeing EntityManagerFactory
2021-04-14T14:36:11,746|[DEBUG] SQL - 
    /* load entity.BloodBank */ select
        bloodbank0_.bank_id as bank_id1_1_0_,
        bloodbank0_.employee_count as employee2_1_0_,
        bloodbank0_.established as establis3_1_0_,
        bloodbank0_.name as name4_1_0_,
        bloodbank0_.owner as owner6_1_0_,
        bloodbank0_.privately_owned as privatel5_1_0_ 
    from
        simplebloodbank.blood_bank bloodbank0_ 
    where
        bloodbank0_.bank_id=?
2021-04-14T14:36:11,747|[TRACE] BasicBinder - binding parameter [1] as [INTEGER] - [1]
2021-04-14T14:36:11,747|[DEBUG] SQL - 
    /* insert entity.BloodBank
        */ insert 
        into
            simplebloodbank.blood_bank
            (employee_count, established, name, owner, privately_owned) 
        values
            (?, ?, ?, ?, ?)
2021-04-14T14:36:11,748|[TRACE] BasicBinder - binding parameter [1] as [INTEGER] - [5]
2021-04-14T14:36:11,748|[TRACE] BasicBinder - binding parameter [2] as [TIMESTAMP] - [Wed Dec 12 00:00:00 EST 1212]
2021-04-14T14:36:11,748|[TRACE] BasicBinder - binding parameter [3] as [VARCHAR] - [test name]
2021-04-14T14:36:11,748|[TRACE] BasicBinder - binding parameter [4] as [INTEGER] - [2]
2021-04-14T14:36:11,748|[TRACE] BasicBinder - binding parameter [5] as [BOOLEAN] - [true]
2021-04-14T14:36:11,749|[DEBUG] SQL - 
    /* delete entity.BloodBank */ delete 
        from
            simplebloodbank.blood_bank 
        where
            bank_id=?
2021-04-14T14:36:11,749|[TRACE] BasicBinder - binding parameter [1] as [INTEGER] - [2]
2021-04-14T14:36:11,753|[DEBUG] EMFactory - getting EntityManagerFactory
2021-04-14T14:36:11,753|[DEBUG] EMFactory - initializeing EntityManagerFactory
2021-04-14T14:36:11,753|[DEBUG] SQL - 
    select
        person0_.id as id1_4_0_,
        person0_.address as address2_4_0_,
        person0_.birth as birth3_4_0_,
        person0_.first_name as first_na4_4_0_,
        person0_.last_name as last_nam5_4_0_,
        person0_.phone as phone6_4_0_ 
    from
        simplebloodbank.person person0_ 
    where
        person0_.id=?
2021-04-14T14:36:11,754|[TRACE] BasicBinder - binding parameter [1] as [INTEGER] - [2]
2021-04-14T14:36:11,754|[TRACE] BasicExtractor - extracted value ([address2_4_0_] : [VARCHAR]) - [123 Road Street]
2021-04-14T14:36:11,754|[TRACE] BasicExtractor - extracted value ([birth3_4_0_] : [TIMESTAMP]) - [2020-03-01 00:00:00.0]
2021-04-14T14:36:11,754|[TRACE] BasicExtractor - extracted value ([first_na4_4_0_] : [VARCHAR]) - [Clark]
2021-04-14T14:36:11,755|[TRACE] BasicExtractor - extracted value ([last_nam5_4_0_] : [VARCHAR]) - [Kent]
2021-04-14T14:36:11,755|[TRACE] BasicExtractor - extracted value ([phone6_4_0_] : [VARCHAR]) - [613-316-1361]
2021-04-14T14:36:11,755|[DEBUG] SQL - 
    /* load entity.BloodBank */ select
        bloodbank0_.bank_id as bank_id1_1_0_,
        bloodbank0_.employee_count as employee2_1_0_,
        bloodbank0_.established as establis3_1_0_,
        bloodbank0_.name as name4_1_0_,
        bloodbank0_.owner as owner6_1_0_,
        bloodbank0_.privately_owned as privatel5_1_0_ 
    from
        simplebloodbank.blood_bank bloodbank0_ 
    where
        bloodbank0_.owner=?
2021-04-14T14:36:11,755|[TRACE] BasicBinder - binding parameter [1] as [INTEGER] - [2]
2021-04-14T14:36:11,756|[DEBUG] SQL - 
    /* delete entity.Person */ delete 
        from
            simplebloodbank.person 
        where
            id=?
2021-04-14T14:36:11,756|[TRACE] BasicBinder - binding parameter [1] as [INTEGER] - [2]
]]></system-out>
  </testcase>
  <testcase name="testGetEstablished" classname="logic.BloodBankTest" time="0.023">
    <system-out><![CDATA[2021-04-14T14:36:11,760|[DEBUG] EMFactory - getting EntityManagerFactory
2021-04-14T14:36:11,760|[DEBUG] EMFactory - initializeing EntityManagerFactory
2021-04-14T14:36:11,760|[DEBUG] SQL - 
    select
        person0_.id as id1_4_0_,
        person0_.address as address2_4_0_,
        person0_.birth as birth3_4_0_,
        person0_.first_name as first_na4_4_0_,
        person0_.last_name as last_nam5_4_0_,
        person0_.phone as phone6_4_0_ 
    from
        simplebloodbank.person person0_ 
    where
        person0_.id=?
2021-04-14T14:36:11,761|[TRACE] BasicBinder - binding parameter [1] as [INTEGER] - [2]
2021-04-14T14:36:11,761|[DEBUG] SQL - 
    /* insert entity.Person
        */ insert 
        into
            simplebloodbank.person
            (address, birth, first_name, last_name, phone) 
        values
            (?, ?, ?, ?, ?)
2021-04-14T14:36:11,761|[TRACE] BasicBinder - binding parameter [1] as [VARCHAR] - [123 Road Street]
2021-04-14T14:36:11,761|[TRACE] BasicBinder - binding parameter [2] as [TIMESTAMP] - [Sun Mar 01 00:00:00 EST 2020]
2021-04-14T14:36:11,762|[TRACE] BasicBinder - binding parameter [3] as [VARCHAR] - [Clark]
2021-04-14T14:36:11,762|[TRACE] BasicBinder - binding parameter [4] as [VARCHAR] - [Kent]
2021-04-14T14:36:11,762|[TRACE] BasicBinder - binding parameter [5] as [VARCHAR] - [613-316-1361]
2021-04-14T14:36:11,763|[DEBUG] SQL - 
    /* insert entity.BloodBank
        */ insert 
        into
            simplebloodbank.blood_bank
            (employee_count, established, name, owner, privately_owned) 
        values
            (?, ?, ?, ?, ?)
2021-04-14T14:36:11,763|[TRACE] BasicBinder - binding parameter [1] as [INTEGER] - [5]
2021-04-14T14:36:11,763|[TRACE] BasicBinder - binding parameter [2] as [TIMESTAMP] - [Wed Dec 12 00:00:00 EST 1212]
2021-04-14T14:36:11,763|[TRACE] BasicBinder - binding parameter [3] as [VARCHAR] - [test name]
2021-04-14T14:36:11,763|[TRACE] BasicBinder - binding parameter [4] as [INTEGER] - [3]
2021-04-14T14:36:11,763|[TRACE] BasicBinder - binding parameter [5] as [BOOLEAN] - [true]
2021-04-14T14:36:11,767|[DEBUG] EMFactory - getting EntityManagerFactory
2021-04-14T14:36:11,767|[DEBUG] EMFactory - initializeing EntityManagerFactory
2021-04-14T14:36:11,768|[DEBUG] SQL - 
    /* load entity.BloodBank */ select
        bloodbank0_.bank_id as bank_id1_1_0_,
        bloodbank0_.employee_count as employee2_1_0_,
        bloodbank0_.established as establis3_1_0_,
        bloodbank0_.name as name4_1_0_,
        bloodbank0_.owner as owner6_1_0_,
        bloodbank0_.privately_owned as privatel5_1_0_ 
    from
        simplebloodbank.blood_bank bloodbank0_ 
    where
        bloodbank0_.bank_id=?
2021-04-14T14:36:11,768|[TRACE] BasicBinder - binding parameter [1] as [INTEGER] - [3]
2021-04-14T14:36:11,769|[TRACE] BasicExtractor - extracted value ([employee2_1_0_] : [INTEGER]) - [5]
2021-04-14T14:36:11,769|[TRACE] BasicExtractor - extracted value ([establis3_1_0_] : [TIMESTAMP]) - [1212-12-12 00:00:00.0]
2021-04-14T14:36:11,769|[TRACE] BasicExtractor - extracted value ([name4_1_0_] : [VARCHAR]) - [test name]
2021-04-14T14:36:11,769|[TRACE] BasicExtractor - extracted value ([owner6_1_0_] : [INTEGER]) - [3]
2021-04-14T14:36:11,769|[TRACE] BasicExtractor - extracted value ([privatel5_1_0_] : [BOOLEAN]) - [true]
2021-04-14T14:36:11,769|[DEBUG] SQL - 
    select
        blooddonat0_.bank_id as bank_id6_2_0_,
        blooddonat0_.donation_id as donation1_2_0_,
        blooddonat0_.donation_id as donation1_2_1_,
        blooddonat0_.bank_id as bank_id6_2_1_,
        blooddonat0_.blood_group as blood_gr2_2_1_,
        blooddonat0_.created as created3_2_1_,
        blooddonat0_.milliliters as millilit4_2_1_,
        blooddonat0_.rhd as rhd5_2_1_ 
    from
        simplebloodbank.blood_donation blooddonat0_ 
    where
        blooddonat0_.bank_id=?
2021-04-14T14:36:11,769|[TRACE] BasicBinder - binding parameter [1] as [INTEGER] - [3]
2021-04-14T14:36:11,770|[DEBUG] SQL - 
    /* delete entity.BloodBank */ delete 
        from
            simplebloodbank.blood_bank 
        where
            bank_id=?
2021-04-14T14:36:11,770|[TRACE] BasicBinder - binding parameter [1] as [INTEGER] - [3]
2021-04-14T14:36:11,775|[DEBUG] EMFactory - getting EntityManagerFactory
2021-04-14T14:36:11,775|[DEBUG] EMFactory - initializeing EntityManagerFactory
2021-04-14T14:36:11,775|[DEBUG] SQL - 
    /* load entity.BloodBank */ select
        bloodbank0_.bank_id as bank_id1_1_0_,
        bloodbank0_.employee_count as employee2_1_0_,
        bloodbank0_.established as establis3_1_0_,
        bloodbank0_.name as name4_1_0_,
        bloodbank0_.owner as owner6_1_0_,
        bloodbank0_.privately_owned as privatel5_1_0_ 
    from
        simplebloodbank.blood_bank bloodbank0_ 
    where
        bloodbank0_.bank_id=?
2021-04-14T14:36:11,775|[TRACE] BasicBinder - binding parameter [1] as [INTEGER] - [3]
2021-04-14T14:36:11,776|[DEBUG] SQL - 
    /* insert entity.BloodBank
        */ insert 
        into
            simplebloodbank.blood_bank
            (employee_count, established, name, owner, privately_owned) 
        values
            (?, ?, ?, ?, ?)
2021-04-14T14:36:11,776|[TRACE] BasicBinder - binding parameter [1] as [INTEGER] - [5]
2021-04-14T14:36:11,776|[TRACE] BasicBinder - binding parameter [2] as [TIMESTAMP] - [Wed Dec 12 00:00:00 EST 1212]
2021-04-14T14:36:11,776|[TRACE] BasicBinder - binding parameter [3] as [VARCHAR] - [test name]
2021-04-14T14:36:11,776|[TRACE] BasicBinder - binding parameter [4] as [INTEGER] - [3]
2021-04-14T14:36:11,776|[TRACE] BasicBinder - binding parameter [5] as [BOOLEAN] - [true]
2021-04-14T14:36:11,777|[DEBUG] SQL - 
    /* delete entity.BloodBank */ delete 
        from
            simplebloodbank.blood_bank 
        where
            bank_id=?
2021-04-14T14:36:11,777|[TRACE] BasicBinder - binding parameter [1] as [INTEGER] - [4]
2021-04-14T14:36:11,781|[DEBUG] EMFactory - getting EntityManagerFactory
2021-04-14T14:36:11,781|[DEBUG] EMFactory - initializeing EntityManagerFactory
2021-04-14T14:36:11,782|[DEBUG] SQL - 
    select
        person0_.id as id1_4_0_,
        person0_.address as address2_4_0_,
        person0_.birth as birth3_4_0_,
        person0_.first_name as first_na4_4_0_,
        person0_.last_name as last_nam5_4_0_,
        person0_.phone as phone6_4_0_ 
    from
        simplebloodbank.person person0_ 
    where
        person0_.id=?
2021-04-14T14:36:11,782|[TRACE] BasicBinder - binding parameter [1] as [INTEGER] - [2]
]]></system-out>
  </testcase>
  <testcase name="testGetOwner" classname="logic.BloodBankTest" time="0.023">
    <system-out><![CDATA[2021-04-14T14:36:11,783|[DEBUG] EMFactory - getting EntityManagerFactory
2021-04-14T14:36:11,784|[DEBUG] EMFactory - initializeing EntityManagerFactory
2021-04-14T14:36:11,784|[DEBUG] SQL - 
    select
        person0_.id as id1_4_0_,
        person0_.address as address2_4_0_,
        person0_.birth as birth3_4_0_,
        person0_.first_name as first_na4_4_0_,
        person0_.last_name as last_nam5_4_0_,
        person0_.phone as phone6_4_0_ 
    from
        simplebloodbank.person person0_ 
    where
        person0_.id=?
2021-04-14T14:36:11,784|[TRACE] BasicBinder - binding parameter [1] as [INTEGER] - [2]
2021-04-14T14:36:11,785|[DEBUG] SQL - 
    /* insert entity.Person
        */ insert 
        into
            simplebloodbank.person
            (address, birth, first_name, last_name, phone) 
        values
            (?, ?, ?, ?, ?)
2021-04-14T14:36:11,785|[TRACE] BasicBinder - binding parameter [1] as [VARCHAR] - [123 Road Street]
2021-04-14T14:36:11,785|[TRACE] BasicBinder - binding parameter [2] as [TIMESTAMP] - [Sun Mar 01 00:00:00 EST 2020]
2021-04-14T14:36:11,785|[TRACE] BasicBinder - binding parameter [3] as [VARCHAR] - [Clark]
2021-04-14T14:36:11,785|[TRACE] BasicBinder - binding parameter [4] as [VARCHAR] - [Kent]
2021-04-14T14:36:11,785|[TRACE] BasicBinder - binding parameter [5] as [VARCHAR] - [613-316-1361]
2021-04-14T14:36:11,786|[DEBUG] SQL - 
    /* insert entity.BloodBank
        */ insert 
        into
            simplebloodbank.blood_bank
            (employee_count, established, name, owner, privately_owned) 
        values
            (?, ?, ?, ?, ?)
2021-04-14T14:36:11,786|[TRACE] BasicBinder - binding parameter [1] as [INTEGER] - [5]
2021-04-14T14:36:11,786|[TRACE] BasicBinder - binding parameter [2] as [TIMESTAMP] - [Wed Dec 12 00:00:00 EST 1212]
2021-04-14T14:36:11,786|[TRACE] BasicBinder - binding parameter [3] as [VARCHAR] - [test name]
2021-04-14T14:36:11,786|[TRACE] BasicBinder - binding parameter [4] as [INTEGER] - [4]
2021-04-14T14:36:11,787|[TRACE] BasicBinder - binding parameter [5] as [BOOLEAN] - [true]
2021-04-14T14:36:11,790|[DEBUG] EMFactory - getting EntityManagerFactory
2021-04-14T14:36:11,790|[DEBUG] EMFactory - initializeing EntityManagerFactory
2021-04-14T14:36:11,791|[DEBUG] SQL - 
    /* load entity.BloodBank */ select
        bloodbank0_.bank_id as bank_id1_1_0_,
        bloodbank0_.employee_count as employee2_1_0_,
        bloodbank0_.established as establis3_1_0_,
        bloodbank0_.name as name4_1_0_,
        bloodbank0_.owner as owner6_1_0_,
        bloodbank0_.privately_owned as privatel5_1_0_ 
    from
        simplebloodbank.blood_bank bloodbank0_ 
    where
        bloodbank0_.bank_id=?
2021-04-14T14:36:11,791|[TRACE] BasicBinder - binding parameter [1] as [INTEGER] - [5]
2021-04-14T14:36:11,792|[TRACE] BasicExtractor - extracted value ([employee2_1_0_] : [INTEGER]) - [5]
2021-04-14T14:36:11,792|[TRACE] BasicExtractor - extracted value ([establis3_1_0_] : [TIMESTAMP]) - [1212-12-12 00:00:00.0]
2021-04-14T14:36:11,792|[TRACE] BasicExtractor - extracted value ([name4_1_0_] : [VARCHAR]) - [test name]
2021-04-14T14:36:11,792|[TRACE] BasicExtractor - extracted value ([owner6_1_0_] : [INTEGER]) - [4]
2021-04-14T14:36:11,792|[TRACE] BasicExtractor - extracted value ([privatel5_1_0_] : [BOOLEAN]) - [true]
2021-04-14T14:36:11,792|[DEBUG] SQL - 
    select
        blooddonat0_.bank_id as bank_id6_2_0_,
        blooddonat0_.donation_id as donation1_2_0_,
        blooddonat0_.donation_id as donation1_2_1_,
        blooddonat0_.bank_id as bank_id6_2_1_,
        blooddonat0_.blood_group as blood_gr2_2_1_,
        blooddonat0_.created as created3_2_1_,
        blooddonat0_.milliliters as millilit4_2_1_,
        blooddonat0_.rhd as rhd5_2_1_ 
    from
        simplebloodbank.blood_donation blooddonat0_ 
    where
        blooddonat0_.bank_id=?
2021-04-14T14:36:11,792|[TRACE] BasicBinder - binding parameter [1] as [INTEGER] - [5]
2021-04-14T14:36:11,793|[DEBUG] SQL - 
    /* delete entity.BloodBank */ delete 
        from
            simplebloodbank.blood_bank 
        where
            bank_id=?
2021-04-14T14:36:11,793|[TRACE] BasicBinder - binding parameter [1] as [INTEGER] - [5]
2021-04-14T14:36:11,797|[DEBUG] EMFactory - getting EntityManagerFactory
2021-04-14T14:36:11,797|[DEBUG] EMFactory - initializeing EntityManagerFactory
2021-04-14T14:36:11,798|[DEBUG] SQL - 
    /* load entity.BloodBank */ select
        bloodbank0_.bank_id as bank_id1_1_0_,
        bloodbank0_.employee_count as employee2_1_0_,
        bloodbank0_.established as establis3_1_0_,
        bloodbank0_.name as name4_1_0_,
        bloodbank0_.owner as owner6_1_0_,
        bloodbank0_.privately_owned as privatel5_1_0_ 
    from
        simplebloodbank.blood_bank bloodbank0_ 
    where
        bloodbank0_.bank_id=?
2021-04-14T14:36:11,798|[TRACE] BasicBinder - binding parameter [1] as [INTEGER] - [5]
2021-04-14T14:36:11,799|[DEBUG] SQL - 
    /* insert entity.BloodBank
        */ insert 
        into
            simplebloodbank.blood_bank
            (employee_count, established, name, owner, privately_owned) 
        values
            (?, ?, ?, ?, ?)
2021-04-14T14:36:11,799|[TRACE] BasicBinder - binding parameter [1] as [INTEGER] - [5]
2021-04-14T14:36:11,799|[TRACE] BasicBinder - binding parameter [2] as [TIMESTAMP] - [Wed Dec 12 00:00:00 EST 1212]
2021-04-14T14:36:11,799|[TRACE] BasicBinder - binding parameter [3] as [VARCHAR] - [test name]
2021-04-14T14:36:11,799|[TRACE] BasicBinder - binding parameter [4] as [INTEGER] - [4]
2021-04-14T14:36:11,799|[TRACE] BasicBinder - binding parameter [5] as [BOOLEAN] - [true]
2021-04-14T14:36:11,800|[DEBUG] SQL - 
    /* delete entity.BloodBank */ delete 
        from
            simplebloodbank.blood_bank 
        where
            bank_id=?
2021-04-14T14:36:11,800|[TRACE] BasicBinder - binding parameter [1] as [INTEGER] - [6]
2021-04-14T14:36:11,804|[DEBUG] EMFactory - getting EntityManagerFactory
2021-04-14T14:36:11,804|[DEBUG] EMFactory - initializeing EntityManagerFactory
2021-04-14T14:36:11,805|[DEBUG] SQL - 
    select
        person0_.id as id1_4_0_,
        person0_.address as address2_4_0_,
        person0_.birth as birth3_4_0_,
        person0_.first_name as first_na4_4_0_,
        person0_.last_name as last_nam5_4_0_,
        person0_.phone as phone6_4_0_ 
    from
        simplebloodbank.person person0_ 
    where
        person0_.id=?
2021-04-14T14:36:11,805|[TRACE] BasicBinder - binding parameter [1] as [INTEGER] - [2]
]]></system-out>
  </testcase>
  <testcase name="testGetBloodBankWithPrivatelyOwned" classname="logic.BloodBankTest" time="0.041">
    <system-out><![CDATA[2021-04-14T14:36:11,806|[DEBUG] EMFactory - getting EntityManagerFactory
2021-04-14T14:36:11,806|[DEBUG] EMFactory - initializeing EntityManagerFactory
2021-04-14T14:36:11,807|[DEBUG] SQL - 
    select
        person0_.id as id1_4_0_,
        person0_.address as address2_4_0_,
        person0_.birth as birth3_4_0_,
        person0_.first_name as first_na4_4_0_,
        person0_.last_name as last_nam5_4_0_,
        person0_.phone as phone6_4_0_ 
    from
        simplebloodbank.person person0_ 
    where
        person0_.id=?
2021-04-14T14:36:11,807|[TRACE] BasicBinder - binding parameter [1] as [INTEGER] - [2]
2021-04-14T14:36:11,808|[DEBUG] SQL - 
    /* insert entity.Person
        */ insert 
        into
            simplebloodbank.person
            (address, birth, first_name, last_name, phone) 
        values
            (?, ?, ?, ?, ?)
2021-04-14T14:36:11,808|[TRACE] BasicBinder - binding parameter [1] as [VARCHAR] - [123 Road Street]
2021-04-14T14:36:11,808|[TRACE] BasicBinder - binding parameter [2] as [TIMESTAMP] - [Sun Mar 01 00:00:00 EST 2020]
2021-04-14T14:36:11,808|[TRACE] BasicBinder - binding parameter [3] as [VARCHAR] - [Clark]
2021-04-14T14:36:11,808|[TRACE] BasicBinder - binding parameter [4] as [VARCHAR] - [Kent]
2021-04-14T14:36:11,808|[TRACE] BasicBinder - binding parameter [5] as [VARCHAR] - [613-316-1361]
2021-04-14T14:36:11,809|[DEBUG] SQL - 
    /* insert entity.BloodBank
        */ insert 
        into
            simplebloodbank.blood_bank
            (employee_count, established, name, owner, privately_owned) 
        values
            (?, ?, ?, ?, ?)
2021-04-14T14:36:11,809|[TRACE] BasicBinder - binding parameter [1] as [INTEGER] - [5]
2021-04-14T14:36:11,809|[TRACE] BasicBinder - binding parameter [2] as [TIMESTAMP] - [Wed Dec 12 00:00:00 EST 1212]
2021-04-14T14:36:11,810|[TRACE] BasicBinder - binding parameter [3] as [VARCHAR] - [test name]
2021-04-14T14:36:11,810|[TRACE] BasicBinder - binding parameter [4] as [INTEGER] - [5]
2021-04-14T14:36:11,810|[TRACE] BasicBinder - binding parameter [5] as [BOOLEAN] - [true]
2021-04-14T14:36:11,815|[DEBUG] EMFactory - getting EntityManagerFactory
2021-04-14T14:36:11,815|[DEBUG] EMFactory - initializeing EntityManagerFactory
2021-04-14T14:36:11,815|[DEBUG] SQL - 
    /* BloodBank.findByPrivatelyOwned */ select
        bloodbank0_.bank_id as bank_id1_1_,
        bloodbank0_.employee_count as employee2_1_,
        bloodbank0_.established as establis3_1_,
        bloodbank0_.name as name4_1_,
        bloodbank0_.owner as owner6_1_,
        bloodbank0_.privately_owned as privatel5_1_ 
    from
        simplebloodbank.blood_bank bloodbank0_ 
    where
        bloodbank0_.privately_owned=?
2021-04-14T14:36:11,816|[TRACE] BasicBinder - binding parameter [1] as [BOOLEAN] - [true]
2021-04-14T14:36:11,816|[TRACE] BasicExtractor - extracted value ([bank_id1_1_] : [INTEGER]) - [7]
2021-04-14T14:36:11,816|[TRACE] BasicExtractor - extracted value ([employee2_1_] : [INTEGER]) - [5]
2021-04-14T14:36:11,816|[TRACE] BasicExtractor - extracted value ([establis3_1_] : [TIMESTAMP]) - [1212-12-12 00:00:00.0]
2021-04-14T14:36:11,816|[TRACE] BasicExtractor - extracted value ([name4_1_] : [VARCHAR]) - [test name]
2021-04-14T14:36:11,816|[TRACE] BasicExtractor - extracted value ([owner6_1_] : [INTEGER]) - [5]
2021-04-14T14:36:11,816|[TRACE] BasicExtractor - extracted value ([privatel5_1_] : [BOOLEAN]) - [true]
2021-04-14T14:36:11,817|[DEBUG] SQL - 
    select
        person0_.id as id1_4_0_,
        person0_.address as address2_4_0_,
        person0_.birth as birth3_4_0_,
        person0_.first_name as first_na4_4_0_,
        person0_.last_name as last_nam5_4_0_,
        person0_.phone as phone6_4_0_ 
    from
        simplebloodbank.person person0_ 
    where
        person0_.id=?
2021-04-14T14:36:11,817|[TRACE] BasicBinder - binding parameter [1] as [INTEGER] - [5]
2021-04-14T14:36:11,817|[TRACE] BasicExtractor - extracted value ([address2_4_0_] : [VARCHAR]) - [123 Road Street]
2021-04-14T14:36:11,818|[TRACE] BasicExtractor - extracted value ([birth3_4_0_] : [TIMESTAMP]) - [2020-03-01 00:00:00.0]
2021-04-14T14:36:11,818|[TRACE] BasicExtractor - extracted value ([first_na4_4_0_] : [VARCHAR]) - [Clark]
2021-04-14T14:36:11,818|[TRACE] BasicExtractor - extracted value ([last_nam5_4_0_] : [VARCHAR]) - [Kent]
2021-04-14T14:36:11,818|[TRACE] BasicExtractor - extracted value ([phone6_4_0_] : [VARCHAR]) - [613-316-1361]
2021-04-14T14:36:11,818|[DEBUG] EMFactory - getting EntityManagerFactory
2021-04-14T14:36:11,818|[DEBUG] EMFactory - initializeing EntityManagerFactory
2021-04-14T14:36:11,830|[DEBUG] SQL - 
    /* load entity.BloodBank */ select
        bloodbank0_.bank_id as bank_id1_1_0_,
        bloodbank0_.employee_count as employee2_1_0_,
        bloodbank0_.established as establis3_1_0_,
        bloodbank0_.name as name4_1_0_,
        bloodbank0_.owner as owner6_1_0_,
        bloodbank0_.privately_owned as privatel5_1_0_ 
    from
        simplebloodbank.blood_bank bloodbank0_ 
    where
        bloodbank0_.bank_id=?
2021-04-14T14:36:11,830|[TRACE] BasicBinder - binding parameter [1] as [INTEGER] - [7]
2021-04-14T14:36:11,831|[TRACE] BasicExtractor - extracted value ([employee2_1_0_] : [INTEGER]) - [5]
2021-04-14T14:36:11,831|[TRACE] BasicExtractor - extracted value ([establis3_1_0_] : [TIMESTAMP]) - [1212-12-12 00:00:00.0]
2021-04-14T14:36:11,831|[TRACE] BasicExtractor - extracted value ([name4_1_0_] : [VARCHAR]) - [test name]
2021-04-14T14:36:11,831|[TRACE] BasicExtractor - extracted value ([owner6_1_0_] : [INTEGER]) - [5]
2021-04-14T14:36:11,831|[TRACE] BasicExtractor - extracted value ([privatel5_1_0_] : [BOOLEAN]) - [true]
2021-04-14T14:36:11,831|[DEBUG] SQL - 
    select
        blooddonat0_.bank_id as bank_id6_2_0_,
        blooddonat0_.donation_id as donation1_2_0_,
        blooddonat0_.donation_id as donation1_2_1_,
        blooddonat0_.bank_id as bank_id6_2_1_,
        blooddonat0_.blood_group as blood_gr2_2_1_,
        blooddonat0_.created as created3_2_1_,
        blooddonat0_.milliliters as millilit4_2_1_,
        blooddonat0_.rhd as rhd5_2_1_ 
    from
        simplebloodbank.blood_donation blooddonat0_ 
    where
        blooddonat0_.bank_id=?
2021-04-14T14:36:11,832|[TRACE] BasicBinder - binding parameter [1] as [INTEGER] - [7]
2021-04-14T14:36:11,833|[DEBUG] SQL - 
    /* delete entity.BloodBank */ delete 
        from
            simplebloodbank.blood_bank 
        where
            bank_id=?
2021-04-14T14:36:11,833|[TRACE] BasicBinder - binding parameter [1] as [INTEGER] - [7]
2021-04-14T14:36:11,837|[DEBUG] EMFactory - getting EntityManagerFactory
2021-04-14T14:36:11,837|[DEBUG] EMFactory - initializeing EntityManagerFactory
2021-04-14T14:36:11,837|[DEBUG] SQL - 
    /* load entity.BloodBank */ select
        bloodbank0_.bank_id as bank_id1_1_0_,
        bloodbank0_.employee_count as employee2_1_0_,
        bloodbank0_.established as establis3_1_0_,
        bloodbank0_.name as name4_1_0_,
        bloodbank0_.owner as owner6_1_0_,
        bloodbank0_.privately_owned as privatel5_1_0_ 
    from
        simplebloodbank.blood_bank bloodbank0_ 
    where
        bloodbank0_.bank_id=?
2021-04-14T14:36:11,838|[TRACE] BasicBinder - binding parameter [1] as [INTEGER] - [7]
2021-04-14T14:36:11,838|[DEBUG] SQL - 
    /* insert entity.BloodBank
        */ insert 
        into
            simplebloodbank.blood_bank
            (employee_count, established, name, owner, privately_owned) 
        values
            (?, ?, ?, ?, ?)
2021-04-14T14:36:11,839|[TRACE] BasicBinder - binding parameter [1] as [INTEGER] - [5]
2021-04-14T14:36:11,839|[TRACE] BasicBinder - binding parameter [2] as [TIMESTAMP] - [Wed Dec 12 00:00:00 EST 1212]
2021-04-14T14:36:11,839|[TRACE] BasicBinder - binding parameter [3] as [VARCHAR] - [test name]
2021-04-14T14:36:11,839|[TRACE] BasicBinder - binding parameter [4] as [INTEGER] - [5]
2021-04-14T14:36:11,839|[TRACE] BasicBinder - binding parameter [5] as [BOOLEAN] - [true]
2021-04-14T14:36:11,840|[DEBUG] SQL - 
    /* delete entity.BloodBank */ delete 
        from
            simplebloodbank.blood_bank 
        where
            bank_id=?
2021-04-14T14:36:11,840|[TRACE] BasicBinder - binding parameter [1] as [INTEGER] - [8]
2021-04-14T14:36:11,845|[DEBUG] EMFactory - getting EntityManagerFactory
2021-04-14T14:36:11,845|[DEBUG] EMFactory - initializeing EntityManagerFactory
2021-04-14T14:36:11,846|[DEBUG] SQL - 
    select
        person0_.id as id1_4_0_,
        person0_.address as address2_4_0_,
        person0_.birth as birth3_4_0_,
        person0_.first_name as first_na4_4_0_,
        person0_.last_name as last_nam5_4_0_,
        person0_.phone as phone6_4_0_ 
    from
        simplebloodbank.person person0_ 
    where
        person0_.id=?
2021-04-14T14:36:11,846|[TRACE] BasicBinder - binding parameter [1] as [INTEGER] - [2]
]]></system-out>
    <system-err><![CDATA[Apr. 14, 2021 2:36:11 P.M. dal.GenericDAL lambda$setParameters$0
INFO: setParameters: privatelyOwned=true
]]></system-err>
  </testcase>
  <testcase name="testCreateEntityNullAndEmptyValues" classname="logic.BloodBankTest" time="0.03">
    <system-out><![CDATA[2021-04-14T14:36:11,847|[DEBUG] EMFactory - getting EntityManagerFactory
2021-04-14T14:36:11,848|[DEBUG] EMFactory - initializeing EntityManagerFactory
2021-04-14T14:36:11,848|[DEBUG] SQL - 
    select
        person0_.id as id1_4_0_,
        person0_.address as address2_4_0_,
        person0_.birth as birth3_4_0_,
        person0_.first_name as first_na4_4_0_,
        person0_.last_name as last_nam5_4_0_,
        person0_.phone as phone6_4_0_ 
    from
        simplebloodbank.person person0_ 
    where
        person0_.id=?
2021-04-14T14:36:11,848|[TRACE] BasicBinder - binding parameter [1] as [INTEGER] - [2]
2021-04-14T14:36:11,849|[DEBUG] SQL - 
    /* insert entity.Person
        */ insert 
        into
            simplebloodbank.person
            (address, birth, first_name, last_name, phone) 
        values
            (?, ?, ?, ?, ?)
2021-04-14T14:36:11,849|[TRACE] BasicBinder - binding parameter [1] as [VARCHAR] - [123 Road Street]
2021-04-14T14:36:11,849|[TRACE] BasicBinder - binding parameter [2] as [TIMESTAMP] - [Sun Mar 01 00:00:00 EST 2020]
2021-04-14T14:36:11,849|[TRACE] BasicBinder - binding parameter [3] as [VARCHAR] - [Clark]
2021-04-14T14:36:11,849|[TRACE] BasicBinder - binding parameter [4] as [VARCHAR] - [Kent]
2021-04-14T14:36:11,849|[TRACE] BasicBinder - binding parameter [5] as [VARCHAR] - [613-316-1361]
2021-04-14T14:36:11,851|[DEBUG] SQL - 
    /* insert entity.BloodBank
        */ insert 
        into
            simplebloodbank.blood_bank
            (employee_count, established, name, owner, privately_owned) 
        values
            (?, ?, ?, ?, ?)
2021-04-14T14:36:11,851|[TRACE] BasicBinder - binding parameter [1] as [INTEGER] - [5]
2021-04-14T14:36:11,851|[TRACE] BasicBinder - binding parameter [2] as [TIMESTAMP] - [Wed Dec 12 00:00:00 EST 1212]
2021-04-14T14:36:11,851|[TRACE] BasicBinder - binding parameter [3] as [VARCHAR] - [test name]
2021-04-14T14:36:11,851|[TRACE] BasicBinder - binding parameter [4] as [INTEGER] - [6]
2021-04-14T14:36:11,851|[TRACE] BasicBinder - binding parameter [5] as [BOOLEAN] - [true]
2021-04-14T14:36:11,860|[DEBUG] EMFactory - getting EntityManagerFactory
2021-04-14T14:36:11,860|[DEBUG] EMFactory - initializeing EntityManagerFactory
2021-04-14T14:36:11,861|[DEBUG] SQL - 
    /* load entity.BloodBank */ select
        bloodbank0_.bank_id as bank_id1_1_0_,
        bloodbank0_.employee_count as employee2_1_0_,
        bloodbank0_.established as establis3_1_0_,
        bloodbank0_.name as name4_1_0_,
        bloodbank0_.owner as owner6_1_0_,
        bloodbank0_.privately_owned as privatel5_1_0_ 
    from
        simplebloodbank.blood_bank bloodbank0_ 
    where
        bloodbank0_.bank_id=?
2021-04-14T14:36:11,861|[TRACE] BasicBinder - binding parameter [1] as [INTEGER] - [9]
2021-04-14T14:36:11,862|[TRACE] BasicExtractor - extracted value ([employee2_1_0_] : [INTEGER]) - [5]
2021-04-14T14:36:11,862|[TRACE] BasicExtractor - extracted value ([establis3_1_0_] : [TIMESTAMP]) - [1212-12-12 00:00:00.0]
2021-04-14T14:36:11,862|[TRACE] BasicExtractor - extracted value ([name4_1_0_] : [VARCHAR]) - [test name]
2021-04-14T14:36:11,862|[TRACE] BasicExtractor - extracted value ([owner6_1_0_] : [INTEGER]) - [6]
2021-04-14T14:36:11,862|[TRACE] BasicExtractor - extracted value ([privatel5_1_0_] : [BOOLEAN]) - [true]
2021-04-14T14:36:11,863|[DEBUG] SQL - 
    select
        blooddonat0_.bank_id as bank_id6_2_0_,
        blooddonat0_.donation_id as donation1_2_0_,
        blooddonat0_.donation_id as donation1_2_1_,
        blooddonat0_.bank_id as bank_id6_2_1_,
        blooddonat0_.blood_group as blood_gr2_2_1_,
        blooddonat0_.created as created3_2_1_,
        blooddonat0_.milliliters as millilit4_2_1_,
        blooddonat0_.rhd as rhd5_2_1_ 
    from
        simplebloodbank.blood_donation blooddonat0_ 
    where
        blooddonat0_.bank_id=?
2021-04-14T14:36:11,863|[TRACE] BasicBinder - binding parameter [1] as [INTEGER] - [9]
2021-04-14T14:36:11,864|[DEBUG] SQL - 
    /* delete entity.BloodBank */ delete 
        from
            simplebloodbank.blood_bank 
        where
            bank_id=?
2021-04-14T14:36:11,864|[TRACE] BasicBinder - binding parameter [1] as [INTEGER] - [9]
2021-04-14T14:36:11,868|[DEBUG] EMFactory - getting EntityManagerFactory
2021-04-14T14:36:11,868|[DEBUG] EMFactory - initializeing EntityManagerFactory
2021-04-14T14:36:11,868|[DEBUG] SQL - 
    /* load entity.BloodBank */ select
        bloodbank0_.bank_id as bank_id1_1_0_,
        bloodbank0_.employee_count as employee2_1_0_,
        bloodbank0_.established as establis3_1_0_,
        bloodbank0_.name as name4_1_0_,
        bloodbank0_.owner as owner6_1_0_,
        bloodbank0_.privately_owned as privatel5_1_0_ 
    from
        simplebloodbank.blood_bank bloodbank0_ 
    where
        bloodbank0_.bank_id=?
2021-04-14T14:36:11,869|[TRACE] BasicBinder - binding parameter [1] as [INTEGER] - [9]
2021-04-14T14:36:11,869|[DEBUG] SQL - 
    /* insert entity.BloodBank
        */ insert 
        into
            simplebloodbank.blood_bank
            (employee_count, established, name, owner, privately_owned) 
        values
            (?, ?, ?, ?, ?)
2021-04-14T14:36:11,870|[TRACE] BasicBinder - binding parameter [1] as [INTEGER] - [5]
2021-04-14T14:36:11,870|[TRACE] BasicBinder - binding parameter [2] as [TIMESTAMP] - [Wed Dec 12 00:00:00 EST 1212]
2021-04-14T14:36:11,870|[TRACE] BasicBinder - binding parameter [3] as [VARCHAR] - [test name]
2021-04-14T14:36:11,870|[TRACE] BasicBinder - binding parameter [4] as [INTEGER] - [6]
2021-04-14T14:36:11,870|[TRACE] BasicBinder - binding parameter [5] as [BOOLEAN] - [true]
2021-04-14T14:36:11,871|[DEBUG] SQL - 
    /* delete entity.BloodBank */ delete 
        from
            simplebloodbank.blood_bank 
        where
            bank_id=?
2021-04-14T14:36:11,871|[TRACE] BasicBinder - binding parameter [1] as [INTEGER] - [10]
2021-04-14T14:36:11,875|[DEBUG] EMFactory - getting EntityManagerFactory
2021-04-14T14:36:11,875|[DEBUG] EMFactory - initializeing EntityManagerFactory
2021-04-14T14:36:11,876|[DEBUG] SQL - 
    select
        person0_.id as id1_4_0_,
        person0_.address as address2_4_0_,
        person0_.birth as birth3_4_0_,
        person0_.first_name as first_na4_4_0_,
        person0_.last_name as last_nam5_4_0_,
        person0_.phone as phone6_4_0_ 
    from
        simplebloodbank.person person0_ 
    where
        person0_.id=?
2021-04-14T14:36:11,876|[TRACE] BasicBinder - binding parameter [1] as [INTEGER] - [2]
]]></system-out>
  </testcase>
  <testcase name="testExtractDataAsList" classname="logic.BloodBankTest" time="0.023">
    <system-out><![CDATA[2021-04-14T14:36:11,878|[DEBUG] EMFactory - getting EntityManagerFactory
2021-04-14T14:36:11,878|[DEBUG] EMFactory - initializeing EntityManagerFactory
2021-04-14T14:36:11,878|[DEBUG] SQL - 
    select
        person0_.id as id1_4_0_,
        person0_.address as address2_4_0_,
        person0_.birth as birth3_4_0_,
        person0_.first_name as first_na4_4_0_,
        person0_.last_name as last_nam5_4_0_,
        person0_.phone as phone6_4_0_ 
    from
        simplebloodbank.person person0_ 
    where
        person0_.id=?
2021-04-14T14:36:11,878|[TRACE] BasicBinder - binding parameter [1] as [INTEGER] - [2]
2021-04-14T14:36:11,879|[DEBUG] SQL - 
    /* insert entity.Person
        */ insert 
        into
            simplebloodbank.person
            (address, birth, first_name, last_name, phone) 
        values
            (?, ?, ?, ?, ?)
2021-04-14T14:36:11,879|[TRACE] BasicBinder - binding parameter [1] as [VARCHAR] - [123 Road Street]
2021-04-14T14:36:11,879|[TRACE] BasicBinder - binding parameter [2] as [TIMESTAMP] - [Sun Mar 01 00:00:00 EST 2020]
2021-04-14T14:36:11,879|[TRACE] BasicBinder - binding parameter [3] as [VARCHAR] - [Clark]
2021-04-14T14:36:11,879|[TRACE] BasicBinder - binding parameter [4] as [VARCHAR] - [Kent]
2021-04-14T14:36:11,879|[TRACE] BasicBinder - binding parameter [5] as [VARCHAR] - [613-316-1361]
2021-04-14T14:36:11,880|[DEBUG] SQL - 
    /* insert entity.BloodBank
        */ insert 
        into
            simplebloodbank.blood_bank
            (employee_count, established, name, owner, privately_owned) 
        values
            (?, ?, ?, ?, ?)
2021-04-14T14:36:11,881|[TRACE] BasicBinder - binding parameter [1] as [INTEGER] - [5]
2021-04-14T14:36:11,881|[TRACE] BasicBinder - binding parameter [2] as [TIMESTAMP] - [Wed Dec 12 00:00:00 EST 1212]
2021-04-14T14:36:11,881|[TRACE] BasicBinder - binding parameter [3] as [VARCHAR] - [test name]
2021-04-14T14:36:11,881|[TRACE] BasicBinder - binding parameter [4] as [INTEGER] - [7]
2021-04-14T14:36:11,881|[TRACE] BasicBinder - binding parameter [5] as [BOOLEAN] - [true]
2021-04-14T14:36:11,885|[DEBUG] EMFactory - getting EntityManagerFactory
2021-04-14T14:36:11,885|[DEBUG] EMFactory - initializeing EntityManagerFactory
2021-04-14T14:36:11,886|[DEBUG] SQL - 
    /* load entity.BloodBank */ select
        bloodbank0_.bank_id as bank_id1_1_0_,
        bloodbank0_.employee_count as employee2_1_0_,
        bloodbank0_.established as establis3_1_0_,
        bloodbank0_.name as name4_1_0_,
        bloodbank0_.owner as owner6_1_0_,
        bloodbank0_.privately_owned as privatel5_1_0_ 
    from
        simplebloodbank.blood_bank bloodbank0_ 
    where
        bloodbank0_.bank_id=?
2021-04-14T14:36:11,886|[TRACE] BasicBinder - binding parameter [1] as [INTEGER] - [11]
2021-04-14T14:36:11,887|[TRACE] BasicExtractor - extracted value ([employee2_1_0_] : [INTEGER]) - [5]
2021-04-14T14:36:11,887|[TRACE] BasicExtractor - extracted value ([establis3_1_0_] : [TIMESTAMP]) - [1212-12-12 00:00:00.0]
2021-04-14T14:36:11,887|[TRACE] BasicExtractor - extracted value ([name4_1_0_] : [VARCHAR]) - [test name]
2021-04-14T14:36:11,887|[TRACE] BasicExtractor - extracted value ([owner6_1_0_] : [INTEGER]) - [7]
2021-04-14T14:36:11,887|[TRACE] BasicExtractor - extracted value ([privatel5_1_0_] : [BOOLEAN]) - [true]
2021-04-14T14:36:11,887|[DEBUG] SQL - 
    select
        blooddonat0_.bank_id as bank_id6_2_0_,
        blooddonat0_.donation_id as donation1_2_0_,
        blooddonat0_.donation_id as donation1_2_1_,
        blooddonat0_.bank_id as bank_id6_2_1_,
        blooddonat0_.blood_group as blood_gr2_2_1_,
        blooddonat0_.created as created3_2_1_,
        blooddonat0_.milliliters as millilit4_2_1_,
        blooddonat0_.rhd as rhd5_2_1_ 
    from
        simplebloodbank.blood_donation blooddonat0_ 
    where
        blooddonat0_.bank_id=?
2021-04-14T14:36:11,887|[TRACE] BasicBinder - binding parameter [1] as [INTEGER] - [11]
2021-04-14T14:36:11,888|[DEBUG] SQL - 
    /* delete entity.BloodBank */ delete 
        from
            simplebloodbank.blood_bank 
        where
            bank_id=?
2021-04-14T14:36:11,888|[TRACE] BasicBinder - binding parameter [1] as [INTEGER] - [11]
2021-04-14T14:36:11,892|[DEBUG] EMFactory - getting EntityManagerFactory
2021-04-14T14:36:11,892|[DEBUG] EMFactory - initializeing EntityManagerFactory
2021-04-14T14:36:11,893|[DEBUG] SQL - 
    /* load entity.BloodBank */ select
        bloodbank0_.bank_id as bank_id1_1_0_,
        bloodbank0_.employee_count as employee2_1_0_,
        bloodbank0_.established as establis3_1_0_,
        bloodbank0_.name as name4_1_0_,
        bloodbank0_.owner as owner6_1_0_,
        bloodbank0_.privately_owned as privatel5_1_0_ 
    from
        simplebloodbank.blood_bank bloodbank0_ 
    where
        bloodbank0_.bank_id=?
2021-04-14T14:36:11,893|[TRACE] BasicBinder - binding parameter [1] as [INTEGER] - [11]
2021-04-14T14:36:11,894|[DEBUG] SQL - 
    /* insert entity.BloodBank
        */ insert 
        into
            simplebloodbank.blood_bank
            (employee_count, established, name, owner, privately_owned) 
        values
            (?, ?, ?, ?, ?)
2021-04-14T14:36:11,894|[TRACE] BasicBinder - binding parameter [1] as [INTEGER] - [5]
2021-04-14T14:36:11,894|[TRACE] BasicBinder - binding parameter [2] as [TIMESTAMP] - [Wed Dec 12 00:00:00 EST 1212]
2021-04-14T14:36:11,894|[TRACE] BasicBinder - binding parameter [3] as [VARCHAR] - [test name]
2021-04-14T14:36:11,894|[TRACE] BasicBinder - binding parameter [4] as [INTEGER] - [7]
2021-04-14T14:36:11,894|[TRACE] BasicBinder - binding parameter [5] as [BOOLEAN] - [true]
2021-04-14T14:36:11,895|[DEBUG] SQL - 
    /* delete entity.BloodBank */ delete 
        from
            simplebloodbank.blood_bank 
        where
            bank_id=?
2021-04-14T14:36:11,895|[TRACE] BasicBinder - binding parameter [1] as [INTEGER] - [12]
2021-04-14T14:36:11,899|[DEBUG] EMFactory - getting EntityManagerFactory
2021-04-14T14:36:11,899|[DEBUG] EMFactory - initializeing EntityManagerFactory
2021-04-14T14:36:11,899|[DEBUG] SQL - 
    select
        person0_.id as id1_4_0_,
        person0_.address as address2_4_0_,
        person0_.birth as birth3_4_0_,
        person0_.first_name as first_na4_4_0_,
        person0_.last_name as last_nam5_4_0_,
        person0_.phone as phone6_4_0_ 
    from
        simplebloodbank.person person0_ 
    where
        person0_.id=?
2021-04-14T14:36:11,899|[TRACE] BasicBinder - binding parameter [1] as [INTEGER] - [2]
]]></system-out>
  </testcase>
  <testcase name="testGetName" classname="logic.BloodBankTest" time="0.027">
    <system-out><![CDATA[2021-04-14T14:36:11,901|[DEBUG] EMFactory - getting EntityManagerFactory
2021-04-14T14:36:11,901|[DEBUG] EMFactory - initializeing EntityManagerFactory
2021-04-14T14:36:11,901|[DEBUG] SQL - 
    select
        person0_.id as id1_4_0_,
        person0_.address as address2_4_0_,
        person0_.birth as birth3_4_0_,
        person0_.first_name as first_na4_4_0_,
        person0_.last_name as last_nam5_4_0_,
        person0_.phone as phone6_4_0_ 
    from
        simplebloodbank.person person0_ 
    where
        person0_.id=?
2021-04-14T14:36:11,901|[TRACE] BasicBinder - binding parameter [1] as [INTEGER] - [2]
2021-04-14T14:36:11,901|[DEBUG] SQL - 
    /* insert entity.Person
        */ insert 
        into
            simplebloodbank.person
            (address, birth, first_name, last_name, phone) 
        values
            (?, ?, ?, ?, ?)
2021-04-14T14:36:11,902|[TRACE] BasicBinder - binding parameter [1] as [VARCHAR] - [123 Road Street]
2021-04-14T14:36:11,902|[TRACE] BasicBinder - binding parameter [2] as [TIMESTAMP] - [Sun Mar 01 00:00:00 EST 2020]
2021-04-14T14:36:11,902|[TRACE] BasicBinder - binding parameter [3] as [VARCHAR] - [Clark]
2021-04-14T14:36:11,902|[TRACE] BasicBinder - binding parameter [4] as [VARCHAR] - [Kent]
2021-04-14T14:36:11,902|[TRACE] BasicBinder - binding parameter [5] as [VARCHAR] - [613-316-1361]
2021-04-14T14:36:11,903|[DEBUG] SQL - 
    /* insert entity.BloodBank
        */ insert 
        into
            simplebloodbank.blood_bank
            (employee_count, established, name, owner, privately_owned) 
        values
            (?, ?, ?, ?, ?)
2021-04-14T14:36:11,903|[TRACE] BasicBinder - binding parameter [1] as [INTEGER] - [5]
2021-04-14T14:36:11,903|[TRACE] BasicBinder - binding parameter [2] as [TIMESTAMP] - [Wed Dec 12 00:00:00 EST 1212]
2021-04-14T14:36:11,903|[TRACE] BasicBinder - binding parameter [3] as [VARCHAR] - [test name]
2021-04-14T14:36:11,903|[TRACE] BasicBinder - binding parameter [4] as [INTEGER] - [8]
2021-04-14T14:36:11,903|[TRACE] BasicBinder - binding parameter [5] as [BOOLEAN] - [true]
2021-04-14T14:36:11,908|[DEBUG] EMFactory - getting EntityManagerFactory
2021-04-14T14:36:11,908|[DEBUG] EMFactory - initializeing EntityManagerFactory
2021-04-14T14:36:11,908|[DEBUG] SQL - 
    /* load entity.BloodBank */ select
        bloodbank0_.bank_id as bank_id1_1_0_,
        bloodbank0_.employee_count as employee2_1_0_,
        bloodbank0_.established as establis3_1_0_,
        bloodbank0_.name as name4_1_0_,
        bloodbank0_.owner as owner6_1_0_,
        bloodbank0_.privately_owned as privatel5_1_0_ 
    from
        simplebloodbank.blood_bank bloodbank0_ 
    where
        bloodbank0_.bank_id=?
2021-04-14T14:36:11,909|[TRACE] BasicBinder - binding parameter [1] as [INTEGER] - [13]
2021-04-14T14:36:11,909|[TRACE] BasicExtractor - extracted value ([employee2_1_0_] : [INTEGER]) - [5]
2021-04-14T14:36:11,909|[TRACE] BasicExtractor - extracted value ([establis3_1_0_] : [TIMESTAMP]) - [1212-12-12 00:00:00.0]
2021-04-14T14:36:11,909|[TRACE] BasicExtractor - extracted value ([name4_1_0_] : [VARCHAR]) - [test name]
2021-04-14T14:36:11,909|[TRACE] BasicExtractor - extracted value ([owner6_1_0_] : [INTEGER]) - [8]
2021-04-14T14:36:11,909|[TRACE] BasicExtractor - extracted value ([privatel5_1_0_] : [BOOLEAN]) - [true]
2021-04-14T14:36:11,910|[DEBUG] SQL - 
    select
        blooddonat0_.bank_id as bank_id6_2_0_,
        blooddonat0_.donation_id as donation1_2_0_,
        blooddonat0_.donation_id as donation1_2_1_,
        blooddonat0_.bank_id as bank_id6_2_1_,
        blooddonat0_.blood_group as blood_gr2_2_1_,
        blooddonat0_.created as created3_2_1_,
        blooddonat0_.milliliters as millilit4_2_1_,
        blooddonat0_.rhd as rhd5_2_1_ 
    from
        simplebloodbank.blood_donation blooddonat0_ 
    where
        blooddonat0_.bank_id=?
2021-04-14T14:36:11,910|[TRACE] BasicBinder - binding parameter [1] as [INTEGER] - [13]
2021-04-14T14:36:11,911|[DEBUG] SQL - 
    /* delete entity.BloodBank */ delete 
        from
            simplebloodbank.blood_bank 
        where
            bank_id=?
2021-04-14T14:36:11,911|[TRACE] BasicBinder - binding parameter [1] as [INTEGER] - [13]
2021-04-14T14:36:11,915|[DEBUG] EMFactory - getting EntityManagerFactory
2021-04-14T14:36:11,915|[DEBUG] EMFactory - initializeing EntityManagerFactory
2021-04-14T14:36:11,915|[DEBUG] SQL - 
    /* load entity.BloodBank */ select
        bloodbank0_.bank_id as bank_id1_1_0_,
        bloodbank0_.employee_count as employee2_1_0_,
        bloodbank0_.established as establis3_1_0_,
        bloodbank0_.name as name4_1_0_,
        bloodbank0_.owner as owner6_1_0_,
        bloodbank0_.privately_owned as privatel5_1_0_ 
    from
        simplebloodbank.blood_bank bloodbank0_ 
    where
        bloodbank0_.bank_id=?
2021-04-14T14:36:11,916|[TRACE] BasicBinder - binding parameter [1] as [INTEGER] - [13]
2021-04-14T14:36:11,916|[DEBUG] SQL - 
    /* insert entity.BloodBank
        */ insert 
        into
            simplebloodbank.blood_bank
            (employee_count, established, name, owner, privately_owned) 
        values
            (?, ?, ?, ?, ?)
2021-04-14T14:36:11,916|[TRACE] BasicBinder - binding parameter [1] as [INTEGER] - [5]
2021-04-14T14:36:11,916|[TRACE] BasicBinder - binding parameter [2] as [TIMESTAMP] - [Wed Dec 12 00:00:00 EST 1212]
2021-04-14T14:36:11,916|[TRACE] BasicBinder - binding parameter [3] as [VARCHAR] - [test name]
2021-04-14T14:36:11,917|[TRACE] BasicBinder - binding parameter [4] as [INTEGER] - [8]
2021-04-14T14:36:11,917|[TRACE] BasicBinder - binding parameter [5] as [BOOLEAN] - [true]
2021-04-14T14:36:11,917|[DEBUG] SQL - 
    /* delete entity.BloodBank */ delete 
        from
            simplebloodbank.blood_bank 
        where
            bank_id=?
2021-04-14T14:36:11,917|[TRACE] BasicBinder - binding parameter [1] as [INTEGER] - [14]
2021-04-14T14:36:11,926|[DEBUG] EMFactory - getting EntityManagerFactory
2021-04-14T14:36:11,926|[DEBUG] EMFactory - initializeing EntityManagerFactory
2021-04-14T14:36:11,926|[DEBUG] SQL - 
    select
        person0_.id as id1_4_0_,
        person0_.address as address2_4_0_,
        person0_.birth as birth3_4_0_,
        person0_.first_name as first_na4_4_0_,
        person0_.last_name as last_nam5_4_0_,
        person0_.phone as phone6_4_0_ 
    from
        simplebloodbank.person person0_ 
    where
        person0_.id=?
2021-04-14T14:36:11,926|[TRACE] BasicBinder - binding parameter [1] as [INTEGER] - [2]
]]></system-out>
  </testcase>
  <testcase name="testGetBloodBanksWithEstablished" classname="logic.BloodBankTest" time="0.037">
    <system-out><![CDATA[2021-04-14T14:36:11,928|[DEBUG] EMFactory - getting EntityManagerFactory
2021-04-14T14:36:11,928|[DEBUG] EMFactory - initializeing EntityManagerFactory
2021-04-14T14:36:11,928|[DEBUG] SQL - 
    select
        person0_.id as id1_4_0_,
        person0_.address as address2_4_0_,
        person0_.birth as birth3_4_0_,
        person0_.first_name as first_na4_4_0_,
        person0_.last_name as last_nam5_4_0_,
        person0_.phone as phone6_4_0_ 
    from
        simplebloodbank.person person0_ 
    where
        person0_.id=?
2021-04-14T14:36:11,928|[TRACE] BasicBinder - binding parameter [1] as [INTEGER] - [2]
2021-04-14T14:36:11,929|[DEBUG] SQL - 
    /* insert entity.Person
        */ insert 
        into
            simplebloodbank.person
            (address, birth, first_name, last_name, phone) 
        values
            (?, ?, ?, ?, ?)
2021-04-14T14:36:11,929|[TRACE] BasicBinder - binding parameter [1] as [VARCHAR] - [123 Road Street]
2021-04-14T14:36:11,929|[TRACE] BasicBinder - binding parameter [2] as [TIMESTAMP] - [Sun Mar 01 00:00:00 EST 2020]
2021-04-14T14:36:11,929|[TRACE] BasicBinder - binding parameter [3] as [VARCHAR] - [Clark]
2021-04-14T14:36:11,929|[TRACE] BasicBinder - binding parameter [4] as [VARCHAR] - [Kent]
2021-04-14T14:36:11,929|[TRACE] BasicBinder - binding parameter [5] as [VARCHAR] - [613-316-1361]
2021-04-14T14:36:11,930|[DEBUG] SQL - 
    /* insert entity.BloodBank
        */ insert 
        into
            simplebloodbank.blood_bank
            (employee_count, established, name, owner, privately_owned) 
        values
            (?, ?, ?, ?, ?)
2021-04-14T14:36:11,930|[TRACE] BasicBinder - binding parameter [1] as [INTEGER] - [5]
2021-04-14T14:36:11,930|[TRACE] BasicBinder - binding parameter [2] as [TIMESTAMP] - [Wed Dec 12 00:00:00 EST 1212]
2021-04-14T14:36:11,931|[TRACE] BasicBinder - binding parameter [3] as [VARCHAR] - [test name]
2021-04-14T14:36:11,931|[TRACE] BasicBinder - binding parameter [4] as [INTEGER] - [9]
2021-04-14T14:36:11,931|[TRACE] BasicBinder - binding parameter [5] as [BOOLEAN] - [true]
2021-04-14T14:36:11,935|[DEBUG] EMFactory - getting EntityManagerFactory
2021-04-14T14:36:11,935|[DEBUG] EMFactory - initializeing EntityManagerFactory
2021-04-14T14:36:11,936|[DEBUG] SQL - 
    /* BloodBank.findByEstablished */ select
        bloodbank0_.bank_id as bank_id1_1_,
        bloodbank0_.employee_count as employee2_1_,
        bloodbank0_.established as establis3_1_,
        bloodbank0_.name as name4_1_,
        bloodbank0_.owner as owner6_1_,
        bloodbank0_.privately_owned as privatel5_1_ 
    from
        simplebloodbank.blood_bank bloodbank0_ 
    where
        bloodbank0_.established=?
2021-04-14T14:36:11,936|[TRACE] BasicBinder - binding parameter [1] as [TIMESTAMP] - [Wed Dec 12 00:00:00 EST 1212]
2021-04-14T14:36:11,937|[TRACE] BasicExtractor - extracted value ([bank_id1_1_] : [INTEGER]) - [15]
2021-04-14T14:36:11,937|[TRACE] BasicExtractor - extracted value ([employee2_1_] : [INTEGER]) - [5]
2021-04-14T14:36:11,937|[TRACE] BasicExtractor - extracted value ([establis3_1_] : [TIMESTAMP]) - [1212-12-12 00:00:00.0]
2021-04-14T14:36:11,937|[TRACE] BasicExtractor - extracted value ([name4_1_] : [VARCHAR]) - [test name]
2021-04-14T14:36:11,937|[TRACE] BasicExtractor - extracted value ([owner6_1_] : [INTEGER]) - [9]
2021-04-14T14:36:11,937|[TRACE] BasicExtractor - extracted value ([privatel5_1_] : [BOOLEAN]) - [true]
2021-04-14T14:36:11,938|[DEBUG] SQL - 
    select
        person0_.id as id1_4_0_,
        person0_.address as address2_4_0_,
        person0_.birth as birth3_4_0_,
        person0_.first_name as first_na4_4_0_,
        person0_.last_name as last_nam5_4_0_,
        person0_.phone as phone6_4_0_ 
    from
        simplebloodbank.person person0_ 
    where
        person0_.id=?
2021-04-14T14:36:11,938|[TRACE] BasicBinder - binding parameter [1] as [INTEGER] - [9]
2021-04-14T14:36:11,938|[TRACE] BasicExtractor - extracted value ([address2_4_0_] : [VARCHAR]) - [123 Road Street]
2021-04-14T14:36:11,938|[TRACE] BasicExtractor - extracted value ([birth3_4_0_] : [TIMESTAMP]) - [2020-03-01 00:00:00.0]
2021-04-14T14:36:11,938|[TRACE] BasicExtractor - extracted value ([first_na4_4_0_] : [VARCHAR]) - [Clark]
2021-04-14T14:36:11,938|[TRACE] BasicExtractor - extracted value ([last_nam5_4_0_] : [VARCHAR]) - [Kent]
2021-04-14T14:36:11,938|[TRACE] BasicExtractor - extracted value ([phone6_4_0_] : [VARCHAR]) - [613-316-1361]
2021-04-14T14:36:11,939|[DEBUG] EMFactory - getting EntityManagerFactory
2021-04-14T14:36:11,939|[DEBUG] EMFactory - initializeing EntityManagerFactory
2021-04-14T14:36:11,950|[DEBUG] SQL - 
    /* load entity.BloodBank */ select
        bloodbank0_.bank_id as bank_id1_1_0_,
        bloodbank0_.employee_count as employee2_1_0_,
        bloodbank0_.established as establis3_1_0_,
        bloodbank0_.name as name4_1_0_,
        bloodbank0_.owner as owner6_1_0_,
        bloodbank0_.privately_owned as privatel5_1_0_ 
    from
        simplebloodbank.blood_bank bloodbank0_ 
    where
        bloodbank0_.bank_id=?
2021-04-14T14:36:11,950|[TRACE] BasicBinder - binding parameter [1] as [INTEGER] - [15]
2021-04-14T14:36:11,951|[TRACE] BasicExtractor - extracted value ([employee2_1_0_] : [INTEGER]) - [5]
2021-04-14T14:36:11,951|[TRACE] BasicExtractor - extracted value ([establis3_1_0_] : [TIMESTAMP]) - [1212-12-12 00:00:00.0]
2021-04-14T14:36:11,951|[TRACE] BasicExtractor - extracted value ([name4_1_0_] : [VARCHAR]) - [test name]
2021-04-14T14:36:11,951|[TRACE] BasicExtractor - extracted value ([owner6_1_0_] : [INTEGER]) - [9]
2021-04-14T14:36:11,951|[TRACE] BasicExtractor - extracted value ([privatel5_1_0_] : [BOOLEAN]) - [true]
2021-04-14T14:36:11,951|[DEBUG] SQL - 
    select
        blooddonat0_.bank_id as bank_id6_2_0_,
        blooddonat0_.donation_id as donation1_2_0_,
        blooddonat0_.donation_id as donation1_2_1_,
        blooddonat0_.bank_id as bank_id6_2_1_,
        blooddonat0_.blood_group as blood_gr2_2_1_,
        blooddonat0_.created as created3_2_1_,
        blooddonat0_.milliliters as millilit4_2_1_,
        blooddonat0_.rhd as rhd5_2_1_ 
    from
        simplebloodbank.blood_donation blooddonat0_ 
    where
        blooddonat0_.bank_id=?
2021-04-14T14:36:11,951|[TRACE] BasicBinder - binding parameter [1] as [INTEGER] - [15]
2021-04-14T14:36:11,953|[DEBUG] SQL - 
    /* delete entity.BloodBank */ delete 
        from
            simplebloodbank.blood_bank 
        where
            bank_id=?
2021-04-14T14:36:11,953|[TRACE] BasicBinder - binding parameter [1] as [INTEGER] - [15]
2021-04-14T14:36:11,957|[DEBUG] EMFactory - getting EntityManagerFactory
2021-04-14T14:36:11,957|[DEBUG] EMFactory - initializeing EntityManagerFactory
2021-04-14T14:36:11,957|[DEBUG] SQL - 
    /* load entity.BloodBank */ select
        bloodbank0_.bank_id as bank_id1_1_0_,
        bloodbank0_.employee_count as employee2_1_0_,
        bloodbank0_.established as establis3_1_0_,
        bloodbank0_.name as name4_1_0_,
        bloodbank0_.owner as owner6_1_0_,
        bloodbank0_.privately_owned as privatel5_1_0_ 
    from
        simplebloodbank.blood_bank bloodbank0_ 
    where
        bloodbank0_.bank_id=?
2021-04-14T14:36:11,957|[TRACE] BasicBinder - binding parameter [1] as [INTEGER] - [15]
2021-04-14T14:36:11,958|[DEBUG] SQL - 
    /* insert entity.BloodBank
        */ insert 
        into
            simplebloodbank.blood_bank
            (employee_count, established, name, owner, privately_owned) 
        values
            (?, ?, ?, ?, ?)
2021-04-14T14:36:11,958|[TRACE] BasicBinder - binding parameter [1] as [INTEGER] - [5]
2021-04-14T14:36:11,958|[TRACE] BasicBinder - binding parameter [2] as [TIMESTAMP] - [Wed Dec 12 00:00:00 EST 1212]
2021-04-14T14:36:11,958|[TRACE] BasicBinder - binding parameter [3] as [VARCHAR] - [test name]
2021-04-14T14:36:11,958|[TRACE] BasicBinder - binding parameter [4] as [INTEGER] - [9]
2021-04-14T14:36:11,958|[TRACE] BasicBinder - binding parameter [5] as [BOOLEAN] - [true]
2021-04-14T14:36:11,959|[DEBUG] SQL - 
    /* delete entity.BloodBank */ delete 
        from
            simplebloodbank.blood_bank 
        where
            bank_id=?
2021-04-14T14:36:11,960|[TRACE] BasicBinder - binding parameter [1] as [INTEGER] - [16]
2021-04-14T14:36:11,964|[DEBUG] EMFactory - getting EntityManagerFactory
2021-04-14T14:36:11,964|[DEBUG] EMFactory - initializeing EntityManagerFactory
2021-04-14T14:36:11,964|[DEBUG] SQL - 
    select
        person0_.id as id1_4_0_,
        person0_.address as address2_4_0_,
        person0_.birth as birth3_4_0_,
        person0_.first_name as first_na4_4_0_,
        person0_.last_name as last_nam5_4_0_,
        person0_.phone as phone6_4_0_ 
    from
        simplebloodbank.person person0_ 
    where
        person0_.id=?
2021-04-14T14:36:11,964|[TRACE] BasicBinder - binding parameter [1] as [INTEGER] - [2]
]]></system-out>
    <system-err><![CDATA[Apr. 14, 2021 2:36:11 P.M. dal.GenericDAL lambda$setParameters$0
INFO: setParameters: established=Wed Dec 12 00:00:00 EST 1212
]]></system-err>
  </testcase>
  <testcase name="testGetEmployeeCount" classname="logic.BloodBankTest" time="0.022">
    <system-out><![CDATA[2021-04-14T14:36:11,966|[DEBUG] EMFactory - getting EntityManagerFactory
2021-04-14T14:36:11,966|[DEBUG] EMFactory - initializeing EntityManagerFactory
2021-04-14T14:36:11,966|[DEBUG] SQL - 
    select
        person0_.id as id1_4_0_,
        person0_.address as address2_4_0_,
        person0_.birth as birth3_4_0_,
        person0_.first_name as first_na4_4_0_,
        person0_.last_name as last_nam5_4_0_,
        person0_.phone as phone6_4_0_ 
    from
        simplebloodbank.person person0_ 
    where
        person0_.id=?
2021-04-14T14:36:11,967|[TRACE] BasicBinder - binding parameter [1] as [INTEGER] - [2]
2021-04-14T14:36:11,967|[DEBUG] SQL - 
    /* insert entity.Person
        */ insert 
        into
            simplebloodbank.person
            (address, birth, first_name, last_name, phone) 
        values
            (?, ?, ?, ?, ?)
2021-04-14T14:36:11,968|[TRACE] BasicBinder - binding parameter [1] as [VARCHAR] - [123 Road Street]
2021-04-14T14:36:11,968|[TRACE] BasicBinder - binding parameter [2] as [TIMESTAMP] - [Sun Mar 01 00:00:00 EST 2020]
2021-04-14T14:36:11,968|[TRACE] BasicBinder - binding parameter [3] as [VARCHAR] - [Clark]
2021-04-14T14:36:11,968|[TRACE] BasicBinder - binding parameter [4] as [VARCHAR] - [Kent]
2021-04-14T14:36:11,968|[TRACE] BasicBinder - binding parameter [5] as [VARCHAR] - [613-316-1361]
2021-04-14T14:36:11,969|[DEBUG] SQL - 
    /* insert entity.BloodBank
        */ insert 
        into
            simplebloodbank.blood_bank
            (employee_count, established, name, owner, privately_owned) 
        values
            (?, ?, ?, ?, ?)
2021-04-14T14:36:11,969|[TRACE] BasicBinder - binding parameter [1] as [INTEGER] - [5]
2021-04-14T14:36:11,969|[TRACE] BasicBinder - binding parameter [2] as [TIMESTAMP] - [Wed Dec 12 00:00:00 EST 1212]
2021-04-14T14:36:11,969|[TRACE] BasicBinder - binding parameter [3] as [VARCHAR] - [test name]
2021-04-14T14:36:11,969|[TRACE] BasicBinder - binding parameter [4] as [INTEGER] - [10]
2021-04-14T14:36:11,969|[TRACE] BasicBinder - binding parameter [5] as [BOOLEAN] - [true]
2021-04-14T14:36:11,973|[DEBUG] EMFactory - getting EntityManagerFactory
2021-04-14T14:36:11,973|[DEBUG] EMFactory - initializeing EntityManagerFactory
2021-04-14T14:36:11,973|[DEBUG] SQL - 
    /* load entity.BloodBank */ select
        bloodbank0_.bank_id as bank_id1_1_0_,
        bloodbank0_.employee_count as employee2_1_0_,
        bloodbank0_.established as establis3_1_0_,
        bloodbank0_.name as name4_1_0_,
        bloodbank0_.owner as owner6_1_0_,
        bloodbank0_.privately_owned as privatel5_1_0_ 
    from
        simplebloodbank.blood_bank bloodbank0_ 
    where
        bloodbank0_.bank_id=?
2021-04-14T14:36:11,974|[TRACE] BasicBinder - binding parameter [1] as [INTEGER] - [17]
2021-04-14T14:36:11,974|[TRACE] BasicExtractor - extracted value ([employee2_1_0_] : [INTEGER]) - [5]
2021-04-14T14:36:11,974|[TRACE] BasicExtractor - extracted value ([establis3_1_0_] : [TIMESTAMP]) - [1212-12-12 00:00:00.0]
2021-04-14T14:36:11,974|[TRACE] BasicExtractor - extracted value ([name4_1_0_] : [VARCHAR]) - [test name]
2021-04-14T14:36:11,974|[TRACE] BasicExtractor - extracted value ([owner6_1_0_] : [INTEGER]) - [10]
2021-04-14T14:36:11,974|[TRACE] BasicExtractor - extracted value ([privatel5_1_0_] : [BOOLEAN]) - [true]
2021-04-14T14:36:11,975|[DEBUG] SQL - 
    select
        blooddonat0_.bank_id as bank_id6_2_0_,
        blooddonat0_.donation_id as donation1_2_0_,
        blooddonat0_.donation_id as donation1_2_1_,
        blooddonat0_.bank_id as bank_id6_2_1_,
        blooddonat0_.blood_group as blood_gr2_2_1_,
        blooddonat0_.created as created3_2_1_,
        blooddonat0_.milliliters as millilit4_2_1_,
        blooddonat0_.rhd as rhd5_2_1_ 
    from
        simplebloodbank.blood_donation blooddonat0_ 
    where
        blooddonat0_.bank_id=?
2021-04-14T14:36:11,975|[TRACE] BasicBinder - binding parameter [1] as [INTEGER] - [17]
2021-04-14T14:36:11,976|[DEBUG] SQL - 
    /* delete entity.BloodBank */ delete 
        from
            simplebloodbank.blood_bank 
        where
            bank_id=?
2021-04-14T14:36:11,976|[TRACE] BasicBinder - binding parameter [1] as [INTEGER] - [17]
2021-04-14T14:36:11,980|[DEBUG] EMFactory - getting EntityManagerFactory
2021-04-14T14:36:11,980|[DEBUG] EMFactory - initializeing EntityManagerFactory
2021-04-14T14:36:11,980|[DEBUG] SQL - 
    /* load entity.BloodBank */ select
        bloodbank0_.bank_id as bank_id1_1_0_,
        bloodbank0_.employee_count as employee2_1_0_,
        bloodbank0_.established as establis3_1_0_,
        bloodbank0_.name as name4_1_0_,
        bloodbank0_.owner as owner6_1_0_,
        bloodbank0_.privately_owned as privatel5_1_0_ 
    from
        simplebloodbank.blood_bank bloodbank0_ 
    where
        bloodbank0_.bank_id=?
2021-04-14T14:36:11,980|[TRACE] BasicBinder - binding parameter [1] as [INTEGER] - [17]
2021-04-14T14:36:11,981|[DEBUG] SQL - 
    /* insert entity.BloodBank
        */ insert 
        into
            simplebloodbank.blood_bank
            (employee_count, established, name, owner, privately_owned) 
        values
            (?, ?, ?, ?, ?)
2021-04-14T14:36:11,981|[TRACE] BasicBinder - binding parameter [1] as [INTEGER] - [5]
2021-04-14T14:36:11,981|[TRACE] BasicBinder - binding parameter [2] as [TIMESTAMP] - [Wed Dec 12 00:00:00 EST 1212]
2021-04-14T14:36:11,981|[TRACE] BasicBinder - binding parameter [3] as [VARCHAR] - [test name]
2021-04-14T14:36:11,981|[TRACE] BasicBinder - binding parameter [4] as [INTEGER] - [10]
2021-04-14T14:36:11,981|[TRACE] BasicBinder - binding parameter [5] as [BOOLEAN] - [true]
2021-04-14T14:36:11,982|[DEBUG] SQL - 
    /* delete entity.BloodBank */ delete 
        from
            simplebloodbank.blood_bank 
        where
            bank_id=?
2021-04-14T14:36:11,982|[TRACE] BasicBinder - binding parameter [1] as [INTEGER] - [18]
2021-04-14T14:36:11,987|[DEBUG] EMFactory - getting EntityManagerFactory
2021-04-14T14:36:11,987|[DEBUG] EMFactory - initializeing EntityManagerFactory
2021-04-14T14:36:11,987|[DEBUG] SQL - 
    select
        person0_.id as id1_4_0_,
        person0_.address as address2_4_0_,
        person0_.birth as birth3_4_0_,
        person0_.first_name as first_na4_4_0_,
        person0_.last_name as last_nam5_4_0_,
        person0_.phone as phone6_4_0_ 
    from
        simplebloodbank.person person0_ 
    where
        person0_.id=?
2021-04-14T14:36:11,987|[TRACE] BasicBinder - binding parameter [1] as [INTEGER] - [2]
]]></system-out>
  </testcase>
  <testcase name="testGetPrivatelyOwned" classname="logic.BloodBankTest" time="0.021">
    <system-out><![CDATA[2021-04-14T14:36:11,989|[DEBUG] EMFactory - getting EntityManagerFactory
2021-04-14T14:36:11,989|[DEBUG] EMFactory - initializeing EntityManagerFactory
2021-04-14T14:36:11,989|[DEBUG] SQL - 
    select
        person0_.id as id1_4_0_,
        person0_.address as address2_4_0_,
        person0_.birth as birth3_4_0_,
        person0_.first_name as first_na4_4_0_,
        person0_.last_name as last_nam5_4_0_,
        person0_.phone as phone6_4_0_ 
    from
        simplebloodbank.person person0_ 
    where
        person0_.id=?
2021-04-14T14:36:11,989|[TRACE] BasicBinder - binding parameter [1] as [INTEGER] - [2]
2021-04-14T14:36:11,990|[DEBUG] SQL - 
    /* insert entity.Person
        */ insert 
        into
            simplebloodbank.person
            (address, birth, first_name, last_name, phone) 
        values
            (?, ?, ?, ?, ?)
2021-04-14T14:36:11,990|[TRACE] BasicBinder - binding parameter [1] as [VARCHAR] - [123 Road Street]
2021-04-14T14:36:11,990|[TRACE] BasicBinder - binding parameter [2] as [TIMESTAMP] - [Sun Mar 01 00:00:00 EST 2020]
2021-04-14T14:36:11,990|[TRACE] BasicBinder - binding parameter [3] as [VARCHAR] - [Clark]
2021-04-14T14:36:11,990|[TRACE] BasicBinder - binding parameter [4] as [VARCHAR] - [Kent]
2021-04-14T14:36:11,990|[TRACE] BasicBinder - binding parameter [5] as [VARCHAR] - [613-316-1361]
2021-04-14T14:36:11,991|[DEBUG] SQL - 
    /* insert entity.BloodBank
        */ insert 
        into
            simplebloodbank.blood_bank
            (employee_count, established, name, owner, privately_owned) 
        values
            (?, ?, ?, ?, ?)
2021-04-14T14:36:11,991|[TRACE] BasicBinder - binding parameter [1] as [INTEGER] - [5]
2021-04-14T14:36:11,991|[TRACE] BasicBinder - binding parameter [2] as [TIMESTAMP] - [Wed Dec 12 00:00:00 EST 1212]
2021-04-14T14:36:11,991|[TRACE] BasicBinder - binding parameter [3] as [VARCHAR] - [test name]
2021-04-14T14:36:11,991|[TRACE] BasicBinder - binding parameter [4] as [INTEGER] - [11]
2021-04-14T14:36:11,991|[TRACE] BasicBinder - binding parameter [5] as [BOOLEAN] - [true]
2021-04-14T14:36:11,995|[DEBUG] EMFactory - getting EntityManagerFactory
2021-04-14T14:36:11,995|[DEBUG] EMFactory - initializeing EntityManagerFactory
2021-04-14T14:36:11,996|[DEBUG] SQL - 
    /* load entity.BloodBank */ select
        bloodbank0_.bank_id as bank_id1_1_0_,
        bloodbank0_.employee_count as employee2_1_0_,
        bloodbank0_.established as establis3_1_0_,
        bloodbank0_.name as name4_1_0_,
        bloodbank0_.owner as owner6_1_0_,
        bloodbank0_.privately_owned as privatel5_1_0_ 
    from
        simplebloodbank.blood_bank bloodbank0_ 
    where
        bloodbank0_.bank_id=?
2021-04-14T14:36:11,996|[TRACE] BasicBinder - binding parameter [1] as [INTEGER] - [19]
2021-04-14T14:36:11,996|[TRACE] BasicExtractor - extracted value ([employee2_1_0_] : [INTEGER]) - [5]
2021-04-14T14:36:11,997|[TRACE] BasicExtractor - extracted value ([establis3_1_0_] : [TIMESTAMP]) - [1212-12-12 00:00:00.0]
2021-04-14T14:36:11,997|[TRACE] BasicExtractor - extracted value ([name4_1_0_] : [VARCHAR]) - [test name]
2021-04-14T14:36:11,997|[TRACE] BasicExtractor - extracted value ([owner6_1_0_] : [INTEGER]) - [11]
2021-04-14T14:36:11,997|[TRACE] BasicExtractor - extracted value ([privatel5_1_0_] : [BOOLEAN]) - [true]
2021-04-14T14:36:11,997|[DEBUG] SQL - 
    select
        blooddonat0_.bank_id as bank_id6_2_0_,
        blooddonat0_.donation_id as donation1_2_0_,
        blooddonat0_.donation_id as donation1_2_1_,
        blooddonat0_.bank_id as bank_id6_2_1_,
        blooddonat0_.blood_group as blood_gr2_2_1_,
        blooddonat0_.created as created3_2_1_,
        blooddonat0_.milliliters as millilit4_2_1_,
        blooddonat0_.rhd as rhd5_2_1_ 
    from
        simplebloodbank.blood_donation blooddonat0_ 
    where
        blooddonat0_.bank_id=?
2021-04-14T14:36:11,997|[TRACE] BasicBinder - binding parameter [1] as [INTEGER] - [19]
2021-04-14T14:36:11,998|[DEBUG] SQL - 
    /* delete entity.BloodBank */ delete 
        from
            simplebloodbank.blood_bank 
        where
            bank_id=?
2021-04-14T14:36:11,998|[TRACE] BasicBinder - binding parameter [1] as [INTEGER] - [19]
2021-04-14T14:36:12,002|[DEBUG] EMFactory - getting EntityManagerFactory
2021-04-14T14:36:12,002|[DEBUG] EMFactory - initializeing EntityManagerFactory
2021-04-14T14:36:12,002|[DEBUG] SQL - 
    /* load entity.BloodBank */ select
        bloodbank0_.bank_id as bank_id1_1_0_,
        bloodbank0_.employee_count as employee2_1_0_,
        bloodbank0_.established as establis3_1_0_,
        bloodbank0_.name as name4_1_0_,
        bloodbank0_.owner as owner6_1_0_,
        bloodbank0_.privately_owned as privatel5_1_0_ 
    from
        simplebloodbank.blood_bank bloodbank0_ 
    where
        bloodbank0_.bank_id=?
2021-04-14T14:36:12,002|[TRACE] BasicBinder - binding parameter [1] as [INTEGER] - [19]
2021-04-14T14:36:12,003|[DEBUG] SQL - 
    /* insert entity.BloodBank
        */ insert 
        into
            simplebloodbank.blood_bank
            (employee_count, established, name, owner, privately_owned) 
        values
            (?, ?, ?, ?, ?)
2021-04-14T14:36:12,003|[TRACE] BasicBinder - binding parameter [1] as [INTEGER] - [5]
2021-04-14T14:36:12,003|[TRACE] BasicBinder - binding parameter [2] as [TIMESTAMP] - [Wed Dec 12 00:00:00 EST 1212]
2021-04-14T14:36:12,003|[TRACE] BasicBinder - binding parameter [3] as [VARCHAR] - [test name]
2021-04-14T14:36:12,003|[TRACE] BasicBinder - binding parameter [4] as [INTEGER] - [11]
2021-04-14T14:36:12,003|[TRACE] BasicBinder - binding parameter [5] as [BOOLEAN] - [true]
2021-04-14T14:36:12,004|[DEBUG] SQL - 
    /* delete entity.BloodBank */ delete 
        from
            simplebloodbank.blood_bank 
        where
            bank_id=?
2021-04-14T14:36:12,004|[TRACE] BasicBinder - binding parameter [1] as [INTEGER] - [20]
2021-04-14T14:36:12,008|[DEBUG] EMFactory - getting EntityManagerFactory
2021-04-14T14:36:12,008|[DEBUG] EMFactory - initializeing EntityManagerFactory
2021-04-14T14:36:12,009|[DEBUG] SQL - 
    select
        person0_.id as id1_4_0_,
        person0_.address as address2_4_0_,
        person0_.birth as birth3_4_0_,
        person0_.first_name as first_na4_4_0_,
        person0_.last_name as last_nam5_4_0_,
        person0_.phone as phone6_4_0_ 
    from
        simplebloodbank.person person0_ 
    where
        person0_.id=?
2021-04-14T14:36:12,009|[TRACE] BasicBinder - binding parameter [1] as [INTEGER] - [2]
]]></system-out>
  </testcase>
  <testcase name="testGetBloodBanksWithEmployeeCount" classname="logic.BloodBankTest" time="0.039">
    <system-out><![CDATA[2021-04-14T14:36:12,010|[DEBUG] EMFactory - getting EntityManagerFactory
2021-04-14T14:36:12,010|[DEBUG] EMFactory - initializeing EntityManagerFactory
2021-04-14T14:36:12,010|[DEBUG] SQL - 
    select
        person0_.id as id1_4_0_,
        person0_.address as address2_4_0_,
        person0_.birth as birth3_4_0_,
        person0_.first_name as first_na4_4_0_,
        person0_.last_name as last_nam5_4_0_,
        person0_.phone as phone6_4_0_ 
    from
        simplebloodbank.person person0_ 
    where
        person0_.id=?
2021-04-14T14:36:12,011|[TRACE] BasicBinder - binding parameter [1] as [INTEGER] - [2]
2021-04-14T14:36:12,011|[DEBUG] SQL - 
    /* insert entity.Person
        */ insert 
        into
            simplebloodbank.person
            (address, birth, first_name, last_name, phone) 
        values
            (?, ?, ?, ?, ?)
2021-04-14T14:36:12,011|[TRACE] BasicBinder - binding parameter [1] as [VARCHAR] - [123 Road Street]
2021-04-14T14:36:12,011|[TRACE] BasicBinder - binding parameter [2] as [TIMESTAMP] - [Sun Mar 01 00:00:00 EST 2020]
2021-04-14T14:36:12,011|[TRACE] BasicBinder - binding parameter [3] as [VARCHAR] - [Clark]
2021-04-14T14:36:12,011|[TRACE] BasicBinder - binding parameter [4] as [VARCHAR] - [Kent]
2021-04-14T14:36:12,011|[TRACE] BasicBinder - binding parameter [5] as [VARCHAR] - [613-316-1361]
2021-04-14T14:36:12,012|[DEBUG] SQL - 
    /* insert entity.BloodBank
        */ insert 
        into
            simplebloodbank.blood_bank
            (employee_count, established, name, owner, privately_owned) 
        values
            (?, ?, ?, ?, ?)
2021-04-14T14:36:12,012|[TRACE] BasicBinder - binding parameter [1] as [INTEGER] - [5]
2021-04-14T14:36:12,012|[TRACE] BasicBinder - binding parameter [2] as [TIMESTAMP] - [Wed Dec 12 00:00:00 EST 1212]
2021-04-14T14:36:12,013|[TRACE] BasicBinder - binding parameter [3] as [VARCHAR] - [test name]
2021-04-14T14:36:12,013|[TRACE] BasicBinder - binding parameter [4] as [INTEGER] - [12]
2021-04-14T14:36:12,013|[TRACE] BasicBinder - binding parameter [5] as [BOOLEAN] - [true]
2021-04-14T14:36:12,020|[DEBUG] EMFactory - getting EntityManagerFactory
2021-04-14T14:36:12,020|[DEBUG] EMFactory - initializeing EntityManagerFactory
2021-04-14T14:36:12,021|[DEBUG] SQL - 
    /* BloodBank.findByEstablished */ select
        bloodbank0_.bank_id as bank_id1_1_,
        bloodbank0_.employee_count as employee2_1_,
        bloodbank0_.established as establis3_1_,
        bloodbank0_.name as name4_1_,
        bloodbank0_.owner as owner6_1_,
        bloodbank0_.privately_owned as privatel5_1_ 
    from
        simplebloodbank.blood_bank bloodbank0_ 
    where
        bloodbank0_.established=?
2021-04-14T14:36:12,021|[TRACE] BasicBinder - binding parameter [1] as [TIMESTAMP] - [Wed Dec 12 00:00:00 EST 1212]
2021-04-14T14:36:12,022|[TRACE] BasicExtractor - extracted value ([bank_id1_1_] : [INTEGER]) - [21]
2021-04-14T14:36:12,022|[TRACE] BasicExtractor - extracted value ([employee2_1_] : [INTEGER]) - [5]
2021-04-14T14:36:12,022|[TRACE] BasicExtractor - extracted value ([establis3_1_] : [TIMESTAMP]) - [1212-12-12 00:00:00.0]
2021-04-14T14:36:12,022|[TRACE] BasicExtractor - extracted value ([name4_1_] : [VARCHAR]) - [test name]
2021-04-14T14:36:12,022|[TRACE] BasicExtractor - extracted value ([owner6_1_] : [INTEGER]) - [12]
2021-04-14T14:36:12,022|[TRACE] BasicExtractor - extracted value ([privatel5_1_] : [BOOLEAN]) - [true]
2021-04-14T14:36:12,022|[DEBUG] SQL - 
    select
        person0_.id as id1_4_0_,
        person0_.address as address2_4_0_,
        person0_.birth as birth3_4_0_,
        person0_.first_name as first_na4_4_0_,
        person0_.last_name as last_nam5_4_0_,
        person0_.phone as phone6_4_0_ 
    from
        simplebloodbank.person person0_ 
    where
        person0_.id=?
2021-04-14T14:36:12,022|[TRACE] BasicBinder - binding parameter [1] as [INTEGER] - [12]
2021-04-14T14:36:12,023|[TRACE] BasicExtractor - extracted value ([address2_4_0_] : [VARCHAR]) - [123 Road Street]
2021-04-14T14:36:12,023|[TRACE] BasicExtractor - extracted value ([birth3_4_0_] : [TIMESTAMP]) - [2020-03-01 00:00:00.0]
2021-04-14T14:36:12,023|[TRACE] BasicExtractor - extracted value ([first_na4_4_0_] : [VARCHAR]) - [Clark]
2021-04-14T14:36:12,023|[TRACE] BasicExtractor - extracted value ([last_nam5_4_0_] : [VARCHAR]) - [Kent]
2021-04-14T14:36:12,023|[TRACE] BasicExtractor - extracted value ([phone6_4_0_] : [VARCHAR]) - [613-316-1361]
2021-04-14T14:36:12,023|[DEBUG] EMFactory - getting EntityManagerFactory
2021-04-14T14:36:12,023|[DEBUG] EMFactory - initializeing EntityManagerFactory
2021-04-14T14:36:12,034|[DEBUG] SQL - 
    /* load entity.BloodBank */ select
        bloodbank0_.bank_id as bank_id1_1_0_,
        bloodbank0_.employee_count as employee2_1_0_,
        bloodbank0_.established as establis3_1_0_,
        bloodbank0_.name as name4_1_0_,
        bloodbank0_.owner as owner6_1_0_,
        bloodbank0_.privately_owned as privatel5_1_0_ 
    from
        simplebloodbank.blood_bank bloodbank0_ 
    where
        bloodbank0_.bank_id=?
2021-04-14T14:36:12,034|[TRACE] BasicBinder - binding parameter [1] as [INTEGER] - [21]
2021-04-14T14:36:12,035|[TRACE] BasicExtractor - extracted value ([employee2_1_0_] : [INTEGER]) - [5]
2021-04-14T14:36:12,035|[TRACE] BasicExtractor - extracted value ([establis3_1_0_] : [TIMESTAMP]) - [1212-12-12 00:00:00.0]
2021-04-14T14:36:12,035|[TRACE] BasicExtractor - extracted value ([name4_1_0_] : [VARCHAR]) - [test name]
2021-04-14T14:36:12,035|[TRACE] BasicExtractor - extracted value ([owner6_1_0_] : [INTEGER]) - [12]
2021-04-14T14:36:12,035|[TRACE] BasicExtractor - extracted value ([privatel5_1_0_] : [BOOLEAN]) - [true]
2021-04-14T14:36:12,035|[DEBUG] SQL - 
    select
        blooddonat0_.bank_id as bank_id6_2_0_,
        blooddonat0_.donation_id as donation1_2_0_,
        blooddonat0_.donation_id as donation1_2_1_,
        blooddonat0_.bank_id as bank_id6_2_1_,
        blooddonat0_.blood_group as blood_gr2_2_1_,
        blooddonat0_.created as created3_2_1_,
        blooddonat0_.milliliters as millilit4_2_1_,
        blooddonat0_.rhd as rhd5_2_1_ 
    from
        simplebloodbank.blood_donation blooddonat0_ 
    where
        blooddonat0_.bank_id=?
2021-04-14T14:36:12,035|[TRACE] BasicBinder - binding parameter [1] as [INTEGER] - [21]
2021-04-14T14:36:12,036|[DEBUG] SQL - 
    /* delete entity.BloodBank */ delete 
        from
            simplebloodbank.blood_bank 
        where
            bank_id=?
2021-04-14T14:36:12,036|[TRACE] BasicBinder - binding parameter [1] as [INTEGER] - [21]
2021-04-14T14:36:12,040|[DEBUG] EMFactory - getting EntityManagerFactory
2021-04-14T14:36:12,040|[DEBUG] EMFactory - initializeing EntityManagerFactory
2021-04-14T14:36:12,041|[DEBUG] SQL - 
    /* load entity.BloodBank */ select
        bloodbank0_.bank_id as bank_id1_1_0_,
        bloodbank0_.employee_count as employee2_1_0_,
        bloodbank0_.established as establis3_1_0_,
        bloodbank0_.name as name4_1_0_,
        bloodbank0_.owner as owner6_1_0_,
        bloodbank0_.privately_owned as privatel5_1_0_ 
    from
        simplebloodbank.blood_bank bloodbank0_ 
    where
        bloodbank0_.bank_id=?
2021-04-14T14:36:12,041|[TRACE] BasicBinder - binding parameter [1] as [INTEGER] - [21]
2021-04-14T14:36:12,042|[DEBUG] SQL - 
    /* insert entity.BloodBank
        */ insert 
        into
            simplebloodbank.blood_bank
            (employee_count, established, name, owner, privately_owned) 
        values
            (?, ?, ?, ?, ?)
2021-04-14T14:36:12,042|[TRACE] BasicBinder - binding parameter [1] as [INTEGER] - [5]
2021-04-14T14:36:12,042|[TRACE] BasicBinder - binding parameter [2] as [TIMESTAMP] - [Wed Dec 12 00:00:00 EST 1212]
2021-04-14T14:36:12,042|[TRACE] BasicBinder - binding parameter [3] as [VARCHAR] - [test name]
2021-04-14T14:36:12,042|[TRACE] BasicBinder - binding parameter [4] as [INTEGER] - [12]
2021-04-14T14:36:12,042|[TRACE] BasicBinder - binding parameter [5] as [BOOLEAN] - [true]
2021-04-14T14:36:12,043|[DEBUG] SQL - 
    /* delete entity.BloodBank */ delete 
        from
            simplebloodbank.blood_bank 
        where
            bank_id=?
2021-04-14T14:36:12,043|[TRACE] BasicBinder - binding parameter [1] as [INTEGER] - [22]
2021-04-14T14:36:12,047|[DEBUG] EMFactory - getting EntityManagerFactory
2021-04-14T14:36:12,047|[DEBUG] EMFactory - initializeing EntityManagerFactory
2021-04-14T14:36:12,048|[DEBUG] SQL - 
    select
        person0_.id as id1_4_0_,
        person0_.address as address2_4_0_,
        person0_.birth as birth3_4_0_,
        person0_.first_name as first_na4_4_0_,
        person0_.last_name as last_nam5_4_0_,
        person0_.phone as phone6_4_0_ 
    from
        simplebloodbank.person person0_ 
    where
        person0_.id=?
2021-04-14T14:36:12,048|[TRACE] BasicBinder - binding parameter [1] as [INTEGER] - [2]
]]></system-out>
    <system-err><![CDATA[Apr. 14, 2021 2:36:12 P.M. dal.GenericDAL lambda$setParameters$0
INFO: setParameters: established=Wed Dec 12 00:00:00 EST 1212
]]></system-err>
  </testcase>
  <testcase name="testGetBloodDonationSet" classname="logic.BloodBankTest" time="0.02">
    <system-out><![CDATA[2021-04-14T14:36:12,049|[DEBUG] EMFactory - getting EntityManagerFactory
2021-04-14T14:36:12,049|[DEBUG] EMFactory - initializeing EntityManagerFactory
2021-04-14T14:36:12,050|[DEBUG] SQL - 
    select
        person0_.id as id1_4_0_,
        person0_.address as address2_4_0_,
        person0_.birth as birth3_4_0_,
        person0_.first_name as first_na4_4_0_,
        person0_.last_name as last_nam5_4_0_,
        person0_.phone as phone6_4_0_ 
    from
        simplebloodbank.person person0_ 
    where
        person0_.id=?
2021-04-14T14:36:12,050|[TRACE] BasicBinder - binding parameter [1] as [INTEGER] - [2]
2021-04-14T14:36:12,050|[DEBUG] SQL - 
    /* insert entity.Person
        */ insert 
        into
            simplebloodbank.person
            (address, birth, first_name, last_name, phone) 
        values
            (?, ?, ?, ?, ?)
2021-04-14T14:36:12,050|[TRACE] BasicBinder - binding parameter [1] as [VARCHAR] - [123 Road Street]
2021-04-14T14:36:12,050|[TRACE] BasicBinder - binding parameter [2] as [TIMESTAMP] - [Sun Mar 01 00:00:00 EST 2020]
2021-04-14T14:36:12,050|[TRACE] BasicBinder - binding parameter [3] as [VARCHAR] - [Clark]
2021-04-14T14:36:12,050|[TRACE] BasicBinder - binding parameter [4] as [VARCHAR] - [Kent]
2021-04-14T14:36:12,050|[TRACE] BasicBinder - binding parameter [5] as [VARCHAR] - [613-316-1361]
2021-04-14T14:36:12,051|[DEBUG] SQL - 
    /* insert entity.BloodBank
        */ insert 
        into
            simplebloodbank.blood_bank
            (employee_count, established, name, owner, privately_owned) 
        values
            (?, ?, ?, ?, ?)
2021-04-14T14:36:12,051|[TRACE] BasicBinder - binding parameter [1] as [INTEGER] - [5]
2021-04-14T14:36:12,051|[TRACE] BasicBinder - binding parameter [2] as [TIMESTAMP] - [Wed Dec 12 00:00:00 EST 1212]
2021-04-14T14:36:12,051|[TRACE] BasicBinder - binding parameter [3] as [VARCHAR] - [test name]
2021-04-14T14:36:12,051|[TRACE] BasicBinder - binding parameter [4] as [INTEGER] - [13]
2021-04-14T14:36:12,051|[TRACE] BasicBinder - binding parameter [5] as [BOOLEAN] - [true]
2021-04-14T14:36:12,056|[DEBUG] EMFactory - getting EntityManagerFactory
2021-04-14T14:36:12,056|[DEBUG] EMFactory - initializeing EntityManagerFactory
2021-04-14T14:36:12,056|[DEBUG] SQL - 
    /* load entity.BloodBank */ select
        bloodbank0_.bank_id as bank_id1_1_0_,
        bloodbank0_.employee_count as employee2_1_0_,
        bloodbank0_.established as establis3_1_0_,
        bloodbank0_.name as name4_1_0_,
        bloodbank0_.owner as owner6_1_0_,
        bloodbank0_.privately_owned as privatel5_1_0_ 
    from
        simplebloodbank.blood_bank bloodbank0_ 
    where
        bloodbank0_.bank_id=?
2021-04-14T14:36:12,056|[TRACE] BasicBinder - binding parameter [1] as [INTEGER] - [23]
2021-04-14T14:36:12,057|[TRACE] BasicExtractor - extracted value ([employee2_1_0_] : [INTEGER]) - [5]
2021-04-14T14:36:12,057|[TRACE] BasicExtractor - extracted value ([establis3_1_0_] : [TIMESTAMP]) - [1212-12-12 00:00:00.0]
2021-04-14T14:36:12,057|[TRACE] BasicExtractor - extracted value ([name4_1_0_] : [VARCHAR]) - [test name]
2021-04-14T14:36:12,057|[TRACE] BasicExtractor - extracted value ([owner6_1_0_] : [INTEGER]) - [13]
2021-04-14T14:36:12,057|[TRACE] BasicExtractor - extracted value ([privatel5_1_0_] : [BOOLEAN]) - [true]
2021-04-14T14:36:12,057|[DEBUG] SQL - 
    select
        blooddonat0_.bank_id as bank_id6_2_0_,
        blooddonat0_.donation_id as donation1_2_0_,
        blooddonat0_.donation_id as donation1_2_1_,
        blooddonat0_.bank_id as bank_id6_2_1_,
        blooddonat0_.blood_group as blood_gr2_2_1_,
        blooddonat0_.created as created3_2_1_,
        blooddonat0_.milliliters as millilit4_2_1_,
        blooddonat0_.rhd as rhd5_2_1_ 
    from
        simplebloodbank.blood_donation blooddonat0_ 
    where
        blooddonat0_.bank_id=?
2021-04-14T14:36:12,057|[TRACE] BasicBinder - binding parameter [1] as [INTEGER] - [23]
2021-04-14T14:36:12,058|[DEBUG] SQL - 
    /* delete entity.BloodBank */ delete 
        from
            simplebloodbank.blood_bank 
        where
            bank_id=?
2021-04-14T14:36:12,058|[TRACE] BasicBinder - binding parameter [1] as [INTEGER] - [23]
2021-04-14T14:36:12,062|[DEBUG] EMFactory - getting EntityManagerFactory
2021-04-14T14:36:12,062|[DEBUG] EMFactory - initializeing EntityManagerFactory
2021-04-14T14:36:12,062|[DEBUG] SQL - 
    /* load entity.BloodBank */ select
        bloodbank0_.bank_id as bank_id1_1_0_,
        bloodbank0_.employee_count as employee2_1_0_,
        bloodbank0_.established as establis3_1_0_,
        bloodbank0_.name as name4_1_0_,
        bloodbank0_.owner as owner6_1_0_,
        bloodbank0_.privately_owned as privatel5_1_0_ 
    from
        simplebloodbank.blood_bank bloodbank0_ 
    where
        bloodbank0_.bank_id=?
2021-04-14T14:36:12,062|[TRACE] BasicBinder - binding parameter [1] as [INTEGER] - [23]
2021-04-14T14:36:12,063|[DEBUG] SQL - 
    /* insert entity.BloodBank
        */ insert 
        into
            simplebloodbank.blood_bank
            (employee_count, established, name, owner, privately_owned) 
        values
            (?, ?, ?, ?, ?)
2021-04-14T14:36:12,063|[TRACE] BasicBinder - binding parameter [1] as [INTEGER] - [5]
2021-04-14T14:36:12,063|[TRACE] BasicBinder - binding parameter [2] as [TIMESTAMP] - [Wed Dec 12 00:00:00 EST 1212]
2021-04-14T14:36:12,063|[TRACE] BasicBinder - binding parameter [3] as [VARCHAR] - [test name]
2021-04-14T14:36:12,063|[TRACE] BasicBinder - binding parameter [4] as [INTEGER] - [13]
2021-04-14T14:36:12,063|[TRACE] BasicBinder - binding parameter [5] as [BOOLEAN] - [true]
2021-04-14T14:36:12,064|[DEBUG] SQL - 
    /* delete entity.BloodBank */ delete 
        from
            simplebloodbank.blood_bank 
        where
            bank_id=?
2021-04-14T14:36:12,064|[TRACE] BasicBinder - binding parameter [1] as [INTEGER] - [24]
2021-04-14T14:36:12,068|[DEBUG] EMFactory - getting EntityManagerFactory
2021-04-14T14:36:12,068|[DEBUG] EMFactory - initializeing EntityManagerFactory
2021-04-14T14:36:12,068|[DEBUG] SQL - 
    select
        person0_.id as id1_4_0_,
        person0_.address as address2_4_0_,
        person0_.birth as birth3_4_0_,
        person0_.first_name as first_na4_4_0_,
        person0_.last_name as last_nam5_4_0_,
        person0_.phone as phone6_4_0_ 
    from
        simplebloodbank.person person0_ 
    where
        person0_.id=?
2021-04-14T14:36:12,068|[TRACE] BasicBinder - binding parameter [1] as [INTEGER] - [2]
]]></system-out>
  </testcase>
  <testcase name="testCreateEntityAndAdd" classname="logic.BloodBankTest" time="0.055">
    <system-out><![CDATA[2021-04-14T14:36:12,070|[DEBUG] EMFactory - getting EntityManagerFactory
2021-04-14T14:36:12,070|[DEBUG] EMFactory - initializeing EntityManagerFactory
2021-04-14T14:36:12,070|[DEBUG] SQL - 
    select
        person0_.id as id1_4_0_,
        person0_.address as address2_4_0_,
        person0_.birth as birth3_4_0_,
        person0_.first_name as first_na4_4_0_,
        person0_.last_name as last_nam5_4_0_,
        person0_.phone as phone6_4_0_ 
    from
        simplebloodbank.person person0_ 
    where
        person0_.id=?
2021-04-14T14:36:12,070|[TRACE] BasicBinder - binding parameter [1] as [INTEGER] - [2]
2021-04-14T14:36:12,071|[DEBUG] SQL - 
    /* insert entity.Person
        */ insert 
        into
            simplebloodbank.person
            (address, birth, first_name, last_name, phone) 
        values
            (?, ?, ?, ?, ?)
2021-04-14T14:36:12,071|[TRACE] BasicBinder - binding parameter [1] as [VARCHAR] - [123 Road Street]
2021-04-14T14:36:12,071|[TRACE] BasicBinder - binding parameter [2] as [TIMESTAMP] - [Sun Mar 01 00:00:00 EST 2020]
2021-04-14T14:36:12,071|[TRACE] BasicBinder - binding parameter [3] as [VARCHAR] - [Clark]
2021-04-14T14:36:12,071|[TRACE] BasicBinder - binding parameter [4] as [VARCHAR] - [Kent]
2021-04-14T14:36:12,071|[TRACE] BasicBinder - binding parameter [5] as [VARCHAR] - [613-316-1361]
2021-04-14T14:36:12,072|[DEBUG] SQL - 
    /* insert entity.BloodBank
        */ insert 
        into
            simplebloodbank.blood_bank
            (employee_count, established, name, owner, privately_owned) 
        values
            (?, ?, ?, ?, ?)
2021-04-14T14:36:12,072|[TRACE] BasicBinder - binding parameter [1] as [INTEGER] - [5]
2021-04-14T14:36:12,072|[TRACE] BasicBinder - binding parameter [2] as [TIMESTAMP] - [Wed Dec 12 00:00:00 EST 1212]
2021-04-14T14:36:12,073|[TRACE] BasicBinder - binding parameter [3] as [VARCHAR] - [test name]
2021-04-14T14:36:12,073|[TRACE] BasicBinder - binding parameter [4] as [INTEGER] - [14]
2021-04-14T14:36:12,073|[TRACE] BasicBinder - binding parameter [5] as [BOOLEAN] - [true]
2021-04-14T14:36:12,077|[DEBUG] EMFactory - getting EntityManagerFactory
2021-04-14T14:36:12,077|[DEBUG] EMFactory - initializeing EntityManagerFactory
2021-04-14T14:36:12,077|[DEBUG] SQL - 
    /* insert entity.BloodBank
        */ insert 
        into
            simplebloodbank.blood_bank
            (employee_count, established, name, owner, privately_owned) 
        values
            (?, ?, ?, ?, ?)
2021-04-14T14:36:12,077|[TRACE] BasicBinder - binding parameter [1] as [INTEGER] - [5]
2021-04-14T14:36:12,077|[TRACE] BasicBinder - binding parameter [2] as [TIMESTAMP] - [Wed Dec 12 00:00:00 EST 1212]
2021-04-14T14:36:12,077|[TRACE] BasicBinder - binding parameter [3] as [VARCHAR] - [test names]
2021-04-14T14:36:12,078|[TRACE] BasicBinder - binding parameter [4] as [INTEGER] - [null]
2021-04-14T14:36:12,078|[TRACE] BasicBinder - binding parameter [5] as [BOOLEAN] - [false]
2021-04-14T14:36:12,083|[DEBUG] EMFactory - getting EntityManagerFactory
2021-04-14T14:36:12,083|[DEBUG] EMFactory - initializeing EntityManagerFactory
2021-04-14T14:36:12,085|[DEBUG] SQL - 
    /* BloodBank.findByName */ select
        bloodbank0_.bank_id as bank_id1_1_,
        bloodbank0_.employee_count as employee2_1_,
        bloodbank0_.established as establis3_1_,
        bloodbank0_.name as name4_1_,
        bloodbank0_.owner as owner6_1_,
        bloodbank0_.privately_owned as privatel5_1_ 
    from
        simplebloodbank.blood_bank bloodbank0_ 
    where
        bloodbank0_.name=?
2021-04-14T14:36:12,085|[TRACE] BasicBinder - binding parameter [1] as [VARCHAR] - [test names]
2021-04-14T14:36:12,086|[TRACE] BasicExtractor - extracted value ([bank_id1_1_] : [INTEGER]) - [26]
2021-04-14T14:36:12,086|[TRACE] BasicExtractor - extracted value ([employee2_1_] : [INTEGER]) - [5]
2021-04-14T14:36:12,087|[TRACE] BasicExtractor - extracted value ([establis3_1_] : [TIMESTAMP]) - [1212-12-12 00:00:00.0]
2021-04-14T14:36:12,087|[TRACE] BasicExtractor - extracted value ([name4_1_] : [VARCHAR]) - [test names]
2021-04-14T14:36:12,087|[TRACE] BasicExtractor - extracted value ([owner6_1_] : [INTEGER]) - [null]
2021-04-14T14:36:12,087|[TRACE] BasicExtractor - extracted value ([privatel5_1_] : [BOOLEAN]) - [false]
2021-04-14T14:36:12,087|[DEBUG] EMFactory - getting EntityManagerFactory
2021-04-14T14:36:12,087|[DEBUG] EMFactory - initializeing EntityManagerFactory
2021-04-14T14:36:12,106|[DEBUG] SQL - 
    /* load entity.BloodBank */ select
        bloodbank0_.bank_id as bank_id1_1_0_,
        bloodbank0_.employee_count as employee2_1_0_,
        bloodbank0_.established as establis3_1_0_,
        bloodbank0_.name as name4_1_0_,
        bloodbank0_.owner as owner6_1_0_,
        bloodbank0_.privately_owned as privatel5_1_0_ 
    from
        simplebloodbank.blood_bank bloodbank0_ 
    where
        bloodbank0_.bank_id=?
2021-04-14T14:36:12,106|[TRACE] BasicBinder - binding parameter [1] as [INTEGER] - [26]
2021-04-14T14:36:12,107|[TRACE] BasicExtractor - extracted value ([employee2_1_0_] : [INTEGER]) - [5]
2021-04-14T14:36:12,107|[TRACE] BasicExtractor - extracted value ([establis3_1_0_] : [TIMESTAMP]) - [1212-12-12 00:00:00.0]
2021-04-14T14:36:12,107|[TRACE] BasicExtractor - extracted value ([name4_1_0_] : [VARCHAR]) - [test names]
2021-04-14T14:36:12,107|[TRACE] BasicExtractor - extracted value ([owner6_1_0_] : [INTEGER]) - [null]
2021-04-14T14:36:12,107|[TRACE] BasicExtractor - extracted value ([privatel5_1_0_] : [BOOLEAN]) - [false]
2021-04-14T14:36:12,107|[DEBUG] SQL - 
    /* delete entity.BloodBank */ delete 
        from
            simplebloodbank.blood_bank 
        where
            bank_id=?
2021-04-14T14:36:12,107|[TRACE] BasicBinder - binding parameter [1] as [INTEGER] - [26]
2021-04-14T14:36:12,112|[DEBUG] EMFactory - getting EntityManagerFactory
2021-04-14T14:36:12,112|[DEBUG] EMFactory - initializeing EntityManagerFactory
2021-04-14T14:36:12,112|[DEBUG] SQL - 
    /* load entity.BloodBank */ select
        bloodbank0_.bank_id as bank_id1_1_0_,
        bloodbank0_.employee_count as employee2_1_0_,
        bloodbank0_.established as establis3_1_0_,
        bloodbank0_.name as name4_1_0_,
        bloodbank0_.owner as owner6_1_0_,
        bloodbank0_.privately_owned as privatel5_1_0_ 
    from
        simplebloodbank.blood_bank bloodbank0_ 
    where
        bloodbank0_.bank_id=?
2021-04-14T14:36:12,112|[TRACE] BasicBinder - binding parameter [1] as [INTEGER] - [25]
2021-04-14T14:36:12,113|[TRACE] BasicExtractor - extracted value ([employee2_1_0_] : [INTEGER]) - [5]
2021-04-14T14:36:12,113|[TRACE] BasicExtractor - extracted value ([establis3_1_0_] : [TIMESTAMP]) - [1212-12-12 00:00:00.0]
2021-04-14T14:36:12,113|[TRACE] BasicExtractor - extracted value ([name4_1_0_] : [VARCHAR]) - [test name]
2021-04-14T14:36:12,113|[TRACE] BasicExtractor - extracted value ([owner6_1_0_] : [INTEGER]) - [14]
2021-04-14T14:36:12,113|[TRACE] BasicExtractor - extracted value ([privatel5_1_0_] : [BOOLEAN]) - [true]
2021-04-14T14:36:12,113|[DEBUG] SQL - 
    select
        blooddonat0_.bank_id as bank_id6_2_0_,
        blooddonat0_.donation_id as donation1_2_0_,
        blooddonat0_.donation_id as donation1_2_1_,
        blooddonat0_.bank_id as bank_id6_2_1_,
        blooddonat0_.blood_group as blood_gr2_2_1_,
        blooddonat0_.created as created3_2_1_,
        blooddonat0_.milliliters as millilit4_2_1_,
        blooddonat0_.rhd as rhd5_2_1_ 
    from
        simplebloodbank.blood_donation blooddonat0_ 
    where
        blooddonat0_.bank_id=?
2021-04-14T14:36:12,113|[TRACE] BasicBinder - binding parameter [1] as [INTEGER] - [25]
2021-04-14T14:36:12,114|[DEBUG] SQL - 
    /* delete entity.BloodBank */ delete 
        from
            simplebloodbank.blood_bank 
        where
            bank_id=?
2021-04-14T14:36:12,114|[TRACE] BasicBinder - binding parameter [1] as [INTEGER] - [25]
2021-04-14T14:36:12,118|[DEBUG] EMFactory - getting EntityManagerFactory
2021-04-14T14:36:12,118|[DEBUG] EMFactory - initializeing EntityManagerFactory
2021-04-14T14:36:12,118|[DEBUG] SQL - 
    /* load entity.BloodBank */ select
        bloodbank0_.bank_id as bank_id1_1_0_,
        bloodbank0_.employee_count as employee2_1_0_,
        bloodbank0_.established as establis3_1_0_,
        bloodbank0_.name as name4_1_0_,
        bloodbank0_.owner as owner6_1_0_,
        bloodbank0_.privately_owned as privatel5_1_0_ 
    from
        simplebloodbank.blood_bank bloodbank0_ 
    where
        bloodbank0_.bank_id=?
2021-04-14T14:36:12,118|[TRACE] BasicBinder - binding parameter [1] as [INTEGER] - [25]
2021-04-14T14:36:12,119|[DEBUG] SQL - 
    /* insert entity.BloodBank
        */ insert 
        into
            simplebloodbank.blood_bank
            (employee_count, established, name, owner, privately_owned) 
        values
            (?, ?, ?, ?, ?)
2021-04-14T14:36:12,119|[TRACE] BasicBinder - binding parameter [1] as [INTEGER] - [5]
2021-04-14T14:36:12,119|[TRACE] BasicBinder - binding parameter [2] as [TIMESTAMP] - [Wed Dec 12 00:00:00 EST 1212]
2021-04-14T14:36:12,119|[TRACE] BasicBinder - binding parameter [3] as [VARCHAR] - [test name]
2021-04-14T14:36:12,119|[TRACE] BasicBinder - binding parameter [4] as [INTEGER] - [14]
2021-04-14T14:36:12,119|[TRACE] BasicBinder - binding parameter [5] as [BOOLEAN] - [true]
2021-04-14T14:36:12,120|[DEBUG] SQL - 
    /* delete entity.BloodBank */ delete 
        from
            simplebloodbank.blood_bank 
        where
            bank_id=?
2021-04-14T14:36:12,120|[TRACE] BasicBinder - binding parameter [1] as [INTEGER] - [27]
2021-04-14T14:36:12,124|[DEBUG] EMFactory - getting EntityManagerFactory
2021-04-14T14:36:12,124|[DEBUG] EMFactory - initializeing EntityManagerFactory
2021-04-14T14:36:12,124|[DEBUG] SQL - 
    select
        person0_.id as id1_4_0_,
        person0_.address as address2_4_0_,
        person0_.birth as birth3_4_0_,
        person0_.first_name as first_na4_4_0_,
        person0_.last_name as last_nam5_4_0_,
        person0_.phone as phone6_4_0_ 
    from
        simplebloodbank.person person0_ 
    where
        person0_.id=?
2021-04-14T14:36:12,124|[TRACE] BasicBinder - binding parameter [1] as [INTEGER] - [2]
]]></system-out>
    <system-err><![CDATA[Apr. 14, 2021 2:36:12 P.M. dal.GenericDAL lambda$setParameters$0
INFO: setParameters: name=test names
]]></system-err>
  </testcase>
  <testcase name="testCreateEntityBadLengthValues" classname="logic.BloodBankTest" time="0.042">
    <system-out><![CDATA[2021-04-14T14:36:12,126|[DEBUG] EMFactory - getting EntityManagerFactory
2021-04-14T14:36:12,126|[DEBUG] EMFactory - initializeing EntityManagerFactory
2021-04-14T14:36:12,126|[DEBUG] SQL - 
    select
        person0_.id as id1_4_0_,
        person0_.address as address2_4_0_,
        person0_.birth as birth3_4_0_,
        person0_.first_name as first_na4_4_0_,
        person0_.last_name as last_nam5_4_0_,
        person0_.phone as phone6_4_0_ 
    from
        simplebloodbank.person person0_ 
    where
        person0_.id=?
2021-04-14T14:36:12,126|[TRACE] BasicBinder - binding parameter [1] as [INTEGER] - [2]
2021-04-14T14:36:12,127|[DEBUG] SQL - 
    /* insert entity.Person
        */ insert 
        into
            simplebloodbank.person
            (address, birth, first_name, last_name, phone) 
        values
            (?, ?, ?, ?, ?)
2021-04-14T14:36:12,127|[TRACE] BasicBinder - binding parameter [1] as [VARCHAR] - [123 Road Street]
2021-04-14T14:36:12,127|[TRACE] BasicBinder - binding parameter [2] as [TIMESTAMP] - [Sun Mar 01 00:00:00 EST 2020]
2021-04-14T14:36:12,127|[TRACE] BasicBinder - binding parameter [3] as [VARCHAR] - [Clark]
2021-04-14T14:36:12,127|[TRACE] BasicBinder - binding parameter [4] as [VARCHAR] - [Kent]
2021-04-14T14:36:12,127|[TRACE] BasicBinder - binding parameter [5] as [VARCHAR] - [613-316-1361]
2021-04-14T14:36:12,129|[DEBUG] SQL - 
    /* insert entity.BloodBank
        */ insert 
        into
            simplebloodbank.blood_bank
            (employee_count, established, name, owner, privately_owned) 
        values
            (?, ?, ?, ?, ?)
2021-04-14T14:36:12,129|[TRACE] BasicBinder - binding parameter [1] as [INTEGER] - [5]
2021-04-14T14:36:12,129|[TRACE] BasicBinder - binding parameter [2] as [TIMESTAMP] - [Wed Dec 12 00:00:00 EST 1212]
2021-04-14T14:36:12,129|[TRACE] BasicBinder - binding parameter [3] as [VARCHAR] - [test name]
2021-04-14T14:36:12,129|[TRACE] BasicBinder - binding parameter [4] as [INTEGER] - [15]
2021-04-14T14:36:12,129|[TRACE] BasicBinder - binding parameter [5] as [BOOLEAN] - [true]
2021-04-14T14:36:12,135|[DEBUG] EMFactory - getting EntityManagerFactory
2021-04-14T14:36:12,135|[DEBUG] EMFactory - initializeing EntityManagerFactory
2021-04-14T14:36:12,136|[DEBUG] SQL - 
    /* load entity.BloodBank */ select
        bloodbank0_.bank_id as bank_id1_1_0_,
        bloodbank0_.employee_count as employee2_1_0_,
        bloodbank0_.established as establis3_1_0_,
        bloodbank0_.name as name4_1_0_,
        bloodbank0_.owner as owner6_1_0_,
        bloodbank0_.privately_owned as privatel5_1_0_ 
    from
        simplebloodbank.blood_bank bloodbank0_ 
    where
        bloodbank0_.bank_id=?
2021-04-14T14:36:12,136|[TRACE] BasicBinder - binding parameter [1] as [INTEGER] - [28]
2021-04-14T14:36:12,136|[TRACE] BasicExtractor - extracted value ([employee2_1_0_] : [INTEGER]) - [5]
2021-04-14T14:36:12,136|[TRACE] BasicExtractor - extracted value ([establis3_1_0_] : [TIMESTAMP]) - [1212-12-12 00:00:00.0]
2021-04-14T14:36:12,136|[TRACE] BasicExtractor - extracted value ([name4_1_0_] : [VARCHAR]) - [test name]
2021-04-14T14:36:12,136|[TRACE] BasicExtractor - extracted value ([owner6_1_0_] : [INTEGER]) - [15]
2021-04-14T14:36:12,136|[TRACE] BasicExtractor - extracted value ([privatel5_1_0_] : [BOOLEAN]) - [true]
2021-04-14T14:36:12,137|[DEBUG] SQL - 
    select
        blooddonat0_.bank_id as bank_id6_2_0_,
        blooddonat0_.donation_id as donation1_2_0_,
        blooddonat0_.donation_id as donation1_2_1_,
        blooddonat0_.bank_id as bank_id6_2_1_,
        blooddonat0_.blood_group as blood_gr2_2_1_,
        blooddonat0_.created as created3_2_1_,
        blooddonat0_.milliliters as millilit4_2_1_,
        blooddonat0_.rhd as rhd5_2_1_ 
    from
        simplebloodbank.blood_donation blooddonat0_ 
    where
        blooddonat0_.bank_id=?
2021-04-14T14:36:12,137|[TRACE] BasicBinder - binding parameter [1] as [INTEGER] - [28]
2021-04-14T14:36:12,137|[DEBUG] SQL - 
    /* delete entity.BloodBank */ delete 
        from
            simplebloodbank.blood_bank 
        where
            bank_id=?
2021-04-14T14:36:12,137|[TRACE] BasicBinder - binding parameter [1] as [INTEGER] - [28]
2021-04-14T14:36:12,146|[DEBUG] EMFactory - getting EntityManagerFactory
2021-04-14T14:36:12,146|[DEBUG] EMFactory - initializeing EntityManagerFactory
2021-04-14T14:36:12,146|[DEBUG] SQL - 
    /* load entity.BloodBank */ select
        bloodbank0_.bank_id as bank_id1_1_0_,
        bloodbank0_.employee_count as employee2_1_0_,
        bloodbank0_.established as establis3_1_0_,
        bloodbank0_.name as name4_1_0_,
        bloodbank0_.owner as owner6_1_0_,
        bloodbank0_.privately_owned as privatel5_1_0_ 
    from
        simplebloodbank.blood_bank bloodbank0_ 
    where
        bloodbank0_.bank_id=?
2021-04-14T14:36:12,146|[TRACE] BasicBinder - binding parameter [1] as [INTEGER] - [28]
2021-04-14T14:36:12,147|[DEBUG] SQL - 
    /* insert entity.BloodBank
        */ insert 
        into
            simplebloodbank.blood_bank
            (employee_count, established, name, owner, privately_owned) 
        values
            (?, ?, ?, ?, ?)
2021-04-14T14:36:12,147|[TRACE] BasicBinder - binding parameter [1] as [INTEGER] - [5]
2021-04-14T14:36:12,147|[TRACE] BasicBinder - binding parameter [2] as [TIMESTAMP] - [Wed Dec 12 00:00:00 EST 1212]
2021-04-14T14:36:12,147|[TRACE] BasicBinder - binding parameter [3] as [VARCHAR] - [test name]
2021-04-14T14:36:12,147|[TRACE] BasicBinder - binding parameter [4] as [INTEGER] - [15]
2021-04-14T14:36:12,147|[TRACE] BasicBinder - binding parameter [5] as [BOOLEAN] - [true]
2021-04-14T14:36:12,149|[DEBUG] SQL - 
    /* delete entity.BloodBank */ delete 
        from
            simplebloodbank.blood_bank 
        where
            bank_id=?
2021-04-14T14:36:12,149|[TRACE] BasicBinder - binding parameter [1] as [INTEGER] - [29]
2021-04-14T14:36:12,166|[DEBUG] EMFactory - getting EntityManagerFactory
2021-04-14T14:36:12,166|[DEBUG] EMFactory - initializeing EntityManagerFactory
2021-04-14T14:36:12,166|[DEBUG] SQL - 
    select
        person0_.id as id1_4_0_,
        person0_.address as address2_4_0_,
        person0_.birth as birth3_4_0_,
        person0_.first_name as first_na4_4_0_,
        person0_.last_name as last_nam5_4_0_,
        person0_.phone as phone6_4_0_ 
    from
        simplebloodbank.person person0_ 
    where
        person0_.id=?
2021-04-14T14:36:12,167|[TRACE] BasicBinder - binding parameter [1] as [INTEGER] - [2]
]]></system-out>
  </testcase>
  <testcase name="testGetBloodBankWithName" classname="logic.BloodBankTest" time="0.056">
    <system-out><![CDATA[2021-04-14T14:36:12,168|[DEBUG] EMFactory - getting EntityManagerFactory
2021-04-14T14:36:12,168|[DEBUG] EMFactory - initializeing EntityManagerFactory
2021-04-14T14:36:12,168|[DEBUG] SQL - 
    select
        person0_.id as id1_4_0_,
        person0_.address as address2_4_0_,
        person0_.birth as birth3_4_0_,
        person0_.first_name as first_na4_4_0_,
        person0_.last_name as last_nam5_4_0_,
        person0_.phone as phone6_4_0_ 
    from
        simplebloodbank.person person0_ 
    where
        person0_.id=?
2021-04-14T14:36:12,168|[TRACE] BasicBinder - binding parameter [1] as [INTEGER] - [2]
2021-04-14T14:36:12,169|[DEBUG] SQL - 
    /* insert entity.Person
        */ insert 
        into
            simplebloodbank.person
            (address, birth, first_name, last_name, phone) 
        values
            (?, ?, ?, ?, ?)
2021-04-14T14:36:12,169|[TRACE] BasicBinder - binding parameter [1] as [VARCHAR] - [123 Road Street]
2021-04-14T14:36:12,169|[TRACE] BasicBinder - binding parameter [2] as [TIMESTAMP] - [Sun Mar 01 00:00:00 EST 2020]
2021-04-14T14:36:12,169|[TRACE] BasicBinder - binding parameter [3] as [VARCHAR] - [Clark]
2021-04-14T14:36:12,169|[TRACE] BasicBinder - binding parameter [4] as [VARCHAR] - [Kent]
2021-04-14T14:36:12,169|[TRACE] BasicBinder - binding parameter [5] as [VARCHAR] - [613-316-1361]
2021-04-14T14:36:12,172|[DEBUG] SQL - 
    /* insert entity.BloodBank
        */ insert 
        into
            simplebloodbank.blood_bank
            (employee_count, established, name, owner, privately_owned) 
        values
            (?, ?, ?, ?, ?)
2021-04-14T14:36:12,172|[TRACE] BasicBinder - binding parameter [1] as [INTEGER] - [5]
2021-04-14T14:36:12,172|[TRACE] BasicBinder - binding parameter [2] as [TIMESTAMP] - [Wed Dec 12 00:00:00 EST 1212]
2021-04-14T14:36:12,172|[TRACE] BasicBinder - binding parameter [3] as [VARCHAR] - [test name]
2021-04-14T14:36:12,172|[TRACE] BasicBinder - binding parameter [4] as [INTEGER] - [16]
2021-04-14T14:36:12,172|[TRACE] BasicBinder - binding parameter [5] as [BOOLEAN] - [true]
2021-04-14T14:36:12,181|[DEBUG] EMFactory - getting EntityManagerFactory
2021-04-14T14:36:12,181|[DEBUG] EMFactory - initializeing EntityManagerFactory
2021-04-14T14:36:12,182|[DEBUG] SQL - 
    /* BloodBank.findByName */ select
        bloodbank0_.bank_id as bank_id1_1_,
        bloodbank0_.employee_count as employee2_1_,
        bloodbank0_.established as establis3_1_,
        bloodbank0_.name as name4_1_,
        bloodbank0_.owner as owner6_1_,
        bloodbank0_.privately_owned as privatel5_1_ 
    from
        simplebloodbank.blood_bank bloodbank0_ 
    where
        bloodbank0_.name=?
2021-04-14T14:36:12,182|[TRACE] BasicBinder - binding parameter [1] as [VARCHAR] - [test name]
2021-04-14T14:36:12,182|[TRACE] BasicExtractor - extracted value ([bank_id1_1_] : [INTEGER]) - [30]
2021-04-14T14:36:12,183|[TRACE] BasicExtractor - extracted value ([employee2_1_] : [INTEGER]) - [5]
2021-04-14T14:36:12,183|[TRACE] BasicExtractor - extracted value ([establis3_1_] : [TIMESTAMP]) - [1212-12-12 00:00:00.0]
2021-04-14T14:36:12,183|[TRACE] BasicExtractor - extracted value ([name4_1_] : [VARCHAR]) - [test name]
2021-04-14T14:36:12,183|[TRACE] BasicExtractor - extracted value ([owner6_1_] : [INTEGER]) - [16]
2021-04-14T14:36:12,183|[TRACE] BasicExtractor - extracted value ([privatel5_1_] : [BOOLEAN]) - [true]
2021-04-14T14:36:12,183|[DEBUG] SQL - 
    select
        person0_.id as id1_4_0_,
        person0_.address as address2_4_0_,
        person0_.birth as birth3_4_0_,
        person0_.first_name as first_na4_4_0_,
        person0_.last_name as last_nam5_4_0_,
        person0_.phone as phone6_4_0_ 
    from
        simplebloodbank.person person0_ 
    where
        person0_.id=?
2021-04-14T14:36:12,183|[TRACE] BasicBinder - binding parameter [1] as [INTEGER] - [16]
2021-04-14T14:36:12,183|[TRACE] BasicExtractor - extracted value ([address2_4_0_] : [VARCHAR]) - [123 Road Street]
2021-04-14T14:36:12,183|[TRACE] BasicExtractor - extracted value ([birth3_4_0_] : [TIMESTAMP]) - [2020-03-01 00:00:00.0]
2021-04-14T14:36:12,183|[TRACE] BasicExtractor - extracted value ([first_na4_4_0_] : [VARCHAR]) - [Clark]
2021-04-14T14:36:12,183|[TRACE] BasicExtractor - extracted value ([last_nam5_4_0_] : [VARCHAR]) - [Kent]
2021-04-14T14:36:12,184|[TRACE] BasicExtractor - extracted value ([phone6_4_0_] : [VARCHAR]) - [613-316-1361]
2021-04-14T14:36:12,184|[DEBUG] EMFactory - getting EntityManagerFactory
2021-04-14T14:36:12,184|[DEBUG] EMFactory - initializeing EntityManagerFactory
2021-04-14T14:36:12,195|[DEBUG] SQL - 
    /* load entity.BloodBank */ select
        bloodbank0_.bank_id as bank_id1_1_0_,
        bloodbank0_.employee_count as employee2_1_0_,
        bloodbank0_.established as establis3_1_0_,
        bloodbank0_.name as name4_1_0_,
        bloodbank0_.owner as owner6_1_0_,
        bloodbank0_.privately_owned as privatel5_1_0_ 
    from
        simplebloodbank.blood_bank bloodbank0_ 
    where
        bloodbank0_.bank_id=?
2021-04-14T14:36:12,195|[TRACE] BasicBinder - binding parameter [1] as [INTEGER] - [30]
2021-04-14T14:36:12,196|[TRACE] BasicExtractor - extracted value ([employee2_1_0_] : [INTEGER]) - [5]
2021-04-14T14:36:12,196|[TRACE] BasicExtractor - extracted value ([establis3_1_0_] : [TIMESTAMP]) - [1212-12-12 00:00:00.0]
2021-04-14T14:36:12,196|[TRACE] BasicExtractor - extracted value ([name4_1_0_] : [VARCHAR]) - [test name]
2021-04-14T14:36:12,196|[TRACE] BasicExtractor - extracted value ([owner6_1_0_] : [INTEGER]) - [16]
2021-04-14T14:36:12,196|[TRACE] BasicExtractor - extracted value ([privatel5_1_0_] : [BOOLEAN]) - [true]
2021-04-14T14:36:12,196|[DEBUG] SQL - 
    select
        blooddonat0_.bank_id as bank_id6_2_0_,
        blooddonat0_.donation_id as donation1_2_0_,
        blooddonat0_.donation_id as donation1_2_1_,
        blooddonat0_.bank_id as bank_id6_2_1_,
        blooddonat0_.blood_group as blood_gr2_2_1_,
        blooddonat0_.created as created3_2_1_,
        blooddonat0_.milliliters as millilit4_2_1_,
        blooddonat0_.rhd as rhd5_2_1_ 
    from
        simplebloodbank.blood_donation blooddonat0_ 
    where
        blooddonat0_.bank_id=?
2021-04-14T14:36:12,196|[TRACE] BasicBinder - binding parameter [1] as [INTEGER] - [30]
2021-04-14T14:36:12,197|[DEBUG] SQL - 
    /* delete entity.BloodBank */ delete 
        from
            simplebloodbank.blood_bank 
        where
            bank_id=?
2021-04-14T14:36:12,197|[TRACE] BasicBinder - binding parameter [1] as [INTEGER] - [30]
2021-04-14T14:36:12,205|[DEBUG] EMFactory - getting EntityManagerFactory
2021-04-14T14:36:12,205|[DEBUG] EMFactory - initializeing EntityManagerFactory
2021-04-14T14:36:12,206|[DEBUG] SQL - 
    /* load entity.BloodBank */ select
        bloodbank0_.bank_id as bank_id1_1_0_,
        bloodbank0_.employee_count as employee2_1_0_,
        bloodbank0_.established as establis3_1_0_,
        bloodbank0_.name as name4_1_0_,
        bloodbank0_.owner as owner6_1_0_,
        bloodbank0_.privately_owned as privatel5_1_0_ 
    from
        simplebloodbank.blood_bank bloodbank0_ 
    where
        bloodbank0_.bank_id=?
2021-04-14T14:36:12,206|[TRACE] BasicBinder - binding parameter [1] as [INTEGER] - [30]
2021-04-14T14:36:12,206|[DEBUG] SQL - 
    /* insert entity.BloodBank
        */ insert 
        into
            simplebloodbank.blood_bank
            (employee_count, established, name, owner, privately_owned) 
        values
            (?, ?, ?, ?, ?)
2021-04-14T14:36:12,206|[TRACE] BasicBinder - binding parameter [1] as [INTEGER] - [5]
2021-04-14T14:36:12,207|[TRACE] BasicBinder - binding parameter [2] as [TIMESTAMP] - [Wed Dec 12 00:00:00 EST 1212]
2021-04-14T14:36:12,207|[TRACE] BasicBinder - binding parameter [3] as [VARCHAR] - [test name]
2021-04-14T14:36:12,207|[TRACE] BasicBinder - binding parameter [4] as [INTEGER] - [16]
2021-04-14T14:36:12,207|[TRACE] BasicBinder - binding parameter [5] as [BOOLEAN] - [true]
2021-04-14T14:36:12,208|[DEBUG] SQL - 
    /* delete entity.BloodBank */ delete 
        from
            simplebloodbank.blood_bank 
        where
            bank_id=?
2021-04-14T14:36:12,208|[TRACE] BasicBinder - binding parameter [1] as [INTEGER] - [31]
2021-04-14T14:36:12,221|[DEBUG] EMFactory - getting EntityManagerFactory
2021-04-14T14:36:12,221|[DEBUG] EMFactory - initializeing EntityManagerFactory
2021-04-14T14:36:12,222|[DEBUG] SQL - 
    select
        person0_.id as id1_4_0_,
        person0_.address as address2_4_0_,
        person0_.birth as birth3_4_0_,
        person0_.first_name as first_na4_4_0_,
        person0_.last_name as last_nam5_4_0_,
        person0_.phone as phone6_4_0_ 
    from
        simplebloodbank.person person0_ 
    where
        person0_.id=?
2021-04-14T14:36:12,222|[TRACE] BasicBinder - binding parameter [1] as [INTEGER] - [2]
]]></system-out>
    <system-err><![CDATA[Apr. 14, 2021 2:36:12 P.M. dal.GenericDAL lambda$setParameters$0
INFO: setParameters: name=test name
]]></system-err>
  </testcase>
  <testcase name="testEquals" classname="logic.BloodBankTest" time="0.043">
    <system-out><![CDATA[2021-04-14T14:36:12,225|[DEBUG] EMFactory - getting EntityManagerFactory
2021-04-14T14:36:12,225|[DEBUG] EMFactory - initializeing EntityManagerFactory
2021-04-14T14:36:12,226|[DEBUG] SQL - 
    select
        person0_.id as id1_4_0_,
        person0_.address as address2_4_0_,
        person0_.birth as birth3_4_0_,
        person0_.first_name as first_na4_4_0_,
        person0_.last_name as last_nam5_4_0_,
        person0_.phone as phone6_4_0_ 
    from
        simplebloodbank.person person0_ 
    where
        person0_.id=?
2021-04-14T14:36:12,226|[TRACE] BasicBinder - binding parameter [1] as [INTEGER] - [2]
2021-04-14T14:36:12,227|[DEBUG] SQL - 
    /* insert entity.Person
        */ insert 
        into
            simplebloodbank.person
            (address, birth, first_name, last_name, phone) 
        values
            (?, ?, ?, ?, ?)
2021-04-14T14:36:12,227|[TRACE] BasicBinder - binding parameter [1] as [VARCHAR] - [123 Road Street]
2021-04-14T14:36:12,227|[TRACE] BasicBinder - binding parameter [2] as [TIMESTAMP] - [Sun Mar 01 00:00:00 EST 2020]
2021-04-14T14:36:12,227|[TRACE] BasicBinder - binding parameter [3] as [VARCHAR] - [Clark]
2021-04-14T14:36:12,227|[TRACE] BasicBinder - binding parameter [4] as [VARCHAR] - [Kent]
2021-04-14T14:36:12,227|[TRACE] BasicBinder - binding parameter [5] as [VARCHAR] - [613-316-1361]
2021-04-14T14:36:12,229|[DEBUG] SQL - 
    /* insert entity.BloodBank
        */ insert 
        into
            simplebloodbank.blood_bank
            (employee_count, established, name, owner, privately_owned) 
        values
            (?, ?, ?, ?, ?)
2021-04-14T14:36:12,229|[TRACE] BasicBinder - binding parameter [1] as [INTEGER] - [5]
2021-04-14T14:36:12,229|[TRACE] BasicBinder - binding parameter [2] as [TIMESTAMP] - [Wed Dec 12 00:00:00 EST 1212]
2021-04-14T14:36:12,229|[TRACE] BasicBinder - binding parameter [3] as [VARCHAR] - [test name]
2021-04-14T14:36:12,229|[TRACE] BasicBinder - binding parameter [4] as [INTEGER] - [17]
2021-04-14T14:36:12,229|[TRACE] BasicBinder - binding parameter [5] as [BOOLEAN] - [true]
2021-04-14T14:36:12,238|[DEBUG] EMFactory - getting EntityManagerFactory
2021-04-14T14:36:12,238|[DEBUG] EMFactory - initializeing EntityManagerFactory
2021-04-14T14:36:12,238|[DEBUG] SQL - 
    /* load entity.BloodBank */ select
        bloodbank0_.bank_id as bank_id1_1_0_,
        bloodbank0_.employee_count as employee2_1_0_,
        bloodbank0_.established as establis3_1_0_,
        bloodbank0_.name as name4_1_0_,
        bloodbank0_.owner as owner6_1_0_,
        bloodbank0_.privately_owned as privatel5_1_0_ 
    from
        simplebloodbank.blood_bank bloodbank0_ 
    where
        bloodbank0_.bank_id=?
2021-04-14T14:36:12,238|[TRACE] BasicBinder - binding parameter [1] as [INTEGER] - [32]
2021-04-14T14:36:12,239|[TRACE] BasicExtractor - extracted value ([employee2_1_0_] : [INTEGER]) - [5]
2021-04-14T14:36:12,239|[TRACE] BasicExtractor - extracted value ([establis3_1_0_] : [TIMESTAMP]) - [1212-12-12 00:00:00.0]
2021-04-14T14:36:12,239|[TRACE] BasicExtractor - extracted value ([name4_1_0_] : [VARCHAR]) - [test name]
2021-04-14T14:36:12,239|[TRACE] BasicExtractor - extracted value ([owner6_1_0_] : [INTEGER]) - [17]
2021-04-14T14:36:12,239|[TRACE] BasicExtractor - extracted value ([privatel5_1_0_] : [BOOLEAN]) - [true]
2021-04-14T14:36:12,239|[DEBUG] SQL - 
    select
        blooddonat0_.bank_id as bank_id6_2_0_,
        blooddonat0_.donation_id as donation1_2_0_,
        blooddonat0_.donation_id as donation1_2_1_,
        blooddonat0_.bank_id as bank_id6_2_1_,
        blooddonat0_.blood_group as blood_gr2_2_1_,
        blooddonat0_.created as created3_2_1_,
        blooddonat0_.milliliters as millilit4_2_1_,
        blooddonat0_.rhd as rhd5_2_1_ 
    from
        simplebloodbank.blood_donation blooddonat0_ 
    where
        blooddonat0_.bank_id=?
2021-04-14T14:36:12,240|[TRACE] BasicBinder - binding parameter [1] as [INTEGER] - [32]
2021-04-14T14:36:12,241|[DEBUG] SQL - 
    /* delete entity.BloodBank */ delete 
        from
            simplebloodbank.blood_bank 
        where
            bank_id=?
2021-04-14T14:36:12,241|[TRACE] BasicBinder - binding parameter [1] as [INTEGER] - [32]
2021-04-14T14:36:12,251|[DEBUG] EMFactory - getting EntityManagerFactory
2021-04-14T14:36:12,251|[DEBUG] EMFactory - initializeing EntityManagerFactory
2021-04-14T14:36:12,251|[DEBUG] SQL - 
    /* load entity.BloodBank */ select
        bloodbank0_.bank_id as bank_id1_1_0_,
        bloodbank0_.employee_count as employee2_1_0_,
        bloodbank0_.established as establis3_1_0_,
        bloodbank0_.name as name4_1_0_,
        bloodbank0_.owner as owner6_1_0_,
        bloodbank0_.privately_owned as privatel5_1_0_ 
    from
        simplebloodbank.blood_bank bloodbank0_ 
    where
        bloodbank0_.bank_id=?
2021-04-14T14:36:12,251|[TRACE] BasicBinder - binding parameter [1] as [INTEGER] - [32]
2021-04-14T14:36:12,252|[DEBUG] SQL - 
    /* insert entity.BloodBank
        */ insert 
        into
            simplebloodbank.blood_bank
            (employee_count, established, name, owner, privately_owned) 
        values
            (?, ?, ?, ?, ?)
2021-04-14T14:36:12,252|[TRACE] BasicBinder - binding parameter [1] as [INTEGER] - [5]
2021-04-14T14:36:12,252|[TRACE] BasicBinder - binding parameter [2] as [TIMESTAMP] - [Wed Dec 12 00:00:00 EST 1212]
2021-04-14T14:36:12,253|[TRACE] BasicBinder - binding parameter [3] as [VARCHAR] - [test name]
2021-04-14T14:36:12,253|[TRACE] BasicBinder - binding parameter [4] as [INTEGER] - [17]
2021-04-14T14:36:12,253|[TRACE] BasicBinder - binding parameter [5] as [BOOLEAN] - [true]
2021-04-14T14:36:12,255|[DEBUG] SQL - 
    /* delete entity.BloodBank */ delete 
        from
            simplebloodbank.blood_bank 
        where
            bank_id=?
2021-04-14T14:36:12,255|[TRACE] BasicBinder - binding parameter [1] as [INTEGER] - [33]
2021-04-14T14:36:12,264|[DEBUG] EMFactory - getting EntityManagerFactory
2021-04-14T14:36:12,264|[DEBUG] EMFactory - initializeing EntityManagerFactory
2021-04-14T14:36:12,265|[DEBUG] SQL - 
    select
        person0_.id as id1_4_0_,
        person0_.address as address2_4_0_,
        person0_.birth as birth3_4_0_,
        person0_.first_name as first_na4_4_0_,
        person0_.last_name as last_nam5_4_0_,
        person0_.phone as phone6_4_0_ 
    from
        simplebloodbank.person person0_ 
    where
        person0_.id=?
2021-04-14T14:36:12,265|[TRACE] BasicBinder - binding parameter [1] as [INTEGER] - [2]
]]></system-out>
  </testcase>
  <testcase name="testGetAll" classname="logic.BloodBankTest" time="0.074">
    <system-out><![CDATA[2021-04-14T14:36:12,268|[DEBUG] EMFactory - getting EntityManagerFactory
2021-04-14T14:36:12,269|[DEBUG] EMFactory - initializeing EntityManagerFactory
2021-04-14T14:36:12,269|[DEBUG] SQL - 
    select
        person0_.id as id1_4_0_,
        person0_.address as address2_4_0_,
        person0_.birth as birth3_4_0_,
        person0_.first_name as first_na4_4_0_,
        person0_.last_name as last_nam5_4_0_,
        person0_.phone as phone6_4_0_ 
    from
        simplebloodbank.person person0_ 
    where
        person0_.id=?
2021-04-14T14:36:12,269|[TRACE] BasicBinder - binding parameter [1] as [INTEGER] - [2]
2021-04-14T14:36:12,270|[DEBUG] SQL - 
    /* insert entity.Person
        */ insert 
        into
            simplebloodbank.person
            (address, birth, first_name, last_name, phone) 
        values
            (?, ?, ?, ?, ?)
2021-04-14T14:36:12,270|[TRACE] BasicBinder - binding parameter [1] as [VARCHAR] - [123 Road Street]
2021-04-14T14:36:12,270|[TRACE] BasicBinder - binding parameter [2] as [TIMESTAMP] - [Sun Mar 01 00:00:00 EST 2020]
2021-04-14T14:36:12,270|[TRACE] BasicBinder - binding parameter [3] as [VARCHAR] - [Clark]
2021-04-14T14:36:12,270|[TRACE] BasicBinder - binding parameter [4] as [VARCHAR] - [Kent]
2021-04-14T14:36:12,270|[TRACE] BasicBinder - binding parameter [5] as [VARCHAR] - [613-316-1361]
2021-04-14T14:36:12,273|[DEBUG] SQL - 
    /* insert entity.BloodBank
        */ insert 
        into
            simplebloodbank.blood_bank
            (employee_count, established, name, owner, privately_owned) 
        values
            (?, ?, ?, ?, ?)
2021-04-14T14:36:12,273|[TRACE] BasicBinder - binding parameter [1] as [INTEGER] - [5]
2021-04-14T14:36:12,273|[TRACE] BasicBinder - binding parameter [2] as [TIMESTAMP] - [Wed Dec 12 00:00:00 EST 1212]
2021-04-14T14:36:12,273|[TRACE] BasicBinder - binding parameter [3] as [VARCHAR] - [test name]
2021-04-14T14:36:12,273|[TRACE] BasicBinder - binding parameter [4] as [INTEGER] - [18]
2021-04-14T14:36:12,273|[TRACE] BasicBinder - binding parameter [5] as [BOOLEAN] - [true]
2021-04-14T14:36:12,282|[DEBUG] EMFactory - getting EntityManagerFactory
2021-04-14T14:36:12,282|[DEBUG] EMFactory - initializeing EntityManagerFactory
2021-04-14T14:36:12,282|[DEBUG] SQL - 
    /* BloodBank.findAll */ select
        bloodbank0_.bank_id as bank_id1_1_,
        bloodbank0_.employee_count as employee2_1_,
        bloodbank0_.established as establis3_1_,
        bloodbank0_.name as name4_1_,
        bloodbank0_.owner as owner6_1_,
        bloodbank0_.privately_owned as privatel5_1_ 
    from
        simplebloodbank.blood_bank bloodbank0_
2021-04-14T14:36:12,283|[TRACE] BasicExtractor - extracted value ([bank_id1_1_] : [INTEGER]) - [34]
2021-04-14T14:36:12,283|[TRACE] BasicExtractor - extracted value ([employee2_1_] : [INTEGER]) - [5]
2021-04-14T14:36:12,283|[TRACE] BasicExtractor - extracted value ([establis3_1_] : [TIMESTAMP]) - [1212-12-12 00:00:00.0]
2021-04-14T14:36:12,283|[TRACE] BasicExtractor - extracted value ([name4_1_] : [VARCHAR]) - [test name]
2021-04-14T14:36:12,283|[TRACE] BasicExtractor - extracted value ([owner6_1_] : [INTEGER]) - [18]
2021-04-14T14:36:12,283|[TRACE] BasicExtractor - extracted value ([privatel5_1_] : [BOOLEAN]) - [true]
2021-04-14T14:36:12,284|[DEBUG] EMFactory - getting EntityManagerFactory
2021-04-14T14:36:12,284|[DEBUG] EMFactory - initializeing EntityManagerFactory
2021-04-14T14:36:12,297|[DEBUG] SQL - 
    /* load entity.BloodBank */ select
        bloodbank0_.bank_id as bank_id1_1_0_,
        bloodbank0_.employee_count as employee2_1_0_,
        bloodbank0_.established as establis3_1_0_,
        bloodbank0_.name as name4_1_0_,
        bloodbank0_.owner as owner6_1_0_,
        bloodbank0_.privately_owned as privatel5_1_0_ 
    from
        simplebloodbank.blood_bank bloodbank0_ 
    where
        bloodbank0_.bank_id=?
2021-04-14T14:36:12,297|[TRACE] BasicBinder - binding parameter [1] as [INTEGER] - [34]
2021-04-14T14:36:12,298|[TRACE] BasicExtractor - extracted value ([employee2_1_0_] : [INTEGER]) - [5]
2021-04-14T14:36:12,298|[TRACE] BasicExtractor - extracted value ([establis3_1_0_] : [TIMESTAMP]) - [1212-12-12 00:00:00.0]
2021-04-14T14:36:12,298|[TRACE] BasicExtractor - extracted value ([name4_1_0_] : [VARCHAR]) - [test name]
2021-04-14T14:36:12,298|[TRACE] BasicExtractor - extracted value ([owner6_1_0_] : [INTEGER]) - [18]
2021-04-14T14:36:12,298|[TRACE] BasicExtractor - extracted value ([privatel5_1_0_] : [BOOLEAN]) - [true]
2021-04-14T14:36:12,298|[DEBUG] SQL - 
    select
        blooddonat0_.bank_id as bank_id6_2_0_,
        blooddonat0_.donation_id as donation1_2_0_,
        blooddonat0_.donation_id as donation1_2_1_,
        blooddonat0_.bank_id as bank_id6_2_1_,
        blooddonat0_.blood_group as blood_gr2_2_1_,
        blooddonat0_.created as created3_2_1_,
        blooddonat0_.milliliters as millilit4_2_1_,
        blooddonat0_.rhd as rhd5_2_1_ 
    from
        simplebloodbank.blood_donation blooddonat0_ 
    where
        blooddonat0_.bank_id=?
2021-04-14T14:36:12,299|[TRACE] BasicBinder - binding parameter [1] as [INTEGER] - [34]
2021-04-14T14:36:12,300|[DEBUG] SQL - 
    /* delete entity.BloodBank */ delete 
        from
            simplebloodbank.blood_bank 
        where
            bank_id=?
2021-04-14T14:36:12,300|[TRACE] BasicBinder - binding parameter [1] as [INTEGER] - [34]
2021-04-14T14:36:12,311|[DEBUG] EMFactory - getting EntityManagerFactory
2021-04-14T14:36:12,311|[DEBUG] EMFactory - initializeing EntityManagerFactory
2021-04-14T14:36:12,312|[DEBUG] SQL - 
    /* BloodBank.findAll */ select
        bloodbank0_.bank_id as bank_id1_1_,
        bloodbank0_.employee_count as employee2_1_,
        bloodbank0_.established as establis3_1_,
        bloodbank0_.name as name4_1_,
        bloodbank0_.owner as owner6_1_,
        bloodbank0_.privately_owned as privatel5_1_ 
    from
        simplebloodbank.blood_bank bloodbank0_
2021-04-14T14:36:12,313|[DEBUG] EMFactory - getting EntityManagerFactory
2021-04-14T14:36:12,313|[DEBUG] EMFactory - initializeing EntityManagerFactory
2021-04-14T14:36:12,328|[DEBUG] SQL - 
    /* load entity.BloodBank */ select
        bloodbank0_.bank_id as bank_id1_1_0_,
        bloodbank0_.employee_count as employee2_1_0_,
        bloodbank0_.established as establis3_1_0_,
        bloodbank0_.name as name4_1_0_,
        bloodbank0_.owner as owner6_1_0_,
        bloodbank0_.privately_owned as privatel5_1_0_ 
    from
        simplebloodbank.blood_bank bloodbank0_ 
    where
        bloodbank0_.bank_id=?
2021-04-14T14:36:12,328|[TRACE] BasicBinder - binding parameter [1] as [INTEGER] - [34]
2021-04-14T14:36:12,329|[DEBUG] SQL - 
    /* insert entity.BloodBank
        */ insert 
        into
            simplebloodbank.blood_bank
            (employee_count, established, name, owner, privately_owned) 
        values
            (?, ?, ?, ?, ?)
2021-04-14T14:36:12,329|[TRACE] BasicBinder - binding parameter [1] as [INTEGER] - [5]
2021-04-14T14:36:12,329|[TRACE] BasicBinder - binding parameter [2] as [TIMESTAMP] - [Wed Dec 12 00:00:00 EST 1212]
2021-04-14T14:36:12,329|[TRACE] BasicBinder - binding parameter [3] as [VARCHAR] - [test name]
2021-04-14T14:36:12,329|[TRACE] BasicBinder - binding parameter [4] as [INTEGER] - [18]
2021-04-14T14:36:12,329|[TRACE] BasicBinder - binding parameter [5] as [BOOLEAN] - [true]
2021-04-14T14:36:12,330|[DEBUG] SQL - 
    /* delete entity.BloodBank */ delete 
        from
            simplebloodbank.blood_bank 
        where
            bank_id=?
2021-04-14T14:36:12,330|[TRACE] BasicBinder - binding parameter [1] as [INTEGER] - [35]
2021-04-14T14:36:12,333|[DEBUG] EMFactory - getting EntityManagerFactory
2021-04-14T14:36:12,333|[DEBUG] EMFactory - initializeing EntityManagerFactory
2021-04-14T14:36:12,334|[DEBUG] SQL - 
    /* load entity.BloodBank */ select
        bloodbank0_.bank_id as bank_id1_1_0_,
        bloodbank0_.employee_count as employee2_1_0_,
        bloodbank0_.established as establis3_1_0_,
        bloodbank0_.name as name4_1_0_,
        bloodbank0_.owner as owner6_1_0_,
        bloodbank0_.privately_owned as privatel5_1_0_ 
    from
        simplebloodbank.blood_bank bloodbank0_ 
    where
        bloodbank0_.bank_id=?
2021-04-14T14:36:12,334|[TRACE] BasicBinder - binding parameter [1] as [INTEGER] - [34]
2021-04-14T14:36:12,335|[DEBUG] SQL - 
    /* insert entity.BloodBank
        */ insert 
        into
            simplebloodbank.blood_bank
            (employee_count, established, name, owner, privately_owned) 
        values
            (?, ?, ?, ?, ?)
2021-04-14T14:36:12,335|[TRACE] BasicBinder - binding parameter [1] as [INTEGER] - [5]
2021-04-14T14:36:12,335|[TRACE] BasicBinder - binding parameter [2] as [TIMESTAMP] - [Wed Dec 12 00:00:00 EST 1212]
2021-04-14T14:36:12,335|[TRACE] BasicBinder - binding parameter [3] as [VARCHAR] - [test name]
2021-04-14T14:36:12,335|[TRACE] BasicBinder - binding parameter [4] as [INTEGER] - [18]
2021-04-14T14:36:12,335|[TRACE] BasicBinder - binding parameter [5] as [BOOLEAN] - [true]
2021-04-14T14:36:12,336|[DEBUG] SQL - 
    /* delete entity.BloodBank */ delete 
        from
            simplebloodbank.blood_bank 
        where
            bank_id=?
2021-04-14T14:36:12,336|[TRACE] BasicBinder - binding parameter [1] as [INTEGER] - [36]
2021-04-14T14:36:12,340|[DEBUG] EMFactory - getting EntityManagerFactory
2021-04-14T14:36:12,340|[DEBUG] EMFactory - initializeing EntityManagerFactory
2021-04-14T14:36:12,340|[DEBUG] SQL - 
    select
        person0_.id as id1_4_0_,
        person0_.address as address2_4_0_,
        person0_.birth as birth3_4_0_,
        person0_.first_name as first_na4_4_0_,
        person0_.last_name as last_nam5_4_0_,
        person0_.phone as phone6_4_0_ 
    from
        simplebloodbank.person person0_ 
    where
        person0_.id=?
2021-04-14T14:36:12,341|[TRACE] BasicBinder - binding parameter [1] as [INTEGER] - [2]
]]></system-out>
  </testcase>
  <testcase name="testGetColumnCodes" classname="logic.BloodBankTest" time="0.022">
    <system-out><![CDATA[2021-04-14T14:36:12,342|[DEBUG] EMFactory - getting EntityManagerFactory
2021-04-14T14:36:12,342|[DEBUG] EMFactory - initializeing EntityManagerFactory
2021-04-14T14:36:12,343|[DEBUG] SQL - 
    select
        person0_.id as id1_4_0_,
        person0_.address as address2_4_0_,
        person0_.birth as birth3_4_0_,
        person0_.first_name as first_na4_4_0_,
        person0_.last_name as last_nam5_4_0_,
        person0_.phone as phone6_4_0_ 
    from
        simplebloodbank.person person0_ 
    where
        person0_.id=?
2021-04-14T14:36:12,343|[TRACE] BasicBinder - binding parameter [1] as [INTEGER] - [2]
2021-04-14T14:36:12,344|[DEBUG] SQL - 
    /* insert entity.Person
        */ insert 
        into
            simplebloodbank.person
            (address, birth, first_name, last_name, phone) 
        values
            (?, ?, ?, ?, ?)
2021-04-14T14:36:12,344|[TRACE] BasicBinder - binding parameter [1] as [VARCHAR] - [123 Road Street]
2021-04-14T14:36:12,344|[TRACE] BasicBinder - binding parameter [2] as [TIMESTAMP] - [Sun Mar 01 00:00:00 EST 2020]
2021-04-14T14:36:12,344|[TRACE] BasicBinder - binding parameter [3] as [VARCHAR] - [Clark]
2021-04-14T14:36:12,344|[TRACE] BasicBinder - binding parameter [4] as [VARCHAR] - [Kent]
2021-04-14T14:36:12,344|[TRACE] BasicBinder - binding parameter [5] as [VARCHAR] - [613-316-1361]
2021-04-14T14:36:12,345|[DEBUG] SQL - 
    /* insert entity.BloodBank
        */ insert 
        into
            simplebloodbank.blood_bank
            (employee_count, established, name, owner, privately_owned) 
        values
            (?, ?, ?, ?, ?)
2021-04-14T14:36:12,345|[TRACE] BasicBinder - binding parameter [1] as [INTEGER] - [5]
2021-04-14T14:36:12,345|[TRACE] BasicBinder - binding parameter [2] as [TIMESTAMP] - [Wed Dec 12 00:00:00 EST 1212]
2021-04-14T14:36:12,345|[TRACE] BasicBinder - binding parameter [3] as [VARCHAR] - [test name]
2021-04-14T14:36:12,345|[TRACE] BasicBinder - binding parameter [4] as [INTEGER] - [19]
2021-04-14T14:36:12,345|[TRACE] BasicBinder - binding parameter [5] as [BOOLEAN] - [true]
2021-04-14T14:36:12,350|[DEBUG] EMFactory - getting EntityManagerFactory
2021-04-14T14:36:12,350|[DEBUG] EMFactory - initializeing EntityManagerFactory
2021-04-14T14:36:12,350|[DEBUG] SQL - 
    /* load entity.BloodBank */ select
        bloodbank0_.bank_id as bank_id1_1_0_,
        bloodbank0_.employee_count as employee2_1_0_,
        bloodbank0_.established as establis3_1_0_,
        bloodbank0_.name as name4_1_0_,
        bloodbank0_.owner as owner6_1_0_,
        bloodbank0_.privately_owned as privatel5_1_0_ 
    from
        simplebloodbank.blood_bank bloodbank0_ 
    where
        bloodbank0_.bank_id=?
2021-04-14T14:36:12,350|[TRACE] BasicBinder - binding parameter [1] as [INTEGER] - [37]
2021-04-14T14:36:12,351|[TRACE] BasicExtractor - extracted value ([employee2_1_0_] : [INTEGER]) - [5]
2021-04-14T14:36:12,351|[TRACE] BasicExtractor - extracted value ([establis3_1_0_] : [TIMESTAMP]) - [1212-12-12 00:00:00.0]
2021-04-14T14:36:12,351|[TRACE] BasicExtractor - extracted value ([name4_1_0_] : [VARCHAR]) - [test name]
2021-04-14T14:36:12,351|[TRACE] BasicExtractor - extracted value ([owner6_1_0_] : [INTEGER]) - [19]
2021-04-14T14:36:12,351|[TRACE] BasicExtractor - extracted value ([privatel5_1_0_] : [BOOLEAN]) - [true]
2021-04-14T14:36:12,351|[DEBUG] SQL - 
    select
        blooddonat0_.bank_id as bank_id6_2_0_,
        blooddonat0_.donation_id as donation1_2_0_,
        blooddonat0_.donation_id as donation1_2_1_,
        blooddonat0_.bank_id as bank_id6_2_1_,
        blooddonat0_.blood_group as blood_gr2_2_1_,
        blooddonat0_.created as created3_2_1_,
        blooddonat0_.milliliters as millilit4_2_1_,
        blooddonat0_.rhd as rhd5_2_1_ 
    from
        simplebloodbank.blood_donation blooddonat0_ 
    where
        blooddonat0_.bank_id=?
2021-04-14T14:36:12,352|[TRACE] BasicBinder - binding parameter [1] as [INTEGER] - [37]
2021-04-14T14:36:12,353|[DEBUG] SQL - 
    /* delete entity.BloodBank */ delete 
        from
            simplebloodbank.blood_bank 
        where
            bank_id=?
2021-04-14T14:36:12,353|[TRACE] BasicBinder - binding parameter [1] as [INTEGER] - [37]
2021-04-14T14:36:12,357|[DEBUG] EMFactory - getting EntityManagerFactory
2021-04-14T14:36:12,357|[DEBUG] EMFactory - initializeing EntityManagerFactory
2021-04-14T14:36:12,357|[DEBUG] SQL - 
    /* load entity.BloodBank */ select
        bloodbank0_.bank_id as bank_id1_1_0_,
        bloodbank0_.employee_count as employee2_1_0_,
        bloodbank0_.established as establis3_1_0_,
        bloodbank0_.name as name4_1_0_,
        bloodbank0_.owner as owner6_1_0_,
        bloodbank0_.privately_owned as privatel5_1_0_ 
    from
        simplebloodbank.blood_bank bloodbank0_ 
    where
        bloodbank0_.bank_id=?
2021-04-14T14:36:12,358|[TRACE] BasicBinder - binding parameter [1] as [INTEGER] - [37]
2021-04-14T14:36:12,358|[DEBUG] SQL - 
    /* insert entity.BloodBank
        */ insert 
        into
            simplebloodbank.blood_bank
            (employee_count, established, name, owner, privately_owned) 
        values
            (?, ?, ?, ?, ?)
2021-04-14T14:36:12,358|[TRACE] BasicBinder - binding parameter [1] as [INTEGER] - [5]
2021-04-14T14:36:12,358|[TRACE] BasicBinder - binding parameter [2] as [TIMESTAMP] - [Wed Dec 12 00:00:00 EST 1212]
2021-04-14T14:36:12,358|[TRACE] BasicBinder - binding parameter [3] as [VARCHAR] - [test name]
2021-04-14T14:36:12,358|[TRACE] BasicBinder - binding parameter [4] as [INTEGER] - [19]
2021-04-14T14:36:12,359|[TRACE] BasicBinder - binding parameter [5] as [BOOLEAN] - [true]
2021-04-14T14:36:12,359|[DEBUG] SQL - 
    /* delete entity.BloodBank */ delete 
        from
            simplebloodbank.blood_bank 
        where
            bank_id=?
2021-04-14T14:36:12,359|[TRACE] BasicBinder - binding parameter [1] as [INTEGER] - [38]
2021-04-14T14:36:12,363|[DEBUG] EMFactory - getting EntityManagerFactory
2021-04-14T14:36:12,363|[DEBUG] EMFactory - initializeing EntityManagerFactory
2021-04-14T14:36:12,363|[DEBUG] SQL - 
    select
        person0_.id as id1_4_0_,
        person0_.address as address2_4_0_,
        person0_.birth as birth3_4_0_,
        person0_.first_name as first_na4_4_0_,
        person0_.last_name as last_nam5_4_0_,
        person0_.phone as phone6_4_0_ 
    from
        simplebloodbank.person person0_ 
    where
        person0_.id=?
2021-04-14T14:36:12,364|[TRACE] BasicBinder - binding parameter [1] as [INTEGER] - [2]
]]></system-out>
  </testcase>
  <testcase name="testGetColumnNames" classname="logic.BloodBankTest" time="0.021">
    <system-out><![CDATA[2021-04-14T14:36:12,365|[DEBUG] EMFactory - getting EntityManagerFactory
2021-04-14T14:36:12,365|[DEBUG] EMFactory - initializeing EntityManagerFactory
2021-04-14T14:36:12,366|[DEBUG] SQL - 
    select
        person0_.id as id1_4_0_,
        person0_.address as address2_4_0_,
        person0_.birth as birth3_4_0_,
        person0_.first_name as first_na4_4_0_,
        person0_.last_name as last_nam5_4_0_,
        person0_.phone as phone6_4_0_ 
    from
        simplebloodbank.person person0_ 
    where
        person0_.id=?
2021-04-14T14:36:12,366|[TRACE] BasicBinder - binding parameter [1] as [INTEGER] - [2]
2021-04-14T14:36:12,366|[DEBUG] SQL - 
    /* insert entity.Person
        */ insert 
        into
            simplebloodbank.person
            (address, birth, first_name, last_name, phone) 
        values
            (?, ?, ?, ?, ?)
2021-04-14T14:36:12,366|[TRACE] BasicBinder - binding parameter [1] as [VARCHAR] - [123 Road Street]
2021-04-14T14:36:12,367|[TRACE] BasicBinder - binding parameter [2] as [TIMESTAMP] - [Sun Mar 01 00:00:00 EST 2020]
2021-04-14T14:36:12,367|[TRACE] BasicBinder - binding parameter [3] as [VARCHAR] - [Clark]
2021-04-14T14:36:12,367|[TRACE] BasicBinder - binding parameter [4] as [VARCHAR] - [Kent]
2021-04-14T14:36:12,367|[TRACE] BasicBinder - binding parameter [5] as [VARCHAR] - [613-316-1361]
2021-04-14T14:36:12,368|[DEBUG] SQL - 
    /* insert entity.BloodBank
        */ insert 
        into
            simplebloodbank.blood_bank
            (employee_count, established, name, owner, privately_owned) 
        values
            (?, ?, ?, ?, ?)
2021-04-14T14:36:12,368|[TRACE] BasicBinder - binding parameter [1] as [INTEGER] - [5]
2021-04-14T14:36:12,368|[TRACE] BasicBinder - binding parameter [2] as [TIMESTAMP] - [Wed Dec 12 00:00:00 EST 1212]
2021-04-14T14:36:12,368|[TRACE] BasicBinder - binding parameter [3] as [VARCHAR] - [test name]
2021-04-14T14:36:12,368|[TRACE] BasicBinder - binding parameter [4] as [INTEGER] - [20]
2021-04-14T14:36:12,368|[TRACE] BasicBinder - binding parameter [5] as [BOOLEAN] - [true]
2021-04-14T14:36:12,372|[DEBUG] EMFactory - getting EntityManagerFactory
2021-04-14T14:36:12,372|[DEBUG] EMFactory - initializeing EntityManagerFactory
2021-04-14T14:36:12,373|[DEBUG] SQL - 
    /* load entity.BloodBank */ select
        bloodbank0_.bank_id as bank_id1_1_0_,
        bloodbank0_.employee_count as employee2_1_0_,
        bloodbank0_.established as establis3_1_0_,
        bloodbank0_.name as name4_1_0_,
        bloodbank0_.owner as owner6_1_0_,
        bloodbank0_.privately_owned as privatel5_1_0_ 
    from
        simplebloodbank.blood_bank bloodbank0_ 
    where
        bloodbank0_.bank_id=?
2021-04-14T14:36:12,373|[TRACE] BasicBinder - binding parameter [1] as [INTEGER] - [39]
2021-04-14T14:36:12,373|[TRACE] BasicExtractor - extracted value ([employee2_1_0_] : [INTEGER]) - [5]
2021-04-14T14:36:12,373|[TRACE] BasicExtractor - extracted value ([establis3_1_0_] : [TIMESTAMP]) - [1212-12-12 00:00:00.0]
2021-04-14T14:36:12,373|[TRACE] BasicExtractor - extracted value ([name4_1_0_] : [VARCHAR]) - [test name]
2021-04-14T14:36:12,374|[TRACE] BasicExtractor - extracted value ([owner6_1_0_] : [INTEGER]) - [20]
2021-04-14T14:36:12,374|[TRACE] BasicExtractor - extracted value ([privatel5_1_0_] : [BOOLEAN]) - [true]
2021-04-14T14:36:12,374|[DEBUG] SQL - 
    select
        blooddonat0_.bank_id as bank_id6_2_0_,
        blooddonat0_.donation_id as donation1_2_0_,
        blooddonat0_.donation_id as donation1_2_1_,
        blooddonat0_.bank_id as bank_id6_2_1_,
        blooddonat0_.blood_group as blood_gr2_2_1_,
        blooddonat0_.created as created3_2_1_,
        blooddonat0_.milliliters as millilit4_2_1_,
        blooddonat0_.rhd as rhd5_2_1_ 
    from
        simplebloodbank.blood_donation blooddonat0_ 
    where
        blooddonat0_.bank_id=?
2021-04-14T14:36:12,374|[TRACE] BasicBinder - binding parameter [1] as [INTEGER] - [39]
2021-04-14T14:36:12,375|[DEBUG] SQL - 
    /* delete entity.BloodBank */ delete 
        from
            simplebloodbank.blood_bank 
        where
            bank_id=?
2021-04-14T14:36:12,375|[TRACE] BasicBinder - binding parameter [1] as [INTEGER] - [39]
2021-04-14T14:36:12,379|[DEBUG] EMFactory - getting EntityManagerFactory
2021-04-14T14:36:12,379|[DEBUG] EMFactory - initializeing EntityManagerFactory
2021-04-14T14:36:12,379|[DEBUG] SQL - 
    /* load entity.BloodBank */ select
        bloodbank0_.bank_id as bank_id1_1_0_,
        bloodbank0_.employee_count as employee2_1_0_,
        bloodbank0_.established as establis3_1_0_,
        bloodbank0_.name as name4_1_0_,
        bloodbank0_.owner as owner6_1_0_,
        bloodbank0_.privately_owned as privatel5_1_0_ 
    from
        simplebloodbank.blood_bank bloodbank0_ 
    where
        bloodbank0_.bank_id=?
2021-04-14T14:36:12,379|[TRACE] BasicBinder - binding parameter [1] as [INTEGER] - [39]
2021-04-14T14:36:12,379|[DEBUG] SQL - 
    /* insert entity.BloodBank
        */ insert 
        into
            simplebloodbank.blood_bank
            (employee_count, established, name, owner, privately_owned) 
        values
            (?, ?, ?, ?, ?)
2021-04-14T14:36:12,380|[TRACE] BasicBinder - binding parameter [1] as [INTEGER] - [5]
2021-04-14T14:36:12,380|[TRACE] BasicBinder - binding parameter [2] as [TIMESTAMP] - [Wed Dec 12 00:00:00 EST 1212]
2021-04-14T14:36:12,380|[TRACE] BasicBinder - binding parameter [3] as [VARCHAR] - [test name]
2021-04-14T14:36:12,380|[TRACE] BasicBinder - binding parameter [4] as [INTEGER] - [20]
2021-04-14T14:36:12,380|[TRACE] BasicBinder - binding parameter [5] as [BOOLEAN] - [true]
2021-04-14T14:36:12,381|[DEBUG] SQL - 
    /* delete entity.BloodBank */ delete 
        from
            simplebloodbank.blood_bank 
        where
            bank_id=?
2021-04-14T14:36:12,381|[TRACE] BasicBinder - binding parameter [1] as [INTEGER] - [40]
2021-04-14T14:36:12,384|[DEBUG] EMFactory - getting EntityManagerFactory
2021-04-14T14:36:12,385|[DEBUG] EMFactory - initializeing EntityManagerFactory
2021-04-14T14:36:12,385|[DEBUG] SQL - 
    select
        person0_.id as id1_4_0_,
        person0_.address as address2_4_0_,
        person0_.birth as birth3_4_0_,
        person0_.first_name as first_na4_4_0_,
        person0_.last_name as last_nam5_4_0_,
        person0_.phone as phone6_4_0_ 
    from
        simplebloodbank.person person0_ 
    where
        person0_.id=?
2021-04-14T14:36:12,385|[TRACE] BasicBinder - binding parameter [1] as [INTEGER] - [2]
]]></system-out>
  </testcase>
  <testcase name="testGetWithId" classname="logic.BloodBankTest" time="0.033">
    <system-out><![CDATA[2021-04-14T14:36:12,386|[DEBUG] EMFactory - getting EntityManagerFactory
2021-04-14T14:36:12,386|[DEBUG] EMFactory - initializeing EntityManagerFactory
2021-04-14T14:36:12,387|[DEBUG] SQL - 
    select
        person0_.id as id1_4_0_,
        person0_.address as address2_4_0_,
        person0_.birth as birth3_4_0_,
        person0_.first_name as first_na4_4_0_,
        person0_.last_name as last_nam5_4_0_,
        person0_.phone as phone6_4_0_ 
    from
        simplebloodbank.person person0_ 
    where
        person0_.id=?
2021-04-14T14:36:12,387|[TRACE] BasicBinder - binding parameter [1] as [INTEGER] - [2]
2021-04-14T14:36:12,387|[DEBUG] SQL - 
    /* insert entity.Person
        */ insert 
        into
            simplebloodbank.person
            (address, birth, first_name, last_name, phone) 
        values
            (?, ?, ?, ?, ?)
2021-04-14T14:36:12,387|[TRACE] BasicBinder - binding parameter [1] as [VARCHAR] - [123 Road Street]
2021-04-14T14:36:12,387|[TRACE] BasicBinder - binding parameter [2] as [TIMESTAMP] - [Sun Mar 01 00:00:00 EST 2020]
2021-04-14T14:36:12,387|[TRACE] BasicBinder - binding parameter [3] as [VARCHAR] - [Clark]
2021-04-14T14:36:12,387|[TRACE] BasicBinder - binding parameter [4] as [VARCHAR] - [Kent]
2021-04-14T14:36:12,387|[TRACE] BasicBinder - binding parameter [5] as [VARCHAR] - [613-316-1361]
2021-04-14T14:36:12,388|[DEBUG] SQL - 
    /* insert entity.BloodBank
        */ insert 
        into
            simplebloodbank.blood_bank
            (employee_count, established, name, owner, privately_owned) 
        values
            (?, ?, ?, ?, ?)
2021-04-14T14:36:12,388|[TRACE] BasicBinder - binding parameter [1] as [INTEGER] - [5]
2021-04-14T14:36:12,388|[TRACE] BasicBinder - binding parameter [2] as [TIMESTAMP] - [Wed Dec 12 00:00:00 EST 1212]
2021-04-14T14:36:12,388|[TRACE] BasicBinder - binding parameter [3] as [VARCHAR] - [test name]
2021-04-14T14:36:12,388|[TRACE] BasicBinder - binding parameter [4] as [INTEGER] - [21]
2021-04-14T14:36:12,388|[TRACE] BasicBinder - binding parameter [5] as [BOOLEAN] - [true]
2021-04-14T14:36:12,392|[DEBUG] EMFactory - getting EntityManagerFactory
2021-04-14T14:36:12,392|[DEBUG] EMFactory - initializeing EntityManagerFactory
2021-04-14T14:36:12,393|[DEBUG] SQL - 
    /* BloodBank.findByBankId */ select
        bloodbank0_.bank_id as bank_id1_1_,
        bloodbank0_.employee_count as employee2_1_,
        bloodbank0_.established as establis3_1_,
        bloodbank0_.name as name4_1_,
        bloodbank0_.owner as owner6_1_,
        bloodbank0_.privately_owned as privatel5_1_ 
    from
        simplebloodbank.blood_bank bloodbank0_ 
    where
        bloodbank0_.bank_id=?
2021-04-14T14:36:12,393|[TRACE] BasicBinder - binding parameter [1] as [INTEGER] - [41]
2021-04-14T14:36:12,394|[TRACE] BasicExtractor - extracted value ([bank_id1_1_] : [INTEGER]) - [41]
2021-04-14T14:36:12,394|[TRACE] BasicExtractor - extracted value ([employee2_1_] : [INTEGER]) - [5]
2021-04-14T14:36:12,394|[TRACE] BasicExtractor - extracted value ([establis3_1_] : [TIMESTAMP]) - [1212-12-12 00:00:00.0]
2021-04-14T14:36:12,394|[TRACE] BasicExtractor - extracted value ([name4_1_] : [VARCHAR]) - [test name]
2021-04-14T14:36:12,394|[TRACE] BasicExtractor - extracted value ([owner6_1_] : [INTEGER]) - [21]
2021-04-14T14:36:12,394|[TRACE] BasicExtractor - extracted value ([privatel5_1_] : [BOOLEAN]) - [true]
2021-04-14T14:36:12,394|[DEBUG] SQL - 
    select
        person0_.id as id1_4_0_,
        person0_.address as address2_4_0_,
        person0_.birth as birth3_4_0_,
        person0_.first_name as first_na4_4_0_,
        person0_.last_name as last_nam5_4_0_,
        person0_.phone as phone6_4_0_ 
    from
        simplebloodbank.person person0_ 
    where
        person0_.id=?
2021-04-14T14:36:12,394|[TRACE] BasicBinder - binding parameter [1] as [INTEGER] - [21]
2021-04-14T14:36:12,395|[TRACE] BasicExtractor - extracted value ([address2_4_0_] : [VARCHAR]) - [123 Road Street]
2021-04-14T14:36:12,395|[TRACE] BasicExtractor - extracted value ([birth3_4_0_] : [TIMESTAMP]) - [2020-03-01 00:00:00.0]
2021-04-14T14:36:12,395|[TRACE] BasicExtractor - extracted value ([first_na4_4_0_] : [VARCHAR]) - [Clark]
2021-04-14T14:36:12,395|[TRACE] BasicExtractor - extracted value ([last_nam5_4_0_] : [VARCHAR]) - [Kent]
2021-04-14T14:36:12,395|[TRACE] BasicExtractor - extracted value ([phone6_4_0_] : [VARCHAR]) - [613-316-1361]
2021-04-14T14:36:12,395|[DEBUG] EMFactory - getting EntityManagerFactory
2021-04-14T14:36:12,395|[DEBUG] EMFactory - initializeing EntityManagerFactory
2021-04-14T14:36:12,405|[DEBUG] SQL - 
    /* load entity.BloodBank */ select
        bloodbank0_.bank_id as bank_id1_1_0_,
        bloodbank0_.employee_count as employee2_1_0_,
        bloodbank0_.established as establis3_1_0_,
        bloodbank0_.name as name4_1_0_,
        bloodbank0_.owner as owner6_1_0_,
        bloodbank0_.privately_owned as privatel5_1_0_ 
    from
        simplebloodbank.blood_bank bloodbank0_ 
    where
        bloodbank0_.bank_id=?
2021-04-14T14:36:12,405|[TRACE] BasicBinder - binding parameter [1] as [INTEGER] - [41]
2021-04-14T14:36:12,406|[TRACE] BasicExtractor - extracted value ([employee2_1_0_] : [INTEGER]) - [5]
2021-04-14T14:36:12,406|[TRACE] BasicExtractor - extracted value ([establis3_1_0_] : [TIMESTAMP]) - [1212-12-12 00:00:00.0]
2021-04-14T14:36:12,406|[TRACE] BasicExtractor - extracted value ([name4_1_0_] : [VARCHAR]) - [test name]
2021-04-14T14:36:12,406|[TRACE] BasicExtractor - extracted value ([owner6_1_0_] : [INTEGER]) - [21]
2021-04-14T14:36:12,406|[TRACE] BasicExtractor - extracted value ([privatel5_1_0_] : [BOOLEAN]) - [true]
2021-04-14T14:36:12,406|[DEBUG] SQL - 
    select
        blooddonat0_.bank_id as bank_id6_2_0_,
        blooddonat0_.donation_id as donation1_2_0_,
        blooddonat0_.donation_id as donation1_2_1_,
        blooddonat0_.bank_id as bank_id6_2_1_,
        blooddonat0_.blood_group as blood_gr2_2_1_,
        blooddonat0_.created as created3_2_1_,
        blooddonat0_.milliliters as millilit4_2_1_,
        blooddonat0_.rhd as rhd5_2_1_ 
    from
        simplebloodbank.blood_donation blooddonat0_ 
    where
        blooddonat0_.bank_id=?
2021-04-14T14:36:12,406|[TRACE] BasicBinder - binding parameter [1] as [INTEGER] - [41]
2021-04-14T14:36:12,407|[DEBUG] SQL - 
    /* delete entity.BloodBank */ delete 
        from
            simplebloodbank.blood_bank 
        where
            bank_id=?
2021-04-14T14:36:12,407|[TRACE] BasicBinder - binding parameter [1] as [INTEGER] - [41]
2021-04-14T14:36:12,411|[DEBUG] EMFactory - getting EntityManagerFactory
2021-04-14T14:36:12,411|[DEBUG] EMFactory - initializeing EntityManagerFactory
2021-04-14T14:36:12,411|[DEBUG] SQL - 
    /* load entity.BloodBank */ select
        bloodbank0_.bank_id as bank_id1_1_0_,
        bloodbank0_.employee_count as employee2_1_0_,
        bloodbank0_.established as establis3_1_0_,
        bloodbank0_.name as name4_1_0_,
        bloodbank0_.owner as owner6_1_0_,
        bloodbank0_.privately_owned as privatel5_1_0_ 
    from
        simplebloodbank.blood_bank bloodbank0_ 
    where
        bloodbank0_.bank_id=?
2021-04-14T14:36:12,411|[TRACE] BasicBinder - binding parameter [1] as [INTEGER] - [41]
2021-04-14T14:36:12,412|[DEBUG] SQL - 
    /* insert entity.BloodBank
        */ insert 
        into
            simplebloodbank.blood_bank
            (employee_count, established, name, owner, privately_owned) 
        values
            (?, ?, ?, ?, ?)
2021-04-14T14:36:12,412|[TRACE] BasicBinder - binding parameter [1] as [INTEGER] - [5]
2021-04-14T14:36:12,412|[TRACE] BasicBinder - binding parameter [2] as [TIMESTAMP] - [Wed Dec 12 00:00:00 EST 1212]
2021-04-14T14:36:12,412|[TRACE] BasicBinder - binding parameter [3] as [VARCHAR] - [test name]
2021-04-14T14:36:12,412|[TRACE] BasicBinder - binding parameter [4] as [INTEGER] - [21]
2021-04-14T14:36:12,412|[TRACE] BasicBinder - binding parameter [5] as [BOOLEAN] - [true]
2021-04-14T14:36:12,413|[DEBUG] SQL - 
    /* delete entity.BloodBank */ delete 
        from
            simplebloodbank.blood_bank 
        where
            bank_id=?
2021-04-14T14:36:12,413|[TRACE] BasicBinder - binding parameter [1] as [INTEGER] - [42]
2021-04-14T14:36:12,417|[DEBUG] EMFactory - getting EntityManagerFactory
2021-04-14T14:36:12,417|[DEBUG] EMFactory - initializeing EntityManagerFactory
2021-04-14T14:36:12,418|[DEBUG] SQL - 
    select
        person0_.id as id1_4_0_,
        person0_.address as address2_4_0_,
        person0_.birth as birth3_4_0_,
        person0_.first_name as first_na4_4_0_,
        person0_.last_name as last_nam5_4_0_,
        person0_.phone as phone6_4_0_ 
    from
        simplebloodbank.person person0_ 
    where
        person0_.id=?
2021-04-14T14:36:12,418|[TRACE] BasicBinder - binding parameter [1] as [INTEGER] - [2]
]]></system-out>
    <system-err><![CDATA[Apr. 14, 2021 2:36:12 P.M. dal.GenericDAL lambda$setParameters$0
INFO: setParameters: bankId=41
]]></system-err>
  </testcase>
  <testcase name="testGetBloodBanksWithOwner" classname="logic.BloodBankTest" time="0.036">
    <system-out><![CDATA[2021-04-14T14:36:12,419|[DEBUG] EMFactory - getting EntityManagerFactory
2021-04-14T14:36:12,419|[DEBUG] EMFactory - initializeing EntityManagerFactory
2021-04-14T14:36:12,420|[DEBUG] SQL - 
    select
        person0_.id as id1_4_0_,
        person0_.address as address2_4_0_,
        person0_.birth as birth3_4_0_,
        person0_.first_name as first_na4_4_0_,
        person0_.last_name as last_nam5_4_0_,
        person0_.phone as phone6_4_0_ 
    from
        simplebloodbank.person person0_ 
    where
        person0_.id=?
2021-04-14T14:36:12,420|[TRACE] BasicBinder - binding parameter [1] as [INTEGER] - [2]
2021-04-14T14:36:12,420|[DEBUG] SQL - 
    /* insert entity.Person
        */ insert 
        into
            simplebloodbank.person
            (address, birth, first_name, last_name, phone) 
        values
            (?, ?, ?, ?, ?)
2021-04-14T14:36:12,420|[TRACE] BasicBinder - binding parameter [1] as [VARCHAR] - [123 Road Street]
2021-04-14T14:36:12,420|[TRACE] BasicBinder - binding parameter [2] as [TIMESTAMP] - [Sun Mar 01 00:00:00 EST 2020]
2021-04-14T14:36:12,420|[TRACE] BasicBinder - binding parameter [3] as [VARCHAR] - [Clark]
2021-04-14T14:36:12,421|[TRACE] BasicBinder - binding parameter [4] as [VARCHAR] - [Kent]
2021-04-14T14:36:12,421|[TRACE] BasicBinder - binding parameter [5] as [VARCHAR] - [613-316-1361]
2021-04-14T14:36:12,422|[DEBUG] SQL - 
    /* insert entity.BloodBank
        */ insert 
        into
            simplebloodbank.blood_bank
            (employee_count, established, name, owner, privately_owned) 
        values
            (?, ?, ?, ?, ?)
2021-04-14T14:36:12,422|[TRACE] BasicBinder - binding parameter [1] as [INTEGER] - [5]
2021-04-14T14:36:12,422|[TRACE] BasicBinder - binding parameter [2] as [TIMESTAMP] - [Wed Dec 12 00:00:00 EST 1212]
2021-04-14T14:36:12,422|[TRACE] BasicBinder - binding parameter [3] as [VARCHAR] - [test name]
2021-04-14T14:36:12,422|[TRACE] BasicBinder - binding parameter [4] as [INTEGER] - [22]
2021-04-14T14:36:12,422|[TRACE] BasicBinder - binding parameter [5] as [BOOLEAN] - [true]
2021-04-14T14:36:12,427|[DEBUG] EMFactory - getting EntityManagerFactory
2021-04-14T14:36:12,427|[DEBUG] EMFactory - initializeing EntityManagerFactory
2021-04-14T14:36:12,428|[DEBUG] SQL - 
    /* BloodBank.findByOwner */ select
        bloodbank0_.bank_id as bank_id1_1_,
        bloodbank0_.employee_count as employee2_1_,
        bloodbank0_.established as establis3_1_,
        bloodbank0_.name as name4_1_,
        bloodbank0_.owner as owner6_1_,
        bloodbank0_.privately_owned as privatel5_1_ 
    from
        simplebloodbank.blood_bank bloodbank0_ 
    where
        bloodbank0_.owner=?
2021-04-14T14:36:12,428|[TRACE] BasicBinder - binding parameter [1] as [INTEGER] - [22]
2021-04-14T14:36:12,428|[TRACE] BasicExtractor - extracted value ([bank_id1_1_] : [INTEGER]) - [43]
2021-04-14T14:36:12,428|[TRACE] BasicExtractor - extracted value ([employee2_1_] : [INTEGER]) - [5]
2021-04-14T14:36:12,428|[TRACE] BasicExtractor - extracted value ([establis3_1_] : [TIMESTAMP]) - [1212-12-12 00:00:00.0]
2021-04-14T14:36:12,428|[TRACE] BasicExtractor - extracted value ([name4_1_] : [VARCHAR]) - [test name]
2021-04-14T14:36:12,428|[TRACE] BasicExtractor - extracted value ([owner6_1_] : [INTEGER]) - [22]
2021-04-14T14:36:12,428|[TRACE] BasicExtractor - extracted value ([privatel5_1_] : [BOOLEAN]) - [true]
2021-04-14T14:36:12,429|[DEBUG] SQL - 
    select
        person0_.id as id1_4_0_,
        person0_.address as address2_4_0_,
        person0_.birth as birth3_4_0_,
        person0_.first_name as first_na4_4_0_,
        person0_.last_name as last_nam5_4_0_,
        person0_.phone as phone6_4_0_ 
    from
        simplebloodbank.person person0_ 
    where
        person0_.id=?
2021-04-14T14:36:12,429|[TRACE] BasicBinder - binding parameter [1] as [INTEGER] - [22]
2021-04-14T14:36:12,429|[TRACE] BasicExtractor - extracted value ([address2_4_0_] : [VARCHAR]) - [123 Road Street]
2021-04-14T14:36:12,429|[TRACE] BasicExtractor - extracted value ([birth3_4_0_] : [TIMESTAMP]) - [2020-03-01 00:00:00.0]
2021-04-14T14:36:12,429|[TRACE] BasicExtractor - extracted value ([first_na4_4_0_] : [VARCHAR]) - [Clark]
2021-04-14T14:36:12,429|[TRACE] BasicExtractor - extracted value ([last_nam5_4_0_] : [VARCHAR]) - [Kent]
2021-04-14T14:36:12,429|[TRACE] BasicExtractor - extracted value ([phone6_4_0_] : [VARCHAR]) - [613-316-1361]
2021-04-14T14:36:12,430|[DEBUG] EMFactory - getting EntityManagerFactory
2021-04-14T14:36:12,430|[DEBUG] EMFactory - initializeing EntityManagerFactory
2021-04-14T14:36:12,441|[DEBUG] SQL - 
    /* load entity.BloodBank */ select
        bloodbank0_.bank_id as bank_id1_1_0_,
        bloodbank0_.employee_count as employee2_1_0_,
        bloodbank0_.established as establis3_1_0_,
        bloodbank0_.name as name4_1_0_,
        bloodbank0_.owner as owner6_1_0_,
        bloodbank0_.privately_owned as privatel5_1_0_ 
    from
        simplebloodbank.blood_bank bloodbank0_ 
    where
        bloodbank0_.bank_id=?
2021-04-14T14:36:12,441|[TRACE] BasicBinder - binding parameter [1] as [INTEGER] - [43]
2021-04-14T14:36:12,441|[TRACE] BasicExtractor - extracted value ([employee2_1_0_] : [INTEGER]) - [5]
2021-04-14T14:36:12,441|[TRACE] BasicExtractor - extracted value ([establis3_1_0_] : [TIMESTAMP]) - [1212-12-12 00:00:00.0]
2021-04-14T14:36:12,441|[TRACE] BasicExtractor - extracted value ([name4_1_0_] : [VARCHAR]) - [test name]
2021-04-14T14:36:12,441|[TRACE] BasicExtractor - extracted value ([owner6_1_0_] : [INTEGER]) - [22]
2021-04-14T14:36:12,441|[TRACE] BasicExtractor - extracted value ([privatel5_1_0_] : [BOOLEAN]) - [true]
2021-04-14T14:36:12,442|[DEBUG] SQL - 
    select
        blooddonat0_.bank_id as bank_id6_2_0_,
        blooddonat0_.donation_id as donation1_2_0_,
        blooddonat0_.donation_id as donation1_2_1_,
        blooddonat0_.bank_id as bank_id6_2_1_,
        blooddonat0_.blood_group as blood_gr2_2_1_,
        blooddonat0_.created as created3_2_1_,
        blooddonat0_.milliliters as millilit4_2_1_,
        blooddonat0_.rhd as rhd5_2_1_ 
    from
        simplebloodbank.blood_donation blooddonat0_ 
    where
        blooddonat0_.bank_id=?
2021-04-14T14:36:12,442|[TRACE] BasicBinder - binding parameter [1] as [INTEGER] - [43]
2021-04-14T14:36:12,443|[DEBUG] SQL - 
    /* delete entity.BloodBank */ delete 
        from
            simplebloodbank.blood_bank 
        where
            bank_id=?
2021-04-14T14:36:12,443|[TRACE] BasicBinder - binding parameter [1] as [INTEGER] - [43]
2021-04-14T14:36:12,447|[DEBUG] EMFactory - getting EntityManagerFactory
2021-04-14T14:36:12,447|[DEBUG] EMFactory - initializeing EntityManagerFactory
2021-04-14T14:36:12,447|[DEBUG] SQL - 
    /* load entity.BloodBank */ select
        bloodbank0_.bank_id as bank_id1_1_0_,
        bloodbank0_.employee_count as employee2_1_0_,
        bloodbank0_.established as establis3_1_0_,
        bloodbank0_.name as name4_1_0_,
        bloodbank0_.owner as owner6_1_0_,
        bloodbank0_.privately_owned as privatel5_1_0_ 
    from
        simplebloodbank.blood_bank bloodbank0_ 
    where
        bloodbank0_.bank_id=?
2021-04-14T14:36:12,447|[TRACE] BasicBinder - binding parameter [1] as [INTEGER] - [43]
2021-04-14T14:36:12,448|[DEBUG] SQL - 
    /* insert entity.BloodBank
        */ insert 
        into
            simplebloodbank.blood_bank
            (employee_count, established, name, owner, privately_owned) 
        values
            (?, ?, ?, ?, ?)
2021-04-14T14:36:12,448|[TRACE] BasicBinder - binding parameter [1] as [INTEGER] - [5]
2021-04-14T14:36:12,448|[TRACE] BasicBinder - binding parameter [2] as [TIMESTAMP] - [Wed Dec 12 00:00:00 EST 1212]
2021-04-14T14:36:12,448|[TRACE] BasicBinder - binding parameter [3] as [VARCHAR] - [test name]
2021-04-14T14:36:12,448|[TRACE] BasicBinder - binding parameter [4] as [INTEGER] - [22]
2021-04-14T14:36:12,448|[TRACE] BasicBinder - binding parameter [5] as [BOOLEAN] - [true]
2021-04-14T14:36:12,449|[DEBUG] SQL - 
    /* delete entity.BloodBank */ delete 
        from
            simplebloodbank.blood_bank 
        where
            bank_id=?
2021-04-14T14:36:12,449|[TRACE] BasicBinder - binding parameter [1] as [INTEGER] - [44]
2021-04-14T14:36:12,453|[DEBUG] EMFactory - getting EntityManagerFactory
2021-04-14T14:36:12,454|[DEBUG] EMFactory - initializeing EntityManagerFactory
2021-04-14T14:36:12,454|[DEBUG] SQL - 
    select
        person0_.id as id1_4_0_,
        person0_.address as address2_4_0_,
        person0_.birth as birth3_4_0_,
        person0_.first_name as first_na4_4_0_,
        person0_.last_name as last_nam5_4_0_,
        person0_.phone as phone6_4_0_ 
    from
        simplebloodbank.person person0_ 
    where
        person0_.id=?
2021-04-14T14:36:12,454|[TRACE] BasicBinder - binding parameter [1] as [INTEGER] - [2]
]]></system-out>
    <system-err><![CDATA[Apr. 14, 2021 2:36:12 P.M. dal.GenericDAL lambda$setParameters$0
INFO: setParameters: ownerId=22
]]></system-err>
  </testcase>
</testsuite>