<?xml version="1.0" encoding="UTF-8"?>
<testsuite xmlns:xsi="http://www.w3.org/2001/XMLSchema-instance" xsi:noNamespaceSchemaLocation="https://maven.apache.org/surefire/maven-surefire-plugin/xsd/surefire-test-report-3.0.xsd" version="3.0" name="logic.BloodDonationTest" time="1.033" tests="17" errors="0" skipped="0" failures="0">
  <properties>
    <property name="sun.desktop" value="windows"/>
    <property name="awt.toolkit" value="sun.awt.windows.WToolkit"/>
    <property name="java.specification.version" value="11"/>
    <property name="sun.cpu.isalist" value="amd64"/>
    <property name="sun.jnu.encoding" value="Cp1252"/>
    <property name="java.class.path" value="C:\Users\Matt\Documents\NetBeansProjects\SimpleBloodBank-Skeleton\target\test-classes;C:\Users\Matt\Documents\NetBeansProjects\SimpleBloodBank-Skeleton\target\classes;C:\Users\Matt\.m2\repository\org\junit\jupiter\junit-jupiter\5.7.0\junit-jupiter-5.7.0.jar;C:\Users\Matt\.m2\repository\org\junit\jupiter\junit-jupiter-api\5.7.0\junit-jupiter-api-5.7.0.jar;C:\Users\Matt\.m2\repository\org\apiguardian\apiguardian-api\1.1.0\apiguardian-api-1.1.0.jar;C:\Users\Matt\.m2\repository\org\opentest4j\opentest4j\1.2.0\opentest4j-1.2.0.jar;C:\Users\Matt\.m2\repository\org\junit\platform\junit-platform-commons\1.7.0\junit-platform-commons-1.7.0.jar;C:\Users\Matt\.m2\repository\org\junit\jupiter\junit-jupiter-params\5.7.0\junit-jupiter-params-5.7.0.jar;C:\Users\Matt\.m2\repository\org\junit\jupiter\junit-jupiter-engine\5.7.0\junit-jupiter-engine-5.7.0.jar;C:\Users\Matt\.m2\repository\org\junit\platform\junit-platform-engine\1.7.0\junit-platform-engine-1.7.0.jar;C:\Users\Matt\.m2\repository\org\hamcrest\hamcrest\2.2\hamcrest-2.2.jar;C:\Users\Matt\.m2\repository\org\hamcrest\hamcrest-library\2.2\hamcrest-library-2.2.jar;C:\Users\Matt\.m2\repository\org\hamcrest\hamcrest-core\2.2\hamcrest-core-2.2.jar;C:\Users\Matt\.m2\repository\org\apache\logging\log4j\log4j-api\2.14.0\log4j-api-2.14.0.jar;C:\Users\Matt\.m2\repository\org\apache\logging\log4j\log4j-core\2.14.0\log4j-core-2.14.0.jar;C:\Users\Matt\.m2\repository\org\hibernate\hibernate-core\5.4.27.Final\hibernate-core-5.4.27.Final.jar;C:\Users\Matt\.m2\repository\org\jboss\logging\jboss-logging\3.4.1.Final\jboss-logging-3.4.1.Final.jar;C:\Users\Matt\.m2\repository\javax\persistence\javax.persistence-api\2.2\javax.persistence-api-2.2.jar;C:\Users\Matt\.m2\repository\org\javassist\javassist\3.27.0-GA\javassist-3.27.0-GA.jar;C:\Users\Matt\.m2\repository\net\bytebuddy\byte-buddy\1.10.17\byte-buddy-1.10.17.jar;C:\Users\Matt\.m2\repository\antlr\antlr\2.7.7\antlr-2.7.7.jar;C:\Users\Matt\.m2\repository\org\jboss\spec\javax\transaction\jboss-transaction-api_1.2_spec\1.1.1.Final\jboss-transaction-api_1.2_spec-1.1.1.Final.jar;C:\Users\Matt\.m2\repository\org\jboss\jandex\2.1.3.Final\jandex-2.1.3.Final.jar;C:\Users\Matt\.m2\repository\com\fasterxml\classmate\1.5.1\classmate-1.5.1.jar;C:\Users\Matt\.m2\repository\javax\activation\javax.activation-api\1.2.0\javax.activation-api-1.2.0.jar;C:\Users\Matt\.m2\repository\org\dom4j\dom4j\2.1.3\dom4j-2.1.3.jar;C:\Users\Matt\.m2\repository\org\hibernate\common\hibernate-commons-annotations\5.1.2.Final\hibernate-commons-annotations-5.1.2.Final.jar;C:\Users\Matt\.m2\repository\javax\xml\bind\jaxb-api\2.3.1\jaxb-api-2.3.1.jar;C:\Users\Matt\.m2\repository\org\glassfish\jaxb\jaxb-runtime\2.3.1\jaxb-runtime-2.3.1.jar;C:\Users\Matt\.m2\repository\org\glassfish\jaxb\txw2\2.3.1\txw2-2.3.1.jar;C:\Users\Matt\.m2\repository\com\sun\istack\istack-commons-runtime\3.0.7\istack-commons-runtime-3.0.7.jar;C:\Users\Matt\.m2\repository\org\jvnet\staxex\stax-ex\1.8\stax-ex-1.8.jar;C:\Users\Matt\.m2\repository\com\sun\xml\fastinfoset\FastInfoset\1.2.15\FastInfoset-1.2.15.jar;C:\Users\Matt\.m2\repository\org\apache\tomcat\embed\tomcat-embed-core\9.0.44\tomcat-embed-core-9.0.44.jar;C:\Users\Matt\.m2\repository\org\apache\tomcat\tomcat-annotations-api\9.0.44\tomcat-annotations-api-9.0.44.jar;C:\Users\Matt\.m2\repository\org\apache\tomcat\embed\tomcat-embed-jasper\9.0.44\tomcat-embed-jasper-9.0.44.jar;C:\Users\Matt\.m2\repository\org\apache\tomcat\embed\tomcat-embed-el\9.0.44\tomcat-embed-el-9.0.44.jar;C:\Users\Matt\.m2\repository\org\eclipse\jdt\ecj\3.18.0\ecj-3.18.0.jar;C:\Users\Matt\.m2\repository\org\apache\tomcat\tomcat-jdbc\9.0.44\tomcat-jdbc-9.0.44.jar;C:\Users\Matt\.m2\repository\org\apache\tomcat\tomcat-juli\9.0.44\tomcat-juli-9.0.44.jar;C:\Users\Matt\.m2\repository\jakarta\platform\jakarta.jakartaee-api\8.0.0\jakarta.jakartaee-api-8.0.0.jar;C:\Users\Matt\.m2\repository\org\glassfish\web\jakarta.servlet.jsp.jstl\1.2.6\jakarta.servlet.jsp.jstl-1.2.6.jar;C:\Users\Matt\.m2\repository\jakarta\servlet\jsp\jstl\jakarta.servlet.jsp.jstl-api\1.2.4\jakarta.servlet.jsp.jstl-api-1.2.4.jar;C:\Users\Matt\.m2\repository\jakarta\servlet\jakarta.servlet-api\4.0.2\jakarta.servlet-api-4.0.2.jar;C:\Users\Matt\.m2\repository\jakarta\el\jakarta.el-api\3.0.2\jakarta.el-api-3.0.2.jar;C:\Users\Matt\.m2\repository\mysql\mysql-connector-java\8.0.23\mysql-connector-java-8.0.23.jar;C:\Users\Matt\.m2\repository\com\google\protobuf\protobuf-java\3.11.4\protobuf-java-3.11.4.jar;"/>
    <property name="java.vm.vendor" value="AdoptOpenJDK"/>
    <property name="sun.arch.data.model" value="64"/>
    <property name="user.variant" value=""/>
    <property name="catalina.useNaming" value="true"/>
    <property name="java.vendor.url" value="https://adoptopenjdk.net/"/>
    <property name="user.timezone" value="America/New_York"/>
    <property name="java.vm.specification.version" value="11"/>
    <property name="os.name" value="Windows 10"/>
    <property name="user.country" value="US"/>
    <property name="sun.java.launcher" value="SUN_STANDARD"/>
    <property name="sun.boot.library.path" value="C:\Program Files\AdoptOpenJDK\jdk-11.0.9.101-hotspot\bin"/>
    <property name="sun.java.command" value="C:\Users\Matt\AppData\Local\Temp\surefire11694424865339569494\surefirebooter99895558143290600.jar C:\Users\Matt\AppData\Local\Temp\surefire11694424865339569494 2021-04-07T16-08-25_909-jvmRun1 surefire2010952625974836587tmp surefire_013117609689170332767tmp"/>
    <property name="jdk.debug" value="release"/>
    <property name="surefire.test.class.path" value="C:\Users\Matt\Documents\NetBeansProjects\SimpleBloodBank-Skeleton\target\test-classes;C:\Users\Matt\Documents\NetBeansProjects\SimpleBloodBank-Skeleton\target\classes;C:\Users\Matt\.m2\repository\org\junit\jupiter\junit-jupiter\5.7.0\junit-jupiter-5.7.0.jar;C:\Users\Matt\.m2\repository\org\junit\jupiter\junit-jupiter-api\5.7.0\junit-jupiter-api-5.7.0.jar;C:\Users\Matt\.m2\repository\org\apiguardian\apiguardian-api\1.1.0\apiguardian-api-1.1.0.jar;C:\Users\Matt\.m2\repository\org\opentest4j\opentest4j\1.2.0\opentest4j-1.2.0.jar;C:\Users\Matt\.m2\repository\org\junit\platform\junit-platform-commons\1.7.0\junit-platform-commons-1.7.0.jar;C:\Users\Matt\.m2\repository\org\junit\jupiter\junit-jupiter-params\5.7.0\junit-jupiter-params-5.7.0.jar;C:\Users\Matt\.m2\repository\org\junit\jupiter\junit-jupiter-engine\5.7.0\junit-jupiter-engine-5.7.0.jar;C:\Users\Matt\.m2\repository\org\junit\platform\junit-platform-engine\1.7.0\junit-platform-engine-1.7.0.jar;C:\Users\Matt\.m2\repository\org\hamcrest\hamcrest\2.2\hamcrest-2.2.jar;C:\Users\Matt\.m2\repository\org\hamcrest\hamcrest-library\2.2\hamcrest-library-2.2.jar;C:\Users\Matt\.m2\repository\org\hamcrest\hamcrest-core\2.2\hamcrest-core-2.2.jar;C:\Users\Matt\.m2\repository\org\apache\logging\log4j\log4j-api\2.14.0\log4j-api-2.14.0.jar;C:\Users\Matt\.m2\repository\org\apache\logging\log4j\log4j-core\2.14.0\log4j-core-2.14.0.jar;C:\Users\Matt\.m2\repository\org\hibernate\hibernate-core\5.4.27.Final\hibernate-core-5.4.27.Final.jar;C:\Users\Matt\.m2\repository\org\jboss\logging\jboss-logging\3.4.1.Final\jboss-logging-3.4.1.Final.jar;C:\Users\Matt\.m2\repository\javax\persistence\javax.persistence-api\2.2\javax.persistence-api-2.2.jar;C:\Users\Matt\.m2\repository\org\javassist\javassist\3.27.0-GA\javassist-3.27.0-GA.jar;C:\Users\Matt\.m2\repository\net\bytebuddy\byte-buddy\1.10.17\byte-buddy-1.10.17.jar;C:\Users\Matt\.m2\repository\antlr\antlr\2.7.7\antlr-2.7.7.jar;C:\Users\Matt\.m2\repository\org\jboss\spec\javax\transaction\jboss-transaction-api_1.2_spec\1.1.1.Final\jboss-transaction-api_1.2_spec-1.1.1.Final.jar;C:\Users\Matt\.m2\repository\org\jboss\jandex\2.1.3.Final\jandex-2.1.3.Final.jar;C:\Users\Matt\.m2\repository\com\fasterxml\classmate\1.5.1\classmate-1.5.1.jar;C:\Users\Matt\.m2\repository\javax\activation\javax.activation-api\1.2.0\javax.activation-api-1.2.0.jar;C:\Users\Matt\.m2\repository\org\dom4j\dom4j\2.1.3\dom4j-2.1.3.jar;C:\Users\Matt\.m2\repository\org\hibernate\common\hibernate-commons-annotations\5.1.2.Final\hibernate-commons-annotations-5.1.2.Final.jar;C:\Users\Matt\.m2\repository\javax\xml\bind\jaxb-api\2.3.1\jaxb-api-2.3.1.jar;C:\Users\Matt\.m2\repository\org\glassfish\jaxb\jaxb-runtime\2.3.1\jaxb-runtime-2.3.1.jar;C:\Users\Matt\.m2\repository\org\glassfish\jaxb\txw2\2.3.1\txw2-2.3.1.jar;C:\Users\Matt\.m2\repository\com\sun\istack\istack-commons-runtime\3.0.7\istack-commons-runtime-3.0.7.jar;C:\Users\Matt\.m2\repository\org\jvnet\staxex\stax-ex\1.8\stax-ex-1.8.jar;C:\Users\Matt\.m2\repository\com\sun\xml\fastinfoset\FastInfoset\1.2.15\FastInfoset-1.2.15.jar;C:\Users\Matt\.m2\repository\org\apache\tomcat\embed\tomcat-embed-core\9.0.44\tomcat-embed-core-9.0.44.jar;C:\Users\Matt\.m2\repository\org\apache\tomcat\tomcat-annotations-api\9.0.44\tomcat-annotations-api-9.0.44.jar;C:\Users\Matt\.m2\repository\org\apache\tomcat\embed\tomcat-embed-jasper\9.0.44\tomcat-embed-jasper-9.0.44.jar;C:\Users\Matt\.m2\repository\org\apache\tomcat\embed\tomcat-embed-el\9.0.44\tomcat-embed-el-9.0.44.jar;C:\Users\Matt\.m2\repository\org\eclipse\jdt\ecj\3.18.0\ecj-3.18.0.jar;C:\Users\Matt\.m2\repository\org\apache\tomcat\tomcat-jdbc\9.0.44\tomcat-jdbc-9.0.44.jar;C:\Users\Matt\.m2\repository\org\apache\tomcat\tomcat-juli\9.0.44\tomcat-juli-9.0.44.jar;C:\Users\Matt\.m2\repository\jakarta\platform\jakarta.jakartaee-api\8.0.0\jakarta.jakartaee-api-8.0.0.jar;C:\Users\Matt\.m2\repository\org\glassfish\web\jakarta.servlet.jsp.jstl\1.2.6\jakarta.servlet.jsp.jstl-1.2.6.jar;C:\Users\Matt\.m2\repository\jakarta\servlet\jsp\jstl\jakarta.servlet.jsp.jstl-api\1.2.4\jakarta.servlet.jsp.jstl-api-1.2.4.jar;C:\Users\Matt\.m2\repository\jakarta\servlet\jakarta.servlet-api\4.0.2\jakarta.servlet-api-4.0.2.jar;C:\Users\Matt\.m2\repository\jakarta\el\jakarta.el-api\3.0.2\jakarta.el-api-3.0.2.jar;C:\Users\Matt\.m2\repository\mysql\mysql-connector-java\8.0.23\mysql-connector-java-8.0.23.jar;C:\Users\Matt\.m2\repository\com\google\protobuf\protobuf-java\3.11.4\protobuf-java-3.11.4.jar;"/>
    <property name="sun.cpu.endian" value="little"/>
    <property name="user.home" value="C:\Users\Matt"/>
    <property name="user.language" value="en"/>
    <property name="java.specification.vendor" value="Oracle Corporation"/>
    <property name="java.naming.factory.url.pkgs" value="org.apache.naming"/>
    <property name="java.version.date" value="2020-11-04"/>
    <property name="java.home" value="C:\Program Files\AdoptOpenJDK\jdk-11.0.9.101-hotspot"/>
    <property name="file.separator" value="\"/>
    <property name="basedir" value="C:\Users\Matt\Documents\NetBeansProjects\SimpleBloodBank-Skeleton"/>
    <property name="java.vm.compressedOopsMode" value="32-bit"/>
    <property name="line.separator" value="&#10;"/>
    <property name="java.specification.name" value="Java Platform API Specification"/>
    <property name="java.vm.specification.vendor" value="Oracle Corporation"/>
    <property name="java.awt.graphicsenv" value="sun.awt.Win32GraphicsEnvironment"/>
    <property name="surefire.real.class.path" value="C:\Users\Matt\AppData\Local\Temp\surefire11694424865339569494\surefirebooter99895558143290600.jar"/>
    <property name="user.script" value=""/>
    <property name="sun.management.compiler" value="HotSpot 64-Bit Tiered Compilers"/>
    <property name="java.runtime.version" value="11.0.9.1+1"/>
    <property name="java.naming.factory.initial" value="org.apache.naming.java.javaURLContextFactory"/>
    <property name="user.name" value="Matt"/>
    <property name="path.separator" value=";"/>
    <property name="os.version" value="10.0"/>
    <property name="java.runtime.name" value="OpenJDK Runtime Environment"/>
    <property name="file.encoding" value="UTF-8"/>
    <property name="java.vm.name" value="OpenJDK 64-Bit Server VM"/>
    <property name="java.vendor.version" value="AdoptOpenJDK"/>
    <property name="maven.ext.class.path" value="C:\Program Files\NetBeans-12.2\netbeans\java\maven-nblib\netbeans-eventspy.jar"/>
    <property name="localRepository" value="C:\Users\Matt\.m2\repository"/>
    <property name="java.vendor.url.bug" value="https://github.com/AdoptOpenJDK/openjdk-support/issues"/>
    <property name="java.io.tmpdir" value="C:\Users\Matt\AppData\Local\Temp\"/>
    <property name="catalina.home" value="C:\Users\Matt\Documents\NetBeansProjects\SimpleBloodBank-Skeleton\tomcat.8080"/>
    <property name="java.version" value="11.0.9.1"/>
    <property name="user.dir" value="C:\Users\Matt\Documents\NetBeansProjects\SimpleBloodBank-Skeleton"/>
    <property name="os.arch" value="amd64"/>
    <property name="java.vm.specification.name" value="Java Virtual Machine Specification"/>
    <property name="java.awt.printerjob" value="sun.awt.windows.WPrinterJob"/>
    <property name="sun.os.patch.level" value=""/>
    <property name="catalina.base" value="C:\Users\Matt\Documents\NetBeansProjects\SimpleBloodBank-Skeleton\tomcat.8080"/>
    <property name="java.library.path" value="C:\Program Files\AdoptOpenJDK\jdk-11.0.9.101-hotspot\bin;C:\Windows\Sun\Java\bin;C:\Windows\system32;C:\Windows;C:\Program Files\AdoptOpenJDK\jdk-11.0.9.101-hotspot\bin;C:\oraclexe\app\oracle\product\11.2.0\server\bin;C:\Oracle\WINDOWS.X64_193000_db_home\bin;C:\Python39\Scripts\;C:\Python39\;C:\Program Files\Microsoft MPI\Bin\;C:\Program Files (x86)\Common Files\Oracle\Java\javapath;C:\Windows\system32;C:\Windows;C:\Windows\System32\Wbem;C:\Windows\System32\WindowsPowerShell\v1.0\;C:\Windows\System32\OpenSSH\;C:\Program Files\Java\jdk1.8.0_261\bin;C:\cygwin64\bin;C:\Program Files\Microsoft SQL Server\Client SDK\ODBC\130\Tools\Binn\;C:\Program Files (x86)\Microsoft SQL Server\140\Tools\Binn\;C:\Program Files\Microsoft SQL Server\140\Tools\Binn\;C:\Program Files\Microsoft SQL Server\140\DTS\Binn\;C:\Program Files (x86)\Microsoft SQL Server\140\DTS\Binn\;C:\Program Files (x86)\Microsoft SQL Server\150\DTS\Binn\;C:\Users\Matt\Documents\dart-sass-1.26.12-windows-x64\dart-sass\;C:\Program Files (x86)\GnuWin32\bin;C:\Users\Matt\AppData\Local\Programs\Git\bin;C:\Users\Matt\AppData\Local\Programs\Git\cmd;C:\Program Files\CMake\bin\;C:\Program Files\nodejs\;C:\ProgramData\chocolatey\bin;C:\Program Files\AdoptOpenJDK\javafx-sdk-11.0.2\bin;C:\Users\Matt\AppData\Local\Programs\Microsoft VS Code\bin;C:\Users\Matt\AppData\Local\Programs\Git\cmd;C:\Program Files\CMake\bin;C:\Users\Matt\AppData\Roaming\npm;."/>
    <property name="java.vm.info" value="mixed mode"/>
    <property name="java.vendor" value="AdoptOpenJDK"/>
    <property name="java.vm.version" value="11.0.9.1+1"/>
    <property name="sun.io.unicode.encoding" value="UnicodeLittle"/>
    <property name="java.class.version" value="55.0"/>
  </properties>
  <testcase name="testCreateEntity" classname="logic.BloodDonationTest" time="0.179">
    <system-out><![CDATA[2021-04-07T16:08:40,140|[DEBUG] EMFactory - getting EntityManagerFactory
2021-04-07T16:08:40,140|[DEBUG] EMFactory - initializeing EntityManagerFactory
2021-04-07T16:08:40,142|[DEBUG] SQL - 
    select
        bloodbank0_.bank_id as bank_id1_1_0_,
        bloodbank0_.employee_count as employee2_1_0_,
        bloodbank0_.established as establis3_1_0_,
        bloodbank0_.name as name4_1_0_,
        bloodbank0_.owner as owner6_1_0_,
        bloodbank0_.privately_owned as privatel5_1_0_ 
    from
        simplebloodbank.blood_bank bloodbank0_ 
    where
        bloodbank0_.bank_id=?
2021-04-07T16:08:40,143|[TRACE] BasicBinder - binding parameter [1] as [INTEGER] - [1]
2021-04-07T16:08:40,245|[DEBUG] SQL - 
    /* insert entity.BloodBank
        */ insert 
        into
            simplebloodbank.blood_bank
            (employee_count, established, name, owner, privately_owned) 
        values
            (?, ?, ?, ?, ?)
2021-04-07T16:08:40,245|[TRACE] BasicBinder - binding parameter [1] as [INTEGER] - [111]
2021-04-07T16:08:40,247|[TRACE] BasicBinder - binding parameter [2] as [TIMESTAMP] - [Sat Nov 11 11:11:11 EST 1111]
2021-04-07T16:08:40,251|[TRACE] BasicBinder - binding parameter [3] as [VARCHAR] - [JUNIT]
2021-04-07T16:08:40,251|[TRACE] BasicBinder - binding parameter [4] as [INTEGER] - [null]
2021-04-07T16:08:40,252|[TRACE] BasicBinder - binding parameter [5] as [BOOLEAN] - [true]
2021-04-07T16:08:40,257|[DEBUG] SQL - 
    /* insert entity.BloodDonation
        */ insert 
        into
            simplebloodbank.blood_donation
            (bank_id, blood_group, created, milliliters, rhd) 
        values
            (?, ?, ?, ?, ?)
2021-04-07T16:08:40,258|[TRACE] BasicBinder - binding parameter [1] as [INTEGER] - [1]
2021-04-07T16:08:40,258|[TRACE] BasicBinder - binding parameter [2] as [VARCHAR] - [AB]
2021-04-07T16:08:40,258|[TRACE] BasicBinder - binding parameter [3] as [TIMESTAMP] - [Sat Nov 11 11:11:11 EST 1111]
2021-04-07T16:08:40,258|[TRACE] BasicBinder - binding parameter [4] as [INTEGER] - [100]
2021-04-07T16:08:40,259|[DEBUG] AttributeConverterSqlTypeDescriptorAdapter - Converted value on binding : Negative -> -
2021-04-07T16:08:40,259|[TRACE] BasicBinder - binding parameter [5] as [VARCHAR] - [-]
2021-04-07T16:08:40,270|[DEBUG] EMFactory - getting EntityManagerFactory
2021-04-07T16:08:40,270|[DEBUG] EMFactory - initializeing EntityManagerFactory
2021-04-07T16:08:40,270|[DEBUG] SQL - 
    select
        bloodbank0_.bank_id as bank_id1_1_0_,
        bloodbank0_.employee_count as employee2_1_0_,
        bloodbank0_.established as establis3_1_0_,
        bloodbank0_.name as name4_1_0_,
        bloodbank0_.owner as owner6_1_0_,
        bloodbank0_.privately_owned as privatel5_1_0_ 
    from
        simplebloodbank.blood_bank bloodbank0_ 
    where
        bloodbank0_.bank_id=?
2021-04-07T16:08:40,271|[TRACE] BasicBinder - binding parameter [1] as [INTEGER] - [1]
2021-04-07T16:08:40,273|[TRACE] BasicExtractor - extracted value ([employee2_1_0_] : [INTEGER]) - [111]
2021-04-07T16:08:40,275|[TRACE] BasicExtractor - extracted value ([establis3_1_0_] : [TIMESTAMP]) - [1111-11-11 11:11:11.0]
2021-04-07T16:08:40,275|[TRACE] BasicExtractor - extracted value ([name4_1_0_] : [VARCHAR]) - [JUNIT]
2021-04-07T16:08:40,275|[TRACE] BasicExtractor - extracted value ([owner6_1_0_] : [INTEGER]) - [null]
2021-04-07T16:08:40,277|[TRACE] BasicExtractor - extracted value ([privatel5_1_0_] : [BOOLEAN]) - [true]
2021-04-07T16:08:40,289|[DEBUG] EMFactory - getting EntityManagerFactory
2021-04-07T16:08:40,289|[DEBUG] EMFactory - initializeing EntityManagerFactory
2021-04-07T16:08:40,290|[DEBUG] SQL - 
    /* load entity.BloodDonation */ select
        blooddonat0_.donation_id as donation1_2_0_,
        blooddonat0_.bank_id as bank_id6_2_0_,
        blooddonat0_.blood_group as blood_gr2_2_0_,
        blooddonat0_.created as created3_2_0_,
        blooddonat0_.milliliters as millilit4_2_0_,
        blooddonat0_.rhd as rhd5_2_0_ 
    from
        simplebloodbank.blood_donation blooddonat0_ 
    where
        blooddonat0_.donation_id=?
2021-04-07T16:08:40,291|[TRACE] BasicBinder - binding parameter [1] as [INTEGER] - [1]
2021-04-07T16:08:40,292|[TRACE] BasicExtractor - extracted value ([bank_id6_2_0_] : [INTEGER]) - [1]
2021-04-07T16:08:40,292|[TRACE] BasicExtractor - extracted value ([blood_gr2_2_0_] : [VARCHAR]) - [AB]
2021-04-07T16:08:40,292|[TRACE] BasicExtractor - extracted value ([created3_2_0_] : [TIMESTAMP]) - [1111-11-11 11:11:11.0]
2021-04-07T16:08:40,292|[TRACE] BasicExtractor - extracted value ([millilit4_2_0_] : [INTEGER]) - [100]
2021-04-07T16:08:40,293|[TRACE] BasicExtractor - extracted value ([rhd5_2_0_] : [VARCHAR]) - [-]
2021-04-07T16:08:40,293|[DEBUG] AttributeConverterSqlTypeDescriptorAdapter - Converted value on extraction: - -> Negative
2021-04-07T16:08:40,306|[DEBUG] SQL - 
    /* delete entity.BloodDonation */ delete 
        from
            simplebloodbank.blood_donation 
        where
            donation_id=?
2021-04-07T16:08:40,306|[TRACE] BasicBinder - binding parameter [1] as [INTEGER] - [1]
]]></system-out>
  </testcase>
  <testcase name="testGetBloodDonationsWithCreated" classname="logic.BloodDonationTest" time="0.053">
    <system-out><![CDATA[2021-04-07T16:08:40,316|[DEBUG] EMFactory - getting EntityManagerFactory
2021-04-07T16:08:40,316|[DEBUG] EMFactory - initializeing EntityManagerFactory
2021-04-07T16:08:40,317|[DEBUG] SQL - 
    select
        bloodbank0_.bank_id as bank_id1_1_0_,
        bloodbank0_.employee_count as employee2_1_0_,
        bloodbank0_.established as establis3_1_0_,
        bloodbank0_.name as name4_1_0_,
        bloodbank0_.owner as owner6_1_0_,
        bloodbank0_.privately_owned as privatel5_1_0_ 
    from
        simplebloodbank.blood_bank bloodbank0_ 
    where
        bloodbank0_.bank_id=?
2021-04-07T16:08:40,317|[TRACE] BasicBinder - binding parameter [1] as [INTEGER] - [1]
2021-04-07T16:08:40,318|[TRACE] BasicExtractor - extracted value ([employee2_1_0_] : [INTEGER]) - [111]
2021-04-07T16:08:40,319|[TRACE] BasicExtractor - extracted value ([establis3_1_0_] : [TIMESTAMP]) - [1111-11-11 11:11:11.0]
2021-04-07T16:08:40,319|[TRACE] BasicExtractor - extracted value ([name4_1_0_] : [VARCHAR]) - [JUNIT]
2021-04-07T16:08:40,319|[TRACE] BasicExtractor - extracted value ([owner6_1_0_] : [INTEGER]) - [null]
2021-04-07T16:08:40,319|[TRACE] BasicExtractor - extracted value ([privatel5_1_0_] : [BOOLEAN]) - [true]
2021-04-07T16:08:40,320|[DEBUG] SQL - 
    /* insert entity.BloodDonation
        */ insert 
        into
            simplebloodbank.blood_donation
            (bank_id, blood_group, created, milliliters, rhd) 
        values
            (?, ?, ?, ?, ?)
2021-04-07T16:08:40,320|[TRACE] BasicBinder - binding parameter [1] as [INTEGER] - [1]
2021-04-07T16:08:40,320|[TRACE] BasicBinder - binding parameter [2] as [VARCHAR] - [AB]
2021-04-07T16:08:40,320|[TRACE] BasicBinder - binding parameter [3] as [TIMESTAMP] - [Sat Nov 11 11:11:11 EST 1111]
2021-04-07T16:08:40,320|[TRACE] BasicBinder - binding parameter [4] as [INTEGER] - [100]
2021-04-07T16:08:40,320|[DEBUG] AttributeConverterSqlTypeDescriptorAdapter - Converted value on binding : Negative -> -
2021-04-07T16:08:40,320|[TRACE] BasicBinder - binding parameter [5] as [VARCHAR] - [-]
2021-04-07T16:08:40,325|[DEBUG] EMFactory - getting EntityManagerFactory
2021-04-07T16:08:40,325|[DEBUG] EMFactory - initializeing EntityManagerFactory
2021-04-07T16:08:40,326|[DEBUG] SQL - 
    /* BloodDonation.findByCreated */ select
        blooddonat0_.donation_id as donation1_2_,
        blooddonat0_.bank_id as bank_id6_2_,
        blooddonat0_.blood_group as blood_gr2_2_,
        blooddonat0_.created as created3_2_,
        blooddonat0_.milliliters as millilit4_2_,
        blooddonat0_.rhd as rhd5_2_ 
    from
        simplebloodbank.blood_donation blooddonat0_ 
    where
        blooddonat0_.created=?
2021-04-07T16:08:40,327|[TRACE] BasicBinder - binding parameter [1] as [TIMESTAMP] - [Sat Nov 11 11:11:11 EST 1111]
2021-04-07T16:08:40,329|[TRACE] BasicExtractor - extracted value ([donation1_2_] : [INTEGER]) - [2]
2021-04-07T16:08:40,330|[TRACE] BasicExtractor - extracted value ([bank_id6_2_] : [INTEGER]) - [1]
2021-04-07T16:08:40,330|[TRACE] BasicExtractor - extracted value ([blood_gr2_2_] : [VARCHAR]) - [AB]
2021-04-07T16:08:40,331|[TRACE] BasicExtractor - extracted value ([created3_2_] : [TIMESTAMP]) - [1111-11-11 11:11:11.0]
2021-04-07T16:08:40,331|[TRACE] BasicExtractor - extracted value ([millilit4_2_] : [INTEGER]) - [100]
2021-04-07T16:08:40,332|[TRACE] BasicExtractor - extracted value ([rhd5_2_] : [VARCHAR]) - [-]
2021-04-07T16:08:40,332|[DEBUG] AttributeConverterSqlTypeDescriptorAdapter - Converted value on extraction: - -> Negative
2021-04-07T16:08:40,334|[DEBUG] EMFactory - getting EntityManagerFactory
2021-04-07T16:08:40,334|[DEBUG] EMFactory - initializeing EntityManagerFactory
2021-04-07T16:08:40,357|[DEBUG] SQL - 
    /* load entity.BloodDonation */ select
        blooddonat0_.donation_id as donation1_2_0_,
        blooddonat0_.bank_id as bank_id6_2_0_,
        blooddonat0_.blood_group as blood_gr2_2_0_,
        blooddonat0_.created as created3_2_0_,
        blooddonat0_.milliliters as millilit4_2_0_,
        blooddonat0_.rhd as rhd5_2_0_ 
    from
        simplebloodbank.blood_donation blooddonat0_ 
    where
        blooddonat0_.donation_id=?
2021-04-07T16:08:40,358|[TRACE] BasicBinder - binding parameter [1] as [INTEGER] - [2]
2021-04-07T16:08:40,359|[TRACE] BasicExtractor - extracted value ([bank_id6_2_0_] : [INTEGER]) - [1]
2021-04-07T16:08:40,359|[TRACE] BasicExtractor - extracted value ([blood_gr2_2_0_] : [VARCHAR]) - [AB]
2021-04-07T16:08:40,359|[TRACE] BasicExtractor - extracted value ([created3_2_0_] : [TIMESTAMP]) - [1111-11-11 11:11:11.0]
2021-04-07T16:08:40,360|[TRACE] BasicExtractor - extracted value ([millilit4_2_0_] : [INTEGER]) - [100]
2021-04-07T16:08:40,360|[TRACE] BasicExtractor - extracted value ([rhd5_2_0_] : [VARCHAR]) - [-]
2021-04-07T16:08:40,360|[DEBUG] AttributeConverterSqlTypeDescriptorAdapter - Converted value on extraction: - -> Negative
2021-04-07T16:08:40,361|[DEBUG] SQL - 
    /* delete entity.BloodDonation */ delete 
        from
            simplebloodbank.blood_donation 
        where
            donation_id=?
2021-04-07T16:08:40,361|[TRACE] BasicBinder - binding parameter [1] as [INTEGER] - [2]
]]></system-out>
    <system-err><![CDATA[Apr 07, 2021 4:08:40 PM dal.GenericDAL lambda$setParameters$0
INFO: setParameters: created=Sat Nov 11 11:11:11 EST 1111
]]></system-err>
  </testcase>
  <testcase name="testGetBloodDonationsWithBloodGroup" classname="logic.BloodDonationTest" time="0.062">
    <system-out><![CDATA[2021-04-07T16:08:40,370|[DEBUG] EMFactory - getting EntityManagerFactory
2021-04-07T16:08:40,370|[DEBUG] EMFactory - initializeing EntityManagerFactory
2021-04-07T16:08:40,371|[DEBUG] SQL - 
    select
        bloodbank0_.bank_id as bank_id1_1_0_,
        bloodbank0_.employee_count as employee2_1_0_,
        bloodbank0_.established as establis3_1_0_,
        bloodbank0_.name as name4_1_0_,
        bloodbank0_.owner as owner6_1_0_,
        bloodbank0_.privately_owned as privatel5_1_0_ 
    from
        simplebloodbank.blood_bank bloodbank0_ 
    where
        bloodbank0_.bank_id=?
2021-04-07T16:08:40,371|[TRACE] BasicBinder - binding parameter [1] as [INTEGER] - [1]
2021-04-07T16:08:40,374|[TRACE] BasicExtractor - extracted value ([employee2_1_0_] : [INTEGER]) - [111]
2021-04-07T16:08:40,374|[TRACE] BasicExtractor - extracted value ([establis3_1_0_] : [TIMESTAMP]) - [1111-11-11 11:11:11.0]
2021-04-07T16:08:40,374|[TRACE] BasicExtractor - extracted value ([name4_1_0_] : [VARCHAR]) - [JUNIT]
2021-04-07T16:08:40,374|[TRACE] BasicExtractor - extracted value ([owner6_1_0_] : [INTEGER]) - [null]
2021-04-07T16:08:40,374|[TRACE] BasicExtractor - extracted value ([privatel5_1_0_] : [BOOLEAN]) - [true]
2021-04-07T16:08:40,375|[DEBUG] SQL - 
    /* insert entity.BloodDonation
        */ insert 
        into
            simplebloodbank.blood_donation
            (bank_id, blood_group, created, milliliters, rhd) 
        values
            (?, ?, ?, ?, ?)
2021-04-07T16:08:40,376|[TRACE] BasicBinder - binding parameter [1] as [INTEGER] - [1]
2021-04-07T16:08:40,376|[TRACE] BasicBinder - binding parameter [2] as [VARCHAR] - [AB]
2021-04-07T16:08:40,376|[TRACE] BasicBinder - binding parameter [3] as [TIMESTAMP] - [Sat Nov 11 11:11:11 EST 1111]
2021-04-07T16:08:40,376|[TRACE] BasicBinder - binding parameter [4] as [INTEGER] - [100]
2021-04-07T16:08:40,376|[DEBUG] AttributeConverterSqlTypeDescriptorAdapter - Converted value on binding : Negative -> -
2021-04-07T16:08:40,376|[TRACE] BasicBinder - binding parameter [5] as [VARCHAR] - [-]
2021-04-07T16:08:40,385|[DEBUG] EMFactory - getting EntityManagerFactory
2021-04-07T16:08:40,385|[DEBUG] EMFactory - initializeing EntityManagerFactory
2021-04-07T16:08:40,387|[DEBUG] SQL - 
    /* BloodDonation.findByBloodGroup */ select
        blooddonat0_.donation_id as donation1_2_,
        blooddonat0_.bank_id as bank_id6_2_,
        blooddonat0_.blood_group as blood_gr2_2_,
        blooddonat0_.created as created3_2_,
        blooddonat0_.milliliters as millilit4_2_,
        blooddonat0_.rhd as rhd5_2_ 
    from
        simplebloodbank.blood_donation blooddonat0_ 
    where
        blooddonat0_.blood_group=?
2021-04-07T16:08:40,388|[TRACE] BasicBinder - binding parameter [1] as [VARCHAR] - [AB]
2021-04-07T16:08:40,389|[TRACE] BasicExtractor - extracted value ([donation1_2_] : [INTEGER]) - [3]
2021-04-07T16:08:40,389|[TRACE] BasicExtractor - extracted value ([bank_id6_2_] : [INTEGER]) - [1]
2021-04-07T16:08:40,389|[TRACE] BasicExtractor - extracted value ([blood_gr2_2_] : [VARCHAR]) - [AB]
2021-04-07T16:08:40,389|[TRACE] BasicExtractor - extracted value ([created3_2_] : [TIMESTAMP]) - [1111-11-11 11:11:11.0]
2021-04-07T16:08:40,389|[TRACE] BasicExtractor - extracted value ([millilit4_2_] : [INTEGER]) - [100]
2021-04-07T16:08:40,389|[TRACE] BasicExtractor - extracted value ([rhd5_2_] : [VARCHAR]) - [-]
2021-04-07T16:08:40,389|[DEBUG] AttributeConverterSqlTypeDescriptorAdapter - Converted value on extraction: - -> Negative
2021-04-07T16:08:40,390|[DEBUG] EMFactory - getting EntityManagerFactory
2021-04-07T16:08:40,391|[DEBUG] EMFactory - initializeing EntityManagerFactory
2021-04-07T16:08:40,419|[DEBUG] SQL - 
    /* load entity.BloodDonation */ select
        blooddonat0_.donation_id as donation1_2_0_,
        blooddonat0_.bank_id as bank_id6_2_0_,
        blooddonat0_.blood_group as blood_gr2_2_0_,
        blooddonat0_.created as created3_2_0_,
        blooddonat0_.milliliters as millilit4_2_0_,
        blooddonat0_.rhd as rhd5_2_0_ 
    from
        simplebloodbank.blood_donation blooddonat0_ 
    where
        blooddonat0_.donation_id=?
2021-04-07T16:08:40,419|[TRACE] BasicBinder - binding parameter [1] as [INTEGER] - [3]
2021-04-07T16:08:40,422|[TRACE] BasicExtractor - extracted value ([bank_id6_2_0_] : [INTEGER]) - [1]
2021-04-07T16:08:40,422|[TRACE] BasicExtractor - extracted value ([blood_gr2_2_0_] : [VARCHAR]) - [AB]
2021-04-07T16:08:40,422|[TRACE] BasicExtractor - extracted value ([created3_2_0_] : [TIMESTAMP]) - [1111-11-11 11:11:11.0]
2021-04-07T16:08:40,422|[TRACE] BasicExtractor - extracted value ([millilit4_2_0_] : [INTEGER]) - [100]
2021-04-07T16:08:40,423|[TRACE] BasicExtractor - extracted value ([rhd5_2_0_] : [VARCHAR]) - [-]
2021-04-07T16:08:40,423|[DEBUG] AttributeConverterSqlTypeDescriptorAdapter - Converted value on extraction: - -> Negative
2021-04-07T16:08:40,424|[DEBUG] SQL - 
    /* delete entity.BloodDonation */ delete 
        from
            simplebloodbank.blood_donation 
        where
            donation_id=?
2021-04-07T16:08:40,424|[TRACE] BasicBinder - binding parameter [1] as [INTEGER] - [3]
]]></system-out>
    <system-err><![CDATA[Apr 07, 2021 4:08:40 PM dal.GenericDAL lambda$setParameters$0
INFO: setParameters: bloodGroup=AB
]]></system-err>
  </testcase>
  <testcase name="testCreateEntityNullAndEmptyValues" classname="logic.BloodDonationTest" time="0.034">
    <system-out><![CDATA[2021-04-07T16:08:40,433|[DEBUG] EMFactory - getting EntityManagerFactory
2021-04-07T16:08:40,434|[DEBUG] EMFactory - initializeing EntityManagerFactory
2021-04-07T16:08:40,435|[DEBUG] SQL - 
    select
        bloodbank0_.bank_id as bank_id1_1_0_,
        bloodbank0_.employee_count as employee2_1_0_,
        bloodbank0_.established as establis3_1_0_,
        bloodbank0_.name as name4_1_0_,
        bloodbank0_.owner as owner6_1_0_,
        bloodbank0_.privately_owned as privatel5_1_0_ 
    from
        simplebloodbank.blood_bank bloodbank0_ 
    where
        bloodbank0_.bank_id=?
2021-04-07T16:08:40,435|[TRACE] BasicBinder - binding parameter [1] as [INTEGER] - [1]
2021-04-07T16:08:40,437|[TRACE] BasicExtractor - extracted value ([employee2_1_0_] : [INTEGER]) - [111]
2021-04-07T16:08:40,438|[TRACE] BasicExtractor - extracted value ([establis3_1_0_] : [TIMESTAMP]) - [1111-11-11 11:11:11.0]
2021-04-07T16:08:40,438|[TRACE] BasicExtractor - extracted value ([name4_1_0_] : [VARCHAR]) - [JUNIT]
2021-04-07T16:08:40,438|[TRACE] BasicExtractor - extracted value ([owner6_1_0_] : [INTEGER]) - [null]
2021-04-07T16:08:40,438|[TRACE] BasicExtractor - extracted value ([privatel5_1_0_] : [BOOLEAN]) - [true]
2021-04-07T16:08:40,439|[DEBUG] SQL - 
    /* insert entity.BloodDonation
        */ insert 
        into
            simplebloodbank.blood_donation
            (bank_id, blood_group, created, milliliters, rhd) 
        values
            (?, ?, ?, ?, ?)
2021-04-07T16:08:40,440|[TRACE] BasicBinder - binding parameter [1] as [INTEGER] - [1]
2021-04-07T16:08:40,440|[TRACE] BasicBinder - binding parameter [2] as [VARCHAR] - [AB]
2021-04-07T16:08:40,440|[TRACE] BasicBinder - binding parameter [3] as [TIMESTAMP] - [Sat Nov 11 11:11:11 EST 1111]
2021-04-07T16:08:40,440|[TRACE] BasicBinder - binding parameter [4] as [INTEGER] - [100]
2021-04-07T16:08:40,441|[DEBUG] AttributeConverterSqlTypeDescriptorAdapter - Converted value on binding : Negative -> -
2021-04-07T16:08:40,441|[TRACE] BasicBinder - binding parameter [5] as [VARCHAR] - [-]
2021-04-07T16:08:40,453|[DEBUG] EMFactory - getting EntityManagerFactory
2021-04-07T16:08:40,453|[DEBUG] EMFactory - initializeing EntityManagerFactory
2021-04-07T16:08:40,455|[DEBUG] SQL - 
    /* load entity.BloodDonation */ select
        blooddonat0_.donation_id as donation1_2_0_,
        blooddonat0_.bank_id as bank_id6_2_0_,
        blooddonat0_.blood_group as blood_gr2_2_0_,
        blooddonat0_.created as created3_2_0_,
        blooddonat0_.milliliters as millilit4_2_0_,
        blooddonat0_.rhd as rhd5_2_0_ 
    from
        simplebloodbank.blood_donation blooddonat0_ 
    where
        blooddonat0_.donation_id=?
2021-04-07T16:08:40,455|[TRACE] BasicBinder - binding parameter [1] as [INTEGER] - [4]
2021-04-07T16:08:40,457|[TRACE] BasicExtractor - extracted value ([bank_id6_2_0_] : [INTEGER]) - [1]
2021-04-07T16:08:40,457|[TRACE] BasicExtractor - extracted value ([blood_gr2_2_0_] : [VARCHAR]) - [AB]
2021-04-07T16:08:40,457|[TRACE] BasicExtractor - extracted value ([created3_2_0_] : [TIMESTAMP]) - [1111-11-11 11:11:11.0]
2021-04-07T16:08:40,458|[TRACE] BasicExtractor - extracted value ([millilit4_2_0_] : [INTEGER]) - [100]
2021-04-07T16:08:40,458|[TRACE] BasicExtractor - extracted value ([rhd5_2_0_] : [VARCHAR]) - [-]
2021-04-07T16:08:40,458|[DEBUG] AttributeConverterSqlTypeDescriptorAdapter - Converted value on extraction: - -> Negative
2021-04-07T16:08:40,459|[DEBUG] SQL - 
    /* delete entity.BloodDonation */ delete 
        from
            simplebloodbank.blood_donation 
        where
            donation_id=?
2021-04-07T16:08:40,459|[TRACE] BasicBinder - binding parameter [1] as [INTEGER] - [4]
]]></system-out>
  </testcase>
  <testcase name="testExtractDataAsList" classname="logic.BloodDonationTest" time="0.028">
    <system-out><![CDATA[2021-04-07T16:08:40,467|[DEBUG] EMFactory - getting EntityManagerFactory
2021-04-07T16:08:40,467|[DEBUG] EMFactory - initializeing EntityManagerFactory
2021-04-07T16:08:40,469|[DEBUG] SQL - 
    select
        bloodbank0_.bank_id as bank_id1_1_0_,
        bloodbank0_.employee_count as employee2_1_0_,
        bloodbank0_.established as establis3_1_0_,
        bloodbank0_.name as name4_1_0_,
        bloodbank0_.owner as owner6_1_0_,
        bloodbank0_.privately_owned as privatel5_1_0_ 
    from
        simplebloodbank.blood_bank bloodbank0_ 
    where
        bloodbank0_.bank_id=?
2021-04-07T16:08:40,469|[TRACE] BasicBinder - binding parameter [1] as [INTEGER] - [1]
2021-04-07T16:08:40,471|[TRACE] BasicExtractor - extracted value ([employee2_1_0_] : [INTEGER]) - [111]
2021-04-07T16:08:40,471|[TRACE] BasicExtractor - extracted value ([establis3_1_0_] : [TIMESTAMP]) - [1111-11-11 11:11:11.0]
2021-04-07T16:08:40,471|[TRACE] BasicExtractor - extracted value ([name4_1_0_] : [VARCHAR]) - [JUNIT]
2021-04-07T16:08:40,472|[TRACE] BasicExtractor - extracted value ([owner6_1_0_] : [INTEGER]) - [null]
2021-04-07T16:08:40,472|[TRACE] BasicExtractor - extracted value ([privatel5_1_0_] : [BOOLEAN]) - [true]
2021-04-07T16:08:40,473|[DEBUG] SQL - 
    /* insert entity.BloodDonation
        */ insert 
        into
            simplebloodbank.blood_donation
            (bank_id, blood_group, created, milliliters, rhd) 
        values
            (?, ?, ?, ?, ?)
2021-04-07T16:08:40,473|[TRACE] BasicBinder - binding parameter [1] as [INTEGER] - [1]
2021-04-07T16:08:40,473|[TRACE] BasicBinder - binding parameter [2] as [VARCHAR] - [AB]
2021-04-07T16:08:40,473|[TRACE] BasicBinder - binding parameter [3] as [TIMESTAMP] - [Sat Nov 11 11:11:11 EST 1111]
2021-04-07T16:08:40,474|[TRACE] BasicBinder - binding parameter [4] as [INTEGER] - [100]
2021-04-07T16:08:40,474|[DEBUG] AttributeConverterSqlTypeDescriptorAdapter - Converted value on binding : Negative -> -
2021-04-07T16:08:40,474|[TRACE] BasicBinder - binding parameter [5] as [VARCHAR] - [-]
2021-04-07T16:08:40,481|[DEBUG] EMFactory - getting EntityManagerFactory
2021-04-07T16:08:40,481|[DEBUG] EMFactory - initializeing EntityManagerFactory
2021-04-07T16:08:40,483|[DEBUG] SQL - 
    /* load entity.BloodDonation */ select
        blooddonat0_.donation_id as donation1_2_0_,
        blooddonat0_.bank_id as bank_id6_2_0_,
        blooddonat0_.blood_group as blood_gr2_2_0_,
        blooddonat0_.created as created3_2_0_,
        blooddonat0_.milliliters as millilit4_2_0_,
        blooddonat0_.rhd as rhd5_2_0_ 
    from
        simplebloodbank.blood_donation blooddonat0_ 
    where
        blooddonat0_.donation_id=?
2021-04-07T16:08:40,484|[TRACE] BasicBinder - binding parameter [1] as [INTEGER] - [5]
2021-04-07T16:08:40,485|[TRACE] BasicExtractor - extracted value ([bank_id6_2_0_] : [INTEGER]) - [1]
2021-04-07T16:08:40,486|[TRACE] BasicExtractor - extracted value ([blood_gr2_2_0_] : [VARCHAR]) - [AB]
2021-04-07T16:08:40,486|[TRACE] BasicExtractor - extracted value ([created3_2_0_] : [TIMESTAMP]) - [1111-11-11 11:11:11.0]
2021-04-07T16:08:40,487|[TRACE] BasicExtractor - extracted value ([millilit4_2_0_] : [INTEGER]) - [100]
2021-04-07T16:08:40,487|[TRACE] BasicExtractor - extracted value ([rhd5_2_0_] : [VARCHAR]) - [-]
2021-04-07T16:08:40,487|[DEBUG] AttributeConverterSqlTypeDescriptorAdapter - Converted value on extraction: - -> Negative
2021-04-07T16:08:40,488|[DEBUG] SQL - 
    /* delete entity.BloodDonation */ delete 
        from
            simplebloodbank.blood_donation 
        where
            donation_id=?
2021-04-07T16:08:40,489|[TRACE] BasicBinder - binding parameter [1] as [INTEGER] - [5]
]]></system-out>
  </testcase>
  <testcase name="testCreateEntityBadRhesusFactorValue" classname="logic.BloodDonationTest" time="0.031">
    <system-out><![CDATA[2021-04-07T16:08:40,497|[DEBUG] EMFactory - getting EntityManagerFactory
2021-04-07T16:08:40,497|[DEBUG] EMFactory - initializeing EntityManagerFactory
2021-04-07T16:08:40,499|[DEBUG] SQL - 
    select
        bloodbank0_.bank_id as bank_id1_1_0_,
        bloodbank0_.employee_count as employee2_1_0_,
        bloodbank0_.established as establis3_1_0_,
        bloodbank0_.name as name4_1_0_,
        bloodbank0_.owner as owner6_1_0_,
        bloodbank0_.privately_owned as privatel5_1_0_ 
    from
        simplebloodbank.blood_bank bloodbank0_ 
    where
        bloodbank0_.bank_id=?
2021-04-07T16:08:40,500|[TRACE] BasicBinder - binding parameter [1] as [INTEGER] - [1]
2021-04-07T16:08:40,502|[TRACE] BasicExtractor - extracted value ([employee2_1_0_] : [INTEGER]) - [111]
2021-04-07T16:08:40,502|[TRACE] BasicExtractor - extracted value ([establis3_1_0_] : [TIMESTAMP]) - [1111-11-11 11:11:11.0]
2021-04-07T16:08:40,502|[TRACE] BasicExtractor - extracted value ([name4_1_0_] : [VARCHAR]) - [JUNIT]
2021-04-07T16:08:40,502|[TRACE] BasicExtractor - extracted value ([owner6_1_0_] : [INTEGER]) - [null]
2021-04-07T16:08:40,502|[TRACE] BasicExtractor - extracted value ([privatel5_1_0_] : [BOOLEAN]) - [true]
2021-04-07T16:08:40,504|[DEBUG] SQL - 
    /* insert entity.BloodDonation
        */ insert 
        into
            simplebloodbank.blood_donation
            (bank_id, blood_group, created, milliliters, rhd) 
        values
            (?, ?, ?, ?, ?)
2021-04-07T16:08:40,504|[TRACE] BasicBinder - binding parameter [1] as [INTEGER] - [1]
2021-04-07T16:08:40,504|[TRACE] BasicBinder - binding parameter [2] as [VARCHAR] - [AB]
2021-04-07T16:08:40,505|[TRACE] BasicBinder - binding parameter [3] as [TIMESTAMP] - [Sat Nov 11 11:11:11 EST 1111]
2021-04-07T16:08:40,505|[TRACE] BasicBinder - binding parameter [4] as [INTEGER] - [100]
2021-04-07T16:08:40,505|[DEBUG] AttributeConverterSqlTypeDescriptorAdapter - Converted value on binding : Negative -> -
2021-04-07T16:08:40,505|[TRACE] BasicBinder - binding parameter [5] as [VARCHAR] - [-]
2021-04-07T16:08:40,515|[DEBUG] EMFactory - getting EntityManagerFactory
2021-04-07T16:08:40,515|[DEBUG] EMFactory - initializeing EntityManagerFactory
2021-04-07T16:08:40,517|[DEBUG] SQL - 
    /* load entity.BloodDonation */ select
        blooddonat0_.donation_id as donation1_2_0_,
        blooddonat0_.bank_id as bank_id6_2_0_,
        blooddonat0_.blood_group as blood_gr2_2_0_,
        blooddonat0_.created as created3_2_0_,
        blooddonat0_.milliliters as millilit4_2_0_,
        blooddonat0_.rhd as rhd5_2_0_ 
    from
        simplebloodbank.blood_donation blooddonat0_ 
    where
        blooddonat0_.donation_id=?
2021-04-07T16:08:40,517|[TRACE] BasicBinder - binding parameter [1] as [INTEGER] - [6]
2021-04-07T16:08:40,519|[TRACE] BasicExtractor - extracted value ([bank_id6_2_0_] : [INTEGER]) - [1]
2021-04-07T16:08:40,519|[TRACE] BasicExtractor - extracted value ([blood_gr2_2_0_] : [VARCHAR]) - [AB]
2021-04-07T16:08:40,519|[TRACE] BasicExtractor - extracted value ([created3_2_0_] : [TIMESTAMP]) - [1111-11-11 11:11:11.0]
2021-04-07T16:08:40,519|[TRACE] BasicExtractor - extracted value ([millilit4_2_0_] : [INTEGER]) - [100]
2021-04-07T16:08:40,519|[TRACE] BasicExtractor - extracted value ([rhd5_2_0_] : [VARCHAR]) - [-]
2021-04-07T16:08:40,519|[DEBUG] AttributeConverterSqlTypeDescriptorAdapter - Converted value on extraction: - -> Negative
2021-04-07T16:08:40,520|[DEBUG] SQL - 
    /* delete entity.BloodDonation */ delete 
        from
            simplebloodbank.blood_donation 
        where
            donation_id=?
2021-04-07T16:08:40,521|[TRACE] BasicBinder - binding parameter [1] as [INTEGER] - [6]
]]></system-out>
  </testcase>
  <testcase name="testCreateEntityBadBloodGroupValue" classname="logic.BloodDonationTest" time="0.028">
    <system-out><![CDATA[2021-04-07T16:08:40,529|[DEBUG] EMFactory - getting EntityManagerFactory
2021-04-07T16:08:40,529|[DEBUG] EMFactory - initializeing EntityManagerFactory
2021-04-07T16:08:40,531|[DEBUG] SQL - 
    select
        bloodbank0_.bank_id as bank_id1_1_0_,
        bloodbank0_.employee_count as employee2_1_0_,
        bloodbank0_.established as establis3_1_0_,
        bloodbank0_.name as name4_1_0_,
        bloodbank0_.owner as owner6_1_0_,
        bloodbank0_.privately_owned as privatel5_1_0_ 
    from
        simplebloodbank.blood_bank bloodbank0_ 
    where
        bloodbank0_.bank_id=?
2021-04-07T16:08:40,531|[TRACE] BasicBinder - binding parameter [1] as [INTEGER] - [1]
2021-04-07T16:08:40,534|[TRACE] BasicExtractor - extracted value ([employee2_1_0_] : [INTEGER]) - [111]
2021-04-07T16:08:40,534|[TRACE] BasicExtractor - extracted value ([establis3_1_0_] : [TIMESTAMP]) - [1111-11-11 11:11:11.0]
2021-04-07T16:08:40,534|[TRACE] BasicExtractor - extracted value ([name4_1_0_] : [VARCHAR]) - [JUNIT]
2021-04-07T16:08:40,534|[TRACE] BasicExtractor - extracted value ([owner6_1_0_] : [INTEGER]) - [null]
2021-04-07T16:08:40,534|[TRACE] BasicExtractor - extracted value ([privatel5_1_0_] : [BOOLEAN]) - [true]
2021-04-07T16:08:40,536|[DEBUG] SQL - 
    /* insert entity.BloodDonation
        */ insert 
        into
            simplebloodbank.blood_donation
            (bank_id, blood_group, created, milliliters, rhd) 
        values
            (?, ?, ?, ?, ?)
2021-04-07T16:08:40,536|[TRACE] BasicBinder - binding parameter [1] as [INTEGER] - [1]
2021-04-07T16:08:40,537|[TRACE] BasicBinder - binding parameter [2] as [VARCHAR] - [AB]
2021-04-07T16:08:40,537|[TRACE] BasicBinder - binding parameter [3] as [TIMESTAMP] - [Sat Nov 11 11:11:11 EST 1111]
2021-04-07T16:08:40,537|[TRACE] BasicBinder - binding parameter [4] as [INTEGER] - [100]
2021-04-07T16:08:40,537|[DEBUG] AttributeConverterSqlTypeDescriptorAdapter - Converted value on binding : Negative -> -
2021-04-07T16:08:40,537|[TRACE] BasicBinder - binding parameter [5] as [VARCHAR] - [-]
2021-04-07T16:08:40,544|[DEBUG] EMFactory - getting EntityManagerFactory
2021-04-07T16:08:40,544|[DEBUG] EMFactory - initializeing EntityManagerFactory
2021-04-07T16:08:40,545|[DEBUG] SQL - 
    /* load entity.BloodDonation */ select
        blooddonat0_.donation_id as donation1_2_0_,
        blooddonat0_.bank_id as bank_id6_2_0_,
        blooddonat0_.blood_group as blood_gr2_2_0_,
        blooddonat0_.created as created3_2_0_,
        blooddonat0_.milliliters as millilit4_2_0_,
        blooddonat0_.rhd as rhd5_2_0_ 
    from
        simplebloodbank.blood_donation blooddonat0_ 
    where
        blooddonat0_.donation_id=?
2021-04-07T16:08:40,546|[TRACE] BasicBinder - binding parameter [1] as [INTEGER] - [7]
2021-04-07T16:08:40,548|[TRACE] BasicExtractor - extracted value ([bank_id6_2_0_] : [INTEGER]) - [1]
2021-04-07T16:08:40,549|[TRACE] BasicExtractor - extracted value ([blood_gr2_2_0_] : [VARCHAR]) - [AB]
2021-04-07T16:08:40,549|[TRACE] BasicExtractor - extracted value ([created3_2_0_] : [TIMESTAMP]) - [1111-11-11 11:11:11.0]
2021-04-07T16:08:40,549|[TRACE] BasicExtractor - extracted value ([millilit4_2_0_] : [INTEGER]) - [100]
2021-04-07T16:08:40,549|[TRACE] BasicExtractor - extracted value ([rhd5_2_0_] : [VARCHAR]) - [-]
2021-04-07T16:08:40,549|[DEBUG] AttributeConverterSqlTypeDescriptorAdapter - Converted value on extraction: - -> Negative
2021-04-07T16:08:40,550|[DEBUG] SQL - 
    /* delete entity.BloodDonation */ delete 
        from
            simplebloodbank.blood_donation 
        where
            donation_id=?
2021-04-07T16:08:40,551|[TRACE] BasicBinder - binding parameter [1] as [INTEGER] - [7]
]]></system-out>
  </testcase>
  <testcase name="testCreateEntityBadCreatedValue" classname="logic.BloodDonationTest" time="0.052">
    <system-out><![CDATA[2021-04-07T16:08:40,558|[DEBUG] EMFactory - getting EntityManagerFactory
2021-04-07T16:08:40,558|[DEBUG] EMFactory - initializeing EntityManagerFactory
2021-04-07T16:08:40,559|[DEBUG] SQL - 
    select
        bloodbank0_.bank_id as bank_id1_1_0_,
        bloodbank0_.employee_count as employee2_1_0_,
        bloodbank0_.established as establis3_1_0_,
        bloodbank0_.name as name4_1_0_,
        bloodbank0_.owner as owner6_1_0_,
        bloodbank0_.privately_owned as privatel5_1_0_ 
    from
        simplebloodbank.blood_bank bloodbank0_ 
    where
        bloodbank0_.bank_id=?
2021-04-07T16:08:40,559|[TRACE] BasicBinder - binding parameter [1] as [INTEGER] - [1]
2021-04-07T16:08:40,561|[TRACE] BasicExtractor - extracted value ([employee2_1_0_] : [INTEGER]) - [111]
2021-04-07T16:08:40,561|[TRACE] BasicExtractor - extracted value ([establis3_1_0_] : [TIMESTAMP]) - [1111-11-11 11:11:11.0]
2021-04-07T16:08:40,561|[TRACE] BasicExtractor - extracted value ([name4_1_0_] : [VARCHAR]) - [JUNIT]
2021-04-07T16:08:40,561|[TRACE] BasicExtractor - extracted value ([owner6_1_0_] : [INTEGER]) - [null]
2021-04-07T16:08:40,561|[TRACE] BasicExtractor - extracted value ([privatel5_1_0_] : [BOOLEAN]) - [true]
2021-04-07T16:08:40,563|[DEBUG] SQL - 
    /* insert entity.BloodDonation
        */ insert 
        into
            simplebloodbank.blood_donation
            (bank_id, blood_group, created, milliliters, rhd) 
        values
            (?, ?, ?, ?, ?)
2021-04-07T16:08:40,564|[TRACE] BasicBinder - binding parameter [1] as [INTEGER] - [1]
2021-04-07T16:08:40,564|[TRACE] BasicBinder - binding parameter [2] as [VARCHAR] - [AB]
2021-04-07T16:08:40,564|[TRACE] BasicBinder - binding parameter [3] as [TIMESTAMP] - [Sat Nov 11 11:11:11 EST 1111]
2021-04-07T16:08:40,565|[TRACE] BasicBinder - binding parameter [4] as [INTEGER] - [100]
2021-04-07T16:08:40,565|[DEBUG] AttributeConverterSqlTypeDescriptorAdapter - Converted value on binding : Negative -> -
2021-04-07T16:08:40,566|[TRACE] BasicBinder - binding parameter [5] as [VARCHAR] - [-]
2021-04-07T16:08:40,577|[DEBUG] EMFactory - getting EntityManagerFactory
2021-04-07T16:08:40,577|[DEBUG] EMFactory - initializeing EntityManagerFactory
2021-04-07T16:08:40,578|[DEBUG] SQL - 
    /* load entity.BloodDonation */ select
        blooddonat0_.donation_id as donation1_2_0_,
        blooddonat0_.bank_id as bank_id6_2_0_,
        blooddonat0_.blood_group as blood_gr2_2_0_,
        blooddonat0_.created as created3_2_0_,
        blooddonat0_.milliliters as millilit4_2_0_,
        blooddonat0_.rhd as rhd5_2_0_ 
    from
        simplebloodbank.blood_donation blooddonat0_ 
    where
        blooddonat0_.donation_id=?
2021-04-07T16:08:40,598|[TRACE] BasicBinder - binding parameter [1] as [INTEGER] - [8]
2021-04-07T16:08:40,600|[TRACE] BasicExtractor - extracted value ([bank_id6_2_0_] : [INTEGER]) - [1]
2021-04-07T16:08:40,601|[TRACE] BasicExtractor - extracted value ([blood_gr2_2_0_] : [VARCHAR]) - [AB]
2021-04-07T16:08:40,601|[TRACE] BasicExtractor - extracted value ([created3_2_0_] : [TIMESTAMP]) - [1111-11-11 11:11:11.0]
2021-04-07T16:08:40,601|[TRACE] BasicExtractor - extracted value ([millilit4_2_0_] : [INTEGER]) - [100]
2021-04-07T16:08:40,601|[TRACE] BasicExtractor - extracted value ([rhd5_2_0_] : [VARCHAR]) - [-]
2021-04-07T16:08:40,601|[DEBUG] AttributeConverterSqlTypeDescriptorAdapter - Converted value on extraction: - -> Negative
2021-04-07T16:08:40,603|[DEBUG] SQL - 
    /* delete entity.BloodDonation */ delete 
        from
            simplebloodbank.blood_donation 
        where
            donation_id=?
2021-04-07T16:08:40,603|[TRACE] BasicBinder - binding parameter [1] as [INTEGER] - [8]
]]></system-out>
    <system-err><![CDATA[Apr 07, 2021 4:08:40 PM logic.GenericLogic convertStringToDate
SEVERE: null
java.text.ParseException: Unparseable date: ":00"
	at java.base/java.text.DateFormat.parse(DateFormat.java:395)
	at logic.GenericLogic.convertStringToDate(GenericLogic.java:94)
	at logic.BloodDonationLogic.convertStringToDate(BloodDonationLogic.java:21)
	at logic.BloodDonationLogic.createEntity(BloodDonationLogic.java:96)
	at logic.BloodDonationTest.testCreateEntityBadCreatedValue(BloodDonationTest.java:375)
	at java.base/jdk.internal.reflect.NativeMethodAccessorImpl.invoke0(Native Method)
	at java.base/jdk.internal.reflect.NativeMethodAccessorImpl.invoke(NativeMethodAccessorImpl.java:62)
	at java.base/jdk.internal.reflect.DelegatingMethodAccessorImpl.invoke(DelegatingMethodAccessorImpl.java:43)
	at java.base/java.lang.reflect.Method.invoke(Method.java:566)
	at org.junit.platform.commons.util.ReflectionUtils.invokeMethod(ReflectionUtils.java:688)
	at org.junit.jupiter.engine.execution.MethodInvocation.proceed(MethodInvocation.java:60)
	at org.junit.jupiter.engine.execution.InvocationInterceptorChain$ValidatingInvocation.proceed(InvocationInterceptorChain.java:131)
	at org.junit.jupiter.engine.extension.TimeoutExtension.intercept(TimeoutExtension.java:149)
	at org.junit.jupiter.engine.extension.TimeoutExtension.interceptTestableMethod(TimeoutExtension.java:140)
	at org.junit.jupiter.engine.extension.TimeoutExtension.interceptTestMethod(TimeoutExtension.java:84)
	at org.junit.jupiter.engine.execution.ExecutableInvoker$ReflectiveInterceptorCall.lambda$ofVoidMethod$0(ExecutableInvoker.java:115)
	at org.junit.jupiter.engine.execution.ExecutableInvoker.lambda$invoke$0(ExecutableInvoker.java:105)
	at org.junit.jupiter.engine.execution.InvocationInterceptorChain$InterceptedInvocation.proceed(InvocationInterceptorChain.java:106)
	at org.junit.jupiter.engine.execution.InvocationInterceptorChain.proceed(InvocationInterceptorChain.java:64)
	at org.junit.jupiter.engine.execution.InvocationInterceptorChain.chainAndInvoke(InvocationInterceptorChain.java:45)
	at org.junit.jupiter.engine.execution.InvocationInterceptorChain.invoke(InvocationInterceptorChain.java:37)
	at org.junit.jupiter.engine.execution.ExecutableInvoker.invoke(ExecutableInvoker.java:104)
	at org.junit.jupiter.engine.execution.ExecutableInvoker.invoke(ExecutableInvoker.java:98)
	at org.junit.jupiter.engine.descriptor.TestMethodTestDescriptor.lambda$invokeTestMethod$6(TestMethodTestDescriptor.java:210)
	at org.junit.platform.engine.support.hierarchical.ThrowableCollector.execute(ThrowableCollector.java:73)
	at org.junit.jupiter.engine.descriptor.TestMethodTestDescriptor.invokeTestMethod(TestMethodTestDescriptor.java:206)
	at org.junit.jupiter.engine.descriptor.TestMethodTestDescriptor.execute(TestMethodTestDescriptor.java:131)
	at org.junit.jupiter.engine.descriptor.TestMethodTestDescriptor.execute(TestMethodTestDescriptor.java:65)
	at org.junit.platform.engine.support.hierarchical.NodeTestTask.lambda$executeRecursively$5(NodeTestTask.java:139)
	at org.junit.platform.engine.support.hierarchical.ThrowableCollector.execute(ThrowableCollector.java:73)
	at org.junit.platform.engine.support.hierarchical.NodeTestTask.lambda$executeRecursively$7(NodeTestTask.java:129)
	at org.junit.platform.engine.support.hierarchical.Node.around(Node.java:137)
	at org.junit.platform.engine.support.hierarchical.NodeTestTask.lambda$executeRecursively$8(NodeTestTask.java:127)
	at org.junit.platform.engine.support.hierarchical.ThrowableCollector.execute(ThrowableCollector.java:73)
	at org.junit.platform.engine.support.hierarchical.NodeTestTask.executeRecursively(NodeTestTask.java:126)
	at org.junit.platform.engine.support.hierarchical.NodeTestTask.execute(NodeTestTask.java:84)
	at java.base/java.util.ArrayList.forEach(ArrayList.java:1541)
	at org.junit.platform.engine.support.hierarchical.SameThreadHierarchicalTestExecutorService.invokeAll(SameThreadHierarchicalTestExecutorService.java:38)
	at org.junit.platform.engine.support.hierarchical.NodeTestTask.lambda$executeRecursively$5(NodeTestTask.java:143)
	at org.junit.platform.engine.support.hierarchical.ThrowableCollector.execute(ThrowableCollector.java:73)
	at org.junit.platform.engine.support.hierarchical.NodeTestTask.lambda$executeRecursively$7(NodeTestTask.java:129)
	at org.junit.platform.engine.support.hierarchical.Node.around(Node.java:137)
	at org.junit.platform.engine.support.hierarchical.NodeTestTask.lambda$executeRecursively$8(NodeTestTask.java:127)
	at org.junit.platform.engine.support.hierarchical.ThrowableCollector.execute(ThrowableCollector.java:73)
	at org.junit.platform.engine.support.hierarchical.NodeTestTask.executeRecursively(NodeTestTask.java:126)
	at org.junit.platform.engine.support.hierarchical.NodeTestTask.execute(NodeTestTask.java:84)
	at java.base/java.util.ArrayList.forEach(ArrayList.java:1541)
	at org.junit.platform.engine.support.hierarchical.SameThreadHierarchicalTestExecutorService.invokeAll(SameThreadHierarchicalTestExecutorService.java:38)
	at org.junit.platform.engine.support.hierarchical.NodeTestTask.lambda$executeRecursively$5(NodeTestTask.java:143)
	at org.junit.platform.engine.support.hierarchical.ThrowableCollector.execute(ThrowableCollector.java:73)
	at org.junit.platform.engine.support.hierarchical.NodeTestTask.lambda$executeRecursively$7(NodeTestTask.java:129)
	at org.junit.platform.engine.support.hierarchical.Node.around(Node.java:137)
	at org.junit.platform.engine.support.hierarchical.NodeTestTask.lambda$executeRecursively$8(NodeTestTask.java:127)
	at org.junit.platform.engine.support.hierarchical.ThrowableCollector.execute(ThrowableCollector.java:73)
	at org.junit.platform.engine.support.hierarchical.NodeTestTask.executeRecursively(NodeTestTask.java:126)
	at org.junit.platform.engine.support.hierarchical.NodeTestTask.execute(NodeTestTask.java:84)
	at org.junit.platform.engine.support.hierarchical.SameThreadHierarchicalTestExecutorService.submit(SameThreadHierarchicalTestExecutorService.java:32)
	at org.junit.platform.engine.support.hierarchical.HierarchicalTestExecutor.execute(HierarchicalTestExecutor.java:57)
	at org.junit.platform.engine.support.hierarchical.HierarchicalTestEngine.execute(HierarchicalTestEngine.java:51)
	at org.junit.platform.launcher.core.EngineExecutionOrchestrator.execute(EngineExecutionOrchestrator.java:108)
	at org.junit.platform.launcher.core.EngineExecutionOrchestrator.execute(EngineExecutionOrchestrator.java:88)
	at org.junit.platform.launcher.core.EngineExecutionOrchestrator.lambda$execute$0(EngineExecutionOrchestrator.java:54)
	at org.junit.platform.launcher.core.EngineExecutionOrchestrator.withInterceptedStreams(EngineExecutionOrchestrator.java:67)
	at org.junit.platform.launcher.core.EngineExecutionOrchestrator.execute(EngineExecutionOrchestrator.java:52)
	at org.junit.platform.launcher.core.DefaultLauncher.execute(DefaultLauncher.java:96)
	at org.junit.platform.launcher.core.DefaultLauncher.execute(DefaultLauncher.java:75)
	at org.apache.maven.surefire.junitplatform.JUnitPlatformProvider.execute(JUnitPlatformProvider.java:188)
	at org.apache.maven.surefire.junitplatform.JUnitPlatformProvider.invokeAllTests(JUnitPlatformProvider.java:154)
	at org.apache.maven.surefire.junitplatform.JUnitPlatformProvider.invoke(JUnitPlatformProvider.java:128)
	at org.apache.maven.surefire.booter.ForkedBooter.runSuitesInProcess(ForkedBooter.java:428)
	at org.apache.maven.surefire.booter.ForkedBooter.execute(ForkedBooter.java:162)
	at org.apache.maven.surefire.booter.ForkedBooter.run(ForkedBooter.java:562)
	at org.apache.maven.surefire.booter.ForkedBooter.main(ForkedBooter.java:548)

Apr 07, 2021 4:08:40 PM logic.BloodDonationLogic createEntity
SEVERE: null
common.ValidationException: failed to format String="" to a date object
	at logic.GenericLogic.convertStringToDate(GenericLogic.java:97)
	at logic.BloodDonationLogic.convertStringToDate(BloodDonationLogic.java:21)
	at logic.BloodDonationLogic.createEntity(BloodDonationLogic.java:96)
	at logic.BloodDonationTest.testCreateEntityBadCreatedValue(BloodDonationTest.java:375)
	at java.base/jdk.internal.reflect.NativeMethodAccessorImpl.invoke0(Native Method)
	at java.base/jdk.internal.reflect.NativeMethodAccessorImpl.invoke(NativeMethodAccessorImpl.java:62)
	at java.base/jdk.internal.reflect.DelegatingMethodAccessorImpl.invoke(DelegatingMethodAccessorImpl.java:43)
	at java.base/java.lang.reflect.Method.invoke(Method.java:566)
	at org.junit.platform.commons.util.ReflectionUtils.invokeMethod(ReflectionUtils.java:688)
	at org.junit.jupiter.engine.execution.MethodInvocation.proceed(MethodInvocation.java:60)
	at org.junit.jupiter.engine.execution.InvocationInterceptorChain$ValidatingInvocation.proceed(InvocationInterceptorChain.java:131)
	at org.junit.jupiter.engine.extension.TimeoutExtension.intercept(TimeoutExtension.java:149)
	at org.junit.jupiter.engine.extension.TimeoutExtension.interceptTestableMethod(TimeoutExtension.java:140)
	at org.junit.jupiter.engine.extension.TimeoutExtension.interceptTestMethod(TimeoutExtension.java:84)
	at org.junit.jupiter.engine.execution.ExecutableInvoker$ReflectiveInterceptorCall.lambda$ofVoidMethod$0(ExecutableInvoker.java:115)
	at org.junit.jupiter.engine.execution.ExecutableInvoker.lambda$invoke$0(ExecutableInvoker.java:105)
	at org.junit.jupiter.engine.execution.InvocationInterceptorChain$InterceptedInvocation.proceed(InvocationInterceptorChain.java:106)
	at org.junit.jupiter.engine.execution.InvocationInterceptorChain.proceed(InvocationInterceptorChain.java:64)
	at org.junit.jupiter.engine.execution.InvocationInterceptorChain.chainAndInvoke(InvocationInterceptorChain.java:45)
	at org.junit.jupiter.engine.execution.InvocationInterceptorChain.invoke(InvocationInterceptorChain.java:37)
	at org.junit.jupiter.engine.execution.ExecutableInvoker.invoke(ExecutableInvoker.java:104)
	at org.junit.jupiter.engine.execution.ExecutableInvoker.invoke(ExecutableInvoker.java:98)
	at org.junit.jupiter.engine.descriptor.TestMethodTestDescriptor.lambda$invokeTestMethod$6(TestMethodTestDescriptor.java:210)
	at org.junit.platform.engine.support.hierarchical.ThrowableCollector.execute(ThrowableCollector.java:73)
	at org.junit.jupiter.engine.descriptor.TestMethodTestDescriptor.invokeTestMethod(TestMethodTestDescriptor.java:206)
	at org.junit.jupiter.engine.descriptor.TestMethodTestDescriptor.execute(TestMethodTestDescriptor.java:131)
	at org.junit.jupiter.engine.descriptor.TestMethodTestDescriptor.execute(TestMethodTestDescriptor.java:65)
	at org.junit.platform.engine.support.hierarchical.NodeTestTask.lambda$executeRecursively$5(NodeTestTask.java:139)
	at org.junit.platform.engine.support.hierarchical.ThrowableCollector.execute(ThrowableCollector.java:73)
	at org.junit.platform.engine.support.hierarchical.NodeTestTask.lambda$executeRecursively$7(NodeTestTask.java:129)
	at org.junit.platform.engine.support.hierarchical.Node.around(Node.java:137)
	at org.junit.platform.engine.support.hierarchical.NodeTestTask.lambda$executeRecursively$8(NodeTestTask.java:127)
	at org.junit.platform.engine.support.hierarchical.ThrowableCollector.execute(ThrowableCollector.java:73)
	at org.junit.platform.engine.support.hierarchical.NodeTestTask.executeRecursively(NodeTestTask.java:126)
	at org.junit.platform.engine.support.hierarchical.NodeTestTask.execute(NodeTestTask.java:84)
	at java.base/java.util.ArrayList.forEach(ArrayList.java:1541)
	at org.junit.platform.engine.support.hierarchical.SameThreadHierarchicalTestExecutorService.invokeAll(SameThreadHierarchicalTestExecutorService.java:38)
	at org.junit.platform.engine.support.hierarchical.NodeTestTask.lambda$executeRecursively$5(NodeTestTask.java:143)
	at org.junit.platform.engine.support.hierarchical.ThrowableCollector.execute(ThrowableCollector.java:73)
	at org.junit.platform.engine.support.hierarchical.NodeTestTask.lambda$executeRecursively$7(NodeTestTask.java:129)
	at org.junit.platform.engine.support.hierarchical.Node.around(Node.java:137)
	at org.junit.platform.engine.support.hierarchical.NodeTestTask.lambda$executeRecursively$8(NodeTestTask.java:127)
	at org.junit.platform.engine.support.hierarchical.ThrowableCollector.execute(ThrowableCollector.java:73)
	at org.junit.platform.engine.support.hierarchical.NodeTestTask.executeRecursively(NodeTestTask.java:126)
	at org.junit.platform.engine.support.hierarchical.NodeTestTask.execute(NodeTestTask.java:84)
	at java.base/java.util.ArrayList.forEach(ArrayList.java:1541)
	at org.junit.platform.engine.support.hierarchical.SameThreadHierarchicalTestExecutorService.invokeAll(SameThreadHierarchicalTestExecutorService.java:38)
	at org.junit.platform.engine.support.hierarchical.NodeTestTask.lambda$executeRecursively$5(NodeTestTask.java:143)
	at org.junit.platform.engine.support.hierarchical.ThrowableCollector.execute(ThrowableCollector.java:73)
	at org.junit.platform.engine.support.hierarchical.NodeTestTask.lambda$executeRecursively$7(NodeTestTask.java:129)
	at org.junit.platform.engine.support.hierarchical.Node.around(Node.java:137)
	at org.junit.platform.engine.support.hierarchical.NodeTestTask.lambda$executeRecursively$8(NodeTestTask.java:127)
	at org.junit.platform.engine.support.hierarchical.ThrowableCollector.execute(ThrowableCollector.java:73)
	at org.junit.platform.engine.support.hierarchical.NodeTestTask.executeRecursively(NodeTestTask.java:126)
	at org.junit.platform.engine.support.hierarchical.NodeTestTask.execute(NodeTestTask.java:84)
	at org.junit.platform.engine.support.hierarchical.SameThreadHierarchicalTestExecutorService.submit(SameThreadHierarchicalTestExecutorService.java:32)
	at org.junit.platform.engine.support.hierarchical.HierarchicalTestExecutor.execute(HierarchicalTestExecutor.java:57)
	at org.junit.platform.engine.support.hierarchical.HierarchicalTestEngine.execute(HierarchicalTestEngine.java:51)
	at org.junit.platform.launcher.core.EngineExecutionOrchestrator.execute(EngineExecutionOrchestrator.java:108)
	at org.junit.platform.launcher.core.EngineExecutionOrchestrator.execute(EngineExecutionOrchestrator.java:88)
	at org.junit.platform.launcher.core.EngineExecutionOrchestrator.lambda$execute$0(EngineExecutionOrchestrator.java:54)
	at org.junit.platform.launcher.core.EngineExecutionOrchestrator.withInterceptedStreams(EngineExecutionOrchestrator.java:67)
	at org.junit.platform.launcher.core.EngineExecutionOrchestrator.execute(EngineExecutionOrchestrator.java:52)
	at org.junit.platform.launcher.core.DefaultLauncher.execute(DefaultLauncher.java:96)
	at org.junit.platform.launcher.core.DefaultLauncher.execute(DefaultLauncher.java:75)
	at org.apache.maven.surefire.junitplatform.JUnitPlatformProvider.execute(JUnitPlatformProvider.java:188)
	at org.apache.maven.surefire.junitplatform.JUnitPlatformProvider.invokeAllTests(JUnitPlatformProvider.java:154)
	at org.apache.maven.surefire.junitplatform.JUnitPlatformProvider.invoke(JUnitPlatformProvider.java:128)
	at org.apache.maven.surefire.booter.ForkedBooter.runSuitesInProcess(ForkedBooter.java:428)
	at org.apache.maven.surefire.booter.ForkedBooter.execute(ForkedBooter.java:162)
	at org.apache.maven.surefire.booter.ForkedBooter.run(ForkedBooter.java:562)
	at org.apache.maven.surefire.booter.ForkedBooter.main(ForkedBooter.java:548)
Caused by: java.text.ParseException: Unparseable date: ":00"
	at java.base/java.text.DateFormat.parse(DateFormat.java:395)
	at logic.GenericLogic.convertStringToDate(GenericLogic.java:94)
	... 71 more

]]></system-err>
  </testcase>
  <testcase name="testGetBloodDonationsWithMilliliters" classname="logic.BloodDonationTest" time="0.061">
    <system-out><![CDATA[2021-04-07T16:08:40,610|[DEBUG] EMFactory - getting EntityManagerFactory
2021-04-07T16:08:40,610|[DEBUG] EMFactory - initializeing EntityManagerFactory
2021-04-07T16:08:40,611|[DEBUG] SQL - 
    select
        bloodbank0_.bank_id as bank_id1_1_0_,
        bloodbank0_.employee_count as employee2_1_0_,
        bloodbank0_.established as establis3_1_0_,
        bloodbank0_.name as name4_1_0_,
        bloodbank0_.owner as owner6_1_0_,
        bloodbank0_.privately_owned as privatel5_1_0_ 
    from
        simplebloodbank.blood_bank bloodbank0_ 
    where
        bloodbank0_.bank_id=?
2021-04-07T16:08:40,611|[TRACE] BasicBinder - binding parameter [1] as [INTEGER] - [1]
2021-04-07T16:08:40,614|[TRACE] BasicExtractor - extracted value ([employee2_1_0_] : [INTEGER]) - [111]
2021-04-07T16:08:40,615|[TRACE] BasicExtractor - extracted value ([establis3_1_0_] : [TIMESTAMP]) - [1111-11-11 11:11:11.0]
2021-04-07T16:08:40,615|[TRACE] BasicExtractor - extracted value ([name4_1_0_] : [VARCHAR]) - [JUNIT]
2021-04-07T16:08:40,615|[TRACE] BasicExtractor - extracted value ([owner6_1_0_] : [INTEGER]) - [null]
2021-04-07T16:08:40,615|[TRACE] BasicExtractor - extracted value ([privatel5_1_0_] : [BOOLEAN]) - [true]
2021-04-07T16:08:40,616|[DEBUG] SQL - 
    /* insert entity.BloodDonation
        */ insert 
        into
            simplebloodbank.blood_donation
            (bank_id, blood_group, created, milliliters, rhd) 
        values
            (?, ?, ?, ?, ?)
2021-04-07T16:08:40,617|[TRACE] BasicBinder - binding parameter [1] as [INTEGER] - [1]
2021-04-07T16:08:40,617|[TRACE] BasicBinder - binding parameter [2] as [VARCHAR] - [AB]
2021-04-07T16:08:40,618|[TRACE] BasicBinder - binding parameter [3] as [TIMESTAMP] - [Sat Nov 11 11:11:11 EST 1111]
2021-04-07T16:08:40,618|[TRACE] BasicBinder - binding parameter [4] as [INTEGER] - [100]
2021-04-07T16:08:40,618|[DEBUG] AttributeConverterSqlTypeDescriptorAdapter - Converted value on binding : Negative -> -
2021-04-07T16:08:40,618|[TRACE] BasicBinder - binding parameter [5] as [VARCHAR] - [-]
2021-04-07T16:08:40,625|[DEBUG] EMFactory - getting EntityManagerFactory
2021-04-07T16:08:40,626|[DEBUG] EMFactory - initializeing EntityManagerFactory
2021-04-07T16:08:40,627|[DEBUG] SQL - 
    /* BloodDonation.findByMilliliters */ select
        blooddonat0_.donation_id as donation1_2_,
        blooddonat0_.bank_id as bank_id6_2_,
        blooddonat0_.blood_group as blood_gr2_2_,
        blooddonat0_.created as created3_2_,
        blooddonat0_.milliliters as millilit4_2_,
        blooddonat0_.rhd as rhd5_2_ 
    from
        simplebloodbank.blood_donation blooddonat0_ 
    where
        blooddonat0_.milliliters=?
2021-04-07T16:08:40,628|[TRACE] BasicBinder - binding parameter [1] as [INTEGER] - [100]
2021-04-07T16:08:40,630|[TRACE] BasicExtractor - extracted value ([donation1_2_] : [INTEGER]) - [9]
2021-04-07T16:08:40,630|[TRACE] BasicExtractor - extracted value ([bank_id6_2_] : [INTEGER]) - [1]
2021-04-07T16:08:40,631|[TRACE] BasicExtractor - extracted value ([blood_gr2_2_] : [VARCHAR]) - [AB]
2021-04-07T16:08:40,631|[TRACE] BasicExtractor - extracted value ([created3_2_] : [TIMESTAMP]) - [1111-11-11 11:11:11.0]
2021-04-07T16:08:40,631|[TRACE] BasicExtractor - extracted value ([millilit4_2_] : [INTEGER]) - [100]
2021-04-07T16:08:40,631|[TRACE] BasicExtractor - extracted value ([rhd5_2_] : [VARCHAR]) - [-]
2021-04-07T16:08:40,632|[DEBUG] AttributeConverterSqlTypeDescriptorAdapter - Converted value on extraction: - -> Negative
2021-04-07T16:08:40,633|[DEBUG] EMFactory - getting EntityManagerFactory
2021-04-07T16:08:40,634|[DEBUG] EMFactory - initializeing EntityManagerFactory
2021-04-07T16:08:40,659|[DEBUG] SQL - 
    /* load entity.BloodDonation */ select
        blooddonat0_.donation_id as donation1_2_0_,
        blooddonat0_.bank_id as bank_id6_2_0_,
        blooddonat0_.blood_group as blood_gr2_2_0_,
        blooddonat0_.created as created3_2_0_,
        blooddonat0_.milliliters as millilit4_2_0_,
        blooddonat0_.rhd as rhd5_2_0_ 
    from
        simplebloodbank.blood_donation blooddonat0_ 
    where
        blooddonat0_.donation_id=?
2021-04-07T16:08:40,659|[TRACE] BasicBinder - binding parameter [1] as [INTEGER] - [9]
2021-04-07T16:08:40,661|[TRACE] BasicExtractor - extracted value ([bank_id6_2_0_] : [INTEGER]) - [1]
2021-04-07T16:08:40,662|[TRACE] BasicExtractor - extracted value ([blood_gr2_2_0_] : [VARCHAR]) - [AB]
2021-04-07T16:08:40,662|[TRACE] BasicExtractor - extracted value ([created3_2_0_] : [TIMESTAMP]) - [1111-11-11 11:11:11.0]
2021-04-07T16:08:40,662|[TRACE] BasicExtractor - extracted value ([millilit4_2_0_] : [INTEGER]) - [100]
2021-04-07T16:08:40,662|[TRACE] BasicExtractor - extracted value ([rhd5_2_0_] : [VARCHAR]) - [-]
2021-04-07T16:08:40,662|[DEBUG] AttributeConverterSqlTypeDescriptorAdapter - Converted value on extraction: - -> Negative
2021-04-07T16:08:40,665|[DEBUG] SQL - 
    /* delete entity.BloodDonation */ delete 
        from
            simplebloodbank.blood_donation 
        where
            donation_id=?
2021-04-07T16:08:40,665|[TRACE] BasicBinder - binding parameter [1] as [INTEGER] - [9]
]]></system-out>
    <system-err><![CDATA[Apr 07, 2021 4:08:40 PM dal.GenericDAL lambda$setParameters$0
INFO: setParameters: milliliters=100
]]></system-err>
  </testcase>
  <testcase name="testGetBloodDonationsWithBloodBank" classname="logic.BloodDonationTest" time="0.081">
    <system-out><![CDATA[2021-04-07T16:08:40,671|[DEBUG] EMFactory - getting EntityManagerFactory
2021-04-07T16:08:40,671|[DEBUG] EMFactory - initializeing EntityManagerFactory
2021-04-07T16:08:40,673|[DEBUG] SQL - 
    select
        bloodbank0_.bank_id as bank_id1_1_0_,
        bloodbank0_.employee_count as employee2_1_0_,
        bloodbank0_.established as establis3_1_0_,
        bloodbank0_.name as name4_1_0_,
        bloodbank0_.owner as owner6_1_0_,
        bloodbank0_.privately_owned as privatel5_1_0_ 
    from
        simplebloodbank.blood_bank bloodbank0_ 
    where
        bloodbank0_.bank_id=?
2021-04-07T16:08:40,673|[TRACE] BasicBinder - binding parameter [1] as [INTEGER] - [1]
2021-04-07T16:08:40,675|[TRACE] BasicExtractor - extracted value ([employee2_1_0_] : [INTEGER]) - [111]
2021-04-07T16:08:40,675|[TRACE] BasicExtractor - extracted value ([establis3_1_0_] : [TIMESTAMP]) - [1111-11-11 11:11:11.0]
2021-04-07T16:08:40,675|[TRACE] BasicExtractor - extracted value ([name4_1_0_] : [VARCHAR]) - [JUNIT]
2021-04-07T16:08:40,675|[TRACE] BasicExtractor - extracted value ([owner6_1_0_] : [INTEGER]) - [null]
2021-04-07T16:08:40,675|[TRACE] BasicExtractor - extracted value ([privatel5_1_0_] : [BOOLEAN]) - [true]
2021-04-07T16:08:40,676|[DEBUG] SQL - 
    /* insert entity.BloodDonation
        */ insert 
        into
            simplebloodbank.blood_donation
            (bank_id, blood_group, created, milliliters, rhd) 
        values
            (?, ?, ?, ?, ?)
2021-04-07T16:08:40,677|[TRACE] BasicBinder - binding parameter [1] as [INTEGER] - [1]
2021-04-07T16:08:40,677|[TRACE] BasicBinder - binding parameter [2] as [VARCHAR] - [AB]
2021-04-07T16:08:40,677|[TRACE] BasicBinder - binding parameter [3] as [TIMESTAMP] - [Sat Nov 11 11:11:11 EST 1111]
2021-04-07T16:08:40,678|[TRACE] BasicBinder - binding parameter [4] as [INTEGER] - [100]
2021-04-07T16:08:40,678|[DEBUG] AttributeConverterSqlTypeDescriptorAdapter - Converted value on binding : Negative -> -
2021-04-07T16:08:40,678|[TRACE] BasicBinder - binding parameter [5] as [VARCHAR] - [-]
2021-04-07T16:08:40,685|[DEBUG] EMFactory - getting EntityManagerFactory
2021-04-07T16:08:40,685|[DEBUG] EMFactory - initializeing EntityManagerFactory
2021-04-07T16:08:40,687|[DEBUG] SQL - 
    /* BloodDonation.findByBloodBank */ select
        blooddonat0_.donation_id as donation1_2_,
        blooddonat0_.bank_id as bank_id6_2_,
        blooddonat0_.blood_group as blood_gr2_2_,
        blooddonat0_.created as created3_2_,
        blooddonat0_.milliliters as millilit4_2_,
        blooddonat0_.rhd as rhd5_2_ 
    from
        simplebloodbank.blood_donation blooddonat0_ 
    where
        blooddonat0_.bank_id=?
2021-04-07T16:08:40,687|[TRACE] BasicBinder - binding parameter [1] as [INTEGER] - [1]
2021-04-07T16:08:40,688|[TRACE] BasicExtractor - extracted value ([donation1_2_] : [INTEGER]) - [10]
2021-04-07T16:08:40,689|[TRACE] BasicExtractor - extracted value ([bank_id6_2_] : [INTEGER]) - [1]
2021-04-07T16:08:40,689|[TRACE] BasicExtractor - extracted value ([blood_gr2_2_] : [VARCHAR]) - [AB]
2021-04-07T16:08:40,689|[TRACE] BasicExtractor - extracted value ([created3_2_] : [TIMESTAMP]) - [1111-11-11 11:11:11.0]
2021-04-07T16:08:40,689|[TRACE] BasicExtractor - extracted value ([millilit4_2_] : [INTEGER]) - [100]
2021-04-07T16:08:40,689|[TRACE] BasicExtractor - extracted value ([rhd5_2_] : [VARCHAR]) - [-]
2021-04-07T16:08:40,689|[DEBUG] AttributeConverterSqlTypeDescriptorAdapter - Converted value on extraction: - -> Negative
2021-04-07T16:08:40,691|[DEBUG] SQL - 
    select
        bloodbank0_.bank_id as bank_id1_1_0_,
        bloodbank0_.employee_count as employee2_1_0_,
        bloodbank0_.established as establis3_1_0_,
        bloodbank0_.name as name4_1_0_,
        bloodbank0_.owner as owner6_1_0_,
        bloodbank0_.privately_owned as privatel5_1_0_ 
    from
        simplebloodbank.blood_bank bloodbank0_ 
    where
        bloodbank0_.bank_id=?
2021-04-07T16:08:40,692|[TRACE] BasicBinder - binding parameter [1] as [INTEGER] - [1]
2021-04-07T16:08:40,693|[TRACE] BasicExtractor - extracted value ([employee2_1_0_] : [INTEGER]) - [111]
2021-04-07T16:08:40,694|[TRACE] BasicExtractor - extracted value ([establis3_1_0_] : [TIMESTAMP]) - [1111-11-11 11:11:11.0]
2021-04-07T16:08:40,694|[TRACE] BasicExtractor - extracted value ([name4_1_0_] : [VARCHAR]) - [JUNIT]
2021-04-07T16:08:40,694|[TRACE] BasicExtractor - extracted value ([owner6_1_0_] : [INTEGER]) - [null]
2021-04-07T16:08:40,694|[TRACE] BasicExtractor - extracted value ([privatel5_1_0_] : [BOOLEAN]) - [true]
2021-04-07T16:08:40,695|[DEBUG] EMFactory - getting EntityManagerFactory
2021-04-07T16:08:40,695|[DEBUG] EMFactory - initializeing EntityManagerFactory
2021-04-07T16:08:40,728|[DEBUG] SQL - 
    /* load entity.BloodDonation */ select
        blooddonat0_.donation_id as donation1_2_0_,
        blooddonat0_.bank_id as bank_id6_2_0_,
        blooddonat0_.blood_group as blood_gr2_2_0_,
        blooddonat0_.created as created3_2_0_,
        blooddonat0_.milliliters as millilit4_2_0_,
        blooddonat0_.rhd as rhd5_2_0_ 
    from
        simplebloodbank.blood_donation blooddonat0_ 
    where
        blooddonat0_.donation_id=?
2021-04-07T16:08:40,728|[TRACE] BasicBinder - binding parameter [1] as [INTEGER] - [10]
2021-04-07T16:08:40,732|[TRACE] BasicExtractor - extracted value ([bank_id6_2_0_] : [INTEGER]) - [1]
2021-04-07T16:08:40,732|[TRACE] BasicExtractor - extracted value ([blood_gr2_2_0_] : [VARCHAR]) - [AB]
2021-04-07T16:08:40,733|[TRACE] BasicExtractor - extracted value ([created3_2_0_] : [TIMESTAMP]) - [1111-11-11 11:11:11.0]
2021-04-07T16:08:40,733|[TRACE] BasicExtractor - extracted value ([millilit4_2_0_] : [INTEGER]) - [100]
2021-04-07T16:08:40,733|[TRACE] BasicExtractor - extracted value ([rhd5_2_0_] : [VARCHAR]) - [-]
2021-04-07T16:08:40,733|[DEBUG] AttributeConverterSqlTypeDescriptorAdapter - Converted value on extraction: - -> Negative
2021-04-07T16:08:40,734|[DEBUG] SQL - 
    /* delete entity.BloodDonation */ delete 
        from
            simplebloodbank.blood_donation 
        where
            donation_id=?
2021-04-07T16:08:40,734|[TRACE] BasicBinder - binding parameter [1] as [INTEGER] - [10]
]]></system-out>
    <system-err><![CDATA[Apr 07, 2021 4:08:40 PM dal.GenericDAL lambda$setParameters$0
INFO: setParameters: bloodBankId=1
]]></system-err>
  </testcase>
  <testcase name="testCreateEntityAndAdd" classname="logic.BloodDonationTest" time="0.104">
    <system-out><![CDATA[2021-04-07T16:08:40,753|[DEBUG] EMFactory - getting EntityManagerFactory
2021-04-07T16:08:40,753|[DEBUG] EMFactory - initializeing EntityManagerFactory
2021-04-07T16:08:40,754|[DEBUG] SQL - 
    select
        bloodbank0_.bank_id as bank_id1_1_0_,
        bloodbank0_.employee_count as employee2_1_0_,
        bloodbank0_.established as establis3_1_0_,
        bloodbank0_.name as name4_1_0_,
        bloodbank0_.owner as owner6_1_0_,
        bloodbank0_.privately_owned as privatel5_1_0_ 
    from
        simplebloodbank.blood_bank bloodbank0_ 
    where
        bloodbank0_.bank_id=?
2021-04-07T16:08:40,755|[TRACE] BasicBinder - binding parameter [1] as [INTEGER] - [1]
2021-04-07T16:08:40,757|[TRACE] BasicExtractor - extracted value ([employee2_1_0_] : [INTEGER]) - [111]
2021-04-07T16:08:40,758|[TRACE] BasicExtractor - extracted value ([establis3_1_0_] : [TIMESTAMP]) - [1111-11-11 11:11:11.0]
2021-04-07T16:08:40,758|[TRACE] BasicExtractor - extracted value ([name4_1_0_] : [VARCHAR]) - [JUNIT]
2021-04-07T16:08:40,758|[TRACE] BasicExtractor - extracted value ([owner6_1_0_] : [INTEGER]) - [null]
2021-04-07T16:08:40,758|[TRACE] BasicExtractor - extracted value ([privatel5_1_0_] : [BOOLEAN]) - [true]
2021-04-07T16:08:40,759|[DEBUG] SQL - 
    /* insert entity.BloodDonation
        */ insert 
        into
            simplebloodbank.blood_donation
            (bank_id, blood_group, created, milliliters, rhd) 
        values
            (?, ?, ?, ?, ?)
2021-04-07T16:08:40,760|[TRACE] BasicBinder - binding parameter [1] as [INTEGER] - [1]
2021-04-07T16:08:40,760|[TRACE] BasicBinder - binding parameter [2] as [VARCHAR] - [AB]
2021-04-07T16:08:40,761|[TRACE] BasicBinder - binding parameter [3] as [TIMESTAMP] - [Sat Nov 11 11:11:11 EST 1111]
2021-04-07T16:08:40,761|[TRACE] BasicBinder - binding parameter [4] as [INTEGER] - [100]
2021-04-07T16:08:40,761|[DEBUG] AttributeConverterSqlTypeDescriptorAdapter - Converted value on binding : Negative -> -
2021-04-07T16:08:40,761|[TRACE] BasicBinder - binding parameter [5] as [VARCHAR] - [-]
2021-04-07T16:08:40,762|[DEBUG] EMFactory - getting EntityManagerFactory
2021-04-07T16:08:40,769|[DEBUG] EMFactory - initializeing EntityManagerFactory
2021-04-07T16:08:40,769|[DEBUG] SQL - 
    select
        bloodbank0_.bank_id as bank_id1_1_0_,
        bloodbank0_.employee_count as employee2_1_0_,
        bloodbank0_.established as establis3_1_0_,
        bloodbank0_.name as name4_1_0_,
        bloodbank0_.owner as owner6_1_0_,
        bloodbank0_.privately_owned as privatel5_1_0_ 
    from
        simplebloodbank.blood_bank bloodbank0_ 
    where
        bloodbank0_.bank_id=?
2021-04-07T16:08:40,769|[TRACE] BasicBinder - binding parameter [1] as [INTEGER] - [1]
2021-04-07T16:08:40,771|[TRACE] BasicExtractor - extracted value ([employee2_1_0_] : [INTEGER]) - [111]
2021-04-07T16:08:40,771|[TRACE] BasicExtractor - extracted value ([establis3_1_0_] : [TIMESTAMP]) - [1111-11-11 11:11:11.0]
2021-04-07T16:08:40,771|[TRACE] BasicExtractor - extracted value ([name4_1_0_] : [VARCHAR]) - [JUNIT]
2021-04-07T16:08:40,771|[TRACE] BasicExtractor - extracted value ([owner6_1_0_] : [INTEGER]) - [null]
2021-04-07T16:08:40,771|[TRACE] BasicExtractor - extracted value ([privatel5_1_0_] : [BOOLEAN]) - [true]
2021-04-07T16:08:40,771|[DEBUG] EMFactory - getting EntityManagerFactory
2021-04-07T16:08:40,771|[DEBUG] EMFactory - initializeing EntityManagerFactory
2021-04-07T16:08:40,771|[DEBUG] SQL - 
    /* insert entity.BloodDonation
        */ insert 
        into
            simplebloodbank.blood_donation
            (bank_id, blood_group, created, milliliters, rhd) 
        values
            (?, ?, ?, ?, ?)
2021-04-07T16:08:40,771|[TRACE] BasicBinder - binding parameter [1] as [INTEGER] - [1]
2021-04-07T16:08:40,771|[TRACE] BasicBinder - binding parameter [2] as [VARCHAR] - [AB]
2021-04-07T16:08:40,771|[TRACE] BasicBinder - binding parameter [3] as [TIMESTAMP] - [Sat Nov 11 11:11:11 EST 1111]
2021-04-07T16:08:40,771|[TRACE] BasicBinder - binding parameter [4] as [INTEGER] - [100]
2021-04-07T16:08:40,771|[DEBUG] AttributeConverterSqlTypeDescriptorAdapter - Converted value on binding : Negative -> -
2021-04-07T16:08:40,771|[TRACE] BasicBinder - binding parameter [5] as [VARCHAR] - [-]
2021-04-07T16:08:40,790|[DEBUG] EMFactory - getting EntityManagerFactory
2021-04-07T16:08:40,790|[DEBUG] EMFactory - initializeing EntityManagerFactory
2021-04-07T16:08:40,793|[DEBUG] SQL - 
    /* BloodDonation.findByBloodBank */ select
        blooddonat0_.donation_id as donation1_2_,
        blooddonat0_.bank_id as bank_id6_2_,
        blooddonat0_.blood_group as blood_gr2_2_,
        blooddonat0_.created as created3_2_,
        blooddonat0_.milliliters as millilit4_2_,
        blooddonat0_.rhd as rhd5_2_ 
    from
        simplebloodbank.blood_donation blooddonat0_ 
    where
        blooddonat0_.bank_id=?
2021-04-07T16:08:40,794|[TRACE] BasicBinder - binding parameter [1] as [INTEGER] - [1]
2021-04-07T16:08:40,795|[TRACE] BasicExtractor - extracted value ([donation1_2_] : [INTEGER]) - [11]
2021-04-07T16:08:40,796|[TRACE] BasicExtractor - extracted value ([bank_id6_2_] : [INTEGER]) - [1]
2021-04-07T16:08:40,796|[TRACE] BasicExtractor - extracted value ([blood_gr2_2_] : [VARCHAR]) - [AB]
2021-04-07T16:08:40,796|[TRACE] BasicExtractor - extracted value ([created3_2_] : [TIMESTAMP]) - [1111-11-11 11:11:11.0]
2021-04-07T16:08:40,796|[TRACE] BasicExtractor - extracted value ([millilit4_2_] : [INTEGER]) - [100]
2021-04-07T16:08:40,796|[TRACE] BasicExtractor - extracted value ([rhd5_2_] : [VARCHAR]) - [-]
2021-04-07T16:08:40,796|[DEBUG] AttributeConverterSqlTypeDescriptorAdapter - Converted value on extraction: - -> Negative
2021-04-07T16:08:40,796|[TRACE] BasicExtractor - extracted value ([donation1_2_] : [INTEGER]) - [12]
2021-04-07T16:08:40,796|[TRACE] BasicExtractor - extracted value ([bank_id6_2_] : [INTEGER]) - [1]
2021-04-07T16:08:40,796|[TRACE] BasicExtractor - extracted value ([blood_gr2_2_] : [VARCHAR]) - [AB]
2021-04-07T16:08:40,797|[TRACE] BasicExtractor - extracted value ([created3_2_] : [TIMESTAMP]) - [1111-11-11 11:11:11.0]
2021-04-07T16:08:40,797|[TRACE] BasicExtractor - extracted value ([millilit4_2_] : [INTEGER]) - [100]
2021-04-07T16:08:40,797|[TRACE] BasicExtractor - extracted value ([rhd5_2_] : [VARCHAR]) - [-]
2021-04-07T16:08:40,797|[DEBUG] AttributeConverterSqlTypeDescriptorAdapter - Converted value on extraction: - -> Negative
2021-04-07T16:08:40,798|[DEBUG] SQL - 
    select
        bloodbank0_.bank_id as bank_id1_1_0_,
        bloodbank0_.employee_count as employee2_1_0_,
        bloodbank0_.established as establis3_1_0_,
        bloodbank0_.name as name4_1_0_,
        bloodbank0_.owner as owner6_1_0_,
        bloodbank0_.privately_owned as privatel5_1_0_ 
    from
        simplebloodbank.blood_bank bloodbank0_ 
    where
        bloodbank0_.bank_id=?
2021-04-07T16:08:40,798|[TRACE] BasicBinder - binding parameter [1] as [INTEGER] - [1]
2021-04-07T16:08:40,800|[TRACE] BasicExtractor - extracted value ([employee2_1_0_] : [INTEGER]) - [111]
2021-04-07T16:08:40,800|[TRACE] BasicExtractor - extracted value ([establis3_1_0_] : [TIMESTAMP]) - [1111-11-11 11:11:11.0]
2021-04-07T16:08:40,800|[TRACE] BasicExtractor - extracted value ([name4_1_0_] : [VARCHAR]) - [JUNIT]
2021-04-07T16:08:40,800|[TRACE] BasicExtractor - extracted value ([owner6_1_0_] : [INTEGER]) - [null]
2021-04-07T16:08:40,801|[TRACE] BasicExtractor - extracted value ([privatel5_1_0_] : [BOOLEAN]) - [true]
2021-04-07T16:08:40,801|[DEBUG] EMFactory - getting EntityManagerFactory
2021-04-07T16:08:40,801|[DEBUG] EMFactory - initializeing EntityManagerFactory
2021-04-07T16:08:40,831|[DEBUG] SQL - 
    /* load entity.BloodDonation */ select
        blooddonat0_.donation_id as donation1_2_0_,
        blooddonat0_.bank_id as bank_id6_2_0_,
        blooddonat0_.blood_group as blood_gr2_2_0_,
        blooddonat0_.created as created3_2_0_,
        blooddonat0_.milliliters as millilit4_2_0_,
        blooddonat0_.rhd as rhd5_2_0_ 
    from
        simplebloodbank.blood_donation blooddonat0_ 
    where
        blooddonat0_.donation_id=?
2021-04-07T16:08:40,831|[TRACE] BasicBinder - binding parameter [1] as [INTEGER] - [11]
2021-04-07T16:08:40,833|[TRACE] BasicExtractor - extracted value ([bank_id6_2_0_] : [INTEGER]) - [1]
2021-04-07T16:08:40,833|[TRACE] BasicExtractor - extracted value ([blood_gr2_2_0_] : [VARCHAR]) - [AB]
2021-04-07T16:08:40,834|[TRACE] BasicExtractor - extracted value ([created3_2_0_] : [TIMESTAMP]) - [1111-11-11 11:11:11.0]
2021-04-07T16:08:40,834|[TRACE] BasicExtractor - extracted value ([millilit4_2_0_] : [INTEGER]) - [100]
2021-04-07T16:08:40,834|[TRACE] BasicExtractor - extracted value ([rhd5_2_0_] : [VARCHAR]) - [-]
2021-04-07T16:08:40,834|[DEBUG] AttributeConverterSqlTypeDescriptorAdapter - Converted value on extraction: - -> Negative
2021-04-07T16:08:40,836|[DEBUG] SQL - 
    /* delete entity.BloodDonation */ delete 
        from
            simplebloodbank.blood_donation 
        where
            donation_id=?
2021-04-07T16:08:40,837|[TRACE] BasicBinder - binding parameter [1] as [INTEGER] - [11]
2021-04-07T16:08:40,843|[DEBUG] EMFactory - getting EntityManagerFactory
2021-04-07T16:08:40,843|[DEBUG] EMFactory - initializeing EntityManagerFactory
2021-04-07T16:08:40,844|[DEBUG] SQL - 
    /* load entity.BloodDonation */ select
        blooddonat0_.donation_id as donation1_2_0_,
        blooddonat0_.bank_id as bank_id6_2_0_,
        blooddonat0_.blood_group as blood_gr2_2_0_,
        blooddonat0_.created as created3_2_0_,
        blooddonat0_.milliliters as millilit4_2_0_,
        blooddonat0_.rhd as rhd5_2_0_ 
    from
        simplebloodbank.blood_donation blooddonat0_ 
    where
        blooddonat0_.donation_id=?
2021-04-07T16:08:40,844|[TRACE] BasicBinder - binding parameter [1] as [INTEGER] - [11]
2021-04-07T16:08:40,846|[DEBUG] SQL - 
    /* insert entity.BloodDonation
        */ insert 
        into
            simplebloodbank.blood_donation
            (bank_id, blood_group, created, milliliters, rhd) 
        values
            (?, ?, ?, ?, ?)
2021-04-07T16:08:40,847|[TRACE] BasicBinder - binding parameter [1] as [INTEGER] - [1]
2021-04-07T16:08:40,847|[TRACE] BasicBinder - binding parameter [2] as [VARCHAR] - [AB]
2021-04-07T16:08:40,847|[TRACE] BasicBinder - binding parameter [3] as [TIMESTAMP] - [Sat Nov 11 11:11:11 EST 1111]
2021-04-07T16:08:40,848|[TRACE] BasicBinder - binding parameter [4] as [INTEGER] - [100]
2021-04-07T16:08:40,848|[DEBUG] AttributeConverterSqlTypeDescriptorAdapter - Converted value on binding : Negative -> -
2021-04-07T16:08:40,848|[TRACE] BasicBinder - binding parameter [5] as [VARCHAR] - [-]
2021-04-07T16:08:40,851|[DEBUG] SQL - 
    /* delete entity.BloodDonation */ delete 
        from
            simplebloodbank.blood_donation 
        where
            donation_id=?
2021-04-07T16:08:40,852|[TRACE] BasicBinder - binding parameter [1] as [INTEGER] - [13]
]]></system-out>
    <system-err><![CDATA[Apr 07, 2021 4:08:40 PM dal.GenericDAL lambda$setParameters$0
INFO: setParameters: bloodBankId=1
]]></system-err>
  </testcase>
  <testcase name="testGetAll" classname="logic.BloodDonationTest" time="0.109">
    <system-out><![CDATA[2021-04-07T16:08:40,859|[DEBUG] EMFactory - getting EntityManagerFactory
2021-04-07T16:08:40,859|[DEBUG] EMFactory - initializeing EntityManagerFactory
2021-04-07T16:08:40,860|[DEBUG] SQL - 
    select
        bloodbank0_.bank_id as bank_id1_1_0_,
        bloodbank0_.employee_count as employee2_1_0_,
        bloodbank0_.established as establis3_1_0_,
        bloodbank0_.name as name4_1_0_,
        bloodbank0_.owner as owner6_1_0_,
        bloodbank0_.privately_owned as privatel5_1_0_ 
    from
        simplebloodbank.blood_bank bloodbank0_ 
    where
        bloodbank0_.bank_id=?
2021-04-07T16:08:40,860|[TRACE] BasicBinder - binding parameter [1] as [INTEGER] - [1]
2021-04-07T16:08:40,862|[TRACE] BasicExtractor - extracted value ([employee2_1_0_] : [INTEGER]) - [111]
2021-04-07T16:08:40,862|[TRACE] BasicExtractor - extracted value ([establis3_1_0_] : [TIMESTAMP]) - [1111-11-11 11:11:11.0]
2021-04-07T16:08:40,862|[TRACE] BasicExtractor - extracted value ([name4_1_0_] : [VARCHAR]) - [JUNIT]
2021-04-07T16:08:40,863|[TRACE] BasicExtractor - extracted value ([owner6_1_0_] : [INTEGER]) - [null]
2021-04-07T16:08:40,863|[TRACE] BasicExtractor - extracted value ([privatel5_1_0_] : [BOOLEAN]) - [true]
2021-04-07T16:08:40,864|[DEBUG] SQL - 
    /* insert entity.BloodDonation
        */ insert 
        into
            simplebloodbank.blood_donation
            (bank_id, blood_group, created, milliliters, rhd) 
        values
            (?, ?, ?, ?, ?)
2021-04-07T16:08:40,865|[TRACE] BasicBinder - binding parameter [1] as [INTEGER] - [1]
2021-04-07T16:08:40,865|[TRACE] BasicBinder - binding parameter [2] as [VARCHAR] - [AB]
2021-04-07T16:08:40,865|[TRACE] BasicBinder - binding parameter [3] as [TIMESTAMP] - [Sat Nov 11 11:11:11 EST 1111]
2021-04-07T16:08:40,866|[TRACE] BasicBinder - binding parameter [4] as [INTEGER] - [100]
2021-04-07T16:08:40,866|[DEBUG] AttributeConverterSqlTypeDescriptorAdapter - Converted value on binding : Negative -> -
2021-04-07T16:08:40,866|[TRACE] BasicBinder - binding parameter [5] as [VARCHAR] - [-]
2021-04-07T16:08:40,872|[DEBUG] EMFactory - getting EntityManagerFactory
2021-04-07T16:08:40,872|[DEBUG] EMFactory - initializeing EntityManagerFactory
2021-04-07T16:08:40,873|[DEBUG] SQL - 
    /* BloodDonation.findAll */ select
        blooddonat0_.donation_id as donation1_2_,
        blooddonat0_.bank_id as bank_id6_2_,
        blooddonat0_.blood_group as blood_gr2_2_,
        blooddonat0_.created as created3_2_,
        blooddonat0_.milliliters as millilit4_2_,
        blooddonat0_.rhd as rhd5_2_ 
    from
        simplebloodbank.blood_donation blooddonat0_
2021-04-07T16:08:40,875|[TRACE] BasicExtractor - extracted value ([donation1_2_] : [INTEGER]) - [12]
2021-04-07T16:08:40,875|[TRACE] BasicExtractor - extracted value ([bank_id6_2_] : [INTEGER]) - [1]
2021-04-07T16:08:40,875|[TRACE] BasicExtractor - extracted value ([blood_gr2_2_] : [VARCHAR]) - [AB]
2021-04-07T16:08:40,875|[TRACE] BasicExtractor - extracted value ([created3_2_] : [TIMESTAMP]) - [1111-11-11 11:11:11.0]
2021-04-07T16:08:40,875|[TRACE] BasicExtractor - extracted value ([millilit4_2_] : [INTEGER]) - [100]
2021-04-07T16:08:40,875|[TRACE] BasicExtractor - extracted value ([rhd5_2_] : [VARCHAR]) - [-]
2021-04-07T16:08:40,875|[DEBUG] AttributeConverterSqlTypeDescriptorAdapter - Converted value on extraction: - -> Negative
2021-04-07T16:08:40,875|[TRACE] BasicExtractor - extracted value ([donation1_2_] : [INTEGER]) - [14]
2021-04-07T16:08:40,875|[TRACE] BasicExtractor - extracted value ([bank_id6_2_] : [INTEGER]) - [1]
2021-04-07T16:08:40,875|[TRACE] BasicExtractor - extracted value ([blood_gr2_2_] : [VARCHAR]) - [AB]
2021-04-07T16:08:40,875|[TRACE] BasicExtractor - extracted value ([created3_2_] : [TIMESTAMP]) - [1111-11-11 11:11:11.0]
2021-04-07T16:08:40,875|[TRACE] BasicExtractor - extracted value ([millilit4_2_] : [INTEGER]) - [100]
2021-04-07T16:08:40,875|[TRACE] BasicExtractor - extracted value ([rhd5_2_] : [VARCHAR]) - [-]
2021-04-07T16:08:40,875|[DEBUG] AttributeConverterSqlTypeDescriptorAdapter - Converted value on extraction: - -> Negative
2021-04-07T16:08:40,876|[DEBUG] EMFactory - getting EntityManagerFactory
2021-04-07T16:08:40,876|[DEBUG] EMFactory - initializeing EntityManagerFactory
2021-04-07T16:08:40,908|[DEBUG] SQL - 
    /* load entity.BloodDonation */ select
        blooddonat0_.donation_id as donation1_2_0_,
        blooddonat0_.bank_id as bank_id6_2_0_,
        blooddonat0_.blood_group as blood_gr2_2_0_,
        blooddonat0_.created as created3_2_0_,
        blooddonat0_.milliliters as millilit4_2_0_,
        blooddonat0_.rhd as rhd5_2_0_ 
    from
        simplebloodbank.blood_donation blooddonat0_ 
    where
        blooddonat0_.donation_id=?
2021-04-07T16:08:40,908|[TRACE] BasicBinder - binding parameter [1] as [INTEGER] - [14]
2021-04-07T16:08:40,910|[TRACE] BasicExtractor - extracted value ([bank_id6_2_0_] : [INTEGER]) - [1]
2021-04-07T16:08:40,911|[TRACE] BasicExtractor - extracted value ([blood_gr2_2_0_] : [VARCHAR]) - [AB]
2021-04-07T16:08:40,911|[TRACE] BasicExtractor - extracted value ([created3_2_0_] : [TIMESTAMP]) - [1111-11-11 11:11:11.0]
2021-04-07T16:08:40,911|[TRACE] BasicExtractor - extracted value ([millilit4_2_0_] : [INTEGER]) - [100]
2021-04-07T16:08:40,911|[TRACE] BasicExtractor - extracted value ([rhd5_2_0_] : [VARCHAR]) - [-]
2021-04-07T16:08:40,911|[DEBUG] AttributeConverterSqlTypeDescriptorAdapter - Converted value on extraction: - -> Negative
2021-04-07T16:08:40,912|[DEBUG] SQL - 
    /* delete entity.BloodDonation */ delete 
        from
            simplebloodbank.blood_donation 
        where
            donation_id=?
2021-04-07T16:08:40,913|[TRACE] BasicBinder - binding parameter [1] as [INTEGER] - [14]
2021-04-07T16:08:40,919|[DEBUG] EMFactory - getting EntityManagerFactory
2021-04-07T16:08:40,919|[DEBUG] EMFactory - initializeing EntityManagerFactory
2021-04-07T16:08:40,920|[DEBUG] SQL - 
    /* BloodDonation.findAll */ select
        blooddonat0_.donation_id as donation1_2_,
        blooddonat0_.bank_id as bank_id6_2_,
        blooddonat0_.blood_group as blood_gr2_2_,
        blooddonat0_.created as created3_2_,
        blooddonat0_.milliliters as millilit4_2_,
        blooddonat0_.rhd as rhd5_2_ 
    from
        simplebloodbank.blood_donation blooddonat0_
2021-04-07T16:08:40,922|[TRACE] BasicExtractor - extracted value ([donation1_2_] : [INTEGER]) - [12]
2021-04-07T16:08:40,922|[TRACE] BasicExtractor - extracted value ([bank_id6_2_] : [INTEGER]) - [1]
2021-04-07T16:08:40,922|[TRACE] BasicExtractor - extracted value ([blood_gr2_2_] : [VARCHAR]) - [AB]
2021-04-07T16:08:40,923|[TRACE] BasicExtractor - extracted value ([created3_2_] : [TIMESTAMP]) - [1111-11-11 11:11:11.0]
2021-04-07T16:08:40,923|[TRACE] BasicExtractor - extracted value ([millilit4_2_] : [INTEGER]) - [100]
2021-04-07T16:08:40,923|[TRACE] BasicExtractor - extracted value ([rhd5_2_] : [VARCHAR]) - [-]
2021-04-07T16:08:40,923|[DEBUG] AttributeConverterSqlTypeDescriptorAdapter - Converted value on extraction: - -> Negative
2021-04-07T16:08:40,924|[DEBUG] EMFactory - getting EntityManagerFactory
2021-04-07T16:08:40,924|[DEBUG] EMFactory - initializeing EntityManagerFactory
2021-04-07T16:08:40,954|[DEBUG] SQL - 
    /* load entity.BloodDonation */ select
        blooddonat0_.donation_id as donation1_2_0_,
        blooddonat0_.bank_id as bank_id6_2_0_,
        blooddonat0_.blood_group as blood_gr2_2_0_,
        blooddonat0_.created as created3_2_0_,
        blooddonat0_.milliliters as millilit4_2_0_,
        blooddonat0_.rhd as rhd5_2_0_ 
    from
        simplebloodbank.blood_donation blooddonat0_ 
    where
        blooddonat0_.donation_id=?
2021-04-07T16:08:40,954|[TRACE] BasicBinder - binding parameter [1] as [INTEGER] - [14]
2021-04-07T16:08:40,957|[DEBUG] SQL - 
    /* insert entity.BloodDonation
        */ insert 
        into
            simplebloodbank.blood_donation
            (bank_id, blood_group, created, milliliters, rhd) 
        values
            (?, ?, ?, ?, ?)
2021-04-07T16:08:40,957|[TRACE] BasicBinder - binding parameter [1] as [INTEGER] - [1]
2021-04-07T16:08:40,957|[TRACE] BasicBinder - binding parameter [2] as [VARCHAR] - [AB]
2021-04-07T16:08:40,958|[TRACE] BasicBinder - binding parameter [3] as [TIMESTAMP] - [Sat Nov 11 11:11:11 EST 1111]
2021-04-07T16:08:40,958|[TRACE] BasicBinder - binding parameter [4] as [INTEGER] - [100]
2021-04-07T16:08:40,958|[DEBUG] AttributeConverterSqlTypeDescriptorAdapter - Converted value on binding : Negative -> -
2021-04-07T16:08:40,958|[TRACE] BasicBinder - binding parameter [5] as [VARCHAR] - [-]
2021-04-07T16:08:40,960|[DEBUG] SQL - 
    /* delete entity.BloodDonation */ delete 
        from
            simplebloodbank.blood_donation 
        where
            donation_id=?
2021-04-07T16:08:40,961|[TRACE] BasicBinder - binding parameter [1] as [INTEGER] - [15]
]]></system-out>
  </testcase>
  <testcase name="testGetBloodDonationsWithRhd" classname="logic.BloodDonationTest" time="0.059">
    <system-out><![CDATA[2021-04-07T16:08:40,968|[DEBUG] EMFactory - getting EntityManagerFactory
2021-04-07T16:08:40,968|[DEBUG] EMFactory - initializeing EntityManagerFactory
2021-04-07T16:08:40,969|[DEBUG] SQL - 
    select
        bloodbank0_.bank_id as bank_id1_1_0_,
        bloodbank0_.employee_count as employee2_1_0_,
        bloodbank0_.established as establis3_1_0_,
        bloodbank0_.name as name4_1_0_,
        bloodbank0_.owner as owner6_1_0_,
        bloodbank0_.privately_owned as privatel5_1_0_ 
    from
        simplebloodbank.blood_bank bloodbank0_ 
    where
        bloodbank0_.bank_id=?
2021-04-07T16:08:40,969|[TRACE] BasicBinder - binding parameter [1] as [INTEGER] - [1]
2021-04-07T16:08:40,971|[TRACE] BasicExtractor - extracted value ([employee2_1_0_] : [INTEGER]) - [111]
2021-04-07T16:08:40,971|[TRACE] BasicExtractor - extracted value ([establis3_1_0_] : [TIMESTAMP]) - [1111-11-11 11:11:11.0]
2021-04-07T16:08:40,972|[TRACE] BasicExtractor - extracted value ([name4_1_0_] : [VARCHAR]) - [JUNIT]
2021-04-07T16:08:40,972|[TRACE] BasicExtractor - extracted value ([owner6_1_0_] : [INTEGER]) - [null]
2021-04-07T16:08:40,972|[TRACE] BasicExtractor - extracted value ([privatel5_1_0_] : [BOOLEAN]) - [true]
2021-04-07T16:08:40,973|[DEBUG] SQL - 
    /* insert entity.BloodDonation
        */ insert 
        into
            simplebloodbank.blood_donation
            (bank_id, blood_group, created, milliliters, rhd) 
        values
            (?, ?, ?, ?, ?)
2021-04-07T16:08:40,974|[TRACE] BasicBinder - binding parameter [1] as [INTEGER] - [1]
2021-04-07T16:08:40,974|[TRACE] BasicBinder - binding parameter [2] as [VARCHAR] - [AB]
2021-04-07T16:08:40,974|[TRACE] BasicBinder - binding parameter [3] as [TIMESTAMP] - [Sat Nov 11 11:11:11 EST 1111]
2021-04-07T16:08:40,974|[TRACE] BasicBinder - binding parameter [4] as [INTEGER] - [100]
2021-04-07T16:08:40,974|[DEBUG] AttributeConverterSqlTypeDescriptorAdapter - Converted value on binding : Negative -> -
2021-04-07T16:08:40,974|[TRACE] BasicBinder - binding parameter [5] as [VARCHAR] - [-]
2021-04-07T16:08:40,982|[DEBUG] EMFactory - getting EntityManagerFactory
2021-04-07T16:08:40,982|[DEBUG] EMFactory - initializeing EntityManagerFactory
2021-04-07T16:08:40,984|[DEBUG] SQL - 
    /* BloodDonation.findByRhd */ select
        blooddonat0_.donation_id as donation1_2_,
        blooddonat0_.bank_id as bank_id6_2_,
        blooddonat0_.blood_group as blood_gr2_2_,
        blooddonat0_.created as created3_2_,
        blooddonat0_.milliliters as millilit4_2_,
        blooddonat0_.rhd as rhd5_2_ 
    from
        simplebloodbank.blood_donation blooddonat0_ 
    where
        blooddonat0_.rhd=?
2021-04-07T16:08:40,984|[DEBUG] AttributeConverterSqlTypeDescriptorAdapter - Converted value on binding : Negative -> -
2021-04-07T16:08:40,984|[TRACE] BasicBinder - binding parameter [1] as [VARCHAR] - [-]
2021-04-07T16:08:40,986|[TRACE] BasicExtractor - extracted value ([donation1_2_] : [INTEGER]) - [12]
2021-04-07T16:08:40,986|[TRACE] BasicExtractor - extracted value ([bank_id6_2_] : [INTEGER]) - [1]
2021-04-07T16:08:40,986|[TRACE] BasicExtractor - extracted value ([blood_gr2_2_] : [VARCHAR]) - [AB]
2021-04-07T16:08:40,986|[TRACE] BasicExtractor - extracted value ([created3_2_] : [TIMESTAMP]) - [1111-11-11 11:11:11.0]
2021-04-07T16:08:40,986|[TRACE] BasicExtractor - extracted value ([millilit4_2_] : [INTEGER]) - [100]
2021-04-07T16:08:40,986|[TRACE] BasicExtractor - extracted value ([rhd5_2_] : [VARCHAR]) - [-]
2021-04-07T16:08:40,986|[DEBUG] AttributeConverterSqlTypeDescriptorAdapter - Converted value on extraction: - -> Negative
2021-04-07T16:08:40,986|[TRACE] BasicExtractor - extracted value ([donation1_2_] : [INTEGER]) - [16]
2021-04-07T16:08:40,986|[TRACE] BasicExtractor - extracted value ([bank_id6_2_] : [INTEGER]) - [1]
2021-04-07T16:08:40,986|[TRACE] BasicExtractor - extracted value ([blood_gr2_2_] : [VARCHAR]) - [AB]
2021-04-07T16:08:40,987|[TRACE] BasicExtractor - extracted value ([created3_2_] : [TIMESTAMP]) - [1111-11-11 11:11:11.0]
2021-04-07T16:08:40,987|[TRACE] BasicExtractor - extracted value ([millilit4_2_] : [INTEGER]) - [100]
2021-04-07T16:08:40,987|[TRACE] BasicExtractor - extracted value ([rhd5_2_] : [VARCHAR]) - [-]
2021-04-07T16:08:40,987|[DEBUG] AttributeConverterSqlTypeDescriptorAdapter - Converted value on extraction: - -> Negative
2021-04-07T16:08:40,988|[DEBUG] EMFactory - getting EntityManagerFactory
2021-04-07T16:08:40,988|[DEBUG] EMFactory - initializeing EntityManagerFactory
2021-04-07T16:08:41,015|[DEBUG] SQL - 
    /* load entity.BloodDonation */ select
        blooddonat0_.donation_id as donation1_2_0_,
        blooddonat0_.bank_id as bank_id6_2_0_,
        blooddonat0_.blood_group as blood_gr2_2_0_,
        blooddonat0_.created as created3_2_0_,
        blooddonat0_.milliliters as millilit4_2_0_,
        blooddonat0_.rhd as rhd5_2_0_ 
    from
        simplebloodbank.blood_donation blooddonat0_ 
    where
        blooddonat0_.donation_id=?
2021-04-07T16:08:41,015|[TRACE] BasicBinder - binding parameter [1] as [INTEGER] - [16]
2021-04-07T16:08:41,018|[TRACE] BasicExtractor - extracted value ([bank_id6_2_0_] : [INTEGER]) - [1]
2021-04-07T16:08:41,018|[TRACE] BasicExtractor - extracted value ([blood_gr2_2_0_] : [VARCHAR]) - [AB]
2021-04-07T16:08:41,019|[TRACE] BasicExtractor - extracted value ([created3_2_0_] : [TIMESTAMP]) - [1111-11-11 11:11:11.0]
2021-04-07T16:08:41,019|[TRACE] BasicExtractor - extracted value ([millilit4_2_0_] : [INTEGER]) - [100]
2021-04-07T16:08:41,019|[TRACE] BasicExtractor - extracted value ([rhd5_2_0_] : [VARCHAR]) - [-]
2021-04-07T16:08:41,019|[DEBUG] AttributeConverterSqlTypeDescriptorAdapter - Converted value on extraction: - -> Negative
2021-04-07T16:08:41,020|[DEBUG] SQL - 
    /* delete entity.BloodDonation */ delete 
        from
            simplebloodbank.blood_donation 
        where
            donation_id=?
2021-04-07T16:08:41,020|[TRACE] BasicBinder - binding parameter [1] as [INTEGER] - [16]
]]></system-out>
    <system-err><![CDATA[Apr 07, 2021 4:08:40 PM dal.GenericDAL lambda$setParameters$0
INFO: setParameters: rhd=Negative
]]></system-err>
  </testcase>
  <testcase name="testGetColumnCodes" classname="logic.BloodDonationTest" time="0.029">
    <system-out><![CDATA[2021-04-07T16:08:41,027|[DEBUG] EMFactory - getting EntityManagerFactory
2021-04-07T16:08:41,028|[DEBUG] EMFactory - initializeing EntityManagerFactory
2021-04-07T16:08:41,029|[DEBUG] SQL - 
    select
        bloodbank0_.bank_id as bank_id1_1_0_,
        bloodbank0_.employee_count as employee2_1_0_,
        bloodbank0_.established as establis3_1_0_,
        bloodbank0_.name as name4_1_0_,
        bloodbank0_.owner as owner6_1_0_,
        bloodbank0_.privately_owned as privatel5_1_0_ 
    from
        simplebloodbank.blood_bank bloodbank0_ 
    where
        bloodbank0_.bank_id=?
2021-04-07T16:08:41,029|[TRACE] BasicBinder - binding parameter [1] as [INTEGER] - [1]
2021-04-07T16:08:41,032|[TRACE] BasicExtractor - extracted value ([employee2_1_0_] : [INTEGER]) - [111]
2021-04-07T16:08:41,033|[TRACE] BasicExtractor - extracted value ([establis3_1_0_] : [TIMESTAMP]) - [1111-11-11 11:11:11.0]
2021-04-07T16:08:41,033|[TRACE] BasicExtractor - extracted value ([name4_1_0_] : [VARCHAR]) - [JUNIT]
2021-04-07T16:08:41,033|[TRACE] BasicExtractor - extracted value ([owner6_1_0_] : [INTEGER]) - [null]
2021-04-07T16:08:41,033|[TRACE] BasicExtractor - extracted value ([privatel5_1_0_] : [BOOLEAN]) - [true]
2021-04-07T16:08:41,034|[DEBUG] SQL - 
    /* insert entity.BloodDonation
        */ insert 
        into
            simplebloodbank.blood_donation
            (bank_id, blood_group, created, milliliters, rhd) 
        values
            (?, ?, ?, ?, ?)
2021-04-07T16:08:41,035|[TRACE] BasicBinder - binding parameter [1] as [INTEGER] - [1]
2021-04-07T16:08:41,035|[TRACE] BasicBinder - binding parameter [2] as [VARCHAR] - [AB]
2021-04-07T16:08:41,036|[TRACE] BasicBinder - binding parameter [3] as [TIMESTAMP] - [Sat Nov 11 11:11:11 EST 1111]
2021-04-07T16:08:41,036|[TRACE] BasicBinder - binding parameter [4] as [INTEGER] - [100]
2021-04-07T16:08:41,037|[DEBUG] AttributeConverterSqlTypeDescriptorAdapter - Converted value on binding : Negative -> -
2021-04-07T16:08:41,037|[TRACE] BasicBinder - binding parameter [5] as [VARCHAR] - [-]
2021-04-07T16:08:41,043|[DEBUG] EMFactory - getting EntityManagerFactory
2021-04-07T16:08:41,043|[DEBUG] EMFactory - initializeing EntityManagerFactory
2021-04-07T16:08:41,044|[DEBUG] SQL - 
    /* load entity.BloodDonation */ select
        blooddonat0_.donation_id as donation1_2_0_,
        blooddonat0_.bank_id as bank_id6_2_0_,
        blooddonat0_.blood_group as blood_gr2_2_0_,
        blooddonat0_.created as created3_2_0_,
        blooddonat0_.milliliters as millilit4_2_0_,
        blooddonat0_.rhd as rhd5_2_0_ 
    from
        simplebloodbank.blood_donation blooddonat0_ 
    where
        blooddonat0_.donation_id=?
2021-04-07T16:08:41,045|[TRACE] BasicBinder - binding parameter [1] as [INTEGER] - [17]
2021-04-07T16:08:41,046|[TRACE] BasicExtractor - extracted value ([bank_id6_2_0_] : [INTEGER]) - [1]
2021-04-07T16:08:41,047|[TRACE] BasicExtractor - extracted value ([blood_gr2_2_0_] : [VARCHAR]) - [AB]
2021-04-07T16:08:41,047|[TRACE] BasicExtractor - extracted value ([created3_2_0_] : [TIMESTAMP]) - [1111-11-11 11:11:11.0]
2021-04-07T16:08:41,048|[TRACE] BasicExtractor - extracted value ([millilit4_2_0_] : [INTEGER]) - [100]
2021-04-07T16:08:41,048|[TRACE] BasicExtractor - extracted value ([rhd5_2_0_] : [VARCHAR]) - [-]
2021-04-07T16:08:41,048|[DEBUG] AttributeConverterSqlTypeDescriptorAdapter - Converted value on extraction: - -> Negative
2021-04-07T16:08:41,050|[DEBUG] SQL - 
    /* delete entity.BloodDonation */ delete 
        from
            simplebloodbank.blood_donation 
        where
            donation_id=?
2021-04-07T16:08:41,050|[TRACE] BasicBinder - binding parameter [1] as [INTEGER] - [17]
]]></system-out>
  </testcase>
  <testcase name="testGetColumnNames" classname="logic.BloodDonationTest" time="0.021">
    <system-out><![CDATA[2021-04-07T16:08:41,058|[DEBUG] EMFactory - getting EntityManagerFactory
2021-04-07T16:08:41,058|[DEBUG] EMFactory - initializeing EntityManagerFactory
2021-04-07T16:08:41,059|[DEBUG] SQL - 
    select
        bloodbank0_.bank_id as bank_id1_1_0_,
        bloodbank0_.employee_count as employee2_1_0_,
        bloodbank0_.established as establis3_1_0_,
        bloodbank0_.name as name4_1_0_,
        bloodbank0_.owner as owner6_1_0_,
        bloodbank0_.privately_owned as privatel5_1_0_ 
    from
        simplebloodbank.blood_bank bloodbank0_ 
    where
        bloodbank0_.bank_id=?
2021-04-07T16:08:41,059|[TRACE] BasicBinder - binding parameter [1] as [INTEGER] - [1]
2021-04-07T16:08:41,060|[TRACE] BasicExtractor - extracted value ([employee2_1_0_] : [INTEGER]) - [111]
2021-04-07T16:08:41,061|[TRACE] BasicExtractor - extracted value ([establis3_1_0_] : [TIMESTAMP]) - [1111-11-11 11:11:11.0]
2021-04-07T16:08:41,061|[TRACE] BasicExtractor - extracted value ([name4_1_0_] : [VARCHAR]) - [JUNIT]
2021-04-07T16:08:41,061|[TRACE] BasicExtractor - extracted value ([owner6_1_0_] : [INTEGER]) - [null]
2021-04-07T16:08:41,061|[TRACE] BasicExtractor - extracted value ([privatel5_1_0_] : [BOOLEAN]) - [true]
2021-04-07T16:08:41,061|[DEBUG] SQL - 
    /* insert entity.BloodDonation
        */ insert 
        into
            simplebloodbank.blood_donation
            (bank_id, blood_group, created, milliliters, rhd) 
        values
            (?, ?, ?, ?, ?)
2021-04-07T16:08:41,062|[TRACE] BasicBinder - binding parameter [1] as [INTEGER] - [1]
2021-04-07T16:08:41,062|[TRACE] BasicBinder - binding parameter [2] as [VARCHAR] - [AB]
2021-04-07T16:08:41,063|[TRACE] BasicBinder - binding parameter [3] as [TIMESTAMP] - [Sat Nov 11 11:11:11 EST 1111]
2021-04-07T16:08:41,063|[TRACE] BasicBinder - binding parameter [4] as [INTEGER] - [100]
2021-04-07T16:08:41,063|[DEBUG] AttributeConverterSqlTypeDescriptorAdapter - Converted value on binding : Negative -> -
2021-04-07T16:08:41,064|[TRACE] BasicBinder - binding parameter [5] as [VARCHAR] - [-]
2021-04-07T16:08:41,069|[DEBUG] EMFactory - getting EntityManagerFactory
2021-04-07T16:08:41,069|[DEBUG] EMFactory - initializeing EntityManagerFactory
2021-04-07T16:08:41,071|[DEBUG] SQL - 
    /* load entity.BloodDonation */ select
        blooddonat0_.donation_id as donation1_2_0_,
        blooddonat0_.bank_id as bank_id6_2_0_,
        blooddonat0_.blood_group as blood_gr2_2_0_,
        blooddonat0_.created as created3_2_0_,
        blooddonat0_.milliliters as millilit4_2_0_,
        blooddonat0_.rhd as rhd5_2_0_ 
    from
        simplebloodbank.blood_donation blooddonat0_ 
    where
        blooddonat0_.donation_id=?
2021-04-07T16:08:41,071|[TRACE] BasicBinder - binding parameter [1] as [INTEGER] - [18]
2021-04-07T16:08:41,072|[TRACE] BasicExtractor - extracted value ([bank_id6_2_0_] : [INTEGER]) - [1]
2021-04-07T16:08:41,072|[TRACE] BasicExtractor - extracted value ([blood_gr2_2_0_] : [VARCHAR]) - [AB]
2021-04-07T16:08:41,072|[TRACE] BasicExtractor - extracted value ([created3_2_0_] : [TIMESTAMP]) - [1111-11-11 11:11:11.0]
2021-04-07T16:08:41,072|[TRACE] BasicExtractor - extracted value ([millilit4_2_0_] : [INTEGER]) - [100]
2021-04-07T16:08:41,072|[TRACE] BasicExtractor - extracted value ([rhd5_2_0_] : [VARCHAR]) - [-]
2021-04-07T16:08:41,073|[DEBUG] AttributeConverterSqlTypeDescriptorAdapter - Converted value on extraction: - -> Negative
2021-04-07T16:08:41,074|[DEBUG] SQL - 
    /* delete entity.BloodDonation */ delete 
        from
            simplebloodbank.blood_donation 
        where
            donation_id=?
2021-04-07T16:08:41,074|[TRACE] BasicBinder - binding parameter [1] as [INTEGER] - [18]
]]></system-out>
  </testcase>
  <testcase name="testGetWithId" classname="logic.BloodDonationTest" time="0.059">
    <system-out><![CDATA[2021-04-07T16:08:41,082|[DEBUG] EMFactory - getting EntityManagerFactory
2021-04-07T16:08:41,082|[DEBUG] EMFactory - initializeing EntityManagerFactory
2021-04-07T16:08:41,084|[DEBUG] SQL - 
    select
        bloodbank0_.bank_id as bank_id1_1_0_,
        bloodbank0_.employee_count as employee2_1_0_,
        bloodbank0_.established as establis3_1_0_,
        bloodbank0_.name as name4_1_0_,
        bloodbank0_.owner as owner6_1_0_,
        bloodbank0_.privately_owned as privatel5_1_0_ 
    from
        simplebloodbank.blood_bank bloodbank0_ 
    where
        bloodbank0_.bank_id=?
2021-04-07T16:08:41,084|[TRACE] BasicBinder - binding parameter [1] as [INTEGER] - [1]
2021-04-07T16:08:41,086|[TRACE] BasicExtractor - extracted value ([employee2_1_0_] : [INTEGER]) - [111]
2021-04-07T16:08:41,086|[TRACE] BasicExtractor - extracted value ([establis3_1_0_] : [TIMESTAMP]) - [1111-11-11 11:11:11.0]
2021-04-07T16:08:41,086|[TRACE] BasicExtractor - extracted value ([name4_1_0_] : [VARCHAR]) - [JUNIT]
2021-04-07T16:08:41,086|[TRACE] BasicExtractor - extracted value ([owner6_1_0_] : [INTEGER]) - [null]
2021-04-07T16:08:41,086|[TRACE] BasicExtractor - extracted value ([privatel5_1_0_] : [BOOLEAN]) - [true]
2021-04-07T16:08:41,087|[DEBUG] SQL - 
    /* insert entity.BloodDonation
        */ insert 
        into
            simplebloodbank.blood_donation
            (bank_id, blood_group, created, milliliters, rhd) 
        values
            (?, ?, ?, ?, ?)
2021-04-07T16:08:41,088|[TRACE] BasicBinder - binding parameter [1] as [INTEGER] - [1]
2021-04-07T16:08:41,088|[TRACE] BasicBinder - binding parameter [2] as [VARCHAR] - [AB]
2021-04-07T16:08:41,088|[TRACE] BasicBinder - binding parameter [3] as [TIMESTAMP] - [Sat Nov 11 11:11:11 EST 1111]
2021-04-07T16:08:41,089|[TRACE] BasicBinder - binding parameter [4] as [INTEGER] - [100]
2021-04-07T16:08:41,089|[DEBUG] AttributeConverterSqlTypeDescriptorAdapter - Converted value on binding : Negative -> -
2021-04-07T16:08:41,089|[TRACE] BasicBinder - binding parameter [5] as [VARCHAR] - [-]
2021-04-07T16:08:41,095|[DEBUG] EMFactory - getting EntityManagerFactory
2021-04-07T16:08:41,095|[DEBUG] EMFactory - initializeing EntityManagerFactory
2021-04-07T16:08:41,097|[DEBUG] SQL - 
    /* BloodDonation.findByDonationId */ select
        blooddonat0_.donation_id as donation1_2_,
        blooddonat0_.bank_id as bank_id6_2_,
        blooddonat0_.blood_group as blood_gr2_2_,
        blooddonat0_.created as created3_2_,
        blooddonat0_.milliliters as millilit4_2_,
        blooddonat0_.rhd as rhd5_2_ 
    from
        simplebloodbank.blood_donation blooddonat0_ 
    where
        blooddonat0_.donation_id=?
2021-04-07T16:08:41,098|[TRACE] BasicBinder - binding parameter [1] as [INTEGER] - [19]
2021-04-07T16:08:41,100|[TRACE] BasicExtractor - extracted value ([donation1_2_] : [INTEGER]) - [19]
2021-04-07T16:08:41,100|[TRACE] BasicExtractor - extracted value ([bank_id6_2_] : [INTEGER]) - [1]
2021-04-07T16:08:41,100|[TRACE] BasicExtractor - extracted value ([blood_gr2_2_] : [VARCHAR]) - [AB]
2021-04-07T16:08:41,100|[TRACE] BasicExtractor - extracted value ([created3_2_] : [TIMESTAMP]) - [1111-11-11 11:11:11.0]
2021-04-07T16:08:41,100|[TRACE] BasicExtractor - extracted value ([millilit4_2_] : [INTEGER]) - [100]
2021-04-07T16:08:41,100|[TRACE] BasicExtractor - extracted value ([rhd5_2_] : [VARCHAR]) - [-]
2021-04-07T16:08:41,100|[DEBUG] AttributeConverterSqlTypeDescriptorAdapter - Converted value on extraction: - -> Negative
2021-04-07T16:08:41,101|[DEBUG] SQL - 
    select
        bloodbank0_.bank_id as bank_id1_1_0_,
        bloodbank0_.employee_count as employee2_1_0_,
        bloodbank0_.established as establis3_1_0_,
        bloodbank0_.name as name4_1_0_,
        bloodbank0_.owner as owner6_1_0_,
        bloodbank0_.privately_owned as privatel5_1_0_ 
    from
        simplebloodbank.blood_bank bloodbank0_ 
    where
        bloodbank0_.bank_id=?
2021-04-07T16:08:41,101|[TRACE] BasicBinder - binding parameter [1] as [INTEGER] - [1]
2021-04-07T16:08:41,102|[TRACE] BasicExtractor - extracted value ([employee2_1_0_] : [INTEGER]) - [111]
2021-04-07T16:08:41,102|[TRACE] BasicExtractor - extracted value ([establis3_1_0_] : [TIMESTAMP]) - [1111-11-11 11:11:11.0]
2021-04-07T16:08:41,103|[TRACE] BasicExtractor - extracted value ([name4_1_0_] : [VARCHAR]) - [JUNIT]
2021-04-07T16:08:41,103|[TRACE] BasicExtractor - extracted value ([owner6_1_0_] : [INTEGER]) - [null]
2021-04-07T16:08:41,103|[TRACE] BasicExtractor - extracted value ([privatel5_1_0_] : [BOOLEAN]) - [true]
2021-04-07T16:08:41,104|[DEBUG] EMFactory - getting EntityManagerFactory
2021-04-07T16:08:41,104|[DEBUG] EMFactory - initializeing EntityManagerFactory
2021-04-07T16:08:41,126|[DEBUG] SQL - 
    /* load entity.BloodDonation */ select
        blooddonat0_.donation_id as donation1_2_0_,
        blooddonat0_.bank_id as bank_id6_2_0_,
        blooddonat0_.blood_group as blood_gr2_2_0_,
        blooddonat0_.created as created3_2_0_,
        blooddonat0_.milliliters as millilit4_2_0_,
        blooddonat0_.rhd as rhd5_2_0_ 
    from
        simplebloodbank.blood_donation blooddonat0_ 
    where
        blooddonat0_.donation_id=?
2021-04-07T16:08:41,126|[TRACE] BasicBinder - binding parameter [1] as [INTEGER] - [19]
2021-04-07T16:08:41,128|[TRACE] BasicExtractor - extracted value ([bank_id6_2_0_] : [INTEGER]) - [1]
2021-04-07T16:08:41,128|[TRACE] BasicExtractor - extracted value ([blood_gr2_2_0_] : [VARCHAR]) - [AB]
2021-04-07T16:08:41,128|[TRACE] BasicExtractor - extracted value ([created3_2_0_] : [TIMESTAMP]) - [1111-11-11 11:11:11.0]
2021-04-07T16:08:41,128|[TRACE] BasicExtractor - extracted value ([millilit4_2_0_] : [INTEGER]) - [100]
2021-04-07T16:08:41,128|[TRACE] BasicExtractor - extracted value ([rhd5_2_0_] : [VARCHAR]) - [-]
2021-04-07T16:08:41,128|[DEBUG] AttributeConverterSqlTypeDescriptorAdapter - Converted value on extraction: - -> Negative
2021-04-07T16:08:41,130|[DEBUG] SQL - 
    /* delete entity.BloodDonation */ delete 
        from
            simplebloodbank.blood_donation 
        where
            donation_id=?
2021-04-07T16:08:41,131|[TRACE] BasicBinder - binding parameter [1] as [INTEGER] - [19]
]]></system-out>
    <system-err><![CDATA[Apr 07, 2021 4:08:41 PM dal.GenericDAL lambda$setParameters$0
INFO: setParameters: donationId=19
]]></system-err>
  </testcase>
  <testcase name="testSearch" classname="logic.BloodDonationTest" time="0.026">
    <system-out><![CDATA[2021-04-07T16:08:41,141|[DEBUG] EMFactory - getting EntityManagerFactory
2021-04-07T16:08:41,141|[DEBUG] EMFactory - initializeing EntityManagerFactory
2021-04-07T16:08:41,142|[DEBUG] SQL - 
    select
        bloodbank0_.bank_id as bank_id1_1_0_,
        bloodbank0_.employee_count as employee2_1_0_,
        bloodbank0_.established as establis3_1_0_,
        bloodbank0_.name as name4_1_0_,
        bloodbank0_.owner as owner6_1_0_,
        bloodbank0_.privately_owned as privatel5_1_0_ 
    from
        simplebloodbank.blood_bank bloodbank0_ 
    where
        bloodbank0_.bank_id=?
2021-04-07T16:08:41,142|[TRACE] BasicBinder - binding parameter [1] as [INTEGER] - [1]
2021-04-07T16:08:41,144|[TRACE] BasicExtractor - extracted value ([employee2_1_0_] : [INTEGER]) - [111]
2021-04-07T16:08:41,144|[TRACE] BasicExtractor - extracted value ([establis3_1_0_] : [TIMESTAMP]) - [1111-11-11 11:11:11.0]
2021-04-07T16:08:41,144|[TRACE] BasicExtractor - extracted value ([name4_1_0_] : [VARCHAR]) - [JUNIT]
2021-04-07T16:08:41,144|[TRACE] BasicExtractor - extracted value ([owner6_1_0_] : [INTEGER]) - [null]
2021-04-07T16:08:41,144|[TRACE] BasicExtractor - extracted value ([privatel5_1_0_] : [BOOLEAN]) - [true]
2021-04-07T16:08:41,146|[DEBUG] SQL - 
    /* insert entity.BloodDonation
        */ insert 
        into
            simplebloodbank.blood_donation
            (bank_id, blood_group, created, milliliters, rhd) 
        values
            (?, ?, ?, ?, ?)
2021-04-07T16:08:41,147|[TRACE] BasicBinder - binding parameter [1] as [INTEGER] - [1]
2021-04-07T16:08:41,147|[TRACE] BasicBinder - binding parameter [2] as [VARCHAR] - [AB]
2021-04-07T16:08:41,147|[TRACE] BasicBinder - binding parameter [3] as [TIMESTAMP] - [Sat Nov 11 11:11:11 EST 1111]
2021-04-07T16:08:41,147|[TRACE] BasicBinder - binding parameter [4] as [INTEGER] - [100]
2021-04-07T16:08:41,147|[DEBUG] AttributeConverterSqlTypeDescriptorAdapter - Converted value on binding : Negative -> -
2021-04-07T16:08:41,147|[TRACE] BasicBinder - binding parameter [5] as [VARCHAR] - [-]
2021-04-07T16:08:41,155|[DEBUG] EMFactory - getting EntityManagerFactory
2021-04-07T16:08:41,155|[DEBUG] EMFactory - initializeing EntityManagerFactory
2021-04-07T16:08:41,156|[DEBUG] SQL - 
    /* load entity.BloodDonation */ select
        blooddonat0_.donation_id as donation1_2_0_,
        blooddonat0_.bank_id as bank_id6_2_0_,
        blooddonat0_.blood_group as blood_gr2_2_0_,
        blooddonat0_.created as created3_2_0_,
        blooddonat0_.milliliters as millilit4_2_0_,
        blooddonat0_.rhd as rhd5_2_0_ 
    from
        simplebloodbank.blood_donation blooddonat0_ 
    where
        blooddonat0_.donation_id=?
2021-04-07T16:08:41,156|[TRACE] BasicBinder - binding parameter [1] as [INTEGER] - [20]
2021-04-07T16:08:41,157|[TRACE] BasicExtractor - extracted value ([bank_id6_2_0_] : [INTEGER]) - [1]
2021-04-07T16:08:41,157|[TRACE] BasicExtractor - extracted value ([blood_gr2_2_0_] : [VARCHAR]) - [AB]
2021-04-07T16:08:41,158|[TRACE] BasicExtractor - extracted value ([created3_2_0_] : [TIMESTAMP]) - [1111-11-11 11:11:11.0]
2021-04-07T16:08:41,158|[TRACE] BasicExtractor - extracted value ([millilit4_2_0_] : [INTEGER]) - [100]
2021-04-07T16:08:41,158|[TRACE] BasicExtractor - extracted value ([rhd5_2_0_] : [VARCHAR]) - [-]
2021-04-07T16:08:41,158|[DEBUG] AttributeConverterSqlTypeDescriptorAdapter - Converted value on extraction: - -> Negative
2021-04-07T16:08:41,159|[DEBUG] SQL - 
    /* delete entity.BloodDonation */ delete 
        from
            simplebloodbank.blood_donation 
        where
            donation_id=?
2021-04-07T16:08:41,159|[TRACE] BasicBinder - binding parameter [1] as [INTEGER] - [20]
]]></system-out>
  </testcase>
</testsuite>