<?xml version="1.0" encoding="UTF-8"?>
<testsuite xmlns:xsi="http://www.w3.org/2001/XMLSchema-instance" xsi:noNamespaceSchemaLocation="https://maven.apache.org/surefire/maven-surefire-plugin/xsd/surefire-test-report-3.0.xsd" version="3.0" name="logic.BloodBankTest" time="5.11" tests="18" errors="0" skipped="0" failures="0">
  <properties>
    <property name="sun.desktop" value="windows"/>
    <property name="awt.toolkit" value="sun.awt.windows.WToolkit"/>
    <property name="java.specification.version" value="11"/>
    <property name="sun.cpu.isalist" value="amd64"/>
    <property name="sun.jnu.encoding" value="Cp1252"/>
    <property name="java.class.path" value="C:\Users\andre\Documents\NetBeansProjects\SimpleBloodBank\target\test-classes;C:\Users\andre\Documents\NetBeansProjects\SimpleBloodBank\target\classes;C:\Users\andre\.m2\repository\org\junit\jupiter\junit-jupiter\5.7.0\junit-jupiter-5.7.0.jar;C:\Users\andre\.m2\repository\org\junit\jupiter\junit-jupiter-api\5.7.0\junit-jupiter-api-5.7.0.jar;C:\Users\andre\.m2\repository\org\apiguardian\apiguardian-api\1.1.0\apiguardian-api-1.1.0.jar;C:\Users\andre\.m2\repository\org\opentest4j\opentest4j\1.2.0\opentest4j-1.2.0.jar;C:\Users\andre\.m2\repository\org\junit\platform\junit-platform-commons\1.7.0\junit-platform-commons-1.7.0.jar;C:\Users\andre\.m2\repository\org\junit\jupiter\junit-jupiter-params\5.7.0\junit-jupiter-params-5.7.0.jar;C:\Users\andre\.m2\repository\org\junit\jupiter\junit-jupiter-engine\5.7.0\junit-jupiter-engine-5.7.0.jar;C:\Users\andre\.m2\repository\org\junit\platform\junit-platform-engine\1.7.0\junit-platform-engine-1.7.0.jar;C:\Users\andre\.m2\repository\org\hamcrest\hamcrest\2.2\hamcrest-2.2.jar;C:\Users\andre\.m2\repository\org\hamcrest\hamcrest-library\2.2\hamcrest-library-2.2.jar;C:\Users\andre\.m2\repository\org\hamcrest\hamcrest-core\2.2\hamcrest-core-2.2.jar;C:\Users\andre\.m2\repository\org\apache\logging\log4j\log4j-api\2.14.0\log4j-api-2.14.0.jar;C:\Users\andre\.m2\repository\org\apache\logging\log4j\log4j-core\2.14.0\log4j-core-2.14.0.jar;C:\Users\andre\.m2\repository\org\hibernate\hibernate-core\5.4.27.Final\hibernate-core-5.4.27.Final.jar;C:\Users\andre\.m2\repository\org\jboss\logging\jboss-logging\3.4.1.Final\jboss-logging-3.4.1.Final.jar;C:\Users\andre\.m2\repository\javax\persistence\javax.persistence-api\2.2\javax.persistence-api-2.2.jar;C:\Users\andre\.m2\repository\org\javassist\javassist\3.27.0-GA\javassist-3.27.0-GA.jar;C:\Users\andre\.m2\repository\net\bytebuddy\byte-buddy\1.10.17\byte-buddy-1.10.17.jar;C:\Users\andre\.m2\repository\antlr\antlr\2.7.7\antlr-2.7.7.jar;C:\Users\andre\.m2\repository\org\jboss\spec\javax\transaction\jboss-transaction-api_1.2_spec\1.1.1.Final\jboss-transaction-api_1.2_spec-1.1.1.Final.jar;C:\Users\andre\.m2\repository\org\jboss\jandex\2.1.3.Final\jandex-2.1.3.Final.jar;C:\Users\andre\.m2\repository\com\fasterxml\classmate\1.5.1\classmate-1.5.1.jar;C:\Users\andre\.m2\repository\javax\activation\javax.activation-api\1.2.0\javax.activation-api-1.2.0.jar;C:\Users\andre\.m2\repository\org\dom4j\dom4j\2.1.3\dom4j-2.1.3.jar;C:\Users\andre\.m2\repository\org\hibernate\common\hibernate-commons-annotations\5.1.2.Final\hibernate-commons-annotations-5.1.2.Final.jar;C:\Users\andre\.m2\repository\javax\xml\bind\jaxb-api\2.3.1\jaxb-api-2.3.1.jar;C:\Users\andre\.m2\repository\org\glassfish\jaxb\jaxb-runtime\2.3.1\jaxb-runtime-2.3.1.jar;C:\Users\andre\.m2\repository\org\glassfish\jaxb\txw2\2.3.1\txw2-2.3.1.jar;C:\Users\andre\.m2\repository\com\sun\istack\istack-commons-runtime\3.0.7\istack-commons-runtime-3.0.7.jar;C:\Users\andre\.m2\repository\org\jvnet\staxex\stax-ex\1.8\stax-ex-1.8.jar;C:\Users\andre\.m2\repository\com\sun\xml\fastinfoset\FastInfoset\1.2.15\FastInfoset-1.2.15.jar;C:\Users\andre\.m2\repository\org\apache\tomcat\embed\tomcat-embed-core\9.0.44\tomcat-embed-core-9.0.44.jar;C:\Users\andre\.m2\repository\org\apache\tomcat\tomcat-annotations-api\9.0.44\tomcat-annotations-api-9.0.44.jar;C:\Users\andre\.m2\repository\org\apache\tomcat\embed\tomcat-embed-jasper\9.0.44\tomcat-embed-jasper-9.0.44.jar;C:\Users\andre\.m2\repository\org\apache\tomcat\embed\tomcat-embed-el\9.0.44\tomcat-embed-el-9.0.44.jar;C:\Users\andre\.m2\repository\org\eclipse\jdt\ecj\3.18.0\ecj-3.18.0.jar;C:\Users\andre\.m2\repository\org\apache\tomcat\tomcat-jdbc\9.0.44\tomcat-jdbc-9.0.44.jar;C:\Users\andre\.m2\repository\org\apache\tomcat\tomcat-juli\9.0.44\tomcat-juli-9.0.44.jar;C:\Users\andre\.m2\repository\jakarta\platform\jakarta.jakartaee-api\8.0.0\jakarta.jakartaee-api-8.0.0.jar;C:\Users\andre\.m2\repository\org\glassfish\web\jakarta.servlet.jsp.jstl\1.2.6\jakarta.servlet.jsp.jstl-1.2.6.jar;C:\Users\andre\.m2\repository\jakarta\servlet\jsp\jstl\jakarta.servlet.jsp.jstl-api\1.2.4\jakarta.servlet.jsp.jstl-api-1.2.4.jar;C:\Users\andre\.m2\repository\jakarta\servlet\jakarta.servlet-api\4.0.2\jakarta.servlet-api-4.0.2.jar;C:\Users\andre\.m2\repository\jakarta\el\jakarta.el-api\3.0.2\jakarta.el-api-3.0.2.jar;C:\Users\andre\.m2\repository\mysql\mysql-connector-java\8.0.23\mysql-connector-java-8.0.23.jar;C:\Users\andre\.m2\repository\com\google\protobuf\protobuf-java\3.11.4\protobuf-java-3.11.4.jar;"/>
    <property name="java.vm.vendor" value="AdoptOpenJDK"/>
    <property name="sun.arch.data.model" value="64"/>
    <property name="user.variant" value=""/>
    <property name="catalina.useNaming" value="true"/>
    <property name="java.vendor.url" value="https://adoptopenjdk.net/"/>
    <property name="user.timezone" value="America/New_York"/>
    <property name="java.vm.specification.version" value="11"/>
    <property name="os.name" value="Windows 10"/>
    <property name="user.country" value="CA"/>
    <property name="sun.java.launcher" value="SUN_STANDARD"/>
    <property name="sun.boot.library.path" value="C:\Program Files\AdoptOpenJDK\jdk-11.0.9.101-hotspot\bin"/>
    <property name="sun.java.command" value="C:\Users\andre\AppData\Local\Temp\surefire17878271510266061274\surefirebooter8978011980085233951.jar C:\Users\andre\AppData\Local\Temp\surefire17878271510266061274 2021-04-14T13-42-20_606-jvmRun1 surefire1584918732676526699tmp surefire_09002349042024326623tmp"/>
    <property name="jdk.debug" value="release"/>
    <property name="test" value="logic.BloodBankTest"/>
    <property name="surefire.test.class.path" value="C:\Users\andre\Documents\NetBeansProjects\SimpleBloodBank\target\test-classes;C:\Users\andre\Documents\NetBeansProjects\SimpleBloodBank\target\classes;C:\Users\andre\.m2\repository\org\junit\jupiter\junit-jupiter\5.7.0\junit-jupiter-5.7.0.jar;C:\Users\andre\.m2\repository\org\junit\jupiter\junit-jupiter-api\5.7.0\junit-jupiter-api-5.7.0.jar;C:\Users\andre\.m2\repository\org\apiguardian\apiguardian-api\1.1.0\apiguardian-api-1.1.0.jar;C:\Users\andre\.m2\repository\org\opentest4j\opentest4j\1.2.0\opentest4j-1.2.0.jar;C:\Users\andre\.m2\repository\org\junit\platform\junit-platform-commons\1.7.0\junit-platform-commons-1.7.0.jar;C:\Users\andre\.m2\repository\org\junit\jupiter\junit-jupiter-params\5.7.0\junit-jupiter-params-5.7.0.jar;C:\Users\andre\.m2\repository\org\junit\jupiter\junit-jupiter-engine\5.7.0\junit-jupiter-engine-5.7.0.jar;C:\Users\andre\.m2\repository\org\junit\platform\junit-platform-engine\1.7.0\junit-platform-engine-1.7.0.jar;C:\Users\andre\.m2\repository\org\hamcrest\hamcrest\2.2\hamcrest-2.2.jar;C:\Users\andre\.m2\repository\org\hamcrest\hamcrest-library\2.2\hamcrest-library-2.2.jar;C:\Users\andre\.m2\repository\org\hamcrest\hamcrest-core\2.2\hamcrest-core-2.2.jar;C:\Users\andre\.m2\repository\org\apache\logging\log4j\log4j-api\2.14.0\log4j-api-2.14.0.jar;C:\Users\andre\.m2\repository\org\apache\logging\log4j\log4j-core\2.14.0\log4j-core-2.14.0.jar;C:\Users\andre\.m2\repository\org\hibernate\hibernate-core\5.4.27.Final\hibernate-core-5.4.27.Final.jar;C:\Users\andre\.m2\repository\org\jboss\logging\jboss-logging\3.4.1.Final\jboss-logging-3.4.1.Final.jar;C:\Users\andre\.m2\repository\javax\persistence\javax.persistence-api\2.2\javax.persistence-api-2.2.jar;C:\Users\andre\.m2\repository\org\javassist\javassist\3.27.0-GA\javassist-3.27.0-GA.jar;C:\Users\andre\.m2\repository\net\bytebuddy\byte-buddy\1.10.17\byte-buddy-1.10.17.jar;C:\Users\andre\.m2\repository\antlr\antlr\2.7.7\antlr-2.7.7.jar;C:\Users\andre\.m2\repository\org\jboss\spec\javax\transaction\jboss-transaction-api_1.2_spec\1.1.1.Final\jboss-transaction-api_1.2_spec-1.1.1.Final.jar;C:\Users\andre\.m2\repository\org\jboss\jandex\2.1.3.Final\jandex-2.1.3.Final.jar;C:\Users\andre\.m2\repository\com\fasterxml\classmate\1.5.1\classmate-1.5.1.jar;C:\Users\andre\.m2\repository\javax\activation\javax.activation-api\1.2.0\javax.activation-api-1.2.0.jar;C:\Users\andre\.m2\repository\org\dom4j\dom4j\2.1.3\dom4j-2.1.3.jar;C:\Users\andre\.m2\repository\org\hibernate\common\hibernate-commons-annotations\5.1.2.Final\hibernate-commons-annotations-5.1.2.Final.jar;C:\Users\andre\.m2\repository\javax\xml\bind\jaxb-api\2.3.1\jaxb-api-2.3.1.jar;C:\Users\andre\.m2\repository\org\glassfish\jaxb\jaxb-runtime\2.3.1\jaxb-runtime-2.3.1.jar;C:\Users\andre\.m2\repository\org\glassfish\jaxb\txw2\2.3.1\txw2-2.3.1.jar;C:\Users\andre\.m2\repository\com\sun\istack\istack-commons-runtime\3.0.7\istack-commons-runtime-3.0.7.jar;C:\Users\andre\.m2\repository\org\jvnet\staxex\stax-ex\1.8\stax-ex-1.8.jar;C:\Users\andre\.m2\repository\com\sun\xml\fastinfoset\FastInfoset\1.2.15\FastInfoset-1.2.15.jar;C:\Users\andre\.m2\repository\org\apache\tomcat\embed\tomcat-embed-core\9.0.44\tomcat-embed-core-9.0.44.jar;C:\Users\andre\.m2\repository\org\apache\tomcat\tomcat-annotations-api\9.0.44\tomcat-annotations-api-9.0.44.jar;C:\Users\andre\.m2\repository\org\apache\tomcat\embed\tomcat-embed-jasper\9.0.44\tomcat-embed-jasper-9.0.44.jar;C:\Users\andre\.m2\repository\org\apache\tomcat\embed\tomcat-embed-el\9.0.44\tomcat-embed-el-9.0.44.jar;C:\Users\andre\.m2\repository\org\eclipse\jdt\ecj\3.18.0\ecj-3.18.0.jar;C:\Users\andre\.m2\repository\org\apache\tomcat\tomcat-jdbc\9.0.44\tomcat-jdbc-9.0.44.jar;C:\Users\andre\.m2\repository\org\apache\tomcat\tomcat-juli\9.0.44\tomcat-juli-9.0.44.jar;C:\Users\andre\.m2\repository\jakarta\platform\jakarta.jakartaee-api\8.0.0\jakarta.jakartaee-api-8.0.0.jar;C:\Users\andre\.m2\repository\org\glassfish\web\jakarta.servlet.jsp.jstl\1.2.6\jakarta.servlet.jsp.jstl-1.2.6.jar;C:\Users\andre\.m2\repository\jakarta\servlet\jsp\jstl\jakarta.servlet.jsp.jstl-api\1.2.4\jakarta.servlet.jsp.jstl-api-1.2.4.jar;C:\Users\andre\.m2\repository\jakarta\servlet\jakarta.servlet-api\4.0.2\jakarta.servlet-api-4.0.2.jar;C:\Users\andre\.m2\repository\jakarta\el\jakarta.el-api\3.0.2\jakarta.el-api-3.0.2.jar;C:\Users\andre\.m2\repository\mysql\mysql-connector-java\8.0.23\mysql-connector-java-8.0.23.jar;C:\Users\andre\.m2\repository\com\google\protobuf\protobuf-java\3.11.4\protobuf-java-3.11.4.jar;"/>
    <property name="sun.cpu.endian" value="little"/>
    <property name="user.home" value="C:\Users\andre"/>
    <property name="user.language" value="en"/>
    <property name="java.specification.vendor" value="Oracle Corporation"/>
    <property name="java.naming.factory.url.pkgs" value="org.apache.naming"/>
    <property name="java.version.date" value="2020-11-04"/>
    <property name="java.home" value="C:\Program Files\AdoptOpenJDK\jdk-11.0.9.101-hotspot"/>
    <property name="file.separator" value="\"/>
    <property name="basedir" value="C:\Users\andre\Documents\NetBeansProjects\SimpleBloodBank"/>
    <property name="java.vm.compressedOopsMode" value="32-bit"/>
    <property name="line.separator" value="&#10;"/>
    <property name="java.specification.name" value="Java Platform API Specification"/>
    <property name="java.vm.specification.vendor" value="Oracle Corporation"/>
    <property name="java.awt.graphicsenv" value="sun.awt.Win32GraphicsEnvironment"/>
    <property name="surefire.real.class.path" value="C:\Users\andre\AppData\Local\Temp\surefire17878271510266061274\surefirebooter8978011980085233951.jar"/>
    <property name="user.script" value=""/>
    <property name="sun.management.compiler" value="HotSpot 64-Bit Tiered Compilers"/>
    <property name="java.runtime.version" value="11.0.9.1+1"/>
    <property name="java.naming.factory.initial" value="org.apache.naming.java.javaURLContextFactory"/>
    <property name="user.name" value="dynonomous"/>
    <property name="path.separator" value=";"/>
    <property name="os.version" value="10.0"/>
    <property name="java.runtime.name" value="OpenJDK Runtime Environment"/>
    <property name="file.encoding" value="UTF-8"/>
    <property name="java.vm.name" value="OpenJDK 64-Bit Server VM"/>
    <property name="java.vendor.version" value="AdoptOpenJDK"/>
    <property name="maven.ext.class.path" value="C:\Program Files\NetBeans-12.0\netbeans\java\maven-nblib\netbeans-eventspy.jar"/>
    <property name="localRepository" value="C:\Users\andre\.m2\repository"/>
    <property name="java.vendor.url.bug" value="https://github.com/AdoptOpenJDK/openjdk-support/issues"/>
    <property name="java.io.tmpdir" value="C:\Users\andre\AppData\Local\Temp\"/>
    <property name="catalina.home" value="C:\Users\andre\Documents\NetBeansProjects\SimpleBloodBank\tomcat.8080"/>
    <property name="java.version" value="11.0.9.1"/>
    <property name="user.dir" value="C:\Users\andre\Documents\NetBeansProjects\SimpleBloodBank"/>
    <property name="os.arch" value="amd64"/>
    <property name="java.vm.specification.name" value="Java Virtual Machine Specification"/>
    <property name="java.awt.printerjob" value="sun.awt.windows.WPrinterJob"/>
    <property name="sun.os.patch.level" value=""/>
    <property name="catalina.base" value="C:\Users\andre\Documents\NetBeansProjects\SimpleBloodBank\tomcat.8080"/>
    <property name="java.library.path" value="C:\Program Files\AdoptOpenJDK\jdk-11.0.9.101-hotspot\bin;C:\WINDOWS\Sun\Java\bin;C:\WINDOWS\system32;C:\WINDOWS;C:\Program Files\AdoptOpenJDK\jdk-11.0.9.101-hotspot\bin;C:\app\dynonomous\product\18.0.0\dbhomeXE\bin;C:\Program Files\Microsoft MPI\Bin\;C:\Program Files (x86)\Common Files\Oracle\Java\javapath;C:\Program Files\AdoptOpenJDK\jdk-11.0.9.101-hotspot\\bin;C:\Windows\system32;C:\Windows;C:\Windows\System32\Wbem;C:\Windows\System32\WindowsPowerShell\v1.0\;C:\Windows\System32\OpenSSH\;C:\Program Files (x86)\NVIDIA Corporation\PhysX\Common;C:\Program Files\NVIDIA Corporation\NVIDIA NvDLISR;C:\Program Files\Intel\WiFi\bin\;C:\Program Files\Common Files\Intel\WirelessCommon\;C:\WINDOWS\system32;C:\WINDOWS;C:\WINDOWS\System32\Wbem;C:\WINDOWS\System32\WindowsPowerShell\v1.0\;C:\WINDOWS\System32\OpenSSH\;C:\Program Files (x86)\pgmodeler;C:\Program Files\Git\cmd;C:\Program Files\Java\jdk1.8.0_261\bin;C:\Program Files (x86)\Microsoft SQL Server\150\Tools\Binn\;C:\Program Files\Microsoft SQL Server\150\Tools\Binn\;C:\Program Files (x86)\Microsoft SQL Server\150\DTS\Binn\;C:\Program Files\Microsoft SQL Server\150\DTS\Binn\;C:\Program Files\Microsoft SQL Server\Client SDK\ODBC\170\Tools\Binn\;C:\Users\andre\javafx-sdk-11.0.2\bin;C:\Users\andre\.cargo\bin;C:\Users\andre\AppData\Local\Microsoft\WindowsApps;C:\Program Files\Intel\WiFi\bin\;C:\Program Files\Common Files\Intel\WirelessCommon\;;C:\Program Files\JetBrains\IntelliJ IDEA Community Edition 2020.2\bin;;."/>
    <property name="java.vm.info" value="mixed mode"/>
    <property name="java.vendor" value="AdoptOpenJDK"/>
    <property name="java.vm.version" value="11.0.9.1+1"/>
    <property name="sun.io.unicode.encoding" value="UnicodeLittle"/>
    <property name="java.class.version" value="55.0"/>
  </properties>
  <testcase name="testCreateEntity" classname="logic.BloodBankTest" time="0.194">
    <system-out><![CDATA[2021-04-14T13:42:23,966|[DEBUG] ServletListener - Initializing EMF
2021-04-14T13:42:23,971|[DEBUG] EMFactory - initializeing EntityManagerFactory
2021-04-14T13:42:23,971|[DEBUG] EMFactory - creating EntityManagerFactory
2021-04-14T13:42:23,993|[DEBUG] logging - Logging Provider: org.jboss.logging.Log4j2LoggerProvider
2021-04-14T13:42:24,088|[INFO ] LogHelper - HHH000204: Processing PersistenceUnitInfo [name: simplebloodbank-PU-test]
2021-04-14T13:42:24,139|[INFO ] Version - HHH000412: Hibernate ORM core version 5.4.27.Final
2021-04-14T13:42:24,284|[INFO ] Version - HCANN000001: Hibernate Commons Annotations {5.1.2.Final}
2021-04-14T13:42:24,316|[DEBUG] BasicTypeRegistry - Adding type registration boolean -> org.hibernate.type.BooleanType@29e3c7fe
2021-04-14T13:42:24,316|[DEBUG] BasicTypeRegistry - Adding type registration boolean -> org.hibernate.type.BooleanType@29e3c7fe
2021-04-14T13:42:24,316|[DEBUG] BasicTypeRegistry - Adding type registration java.lang.Boolean -> org.hibernate.type.BooleanType@29e3c7fe
2021-04-14T13:42:24,317|[DEBUG] BasicTypeRegistry - Adding type registration numeric_boolean -> org.hibernate.type.NumericBooleanType@12d644a6
2021-04-14T13:42:24,318|[DEBUG] BasicTypeRegistry - Adding type registration true_false -> org.hibernate.type.TrueFalseType@5cb63d05
2021-04-14T13:42:24,318|[DEBUG] BasicTypeRegistry - Adding type registration yes_no -> org.hibernate.type.YesNoType@7babfd29
2021-04-14T13:42:24,319|[DEBUG] BasicTypeRegistry - Adding type registration byte -> org.hibernate.type.ByteType@28f5b5b4
2021-04-14T13:42:24,319|[DEBUG] BasicTypeRegistry - Adding type registration byte -> org.hibernate.type.ByteType@28f5b5b4
2021-04-14T13:42:24,319|[DEBUG] BasicTypeRegistry - Adding type registration java.lang.Byte -> org.hibernate.type.ByteType@28f5b5b4
2021-04-14T13:42:24,320|[DEBUG] BasicTypeRegistry - Adding type registration character -> org.hibernate.type.CharacterType@1ee9a039
2021-04-14T13:42:24,320|[DEBUG] BasicTypeRegistry - Adding type registration char -> org.hibernate.type.CharacterType@1ee9a039
2021-04-14T13:42:24,320|[DEBUG] BasicTypeRegistry - Adding type registration java.lang.Character -> org.hibernate.type.CharacterType@1ee9a039
2021-04-14T13:42:24,321|[DEBUG] BasicTypeRegistry - Adding type registration short -> org.hibernate.type.ShortType@4770e50a
2021-04-14T13:42:24,321|[DEBUG] BasicTypeRegistry - Adding type registration short -> org.hibernate.type.ShortType@4770e50a
2021-04-14T13:42:24,321|[DEBUG] BasicTypeRegistry - Adding type registration java.lang.Short -> org.hibernate.type.ShortType@4770e50a
2021-04-14T13:42:24,322|[DEBUG] BasicTypeRegistry - Adding type registration integer -> org.hibernate.type.IntegerType@15c8bb25
2021-04-14T13:42:24,322|[DEBUG] BasicTypeRegistry - Adding type registration int -> org.hibernate.type.IntegerType@15c8bb25
2021-04-14T13:42:24,322|[DEBUG] BasicTypeRegistry - Adding type registration java.lang.Integer -> org.hibernate.type.IntegerType@15c8bb25
2021-04-14T13:42:24,323|[DEBUG] BasicTypeRegistry - Adding type registration long -> org.hibernate.type.LongType@60a4f677
2021-04-14T13:42:24,323|[DEBUG] BasicTypeRegistry - Adding type registration long -> org.hibernate.type.LongType@60a4f677
2021-04-14T13:42:24,323|[DEBUG] BasicTypeRegistry - Adding type registration java.lang.Long -> org.hibernate.type.LongType@60a4f677
2021-04-14T13:42:24,323|[DEBUG] BasicTypeRegistry - Adding type registration float -> org.hibernate.type.FloatType@564d5883
2021-04-14T13:42:24,324|[DEBUG] BasicTypeRegistry - Adding type registration float -> org.hibernate.type.FloatType@564d5883
2021-04-14T13:42:24,324|[DEBUG] BasicTypeRegistry - Adding type registration java.lang.Float -> org.hibernate.type.FloatType@564d5883
2021-04-14T13:42:24,324|[DEBUG] BasicTypeRegistry - Adding type registration double -> org.hibernate.type.DoubleType@34bc5763
2021-04-14T13:42:24,324|[DEBUG] BasicTypeRegistry - Adding type registration double -> org.hibernate.type.DoubleType@34bc5763
2021-04-14T13:42:24,324|[DEBUG] BasicTypeRegistry - Adding type registration java.lang.Double -> org.hibernate.type.DoubleType@34bc5763
2021-04-14T13:42:24,325|[DEBUG] BasicTypeRegistry - Adding type registration big_decimal -> org.hibernate.type.BigDecimalType@3d1f6213
2021-04-14T13:42:24,326|[DEBUG] BasicTypeRegistry - Adding type registration java.math.BigDecimal -> org.hibernate.type.BigDecimalType@3d1f6213
2021-04-14T13:42:24,327|[DEBUG] BasicTypeRegistry - Adding type registration big_integer -> org.hibernate.type.BigIntegerType@494e502c
2021-04-14T13:42:24,327|[DEBUG] BasicTypeRegistry - Adding type registration java.math.BigInteger -> org.hibernate.type.BigIntegerType@494e502c
2021-04-14T13:42:24,328|[DEBUG] BasicTypeRegistry - Adding type registration string -> org.hibernate.type.StringType@408db405
2021-04-14T13:42:24,328|[DEBUG] BasicTypeRegistry - Adding type registration java.lang.String -> org.hibernate.type.StringType@408db405
2021-04-14T13:42:24,329|[DEBUG] BasicTypeRegistry - Adding type registration nstring -> org.hibernate.type.StringNVarcharType@18f9745a
2021-04-14T13:42:24,329|[DEBUG] BasicTypeRegistry - Adding type registration ncharacter -> org.hibernate.type.CharacterNCharType@40ee8512
2021-04-14T13:42:24,330|[DEBUG] BasicTypeRegistry - Adding type registration url -> org.hibernate.type.UrlType@11d59d0
2021-04-14T13:42:24,330|[DEBUG] BasicTypeRegistry - Adding type registration java.net.URL -> org.hibernate.type.UrlType@11d59d0
2021-04-14T13:42:24,331|[DEBUG] BasicTypeRegistry - Adding type registration Duration -> org.hibernate.type.DurationType@26505df2
2021-04-14T13:42:24,331|[DEBUG] BasicTypeRegistry - Adding type registration java.time.Duration -> org.hibernate.type.DurationType@26505df2
2021-04-14T13:42:24,338|[DEBUG] BasicTypeRegistry - Adding type registration Instant -> org.hibernate.type.InstantType@67fc98fe
2021-04-14T13:42:24,338|[DEBUG] BasicTypeRegistry - Adding type registration java.time.Instant -> org.hibernate.type.InstantType@67fc98fe
2021-04-14T13:42:24,339|[DEBUG] BasicTypeRegistry - Adding type registration LocalDateTime -> org.hibernate.type.LocalDateTimeType@3ca1f0a4
2021-04-14T13:42:24,339|[DEBUG] BasicTypeRegistry - Adding type registration java.time.LocalDateTime -> org.hibernate.type.LocalDateTimeType@3ca1f0a4
2021-04-14T13:42:24,340|[DEBUG] BasicTypeRegistry - Adding type registration LocalDate -> org.hibernate.type.LocalDateType@2fea162a
2021-04-14T13:42:24,340|[DEBUG] BasicTypeRegistry - Adding type registration java.time.LocalDate -> org.hibernate.type.LocalDateType@2fea162a
2021-04-14T13:42:24,341|[DEBUG] BasicTypeRegistry - Adding type registration LocalTime -> org.hibernate.type.LocalTimeType@54557dd8
2021-04-14T13:42:24,342|[DEBUG] BasicTypeRegistry - Adding type registration java.time.LocalTime -> org.hibernate.type.LocalTimeType@54557dd8
2021-04-14T13:42:24,343|[DEBUG] BasicTypeRegistry - Adding type registration OffsetDateTime -> org.hibernate.type.OffsetDateTimeType@4b2b2757
2021-04-14T13:42:24,343|[DEBUG] BasicTypeRegistry - Adding type registration java.time.OffsetDateTime -> org.hibernate.type.OffsetDateTimeType@4b2b2757
2021-04-14T13:42:24,344|[DEBUG] BasicTypeRegistry - Adding type registration OffsetTime -> org.hibernate.type.OffsetTimeType@5dcf8b37
2021-04-14T13:42:24,344|[DEBUG] BasicTypeRegistry - Adding type registration java.time.OffsetTime -> org.hibernate.type.OffsetTimeType@5dcf8b37
2021-04-14T13:42:24,346|[DEBUG] BasicTypeRegistry - Adding type registration ZonedDateTime -> org.hibernate.type.ZonedDateTimeType@38849a1
2021-04-14T13:42:24,346|[DEBUG] BasicTypeRegistry - Adding type registration java.time.ZonedDateTime -> org.hibernate.type.ZonedDateTimeType@38849a1
2021-04-14T13:42:24,347|[DEBUG] BasicTypeRegistry - Adding type registration date -> org.hibernate.type.DateType@b51d862
2021-04-14T13:42:24,347|[DEBUG] BasicTypeRegistry - Adding type registration java.sql.Date -> org.hibernate.type.DateType@b51d862
2021-04-14T13:42:24,348|[DEBUG] BasicTypeRegistry - Adding type registration time -> org.hibernate.type.TimeType@3693deae
2021-04-14T13:42:24,348|[DEBUG] BasicTypeRegistry - Adding type registration java.sql.Time -> org.hibernate.type.TimeType@3693deae
2021-04-14T13:42:24,349|[DEBUG] BasicTypeRegistry - Adding type registration timestamp -> org.hibernate.type.TimestampType@398e1a48
2021-04-14T13:42:24,349|[DEBUG] BasicTypeRegistry - Adding type registration java.sql.Timestamp -> org.hibernate.type.TimestampType@398e1a48
2021-04-14T13:42:24,349|[DEBUG] BasicTypeRegistry - Adding type registration java.util.Date -> org.hibernate.type.TimestampType@398e1a48
2021-04-14T13:42:24,350|[DEBUG] BasicTypeRegistry - Adding type registration dbtimestamp -> org.hibernate.type.DbTimestampType@3a4dea70
2021-04-14T13:42:24,351|[DEBUG] BasicTypeRegistry - Adding type registration calendar -> org.hibernate.type.CalendarType@67a02460
2021-04-14T13:42:24,351|[DEBUG] BasicTypeRegistry - Adding type registration java.util.Calendar -> org.hibernate.type.CalendarType@67a02460
2021-04-14T13:42:24,351|[DEBUG] BasicTypeRegistry - Adding type registration java.util.GregorianCalendar -> org.hibernate.type.CalendarType@67a02460
2021-04-14T13:42:24,352|[DEBUG] BasicTypeRegistry - Adding type registration calendar_date -> org.hibernate.type.CalendarDateType@5599d304
2021-04-14T13:42:24,352|[DEBUG] BasicTypeRegistry - Adding type registration calendar_time -> org.hibernate.type.CalendarTimeType@3bbb5b2
2021-04-14T13:42:24,353|[DEBUG] BasicTypeRegistry - Adding type registration locale -> org.hibernate.type.LocaleType@607c0933
2021-04-14T13:42:24,353|[DEBUG] BasicTypeRegistry - Adding type registration java.util.Locale -> org.hibernate.type.LocaleType@607c0933
2021-04-14T13:42:24,354|[DEBUG] BasicTypeRegistry - Adding type registration currency -> org.hibernate.type.CurrencyType@4dd32cf5
2021-04-14T13:42:24,354|[DEBUG] BasicTypeRegistry - Adding type registration java.util.Currency -> org.hibernate.type.CurrencyType@4dd32cf5
2021-04-14T13:42:24,355|[DEBUG] BasicTypeRegistry - Adding type registration timezone -> org.hibernate.type.TimeZoneType@2a292566
2021-04-14T13:42:24,355|[DEBUG] BasicTypeRegistry - Adding type registration java.util.TimeZone -> org.hibernate.type.TimeZoneType@2a292566
2021-04-14T13:42:24,356|[DEBUG] BasicTypeRegistry - Adding type registration class -> org.hibernate.type.ClassType@37495d56
2021-04-14T13:42:24,356|[DEBUG] BasicTypeRegistry - Adding type registration java.lang.Class -> org.hibernate.type.ClassType@37495d56
2021-04-14T13:42:24,356|[DEBUG] BasicTypeRegistry - Adding type registration uuid-binary -> org.hibernate.type.UUIDBinaryType@6d0937e
2021-04-14T13:42:24,356|[DEBUG] BasicTypeRegistry - Adding type registration java.util.UUID -> org.hibernate.type.UUIDBinaryType@6d0937e
2021-04-14T13:42:24,357|[DEBUG] BasicTypeRegistry - Adding type registration uuid-char -> org.hibernate.type.UUIDCharType@4d9ef371
2021-04-14T13:42:24,357|[DEBUG] BasicTypeRegistry - Adding type registration binary -> org.hibernate.type.BinaryType@35ee7dc8
2021-04-14T13:42:24,357|[DEBUG] BasicTypeRegistry - Adding type registration byte[] -> org.hibernate.type.BinaryType@35ee7dc8
2021-04-14T13:42:24,358|[DEBUG] BasicTypeRegistry - Adding type registration [B -> org.hibernate.type.BinaryType@35ee7dc8
2021-04-14T13:42:24,358|[DEBUG] BasicTypeRegistry - Adding type registration wrapper-binary -> org.hibernate.type.WrapperBinaryType@46309fa8
2021-04-14T13:42:24,358|[DEBUG] BasicTypeRegistry - Adding type registration Byte[] -> org.hibernate.type.WrapperBinaryType@46309fa8
2021-04-14T13:42:24,358|[DEBUG] BasicTypeRegistry - Adding type registration [Ljava.lang.Byte; -> org.hibernate.type.WrapperBinaryType@46309fa8
2021-04-14T13:42:24,359|[DEBUG] BasicTypeRegistry - Adding type registration row_version -> org.hibernate.type.RowVersionType@525dd5af
2021-04-14T13:42:24,360|[DEBUG] BasicTypeRegistry - Adding type registration image -> org.hibernate.type.ImageType@167eab4
2021-04-14T13:42:24,360|[DEBUG] BasicTypeRegistry - Adding type registration characters -> org.hibernate.type.CharArrayType@27ca3040
2021-04-14T13:42:24,361|[DEBUG] BasicTypeRegistry - Adding type registration char[] -> org.hibernate.type.CharArrayType@27ca3040
2021-04-14T13:42:24,361|[DEBUG] BasicTypeRegistry - Adding type registration [C -> org.hibernate.type.CharArrayType@27ca3040
2021-04-14T13:42:24,361|[DEBUG] BasicTypeRegistry - Adding type registration wrapper-characters -> org.hibernate.type.CharacterArrayType@2b60acb3
2021-04-14T13:42:24,361|[DEBUG] BasicTypeRegistry - Adding type registration [Ljava.lang.Character; -> org.hibernate.type.CharacterArrayType@2b60acb3
2021-04-14T13:42:24,361|[DEBUG] BasicTypeRegistry - Adding type registration Character[] -> org.hibernate.type.CharacterArrayType@2b60acb3
2021-04-14T13:42:24,362|[DEBUG] BasicTypeRegistry - Adding type registration text -> org.hibernate.type.TextType@234a8c1f
2021-04-14T13:42:24,362|[DEBUG] BasicTypeRegistry - Adding type registration ntext -> org.hibernate.type.NTextType@1962f55
2021-04-14T13:42:24,363|[DEBUG] BasicTypeRegistry - Adding type registration blob -> org.hibernate.type.BlobType@6e2a6063
2021-04-14T13:42:24,363|[DEBUG] BasicTypeRegistry - Adding type registration java.sql.Blob -> org.hibernate.type.BlobType@6e2a6063
2021-04-14T13:42:24,363|[DEBUG] BasicTypeRegistry - Adding type registration materialized_blob -> org.hibernate.type.MaterializedBlobType@44126e04
2021-04-14T13:42:24,364|[DEBUG] BasicTypeRegistry - Adding type registration clob -> org.hibernate.type.ClobType@28ab0789
2021-04-14T13:42:24,364|[DEBUG] BasicTypeRegistry - Adding type registration java.sql.Clob -> org.hibernate.type.ClobType@28ab0789
2021-04-14T13:42:24,365|[DEBUG] BasicTypeRegistry - Adding type registration nclob -> org.hibernate.type.NClobType@525aae0c
2021-04-14T13:42:24,365|[DEBUG] BasicTypeRegistry - Adding type registration java.sql.NClob -> org.hibernate.type.NClobType@525aae0c
2021-04-14T13:42:24,366|[DEBUG] BasicTypeRegistry - Adding type registration materialized_clob -> org.hibernate.type.MaterializedClobType@64bcd98a
2021-04-14T13:42:24,366|[DEBUG] BasicTypeRegistry - Adding type registration materialized_nclob -> org.hibernate.type.MaterializedNClobType@78682201
2021-04-14T13:42:24,367|[DEBUG] BasicTypeRegistry - Adding type registration serializable -> org.hibernate.type.SerializableType@543e79cb
2021-04-14T13:42:24,369|[DEBUG] BasicTypeRegistry - Adding type registration object -> org.hibernate.type.ObjectType@7c698549
2021-04-14T13:42:24,369|[DEBUG] BasicTypeRegistry - Adding type registration java.lang.Object -> org.hibernate.type.ObjectType@7c698549
2021-04-14T13:42:24,370|[DEBUG] BasicTypeRegistry - Adding type registration imm_date -> org.hibernate.type.AdaptedImmutableType@75a45ce
2021-04-14T13:42:24,370|[DEBUG] BasicTypeRegistry - Adding type registration imm_time -> org.hibernate.type.AdaptedImmutableType@35bd146b
2021-04-14T13:42:24,370|[DEBUG] BasicTypeRegistry - Adding type registration imm_timestamp -> org.hibernate.type.AdaptedImmutableType@458c58e3
2021-04-14T13:42:24,370|[DEBUG] BasicTypeRegistry - Adding type registration imm_dbtimestamp -> org.hibernate.type.AdaptedImmutableType@3cb1a148
2021-04-14T13:42:24,370|[DEBUG] BasicTypeRegistry - Adding type registration imm_calendar -> org.hibernate.type.AdaptedImmutableType@6910e725
2021-04-14T13:42:24,370|[DEBUG] BasicTypeRegistry - Adding type registration imm_calendar_date -> org.hibernate.type.AdaptedImmutableType@3453a820
2021-04-14T13:42:24,370|[DEBUG] BasicTypeRegistry - Adding type registration imm_binary -> org.hibernate.type.AdaptedImmutableType@133fb509
2021-04-14T13:42:24,370|[DEBUG] BasicTypeRegistry - Adding type registration imm_serializable -> org.hibernate.type.AdaptedImmutableType@2235fdc7
2021-04-14T13:42:24,507|[INFO ] Dialect - HHH000400: Using dialect: org.hibernate.dialect.MySQL8Dialect
2021-04-14T13:42:24,568|[DEBUG] TypeConfiguration$Scope - Scoping TypeConfiguration [org.hibernate.type.spi.TypeConfiguration@2169596d] to MetadataBuildingContext [org.hibernate.boot.internal.MetadataBuildingContextRootImpl@2300d6fd]
2021-04-14T13:42:24,696|[INFO ] beans - HHH10005002: No explicit CDI BeanManager reference was passed to Hibernate, but CDI is available on the Hibernate ClassLoader.
2021-04-14T13:42:24,698|[DEBUG] JavaTypeDescriptorRegistry - Could not find matching scoped JavaTypeDescriptor for requested Java class [entity.RhesusFactorConvertor]; falling back to static registry
2021-04-14T13:42:24,700|[DEBUG] JavaTypeDescriptorRegistry - Could not find matching scoped JavaTypeDescriptor for requested Java class [java.lang.String]; falling back to static registry
2021-04-14T13:42:24,702|[DEBUG] AttributeConverterTypeAdapter - Created AttributeConverterTypeAdapter -> converted::entity.RhesusFactorConvertor
2021-04-14T13:42:24,730|[DEBUG] EnumType - Using NAMED-based conversion for Enum entity.BloodGroup
2021-04-14T13:42:24,809|[DEBUG] TypeConfiguration$Scope - Scoping TypeConfiguration [org.hibernate.type.spi.TypeConfiguration@2169596d] to SessionFactoryImpl [org.hibernate.internal.SessionFactoryImpl@590e0275]
2021-04-14T13:42:25,143|[INFO ] SchemaCreatorImpl - HHH000476: Executing import script 'file:/C:/Users/andre/Documents/NetBeansProjects/SimpleBloodBank/target/classes/META-INF/sql/simplebloodbank-drop.sql'
2021-04-14T13:42:25,156|[DEBUG] SQL - 
    
    DROP SCHEMA IF EXISTS `simplebloodbank`
2021-04-14T13:42:25,226|[INFO ] SchemaCreatorImpl - HHH000476: Executing import script 'file:/C:/Users/andre/Documents/NetBeansProjects/SimpleBloodBank/target/classes/META-INF/sql/simplebloodbank-create.sql'
2021-04-14T13:42:25,237|[DEBUG] SQL - CREATE SCHEMA IF NOT EXISTS `simplebloodbank` DEFAULT CHARACTER SET utf8mb4 COLLATE utf8mb4_0900_ai_ci
2021-04-14T13:42:25,244|[DEBUG] SQL - 
    
    USE `simplebloodbank`
2021-04-14T13:42:25,245|[DEBUG] SQL - 
    
    CREATE TABLE IF NOT EXISTS `simplebloodbank`.`person` (
          `id` INT NOT NULL AUTO_INCREMENT,
          `first_name` VARCHAR(50) NOT NULL,
          `last_name` VARCHAR(50) NOT NULL,
          `phone` VARCHAR(15) NOT NULL,
          `address` VARCHAR(100) NOT NULL,
          `birth` DATETIME NOT NULL,
          PRIMARY KEY (`id`),
          UNIQUE INDEX `id_UNIQUE` (`id` ASC) VISIBLE
    ) ENGINE = InnoDB AUTO_INCREMENT = 2 DEFAULT CHARACTER SET = utf8mb4 COLLATE = utf8mb4_0900_ai_ci
2021-04-14T13:42:25,313|[DEBUG] SQL - 
    
    CREATE TABLE IF NOT EXISTS `simplebloodbank`.`blood_bank` (
          `bank_id` INT NOT NULL AUTO_INCREMENT,
          `owner` INT NULL,
          `name` VARCHAR(100) NOT NULL,
          `privately_owned` BIT(1) NOT NULL,
          `established` DATETIME NOT NULL,
          `employee_count` INT NOT NULL,
          PRIMARY KEY (`bank_id`),
          UNIQUE INDEX `name_UNIQUE` (`name` ASC) VISIBLE,
          UNIQUE INDEX `bank_id_UNIQUE` (`bank_id` ASC) VISIBLE,
          INDEX `fk_blood_bank_person1_idx` (`owner` ASC) VISIBLE,
          CONSTRAINT `fk_blood_bank_person1`     FOREIGN KEY (`owner`)     REFERENCES `simplebloodbank`.`person` (`id`)     ON DELETE NO ACTION     ON UPDATE NO ACTION
    ) ENGINE = InnoDB DEFAULT CHARACTER SET = utf8mb4 COLLATE = utf8mb4_0900_ai_ci
2021-04-14T13:42:25,352|[DEBUG] SQL - 
    
    CREATE TABLE IF NOT EXISTS `simplebloodbank`.`blood_donation` (
          `donation_id` INT NOT NULL AUTO_INCREMENT,
          `bank_id` INT NULL,
          `milliliters` INT NOT NULL,
          `blood_group` ENUM('A', 'B', 'AB', 'O') NOT NULL,
          `rhd` ENUM('+', '-') NOT NULL,
          `created` DATETIME NOT NULL,
          PRIMARY KEY (`donation_id`),
          INDEX `fk_blood_donation_blood_bank1_idx` (`bank_id` ASC) VISIBLE,
          UNIQUE INDEX `donation_id_UNIQUE` (`donation_id` ASC) VISIBLE,
          CONSTRAINT `fk_blood_donation_blood_bank1`     FOREIGN KEY (`bank_id`)     REFERENCES `simplebloodbank`.`blood_bank` (`bank_id`)
    ) ENGINE = InnoDB DEFAULT CHARACTER SET = utf8mb4 COLLATE = utf8mb4_0900_ai_ci
2021-04-14T13:42:25,395|[DEBUG] SQL - 
    
    CREATE TABLE IF NOT EXISTS `simplebloodbank`.`donation_record` (
          `record_id` INT NOT NULL AUTO_INCREMENT,
          `person_id` INT NULL DEFAULT NULL,
          `donation_id` INT NULL DEFAULT NULL,
          `tested` BIT(1) NOT NULL,
          `administrator` VARCHAR(100) NOT NULL,
          `hospital` VARCHAR(100) NOT NULL,
          `created` DATETIME NOT NULL,
          PRIMARY KEY (`record_id`),
          UNIQUE INDEX `record_id_UNIQUE` (`record_id` ASC) VISIBLE,
          INDEX `fk_donation_record_person1_idx` (`person_id` ASC) VISIBLE,
          INDEX `fk_donation_record_blood_donation1_idx` (`donation_id` ASC) VISIBLE,
          CONSTRAINT `fk_donation_record_blood_donation1`     FOREIGN KEY (`donation_id`)     REFERENCES `simplebloodbank`.`blood_donation` (`donation_id`),
          CONSTRAINT `fk_donation_record_person1`     FOREIGN KEY (`person_id`)     REFERENCES `simplebloodbank`.`person` (`id`)
    ) ENGINE = InnoDB DEFAULT CHARACTER SET = utf8mb4 COLLATE = utf8mb4_0900_ai_ci
2021-04-14T13:42:25,438|[DEBUG] SQL - 
    
    CREATE TABLE IF NOT EXISTS `simplebloodbank`.`account` (
          `id` INT NOT NULL AUTO_INCREMENT,
          `name` VARCHAR(45) NOT NULL,
          `nickname` VARCHAR(45) NULL,
          `username` VARCHAR(45) NOT NULL,
          `password` VARCHAR(45) NOT NULL,
          PRIMARY KEY (`id`),
          UNIQUE INDEX `name_UNIQUE` (`name` ASC) VISIBLE,
          UNIQUE INDEX `username_UNIQUE` (`username` ASC) VISIBLE
    ) ENGINE = InnoDB
2021-04-14T13:42:25,516|[INFO ] JtaPlatformInitiator - HHH000490: Using JtaPlatform implementation: [org.hibernate.engine.transaction.jta.platform.internal.NoJtaPlatform]
2021-04-14T13:42:25,620|[DEBUG] ServletListener - EMF initialized
2021-04-14T13:42:25,844|[DEBUG] EMFactory - getting EntityManagerFactory
2021-04-14T13:42:25,844|[DEBUG] EMFactory - initializeing EntityManagerFactory
2021-04-14T13:42:25,899|[DEBUG] SQL - 
    select
        person0_.id as id1_4_0_,
        person0_.address as address2_4_0_,
        person0_.birth as birth3_4_0_,
        person0_.first_name as first_na4_4_0_,
        person0_.last_name as last_nam5_4_0_,
        person0_.phone as phone6_4_0_ 
    from
        simplebloodbank.person person0_ 
    where
        person0_.id=?
2021-04-14T13:42:25,915|[TRACE] BasicBinder - binding parameter [1] as [INTEGER] - [1]
2021-04-14T13:42:25,935|[DEBUG] SQL - 
    /* insert entity.Person
        */ insert 
        into
            simplebloodbank.person
            (address, birth, first_name, last_name, phone) 
        values
            (?, ?, ?, ?, ?)
2021-04-14T13:42:25,935|[TRACE] BasicBinder - binding parameter [1] as [VARCHAR] - [123 Road Street]
2021-04-14T13:42:25,936|[TRACE] BasicBinder - binding parameter [2] as [TIMESTAMP] - [Sun Mar 01 00:00:00 EST 2020]
2021-04-14T13:42:25,937|[TRACE] BasicBinder - binding parameter [3] as [VARCHAR] - [Clark]
2021-04-14T13:42:25,937|[TRACE] BasicBinder - binding parameter [4] as [VARCHAR] - [Kent]
2021-04-14T13:42:25,937|[TRACE] BasicBinder - binding parameter [5] as [VARCHAR] - [613-316-1361]
2021-04-14T13:42:25,946|[DEBUG] SQL - 
    /* insert entity.BloodBank
        */ insert 
        into
            simplebloodbank.blood_bank
            (employee_count, established, name, owner, privately_owned) 
        values
            (?, ?, ?, ?, ?)
2021-04-14T13:42:25,946|[TRACE] BasicBinder - binding parameter [1] as [INTEGER] - [5]
2021-04-14T13:42:25,946|[TRACE] BasicBinder - binding parameter [2] as [TIMESTAMP] - [Wed Dec 12 00:00:00 EST 1212]
2021-04-14T13:42:25,946|[TRACE] BasicBinder - binding parameter [3] as [VARCHAR] - [test name]
2021-04-14T13:42:25,946|[TRACE] BasicBinder - binding parameter [4] as [INTEGER] - [2]
2021-04-14T13:42:25,947|[TRACE] BasicBinder - binding parameter [5] as [BOOLEAN] - [true]
2021-04-14T13:42:25,968|[DEBUG] EMFactory - getting EntityManagerFactory
2021-04-14T13:42:25,968|[DEBUG] EMFactory - initializeing EntityManagerFactory
2021-04-14T13:42:25,968|[DEBUG] SQL - 
    select
        person0_.id as id1_4_0_,
        person0_.address as address2_4_0_,
        person0_.birth as birth3_4_0_,
        person0_.first_name as first_na4_4_0_,
        person0_.last_name as last_nam5_4_0_,
        person0_.phone as phone6_4_0_ 
    from
        simplebloodbank.person person0_ 
    where
        person0_.id=?
2021-04-14T13:42:25,969|[TRACE] BasicBinder - binding parameter [1] as [INTEGER] - [2]
2021-04-14T13:42:25,971|[TRACE] BasicExtractor - extracted value ([address2_4_0_] : [VARCHAR]) - [123 Road Street]
2021-04-14T13:42:25,972|[TRACE] BasicExtractor - extracted value ([birth3_4_0_] : [TIMESTAMP]) - [2020-03-01 00:00:00.0]
2021-04-14T13:42:25,972|[TRACE] BasicExtractor - extracted value ([first_na4_4_0_] : [VARCHAR]) - [Clark]
2021-04-14T13:42:25,972|[TRACE] BasicExtractor - extracted value ([last_nam5_4_0_] : [VARCHAR]) - [Kent]
2021-04-14T13:42:25,972|[TRACE] BasicExtractor - extracted value ([phone6_4_0_] : [VARCHAR]) - [613-316-1361]
2021-04-14T13:42:25,975|[DEBUG] SQL - 
    /* load entity.BloodBank */ select
        bloodbank0_.bank_id as bank_id1_1_0_,
        bloodbank0_.employee_count as employee2_1_0_,
        bloodbank0_.established as establis3_1_0_,
        bloodbank0_.name as name4_1_0_,
        bloodbank0_.owner as owner6_1_0_,
        bloodbank0_.privately_owned as privatel5_1_0_ 
    from
        simplebloodbank.blood_bank bloodbank0_ 
    where
        bloodbank0_.owner=?
2021-04-14T13:42:25,975|[TRACE] BasicBinder - binding parameter [1] as [INTEGER] - [2]
2021-04-14T13:42:25,977|[TRACE] BasicExtractor - extracted value ([bank_id1_1_0_] : [INTEGER]) - [1]
2021-04-14T13:42:25,977|[TRACE] BasicExtractor - extracted value ([employee2_1_0_] : [INTEGER]) - [5]
2021-04-14T13:42:25,977|[TRACE] BasicExtractor - extracted value ([establis3_1_0_] : [TIMESTAMP]) - [1212-12-12 00:00:00.0]
2021-04-14T13:42:25,978|[TRACE] BasicExtractor - extracted value ([name4_1_0_] : [VARCHAR]) - [test name]
2021-04-14T13:42:25,978|[TRACE] BasicExtractor - extracted value ([owner6_1_0_] : [INTEGER]) - [2]
2021-04-14T13:42:25,978|[TRACE] BasicExtractor - extracted value ([privatel5_1_0_] : [BOOLEAN]) - [true]
2021-04-14T13:42:25,984|[DEBUG] EMFactory - getting EntityManagerFactory
2021-04-14T13:42:25,984|[DEBUG] EMFactory - initializeing EntityManagerFactory
2021-04-14T13:42:25,986|[DEBUG] SQL - 
    /* load entity.BloodBank */ select
        bloodbank0_.bank_id as bank_id1_1_0_,
        bloodbank0_.employee_count as employee2_1_0_,
        bloodbank0_.established as establis3_1_0_,
        bloodbank0_.name as name4_1_0_,
        bloodbank0_.owner as owner6_1_0_,
        bloodbank0_.privately_owned as privatel5_1_0_ 
    from
        simplebloodbank.blood_bank bloodbank0_ 
    where
        bloodbank0_.bank_id=?
2021-04-14T13:42:25,986|[TRACE] BasicBinder - binding parameter [1] as [INTEGER] - [1]
2021-04-14T13:42:25,987|[TRACE] BasicExtractor - extracted value ([employee2_1_0_] : [INTEGER]) - [5]
2021-04-14T13:42:25,987|[TRACE] BasicExtractor - extracted value ([establis3_1_0_] : [TIMESTAMP]) - [1212-12-12 00:00:00.0]
2021-04-14T13:42:25,987|[TRACE] BasicExtractor - extracted value ([name4_1_0_] : [VARCHAR]) - [test name]
2021-04-14T13:42:25,987|[TRACE] BasicExtractor - extracted value ([owner6_1_0_] : [INTEGER]) - [2]
2021-04-14T13:42:25,987|[TRACE] BasicExtractor - extracted value ([privatel5_1_0_] : [BOOLEAN]) - [true]
2021-04-14T13:42:25,994|[DEBUG] SQL - 
    select
        blooddonat0_.bank_id as bank_id6_2_0_,
        blooddonat0_.donation_id as donation1_2_0_,
        blooddonat0_.donation_id as donation1_2_1_,
        blooddonat0_.bank_id as bank_id6_2_1_,
        blooddonat0_.blood_group as blood_gr2_2_1_,
        blooddonat0_.created as created3_2_1_,
        blooddonat0_.milliliters as millilit4_2_1_,
        blooddonat0_.rhd as rhd5_2_1_ 
    from
        simplebloodbank.blood_donation blooddonat0_ 
    where
        blooddonat0_.bank_id=?
2021-04-14T13:42:25,994|[TRACE] BasicBinder - binding parameter [1] as [INTEGER] - [1]
2021-04-14T13:42:26,004|[DEBUG] SQL - 
    /* delete entity.BloodBank */ delete 
        from
            simplebloodbank.blood_bank 
        where
            bank_id=?
2021-04-14T13:42:26,004|[TRACE] BasicBinder - binding parameter [1] as [INTEGER] - [1]
2021-04-14T13:42:26,012|[DEBUG] EMFactory - getting EntityManagerFactory
2021-04-14T13:42:26,012|[DEBUG] EMFactory - initializeing EntityManagerFactory
2021-04-14T13:42:26,013|[DEBUG] SQL - 
    /* load entity.BloodBank */ select
        bloodbank0_.bank_id as bank_id1_1_0_,
        bloodbank0_.employee_count as employee2_1_0_,
        bloodbank0_.established as establis3_1_0_,
        bloodbank0_.name as name4_1_0_,
        bloodbank0_.owner as owner6_1_0_,
        bloodbank0_.privately_owned as privatel5_1_0_ 
    from
        simplebloodbank.blood_bank bloodbank0_ 
    where
        bloodbank0_.bank_id=?
2021-04-14T13:42:26,013|[TRACE] BasicBinder - binding parameter [1] as [INTEGER] - [1]
2021-04-14T13:42:26,014|[DEBUG] SQL - 
    /* insert entity.BloodBank
        */ insert 
        into
            simplebloodbank.blood_bank
            (employee_count, established, name, owner, privately_owned) 
        values
            (?, ?, ?, ?, ?)
2021-04-14T13:42:26,015|[TRACE] BasicBinder - binding parameter [1] as [INTEGER] - [5]
2021-04-14T13:42:26,015|[TRACE] BasicBinder - binding parameter [2] as [TIMESTAMP] - [Wed Dec 12 00:00:00 EST 1212]
2021-04-14T13:42:26,015|[TRACE] BasicBinder - binding parameter [3] as [VARCHAR] - [test name]
2021-04-14T13:42:26,015|[TRACE] BasicBinder - binding parameter [4] as [INTEGER] - [2]
2021-04-14T13:42:26,015|[TRACE] BasicBinder - binding parameter [5] as [BOOLEAN] - [true]
2021-04-14T13:42:26,017|[DEBUG] SQL - 
    /* delete entity.BloodBank */ delete 
        from
            simplebloodbank.blood_bank 
        where
            bank_id=?
2021-04-14T13:42:26,017|[TRACE] BasicBinder - binding parameter [1] as [INTEGER] - [2]
2021-04-14T13:42:26,021|[DEBUG] EMFactory - getting EntityManagerFactory
2021-04-14T13:42:26,022|[DEBUG] EMFactory - initializeing EntityManagerFactory
2021-04-14T13:42:26,022|[DEBUG] SQL - 
    select
        person0_.id as id1_4_0_,
        person0_.address as address2_4_0_,
        person0_.birth as birth3_4_0_,
        person0_.first_name as first_na4_4_0_,
        person0_.last_name as last_nam5_4_0_,
        person0_.phone as phone6_4_0_ 
    from
        simplebloodbank.person person0_ 
    where
        person0_.id=?
2021-04-14T13:42:26,022|[TRACE] BasicBinder - binding parameter [1] as [INTEGER] - [1]
]]></system-out>
    <system-err><![CDATA[Apr. 14, 2021 1:42:22 P.M. org.apache.catalina.core.StandardService startInternal
INFO: Starting service [Tomcat]
Apr. 14, 2021 1:42:22 P.M. org.apache.catalina.core.StandardEngine startInternal
INFO: Starting Servlet engine: [Apache Tomcat/9.0.44]
Apr. 14, 2021 1:42:22 P.M. org.apache.catalina.startup.ContextConfig getDefaultWebXmlFragment
INFO: No global web.xml found
Apr. 14, 2021 1:42:22 P.M. org.apache.tomcat.util.scan.StandardJarScanner processURLs
WARNING: Failed to scan [file:/C:/Users/andre/.m2/repository/org/glassfish/jaxb/jaxb-runtime/2.3.1/jaxb-api-2.3.1.jar] from classloader hierarchy
java.io.IOException: java.lang.reflect.InvocationTargetException
	at org.apache.tomcat.util.compat.Jre9Compat.jarFileNewInstance(Jre9Compat.java:209)
	at org.apache.tomcat.util.scan.JarFileUrlJar.<init>(JarFileUrlJar.java:65)
	at org.apache.tomcat.util.scan.JarFactory.newInstance(JarFactory.java:49)
	at org.apache.tomcat.util.scan.StandardJarScanner.process(StandardJarScanner.java:383)
	at org.apache.tomcat.util.scan.StandardJarScanner.processURLs(StandardJarScanner.java:318)
	at org.apache.tomcat.util.scan.StandardJarScanner.doScanClassPath(StandardJarScanner.java:282)
	at org.apache.tomcat.util.scan.StandardJarScanner.scan(StandardJarScanner.java:233)
	at org.apache.catalina.startup.ContextConfig.processJarsForWebFragments(ContextConfig.java:2135)
	at org.apache.catalina.startup.ContextConfig.webConfig(ContextConfig.java:1289)
	at org.apache.catalina.startup.ContextConfig.configureStart(ContextConfig.java:986)
	at org.apache.catalina.startup.ContextConfig.lifecycleEvent(ContextConfig.java:303)
	at org.apache.catalina.util.LifecycleBase.fireLifecycleEvent(LifecycleBase.java:123)
	at org.apache.catalina.core.StandardContext.startInternal(StandardContext.java:5082)
	at org.apache.catalina.util.LifecycleBase.start(LifecycleBase.java:183)
	at org.apache.catalina.core.ContainerBase$StartChild.call(ContainerBase.java:1384)
	at org.apache.catalina.core.ContainerBase$StartChild.call(ContainerBase.java:1374)
	at java.base/java.util.concurrent.FutureTask.run(FutureTask.java:264)
	at org.apache.tomcat.util.threads.InlineExecutorService.execute(InlineExecutorService.java:75)
	at java.base/java.util.concurrent.AbstractExecutorService.submit(AbstractExecutorService.java:140)
	at org.apache.catalina.core.ContainerBase.startInternal(ContainerBase.java:909)
	at org.apache.catalina.core.StandardHost.startInternal(StandardHost.java:843)
	at org.apache.catalina.util.LifecycleBase.start(LifecycleBase.java:183)
	at org.apache.catalina.core.ContainerBase$StartChild.call(ContainerBase.java:1384)
	at org.apache.catalina.core.ContainerBase$StartChild.call(ContainerBase.java:1374)
	at java.base/java.util.concurrent.FutureTask.run(FutureTask.java:264)
	at org.apache.tomcat.util.threads.InlineExecutorService.execute(InlineExecutorService.java:75)
	at java.base/java.util.concurrent.AbstractExecutorService.submit(AbstractExecutorService.java:140)
	at org.apache.catalina.core.ContainerBase.startInternal(ContainerBase.java:909)
	at org.apache.catalina.core.StandardEngine.startInternal(StandardEngine.java:262)
	at org.apache.catalina.util.LifecycleBase.start(LifecycleBase.java:183)
	at org.apache.catalina.core.StandardService.startInternal(StandardService.java:434)
	at org.apache.catalina.util.LifecycleBase.start(LifecycleBase.java:183)
	at org.apache.catalina.core.StandardServer.startInternal(StandardServer.java:930)
	at org.apache.catalina.util.LifecycleBase.start(LifecycleBase.java:183)
	at org.apache.catalina.startup.Tomcat.start(Tomcat.java:486)
	at common.TomcatStartUp.createTomcat(TomcatStartUp.java:20)
	at logic.BloodBankTest.setUpBeforeClass(BloodBankTest.java:42)
	at java.base/jdk.internal.reflect.NativeMethodAccessorImpl.invoke0(Native Method)
	at java.base/jdk.internal.reflect.NativeMethodAccessorImpl.invoke(NativeMethodAccessorImpl.java:62)
	at java.base/jdk.internal.reflect.DelegatingMethodAccessorImpl.invoke(DelegatingMethodAccessorImpl.java:43)
	at java.base/java.lang.reflect.Method.invoke(Method.java:566)
	at org.junit.platform.commons.util.ReflectionUtils.invokeMethod(ReflectionUtils.java:688)
	at org.junit.jupiter.engine.execution.MethodInvocation.proceed(MethodInvocation.java:60)
	at org.junit.jupiter.engine.execution.InvocationInterceptorChain$ValidatingInvocation.proceed(InvocationInterceptorChain.java:131)
	at org.junit.jupiter.engine.extension.TimeoutExtension.intercept(TimeoutExtension.java:149)
	at org.junit.jupiter.engine.extension.TimeoutExtension.interceptLifecycleMethod(TimeoutExtension.java:126)
	at org.junit.jupiter.engine.extension.TimeoutExtension.interceptBeforeAllMethod(TimeoutExtension.java:68)
	at org.junit.jupiter.engine.execution.ExecutableInvoker$ReflectiveInterceptorCall.lambda$ofVoidMethod$0(ExecutableInvoker.java:115)
	at org.junit.jupiter.engine.execution.ExecutableInvoker.lambda$invoke$0(ExecutableInvoker.java:105)
	at org.junit.jupiter.engine.execution.InvocationInterceptorChain$InterceptedInvocation.proceed(InvocationInterceptorChain.java:106)
	at org.junit.jupiter.engine.execution.InvocationInterceptorChain.proceed(InvocationInterceptorChain.java:64)
	at org.junit.jupiter.engine.execution.InvocationInterceptorChain.chainAndInvoke(InvocationInterceptorChain.java:45)
	at org.junit.jupiter.engine.execution.InvocationInterceptorChain.invoke(InvocationInterceptorChain.java:37)
	at org.junit.jupiter.engine.execution.ExecutableInvoker.invoke(ExecutableInvoker.java:104)
	at org.junit.jupiter.engine.execution.ExecutableInvoker.invoke(ExecutableInvoker.java:98)
	at org.junit.jupiter.engine.descriptor.ClassBasedTestDescriptor.lambda$invokeBeforeAllMethods$9(ClassBasedTestDescriptor.java:384)
	at org.junit.platform.engine.support.hierarchical.ThrowableCollector.execute(ThrowableCollector.java:73)
	at org.junit.jupiter.engine.descriptor.ClassBasedTestDescriptor.invokeBeforeAllMethods(ClassBasedTestDescriptor.java:382)
	at org.junit.jupiter.engine.descriptor.ClassBasedTestDescriptor.before(ClassBasedTestDescriptor.java:196)
	at org.junit.jupiter.engine.descriptor.ClassBasedTestDescriptor.before(ClassBasedTestDescriptor.java:78)
	at org.junit.platform.engine.support.hierarchical.NodeTestTask.lambda$executeRecursively$5(NodeTestTask.java:136)
	at org.junit.platform.engine.support.hierarchical.ThrowableCollector.execute(ThrowableCollector.java:73)
	at org.junit.platform.engine.support.hierarchical.NodeTestTask.lambda$executeRecursively$7(NodeTestTask.java:129)
	at org.junit.platform.engine.support.hierarchical.Node.around(Node.java:137)
	at org.junit.platform.engine.support.hierarchical.NodeTestTask.lambda$executeRecursively$8(NodeTestTask.java:127)
	at org.junit.platform.engine.support.hierarchical.ThrowableCollector.execute(ThrowableCollector.java:73)
	at org.junit.platform.engine.support.hierarchical.NodeTestTask.executeRecursively(NodeTestTask.java:126)
	at org.junit.platform.engine.support.hierarchical.NodeTestTask.execute(NodeTestTask.java:84)
	at java.base/java.util.ArrayList.forEach(ArrayList.java:1541)
	at org.junit.platform.engine.support.hierarchical.SameThreadHierarchicalTestExecutorService.invokeAll(SameThreadHierarchicalTestExecutorService.java:38)
	at org.junit.platform.engine.support.hierarchical.NodeTestTask.lambda$executeRecursively$5(NodeTestTask.java:143)
	at org.junit.platform.engine.support.hierarchical.ThrowableCollector.execute(ThrowableCollector.java:73)
	at org.junit.platform.engine.support.hierarchical.NodeTestTask.lambda$executeRecursively$7(NodeTestTask.java:129)
	at org.junit.platform.engine.support.hierarchical.Node.around(Node.java:137)
	at org.junit.platform.engine.support.hierarchical.NodeTestTask.lambda$executeRecursively$8(NodeTestTask.java:127)
	at org.junit.platform.engine.support.hierarchical.ThrowableCollector.execute(ThrowableCollector.java:73)
	at org.junit.platform.engine.support.hierarchical.NodeTestTask.executeRecursively(NodeTestTask.java:126)
	at org.junit.platform.engine.support.hierarchical.NodeTestTask.execute(NodeTestTask.java:84)
	at org.junit.platform.engine.support.hierarchical.SameThreadHierarchicalTestExecutorService.submit(SameThreadHierarchicalTestExecutorService.java:32)
	at org.junit.platform.engine.support.hierarchical.HierarchicalTestExecutor.execute(HierarchicalTestExecutor.java:57)
	at org.junit.platform.engine.support.hierarchical.HierarchicalTestEngine.execute(HierarchicalTestEngine.java:51)
	at org.junit.platform.launcher.core.EngineExecutionOrchestrator.execute(EngineExecutionOrchestrator.java:108)
	at org.junit.platform.launcher.core.EngineExecutionOrchestrator.execute(EngineExecutionOrchestrator.java:88)
	at org.junit.platform.launcher.core.EngineExecutionOrchestrator.lambda$execute$0(EngineExecutionOrchestrator.java:54)
	at org.junit.platform.launcher.core.EngineExecutionOrchestrator.withInterceptedStreams(EngineExecutionOrchestrator.java:67)
	at org.junit.platform.launcher.core.EngineExecutionOrchestrator.execute(EngineExecutionOrchestrator.java:52)
	at org.junit.platform.launcher.core.DefaultLauncher.execute(DefaultLauncher.java:96)
	at org.junit.platform.launcher.core.DefaultLauncher.execute(DefaultLauncher.java:75)
	at org.apache.maven.surefire.junitplatform.JUnitPlatformProvider.execute(JUnitPlatformProvider.java:188)
	at org.apache.maven.surefire.junitplatform.JUnitPlatformProvider.invokeAllTests(JUnitPlatformProvider.java:154)
	at org.apache.maven.surefire.junitplatform.JUnitPlatformProvider.invoke(JUnitPlatformProvider.java:128)
	at org.apache.maven.surefire.booter.ForkedBooter.runSuitesInProcess(ForkedBooter.java:428)
	at org.apache.maven.surefire.booter.ForkedBooter.execute(ForkedBooter.java:162)
	at org.apache.maven.surefire.booter.ForkedBooter.run(ForkedBooter.java:562)
	at org.apache.maven.surefire.booter.ForkedBooter.main(ForkedBooter.java:548)
Caused by: java.lang.reflect.InvocationTargetException
	at java.base/jdk.internal.reflect.GeneratedConstructorAccessor17.newInstance(Unknown Source)
	at java.base/jdk.internal.reflect.DelegatingConstructorAccessorImpl.newInstance(DelegatingConstructorAccessorImpl.java:45)
	at java.base/java.lang.reflect.Constructor.newInstance(Constructor.java:490)
	at org.apache.tomcat.util.compat.Jre9Compat.jarFileNewInstance(Jre9Compat.java:206)
	... 94 more
Caused by: java.nio.file.NoSuchFileException: C:\Users\andre\.m2\repository\org\glassfish\jaxb\jaxb-runtime\2.3.1\jaxb-api-2.3.1.jar
	at java.base/sun.nio.fs.WindowsException.translateToIOException(WindowsException.java:85)
	at java.base/sun.nio.fs.WindowsException.rethrowAsIOException(WindowsException.java:103)
	at java.base/sun.nio.fs.WindowsException.rethrowAsIOException(WindowsException.java:108)
	at java.base/sun.nio.fs.WindowsFileAttributeViews$Basic.readAttributes(WindowsFileAttributeViews.java:53)
	at java.base/sun.nio.fs.WindowsFileAttributeViews$Basic.readAttributes(WindowsFileAttributeViews.java:38)
	at java.base/sun.nio.fs.WindowsFileSystemProvider.readAttributes(WindowsFileSystemProvider.java:198)
	at java.base/java.nio.file.Files.readAttributes(Files.java:1763)
	at java.base/java.util.zip.ZipFile$Source.get(ZipFile.java:1225)
	at java.base/java.util.zip.ZipFile$CleanableResource.<init>(ZipFile.java:727)
	at java.base/java.util.zip.ZipFile$CleanableResource.get(ZipFile.java:844)
	at java.base/java.util.zip.ZipFile.<init>(ZipFile.java:247)
	at java.base/java.util.zip.ZipFile.<init>(ZipFile.java:177)
	at java.base/java.util.jar.JarFile.<init>(JarFile.java:348)
	... 98 more

Apr. 14, 2021 1:42:22 P.M. org.apache.tomcat.util.scan.StandardJarScanner processURLs
WARNING: Failed to scan [file:/C:/Users/andre/.m2/repository/org/glassfish/jaxb/jaxb-runtime/2.3.1/txw2-2.3.1.jar] from classloader hierarchy
java.io.IOException: java.lang.reflect.InvocationTargetException
	at org.apache.tomcat.util.compat.Jre9Compat.jarFileNewInstance(Jre9Compat.java:209)
	at org.apache.tomcat.util.scan.JarFileUrlJar.<init>(JarFileUrlJar.java:65)
	at org.apache.tomcat.util.scan.JarFactory.newInstance(JarFactory.java:49)
	at org.apache.tomcat.util.scan.StandardJarScanner.process(StandardJarScanner.java:383)
	at org.apache.tomcat.util.scan.StandardJarScanner.processURLs(StandardJarScanner.java:318)
	at org.apache.tomcat.util.scan.StandardJarScanner.doScanClassPath(StandardJarScanner.java:282)
	at org.apache.tomcat.util.scan.StandardJarScanner.scan(StandardJarScanner.java:233)
	at org.apache.catalina.startup.ContextConfig.processJarsForWebFragments(ContextConfig.java:2135)
	at org.apache.catalina.startup.ContextConfig.webConfig(ContextConfig.java:1289)
	at org.apache.catalina.startup.ContextConfig.configureStart(ContextConfig.java:986)
	at org.apache.catalina.startup.ContextConfig.lifecycleEvent(ContextConfig.java:303)
	at org.apache.catalina.util.LifecycleBase.fireLifecycleEvent(LifecycleBase.java:123)
	at org.apache.catalina.core.StandardContext.startInternal(StandardContext.java:5082)
	at org.apache.catalina.util.LifecycleBase.start(LifecycleBase.java:183)
	at org.apache.catalina.core.ContainerBase$StartChild.call(ContainerBase.java:1384)
	at org.apache.catalina.core.ContainerBase$StartChild.call(ContainerBase.java:1374)
	at java.base/java.util.concurrent.FutureTask.run(FutureTask.java:264)
	at org.apache.tomcat.util.threads.InlineExecutorService.execute(InlineExecutorService.java:75)
	at java.base/java.util.concurrent.AbstractExecutorService.submit(AbstractExecutorService.java:140)
	at org.apache.catalina.core.ContainerBase.startInternal(ContainerBase.java:909)
	at org.apache.catalina.core.StandardHost.startInternal(StandardHost.java:843)
	at org.apache.catalina.util.LifecycleBase.start(LifecycleBase.java:183)
	at org.apache.catalina.core.ContainerBase$StartChild.call(ContainerBase.java:1384)
	at org.apache.catalina.core.ContainerBase$StartChild.call(ContainerBase.java:1374)
	at java.base/java.util.concurrent.FutureTask.run(FutureTask.java:264)
	at org.apache.tomcat.util.threads.InlineExecutorService.execute(InlineExecutorService.java:75)
	at java.base/java.util.concurrent.AbstractExecutorService.submit(AbstractExecutorService.java:140)
	at org.apache.catalina.core.ContainerBase.startInternal(ContainerBase.java:909)
	at org.apache.catalina.core.StandardEngine.startInternal(StandardEngine.java:262)
	at org.apache.catalina.util.LifecycleBase.start(LifecycleBase.java:183)
	at org.apache.catalina.core.StandardService.startInternal(StandardService.java:434)
	at org.apache.catalina.util.LifecycleBase.start(LifecycleBase.java:183)
	at org.apache.catalina.core.StandardServer.startInternal(StandardServer.java:930)
	at org.apache.catalina.util.LifecycleBase.start(LifecycleBase.java:183)
	at org.apache.catalina.startup.Tomcat.start(Tomcat.java:486)
	at common.TomcatStartUp.createTomcat(TomcatStartUp.java:20)
	at logic.BloodBankTest.setUpBeforeClass(BloodBankTest.java:42)
	at java.base/jdk.internal.reflect.NativeMethodAccessorImpl.invoke0(Native Method)
	at java.base/jdk.internal.reflect.NativeMethodAccessorImpl.invoke(NativeMethodAccessorImpl.java:62)
	at java.base/jdk.internal.reflect.DelegatingMethodAccessorImpl.invoke(DelegatingMethodAccessorImpl.java:43)
	at java.base/java.lang.reflect.Method.invoke(Method.java:566)
	at org.junit.platform.commons.util.ReflectionUtils.invokeMethod(ReflectionUtils.java:688)
	at org.junit.jupiter.engine.execution.MethodInvocation.proceed(MethodInvocation.java:60)
	at org.junit.jupiter.engine.execution.InvocationInterceptorChain$ValidatingInvocation.proceed(InvocationInterceptorChain.java:131)
	at org.junit.jupiter.engine.extension.TimeoutExtension.intercept(TimeoutExtension.java:149)
	at org.junit.jupiter.engine.extension.TimeoutExtension.interceptLifecycleMethod(TimeoutExtension.java:126)
	at org.junit.jupiter.engine.extension.TimeoutExtension.interceptBeforeAllMethod(TimeoutExtension.java:68)
	at org.junit.jupiter.engine.execution.ExecutableInvoker$ReflectiveInterceptorCall.lambda$ofVoidMethod$0(ExecutableInvoker.java:115)
	at org.junit.jupiter.engine.execution.ExecutableInvoker.lambda$invoke$0(ExecutableInvoker.java:105)
	at org.junit.jupiter.engine.execution.InvocationInterceptorChain$InterceptedInvocation.proceed(InvocationInterceptorChain.java:106)
	at org.junit.jupiter.engine.execution.InvocationInterceptorChain.proceed(InvocationInterceptorChain.java:64)
	at org.junit.jupiter.engine.execution.InvocationInterceptorChain.chainAndInvoke(InvocationInterceptorChain.java:45)
	at org.junit.jupiter.engine.execution.InvocationInterceptorChain.invoke(InvocationInterceptorChain.java:37)
	at org.junit.jupiter.engine.execution.ExecutableInvoker.invoke(ExecutableInvoker.java:104)
	at org.junit.jupiter.engine.execution.ExecutableInvoker.invoke(ExecutableInvoker.java:98)
	at org.junit.jupiter.engine.descriptor.ClassBasedTestDescriptor.lambda$invokeBeforeAllMethods$9(ClassBasedTestDescriptor.java:384)
	at org.junit.platform.engine.support.hierarchical.ThrowableCollector.execute(ThrowableCollector.java:73)
	at org.junit.jupiter.engine.descriptor.ClassBasedTestDescriptor.invokeBeforeAllMethods(ClassBasedTestDescriptor.java:382)
	at org.junit.jupiter.engine.descriptor.ClassBasedTestDescriptor.before(ClassBasedTestDescriptor.java:196)
	at org.junit.jupiter.engine.descriptor.ClassBasedTestDescriptor.before(ClassBasedTestDescriptor.java:78)
	at org.junit.platform.engine.support.hierarchical.NodeTestTask.lambda$executeRecursively$5(NodeTestTask.java:136)
	at org.junit.platform.engine.support.hierarchical.ThrowableCollector.execute(ThrowableCollector.java:73)
	at org.junit.platform.engine.support.hierarchical.NodeTestTask.lambda$executeRecursively$7(NodeTestTask.java:129)
	at org.junit.platform.engine.support.hierarchical.Node.around(Node.java:137)
	at org.junit.platform.engine.support.hierarchical.NodeTestTask.lambda$executeRecursively$8(NodeTestTask.java:127)
	at org.junit.platform.engine.support.hierarchical.ThrowableCollector.execute(ThrowableCollector.java:73)
	at org.junit.platform.engine.support.hierarchical.NodeTestTask.executeRecursively(NodeTestTask.java:126)
	at org.junit.platform.engine.support.hierarchical.NodeTestTask.execute(NodeTestTask.java:84)
	at java.base/java.util.ArrayList.forEach(ArrayList.java:1541)
	at org.junit.platform.engine.support.hierarchical.SameThreadHierarchicalTestExecutorService.invokeAll(SameThreadHierarchicalTestExecutorService.java:38)
	at org.junit.platform.engine.support.hierarchical.NodeTestTask.lambda$executeRecursively$5(NodeTestTask.java:143)
	at org.junit.platform.engine.support.hierarchical.ThrowableCollector.execute(ThrowableCollector.java:73)
	at org.junit.platform.engine.support.hierarchical.NodeTestTask.lambda$executeRecursively$7(NodeTestTask.java:129)
	at org.junit.platform.engine.support.hierarchical.Node.around(Node.java:137)
	at org.junit.platform.engine.support.hierarchical.NodeTestTask.lambda$executeRecursively$8(NodeTestTask.java:127)
	at org.junit.platform.engine.support.hierarchical.ThrowableCollector.execute(ThrowableCollector.java:73)
	at org.junit.platform.engine.support.hierarchical.NodeTestTask.executeRecursively(NodeTestTask.java:126)
	at org.junit.platform.engine.support.hierarchical.NodeTestTask.execute(NodeTestTask.java:84)
	at org.junit.platform.engine.support.hierarchical.SameThreadHierarchicalTestExecutorService.submit(SameThreadHierarchicalTestExecutorService.java:32)
	at org.junit.platform.engine.support.hierarchical.HierarchicalTestExecutor.execute(HierarchicalTestExecutor.java:57)
	at org.junit.platform.engine.support.hierarchical.HierarchicalTestEngine.execute(HierarchicalTestEngine.java:51)
	at org.junit.platform.launcher.core.EngineExecutionOrchestrator.execute(EngineExecutionOrchestrator.java:108)
	at org.junit.platform.launcher.core.EngineExecutionOrchestrator.execute(EngineExecutionOrchestrator.java:88)
	at org.junit.platform.launcher.core.EngineExecutionOrchestrator.lambda$execute$0(EngineExecutionOrchestrator.java:54)
	at org.junit.platform.launcher.core.EngineExecutionOrchestrator.withInterceptedStreams(EngineExecutionOrchestrator.java:67)
	at org.junit.platform.launcher.core.EngineExecutionOrchestrator.execute(EngineExecutionOrchestrator.java:52)
	at org.junit.platform.launcher.core.DefaultLauncher.execute(DefaultLauncher.java:96)
	at org.junit.platform.launcher.core.DefaultLauncher.execute(DefaultLauncher.java:75)
	at org.apache.maven.surefire.junitplatform.JUnitPlatformProvider.execute(JUnitPlatformProvider.java:188)
	at org.apache.maven.surefire.junitplatform.JUnitPlatformProvider.invokeAllTests(JUnitPlatformProvider.java:154)
	at org.apache.maven.surefire.junitplatform.JUnitPlatformProvider.invoke(JUnitPlatformProvider.java:128)
	at org.apache.maven.surefire.booter.ForkedBooter.runSuitesInProcess(ForkedBooter.java:428)
	at org.apache.maven.surefire.booter.ForkedBooter.execute(ForkedBooter.java:162)
	at org.apache.maven.surefire.booter.ForkedBooter.run(ForkedBooter.java:562)
	at org.apache.maven.surefire.booter.ForkedBooter.main(ForkedBooter.java:548)
Caused by: java.lang.reflect.InvocationTargetException
	at java.base/jdk.internal.reflect.GeneratedConstructorAccessor17.newInstance(Unknown Source)
	at java.base/jdk.internal.reflect.DelegatingConstructorAccessorImpl.newInstance(DelegatingConstructorAccessorImpl.java:45)
	at java.base/java.lang.reflect.Constructor.newInstance(Constructor.java:490)
	at org.apache.tomcat.util.compat.Jre9Compat.jarFileNewInstance(Jre9Compat.java:206)
	... 94 more
Caused by: java.nio.file.NoSuchFileException: C:\Users\andre\.m2\repository\org\glassfish\jaxb\jaxb-runtime\2.3.1\txw2-2.3.1.jar
	at java.base/sun.nio.fs.WindowsException.translateToIOException(WindowsException.java:85)
	at java.base/sun.nio.fs.WindowsException.rethrowAsIOException(WindowsException.java:103)
	at java.base/sun.nio.fs.WindowsException.rethrowAsIOException(WindowsException.java:108)
	at java.base/sun.nio.fs.WindowsFileAttributeViews$Basic.readAttributes(WindowsFileAttributeViews.java:53)
	at java.base/sun.nio.fs.WindowsFileAttributeViews$Basic.readAttributes(WindowsFileAttributeViews.java:38)
	at java.base/sun.nio.fs.WindowsFileSystemProvider.readAttributes(WindowsFileSystemProvider.java:198)
	at java.base/java.nio.file.Files.readAttributes(Files.java:1763)
	at java.base/java.util.zip.ZipFile$Source.get(ZipFile.java:1225)
	at java.base/java.util.zip.ZipFile$CleanableResource.<init>(ZipFile.java:727)
	at java.base/java.util.zip.ZipFile$CleanableResource.get(ZipFile.java:844)
	at java.base/java.util.zip.ZipFile.<init>(ZipFile.java:247)
	at java.base/java.util.zip.ZipFile.<init>(ZipFile.java:177)
	at java.base/java.util.jar.JarFile.<init>(JarFile.java:348)
	... 98 more

Apr. 14, 2021 1:42:22 P.M. org.apache.tomcat.util.scan.StandardJarScanner processURLs
WARNING: Failed to scan [file:/C:/Users/andre/.m2/repository/org/glassfish/jaxb/jaxb-runtime/2.3.1/istack-commons-runtime-3.0.7.jar] from classloader hierarchy
java.io.IOException: java.lang.reflect.InvocationTargetException
	at org.apache.tomcat.util.compat.Jre9Compat.jarFileNewInstance(Jre9Compat.java:209)
	at org.apache.tomcat.util.scan.JarFileUrlJar.<init>(JarFileUrlJar.java:65)
	at org.apache.tomcat.util.scan.JarFactory.newInstance(JarFactory.java:49)
	at org.apache.tomcat.util.scan.StandardJarScanner.process(StandardJarScanner.java:383)
	at org.apache.tomcat.util.scan.StandardJarScanner.processURLs(StandardJarScanner.java:318)
	at org.apache.tomcat.util.scan.StandardJarScanner.doScanClassPath(StandardJarScanner.java:282)
	at org.apache.tomcat.util.scan.StandardJarScanner.scan(StandardJarScanner.java:233)
	at org.apache.catalina.startup.ContextConfig.processJarsForWebFragments(ContextConfig.java:2135)
	at org.apache.catalina.startup.ContextConfig.webConfig(ContextConfig.java:1289)
	at org.apache.catalina.startup.ContextConfig.configureStart(ContextConfig.java:986)
	at org.apache.catalina.startup.ContextConfig.lifecycleEvent(ContextConfig.java:303)
	at org.apache.catalina.util.LifecycleBase.fireLifecycleEvent(LifecycleBase.java:123)
	at org.apache.catalina.core.StandardContext.startInternal(StandardContext.java:5082)
	at org.apache.catalina.util.LifecycleBase.start(LifecycleBase.java:183)
	at org.apache.catalina.core.ContainerBase$StartChild.call(ContainerBase.java:1384)
	at org.apache.catalina.core.ContainerBase$StartChild.call(ContainerBase.java:1374)
	at java.base/java.util.concurrent.FutureTask.run(FutureTask.java:264)
	at org.apache.tomcat.util.threads.InlineExecutorService.execute(InlineExecutorService.java:75)
	at java.base/java.util.concurrent.AbstractExecutorService.submit(AbstractExecutorService.java:140)
	at org.apache.catalina.core.ContainerBase.startInternal(ContainerBase.java:909)
	at org.apache.catalina.core.StandardHost.startInternal(StandardHost.java:843)
	at org.apache.catalina.util.LifecycleBase.start(LifecycleBase.java:183)
	at org.apache.catalina.core.ContainerBase$StartChild.call(ContainerBase.java:1384)
	at org.apache.catalina.core.ContainerBase$StartChild.call(ContainerBase.java:1374)
	at java.base/java.util.concurrent.FutureTask.run(FutureTask.java:264)
	at org.apache.tomcat.util.threads.InlineExecutorService.execute(InlineExecutorService.java:75)
	at java.base/java.util.concurrent.AbstractExecutorService.submit(AbstractExecutorService.java:140)
	at org.apache.catalina.core.ContainerBase.startInternal(ContainerBase.java:909)
	at org.apache.catalina.core.StandardEngine.startInternal(StandardEngine.java:262)
	at org.apache.catalina.util.LifecycleBase.start(LifecycleBase.java:183)
	at org.apache.catalina.core.StandardService.startInternal(StandardService.java:434)
	at org.apache.catalina.util.LifecycleBase.start(LifecycleBase.java:183)
	at org.apache.catalina.core.StandardServer.startInternal(StandardServer.java:930)
	at org.apache.catalina.util.LifecycleBase.start(LifecycleBase.java:183)
	at org.apache.catalina.startup.Tomcat.start(Tomcat.java:486)
	at common.TomcatStartUp.createTomcat(TomcatStartUp.java:20)
	at logic.BloodBankTest.setUpBeforeClass(BloodBankTest.java:42)
	at java.base/jdk.internal.reflect.NativeMethodAccessorImpl.invoke0(Native Method)
	at java.base/jdk.internal.reflect.NativeMethodAccessorImpl.invoke(NativeMethodAccessorImpl.java:62)
	at java.base/jdk.internal.reflect.DelegatingMethodAccessorImpl.invoke(DelegatingMethodAccessorImpl.java:43)
	at java.base/java.lang.reflect.Method.invoke(Method.java:566)
	at org.junit.platform.commons.util.ReflectionUtils.invokeMethod(ReflectionUtils.java:688)
	at org.junit.jupiter.engine.execution.MethodInvocation.proceed(MethodInvocation.java:60)
	at org.junit.jupiter.engine.execution.InvocationInterceptorChain$ValidatingInvocation.proceed(InvocationInterceptorChain.java:131)
	at org.junit.jupiter.engine.extension.TimeoutExtension.intercept(TimeoutExtension.java:149)
	at org.junit.jupiter.engine.extension.TimeoutExtension.interceptLifecycleMethod(TimeoutExtension.java:126)
	at org.junit.jupiter.engine.extension.TimeoutExtension.interceptBeforeAllMethod(TimeoutExtension.java:68)
	at org.junit.jupiter.engine.execution.ExecutableInvoker$ReflectiveInterceptorCall.lambda$ofVoidMethod$0(ExecutableInvoker.java:115)
	at org.junit.jupiter.engine.execution.ExecutableInvoker.lambda$invoke$0(ExecutableInvoker.java:105)
	at org.junit.jupiter.engine.execution.InvocationInterceptorChain$InterceptedInvocation.proceed(InvocationInterceptorChain.java:106)
	at org.junit.jupiter.engine.execution.InvocationInterceptorChain.proceed(InvocationInterceptorChain.java:64)
	at org.junit.jupiter.engine.execution.InvocationInterceptorChain.chainAndInvoke(InvocationInterceptorChain.java:45)
	at org.junit.jupiter.engine.execution.InvocationInterceptorChain.invoke(InvocationInterceptorChain.java:37)
	at org.junit.jupiter.engine.execution.ExecutableInvoker.invoke(ExecutableInvoker.java:104)
	at org.junit.jupiter.engine.execution.ExecutableInvoker.invoke(ExecutableInvoker.java:98)
	at org.junit.jupiter.engine.descriptor.ClassBasedTestDescriptor.lambda$invokeBeforeAllMethods$9(ClassBasedTestDescriptor.java:384)
	at org.junit.platform.engine.support.hierarchical.ThrowableCollector.execute(ThrowableCollector.java:73)
	at org.junit.jupiter.engine.descriptor.ClassBasedTestDescriptor.invokeBeforeAllMethods(ClassBasedTestDescriptor.java:382)
	at org.junit.jupiter.engine.descriptor.ClassBasedTestDescriptor.before(ClassBasedTestDescriptor.java:196)
	at org.junit.jupiter.engine.descriptor.ClassBasedTestDescriptor.before(ClassBasedTestDescriptor.java:78)
	at org.junit.platform.engine.support.hierarchical.NodeTestTask.lambda$executeRecursively$5(NodeTestTask.java:136)
	at org.junit.platform.engine.support.hierarchical.ThrowableCollector.execute(ThrowableCollector.java:73)
	at org.junit.platform.engine.support.hierarchical.NodeTestTask.lambda$executeRecursively$7(NodeTestTask.java:129)
	at org.junit.platform.engine.support.hierarchical.Node.around(Node.java:137)
	at org.junit.platform.engine.support.hierarchical.NodeTestTask.lambda$executeRecursively$8(NodeTestTask.java:127)
	at org.junit.platform.engine.support.hierarchical.ThrowableCollector.execute(ThrowableCollector.java:73)
	at org.junit.platform.engine.support.hierarchical.NodeTestTask.executeRecursively(NodeTestTask.java:126)
	at org.junit.platform.engine.support.hierarchical.NodeTestTask.execute(NodeTestTask.java:84)
	at java.base/java.util.ArrayList.forEach(ArrayList.java:1541)
	at org.junit.platform.engine.support.hierarchical.SameThreadHierarchicalTestExecutorService.invokeAll(SameThreadHierarchicalTestExecutorService.java:38)
	at org.junit.platform.engine.support.hierarchical.NodeTestTask.lambda$executeRecursively$5(NodeTestTask.java:143)
	at org.junit.platform.engine.support.hierarchical.ThrowableCollector.execute(ThrowableCollector.java:73)
	at org.junit.platform.engine.support.hierarchical.NodeTestTask.lambda$executeRecursively$7(NodeTestTask.java:129)
	at org.junit.platform.engine.support.hierarchical.Node.around(Node.java:137)
	at org.junit.platform.engine.support.hierarchical.NodeTestTask.lambda$executeRecursively$8(NodeTestTask.java:127)
	at org.junit.platform.engine.support.hierarchical.ThrowableCollector.execute(ThrowableCollector.java:73)
	at org.junit.platform.engine.support.hierarchical.NodeTestTask.executeRecursively(NodeTestTask.java:126)
	at org.junit.platform.engine.support.hierarchical.NodeTestTask.execute(NodeTestTask.java:84)
	at org.junit.platform.engine.support.hierarchical.SameThreadHierarchicalTestExecutorService.submit(SameThreadHierarchicalTestExecutorService.java:32)
	at org.junit.platform.engine.support.hierarchical.HierarchicalTestExecutor.execute(HierarchicalTestExecutor.java:57)
	at org.junit.platform.engine.support.hierarchical.HierarchicalTestEngine.execute(HierarchicalTestEngine.java:51)
	at org.junit.platform.launcher.core.EngineExecutionOrchestrator.execute(EngineExecutionOrchestrator.java:108)
	at org.junit.platform.launcher.core.EngineExecutionOrchestrator.execute(EngineExecutionOrchestrator.java:88)
	at org.junit.platform.launcher.core.EngineExecutionOrchestrator.lambda$execute$0(EngineExecutionOrchestrator.java:54)
	at org.junit.platform.launcher.core.EngineExecutionOrchestrator.withInterceptedStreams(EngineExecutionOrchestrator.java:67)
	at org.junit.platform.launcher.core.EngineExecutionOrchestrator.execute(EngineExecutionOrchestrator.java:52)
	at org.junit.platform.launcher.core.DefaultLauncher.execute(DefaultLauncher.java:96)
	at org.junit.platform.launcher.core.DefaultLauncher.execute(DefaultLauncher.java:75)
	at org.apache.maven.surefire.junitplatform.JUnitPlatformProvider.execute(JUnitPlatformProvider.java:188)
	at org.apache.maven.surefire.junitplatform.JUnitPlatformProvider.invokeAllTests(JUnitPlatformProvider.java:154)
	at org.apache.maven.surefire.junitplatform.JUnitPlatformProvider.invoke(JUnitPlatformProvider.java:128)
	at org.apache.maven.surefire.booter.ForkedBooter.runSuitesInProcess(ForkedBooter.java:428)
	at org.apache.maven.surefire.booter.ForkedBooter.execute(ForkedBooter.java:162)
	at org.apache.maven.surefire.booter.ForkedBooter.run(ForkedBooter.java:562)
	at org.apache.maven.surefire.booter.ForkedBooter.main(ForkedBooter.java:548)
Caused by: java.lang.reflect.InvocationTargetException
	at java.base/jdk.internal.reflect.GeneratedConstructorAccessor17.newInstance(Unknown Source)
	at java.base/jdk.internal.reflect.DelegatingConstructorAccessorImpl.newInstance(DelegatingConstructorAccessorImpl.java:45)
	at java.base/java.lang.reflect.Constructor.newInstance(Constructor.java:490)
	at org.apache.tomcat.util.compat.Jre9Compat.jarFileNewInstance(Jre9Compat.java:206)
	... 94 more
Caused by: java.nio.file.NoSuchFileException: C:\Users\andre\.m2\repository\org\glassfish\jaxb\jaxb-runtime\2.3.1\istack-commons-runtime-3.0.7.jar
	at java.base/sun.nio.fs.WindowsException.translateToIOException(WindowsException.java:85)
	at java.base/sun.nio.fs.WindowsException.rethrowAsIOException(WindowsException.java:103)
	at java.base/sun.nio.fs.WindowsException.rethrowAsIOException(WindowsException.java:108)
	at java.base/sun.nio.fs.WindowsFileAttributeViews$Basic.readAttributes(WindowsFileAttributeViews.java:53)
	at java.base/sun.nio.fs.WindowsFileAttributeViews$Basic.readAttributes(WindowsFileAttributeViews.java:38)
	at java.base/sun.nio.fs.WindowsFileSystemProvider.readAttributes(WindowsFileSystemProvider.java:198)
	at java.base/java.nio.file.Files.readAttributes(Files.java:1763)
	at java.base/java.util.zip.ZipFile$Source.get(ZipFile.java:1225)
	at java.base/java.util.zip.ZipFile$CleanableResource.<init>(ZipFile.java:727)
	at java.base/java.util.zip.ZipFile$CleanableResource.get(ZipFile.java:844)
	at java.base/java.util.zip.ZipFile.<init>(ZipFile.java:247)
	at java.base/java.util.zip.ZipFile.<init>(ZipFile.java:177)
	at java.base/java.util.jar.JarFile.<init>(JarFile.java:348)
	... 98 more

Apr. 14, 2021 1:42:22 P.M. org.apache.tomcat.util.scan.StandardJarScanner processURLs
WARNING: Failed to scan [file:/C:/Users/andre/.m2/repository/org/glassfish/jaxb/jaxb-runtime/2.3.1/stax-ex-1.8.jar] from classloader hierarchy
java.io.IOException: java.lang.reflect.InvocationTargetException
	at org.apache.tomcat.util.compat.Jre9Compat.jarFileNewInstance(Jre9Compat.java:209)
	at org.apache.tomcat.util.scan.JarFileUrlJar.<init>(JarFileUrlJar.java:65)
	at org.apache.tomcat.util.scan.JarFactory.newInstance(JarFactory.java:49)
	at org.apache.tomcat.util.scan.StandardJarScanner.process(StandardJarScanner.java:383)
	at org.apache.tomcat.util.scan.StandardJarScanner.processURLs(StandardJarScanner.java:318)
	at org.apache.tomcat.util.scan.StandardJarScanner.doScanClassPath(StandardJarScanner.java:282)
	at org.apache.tomcat.util.scan.StandardJarScanner.scan(StandardJarScanner.java:233)
	at org.apache.catalina.startup.ContextConfig.processJarsForWebFragments(ContextConfig.java:2135)
	at org.apache.catalina.startup.ContextConfig.webConfig(ContextConfig.java:1289)
	at org.apache.catalina.startup.ContextConfig.configureStart(ContextConfig.java:986)
	at org.apache.catalina.startup.ContextConfig.lifecycleEvent(ContextConfig.java:303)
	at org.apache.catalina.util.LifecycleBase.fireLifecycleEvent(LifecycleBase.java:123)
	at org.apache.catalina.core.StandardContext.startInternal(StandardContext.java:5082)
	at org.apache.catalina.util.LifecycleBase.start(LifecycleBase.java:183)
	at org.apache.catalina.core.ContainerBase$StartChild.call(ContainerBase.java:1384)
	at org.apache.catalina.core.ContainerBase$StartChild.call(ContainerBase.java:1374)
	at java.base/java.util.concurrent.FutureTask.run(FutureTask.java:264)
	at org.apache.tomcat.util.threads.InlineExecutorService.execute(InlineExecutorService.java:75)
	at java.base/java.util.concurrent.AbstractExecutorService.submit(AbstractExecutorService.java:140)
	at org.apache.catalina.core.ContainerBase.startInternal(ContainerBase.java:909)
	at org.apache.catalina.core.StandardHost.startInternal(StandardHost.java:843)
	at org.apache.catalina.util.LifecycleBase.start(LifecycleBase.java:183)
	at org.apache.catalina.core.ContainerBase$StartChild.call(ContainerBase.java:1384)
	at org.apache.catalina.core.ContainerBase$StartChild.call(ContainerBase.java:1374)
	at java.base/java.util.concurrent.FutureTask.run(FutureTask.java:264)
	at org.apache.tomcat.util.threads.InlineExecutorService.execute(InlineExecutorService.java:75)
	at java.base/java.util.concurrent.AbstractExecutorService.submit(AbstractExecutorService.java:140)
	at org.apache.catalina.core.ContainerBase.startInternal(ContainerBase.java:909)
	at org.apache.catalina.core.StandardEngine.startInternal(StandardEngine.java:262)
	at org.apache.catalina.util.LifecycleBase.start(LifecycleBase.java:183)
	at org.apache.catalina.core.StandardService.startInternal(StandardService.java:434)
	at org.apache.catalina.util.LifecycleBase.start(LifecycleBase.java:183)
	at org.apache.catalina.core.StandardServer.startInternal(StandardServer.java:930)
	at org.apache.catalina.util.LifecycleBase.start(LifecycleBase.java:183)
	at org.apache.catalina.startup.Tomcat.start(Tomcat.java:486)
	at common.TomcatStartUp.createTomcat(TomcatStartUp.java:20)
	at logic.BloodBankTest.setUpBeforeClass(BloodBankTest.java:42)
	at java.base/jdk.internal.reflect.NativeMethodAccessorImpl.invoke0(Native Method)
	at java.base/jdk.internal.reflect.NativeMethodAccessorImpl.invoke(NativeMethodAccessorImpl.java:62)
	at java.base/jdk.internal.reflect.DelegatingMethodAccessorImpl.invoke(DelegatingMethodAccessorImpl.java:43)
	at java.base/java.lang.reflect.Method.invoke(Method.java:566)
	at org.junit.platform.commons.util.ReflectionUtils.invokeMethod(ReflectionUtils.java:688)
	at org.junit.jupiter.engine.execution.MethodInvocation.proceed(MethodInvocation.java:60)
	at org.junit.jupiter.engine.execution.InvocationInterceptorChain$ValidatingInvocation.proceed(InvocationInterceptorChain.java:131)
	at org.junit.jupiter.engine.extension.TimeoutExtension.intercept(TimeoutExtension.java:149)
	at org.junit.jupiter.engine.extension.TimeoutExtension.interceptLifecycleMethod(TimeoutExtension.java:126)
	at org.junit.jupiter.engine.extension.TimeoutExtension.interceptBeforeAllMethod(TimeoutExtension.java:68)
	at org.junit.jupiter.engine.execution.ExecutableInvoker$ReflectiveInterceptorCall.lambda$ofVoidMethod$0(ExecutableInvoker.java:115)
	at org.junit.jupiter.engine.execution.ExecutableInvoker.lambda$invoke$0(ExecutableInvoker.java:105)
	at org.junit.jupiter.engine.execution.InvocationInterceptorChain$InterceptedInvocation.proceed(InvocationInterceptorChain.java:106)
	at org.junit.jupiter.engine.execution.InvocationInterceptorChain.proceed(InvocationInterceptorChain.java:64)
	at org.junit.jupiter.engine.execution.InvocationInterceptorChain.chainAndInvoke(InvocationInterceptorChain.java:45)
	at org.junit.jupiter.engine.execution.InvocationInterceptorChain.invoke(InvocationInterceptorChain.java:37)
	at org.junit.jupiter.engine.execution.ExecutableInvoker.invoke(ExecutableInvoker.java:104)
	at org.junit.jupiter.engine.execution.ExecutableInvoker.invoke(ExecutableInvoker.java:98)
	at org.junit.jupiter.engine.descriptor.ClassBasedTestDescriptor.lambda$invokeBeforeAllMethods$9(ClassBasedTestDescriptor.java:384)
	at org.junit.platform.engine.support.hierarchical.ThrowableCollector.execute(ThrowableCollector.java:73)
	at org.junit.jupiter.engine.descriptor.ClassBasedTestDescriptor.invokeBeforeAllMethods(ClassBasedTestDescriptor.java:382)
	at org.junit.jupiter.engine.descriptor.ClassBasedTestDescriptor.before(ClassBasedTestDescriptor.java:196)
	at org.junit.jupiter.engine.descriptor.ClassBasedTestDescriptor.before(ClassBasedTestDescriptor.java:78)
	at org.junit.platform.engine.support.hierarchical.NodeTestTask.lambda$executeRecursively$5(NodeTestTask.java:136)
	at org.junit.platform.engine.support.hierarchical.ThrowableCollector.execute(ThrowableCollector.java:73)
	at org.junit.platform.engine.support.hierarchical.NodeTestTask.lambda$executeRecursively$7(NodeTestTask.java:129)
	at org.junit.platform.engine.support.hierarchical.Node.around(Node.java:137)
	at org.junit.platform.engine.support.hierarchical.NodeTestTask.lambda$executeRecursively$8(NodeTestTask.java:127)
	at org.junit.platform.engine.support.hierarchical.ThrowableCollector.execute(ThrowableCollector.java:73)
	at org.junit.platform.engine.support.hierarchical.NodeTestTask.executeRecursively(NodeTestTask.java:126)
	at org.junit.platform.engine.support.hierarchical.NodeTestTask.execute(NodeTestTask.java:84)
	at java.base/java.util.ArrayList.forEach(ArrayList.java:1541)
	at org.junit.platform.engine.support.hierarchical.SameThreadHierarchicalTestExecutorService.invokeAll(SameThreadHierarchicalTestExecutorService.java:38)
	at org.junit.platform.engine.support.hierarchical.NodeTestTask.lambda$executeRecursively$5(NodeTestTask.java:143)
	at org.junit.platform.engine.support.hierarchical.ThrowableCollector.execute(ThrowableCollector.java:73)
	at org.junit.platform.engine.support.hierarchical.NodeTestTask.lambda$executeRecursively$7(NodeTestTask.java:129)
	at org.junit.platform.engine.support.hierarchical.Node.around(Node.java:137)
	at org.junit.platform.engine.support.hierarchical.NodeTestTask.lambda$executeRecursively$8(NodeTestTask.java:127)
	at org.junit.platform.engine.support.hierarchical.ThrowableCollector.execute(ThrowableCollector.java:73)
	at org.junit.platform.engine.support.hierarchical.NodeTestTask.executeRecursively(NodeTestTask.java:126)
	at org.junit.platform.engine.support.hierarchical.NodeTestTask.execute(NodeTestTask.java:84)
	at org.junit.platform.engine.support.hierarchical.SameThreadHierarchicalTestExecutorService.submit(SameThreadHierarchicalTestExecutorService.java:32)
	at org.junit.platform.engine.support.hierarchical.HierarchicalTestExecutor.execute(HierarchicalTestExecutor.java:57)
	at org.junit.platform.engine.support.hierarchical.HierarchicalTestEngine.execute(HierarchicalTestEngine.java:51)
	at org.junit.platform.launcher.core.EngineExecutionOrchestrator.execute(EngineExecutionOrchestrator.java:108)
	at org.junit.platform.launcher.core.EngineExecutionOrchestrator.execute(EngineExecutionOrchestrator.java:88)
	at org.junit.platform.launcher.core.EngineExecutionOrchestrator.lambda$execute$0(EngineExecutionOrchestrator.java:54)
	at org.junit.platform.launcher.core.EngineExecutionOrchestrator.withInterceptedStreams(EngineExecutionOrchestrator.java:67)
	at org.junit.platform.launcher.core.EngineExecutionOrchestrator.execute(EngineExecutionOrchestrator.java:52)
	at org.junit.platform.launcher.core.DefaultLauncher.execute(DefaultLauncher.java:96)
	at org.junit.platform.launcher.core.DefaultLauncher.execute(DefaultLauncher.java:75)
	at org.apache.maven.surefire.junitplatform.JUnitPlatformProvider.execute(JUnitPlatformProvider.java:188)
	at org.apache.maven.surefire.junitplatform.JUnitPlatformProvider.invokeAllTests(JUnitPlatformProvider.java:154)
	at org.apache.maven.surefire.junitplatform.JUnitPlatformProvider.invoke(JUnitPlatformProvider.java:128)
	at org.apache.maven.surefire.booter.ForkedBooter.runSuitesInProcess(ForkedBooter.java:428)
	at org.apache.maven.surefire.booter.ForkedBooter.execute(ForkedBooter.java:162)
	at org.apache.maven.surefire.booter.ForkedBooter.run(ForkedBooter.java:562)
	at org.apache.maven.surefire.booter.ForkedBooter.main(ForkedBooter.java:548)
Caused by: java.lang.reflect.InvocationTargetException
	at java.base/jdk.internal.reflect.GeneratedConstructorAccessor17.newInstance(Unknown Source)
	at java.base/jdk.internal.reflect.DelegatingConstructorAccessorImpl.newInstance(DelegatingConstructorAccessorImpl.java:45)
	at java.base/java.lang.reflect.Constructor.newInstance(Constructor.java:490)
	at org.apache.tomcat.util.compat.Jre9Compat.jarFileNewInstance(Jre9Compat.java:206)
	... 94 more
Caused by: java.nio.file.NoSuchFileException: C:\Users\andre\.m2\repository\org\glassfish\jaxb\jaxb-runtime\2.3.1\stax-ex-1.8.jar
	at java.base/sun.nio.fs.WindowsException.translateToIOException(WindowsException.java:85)
	at java.base/sun.nio.fs.WindowsException.rethrowAsIOException(WindowsException.java:103)
	at java.base/sun.nio.fs.WindowsException.rethrowAsIOException(WindowsException.java:108)
	at java.base/sun.nio.fs.WindowsFileAttributeViews$Basic.readAttributes(WindowsFileAttributeViews.java:53)
	at java.base/sun.nio.fs.WindowsFileAttributeViews$Basic.readAttributes(WindowsFileAttributeViews.java:38)
	at java.base/sun.nio.fs.WindowsFileSystemProvider.readAttributes(WindowsFileSystemProvider.java:198)
	at java.base/java.nio.file.Files.readAttributes(Files.java:1763)
	at java.base/java.util.zip.ZipFile$Source.get(ZipFile.java:1225)
	at java.base/java.util.zip.ZipFile$CleanableResource.<init>(ZipFile.java:727)
	at java.base/java.util.zip.ZipFile$CleanableResource.get(ZipFile.java:844)
	at java.base/java.util.zip.ZipFile.<init>(ZipFile.java:247)
	at java.base/java.util.zip.ZipFile.<init>(ZipFile.java:177)
	at java.base/java.util.jar.JarFile.<init>(JarFile.java:348)
	... 98 more

Apr. 14, 2021 1:42:22 P.M. org.apache.tomcat.util.scan.StandardJarScanner processURLs
WARNING: Failed to scan [file:/C:/Users/andre/.m2/repository/org/glassfish/jaxb/jaxb-runtime/2.3.1/FastInfoset-1.2.15.jar] from classloader hierarchy
java.io.IOException: java.lang.reflect.InvocationTargetException
	at org.apache.tomcat.util.compat.Jre9Compat.jarFileNewInstance(Jre9Compat.java:209)
	at org.apache.tomcat.util.scan.JarFileUrlJar.<init>(JarFileUrlJar.java:65)
	at org.apache.tomcat.util.scan.JarFactory.newInstance(JarFactory.java:49)
	at org.apache.tomcat.util.scan.StandardJarScanner.process(StandardJarScanner.java:383)
	at org.apache.tomcat.util.scan.StandardJarScanner.processURLs(StandardJarScanner.java:318)
	at org.apache.tomcat.util.scan.StandardJarScanner.doScanClassPath(StandardJarScanner.java:282)
	at org.apache.tomcat.util.scan.StandardJarScanner.scan(StandardJarScanner.java:233)
	at org.apache.catalina.startup.ContextConfig.processJarsForWebFragments(ContextConfig.java:2135)
	at org.apache.catalina.startup.ContextConfig.webConfig(ContextConfig.java:1289)
	at org.apache.catalina.startup.ContextConfig.configureStart(ContextConfig.java:986)
	at org.apache.catalina.startup.ContextConfig.lifecycleEvent(ContextConfig.java:303)
	at org.apache.catalina.util.LifecycleBase.fireLifecycleEvent(LifecycleBase.java:123)
	at org.apache.catalina.core.StandardContext.startInternal(StandardContext.java:5082)
	at org.apache.catalina.util.LifecycleBase.start(LifecycleBase.java:183)
	at org.apache.catalina.core.ContainerBase$StartChild.call(ContainerBase.java:1384)
	at org.apache.catalina.core.ContainerBase$StartChild.call(ContainerBase.java:1374)
	at java.base/java.util.concurrent.FutureTask.run(FutureTask.java:264)
	at org.apache.tomcat.util.threads.InlineExecutorService.execute(InlineExecutorService.java:75)
	at java.base/java.util.concurrent.AbstractExecutorService.submit(AbstractExecutorService.java:140)
	at org.apache.catalina.core.ContainerBase.startInternal(ContainerBase.java:909)
	at org.apache.catalina.core.StandardHost.startInternal(StandardHost.java:843)
	at org.apache.catalina.util.LifecycleBase.start(LifecycleBase.java:183)
	at org.apache.catalina.core.ContainerBase$StartChild.call(ContainerBase.java:1384)
	at org.apache.catalina.core.ContainerBase$StartChild.call(ContainerBase.java:1374)
	at java.base/java.util.concurrent.FutureTask.run(FutureTask.java:264)
	at org.apache.tomcat.util.threads.InlineExecutorService.execute(InlineExecutorService.java:75)
	at java.base/java.util.concurrent.AbstractExecutorService.submit(AbstractExecutorService.java:140)
	at org.apache.catalina.core.ContainerBase.startInternal(ContainerBase.java:909)
	at org.apache.catalina.core.StandardEngine.startInternal(StandardEngine.java:262)
	at org.apache.catalina.util.LifecycleBase.start(LifecycleBase.java:183)
	at org.apache.catalina.core.StandardService.startInternal(StandardService.java:434)
	at org.apache.catalina.util.LifecycleBase.start(LifecycleBase.java:183)
	at org.apache.catalina.core.StandardServer.startInternal(StandardServer.java:930)
	at org.apache.catalina.util.LifecycleBase.start(LifecycleBase.java:183)
	at org.apache.catalina.startup.Tomcat.start(Tomcat.java:486)
	at common.TomcatStartUp.createTomcat(TomcatStartUp.java:20)
	at logic.BloodBankTest.setUpBeforeClass(BloodBankTest.java:42)
	at java.base/jdk.internal.reflect.NativeMethodAccessorImpl.invoke0(Native Method)
	at java.base/jdk.internal.reflect.NativeMethodAccessorImpl.invoke(NativeMethodAccessorImpl.java:62)
	at java.base/jdk.internal.reflect.DelegatingMethodAccessorImpl.invoke(DelegatingMethodAccessorImpl.java:43)
	at java.base/java.lang.reflect.Method.invoke(Method.java:566)
	at org.junit.platform.commons.util.ReflectionUtils.invokeMethod(ReflectionUtils.java:688)
	at org.junit.jupiter.engine.execution.MethodInvocation.proceed(MethodInvocation.java:60)
	at org.junit.jupiter.engine.execution.InvocationInterceptorChain$ValidatingInvocation.proceed(InvocationInterceptorChain.java:131)
	at org.junit.jupiter.engine.extension.TimeoutExtension.intercept(TimeoutExtension.java:149)
	at org.junit.jupiter.engine.extension.TimeoutExtension.interceptLifecycleMethod(TimeoutExtension.java:126)
	at org.junit.jupiter.engine.extension.TimeoutExtension.interceptBeforeAllMethod(TimeoutExtension.java:68)
	at org.junit.jupiter.engine.execution.ExecutableInvoker$ReflectiveInterceptorCall.lambda$ofVoidMethod$0(ExecutableInvoker.java:115)
	at org.junit.jupiter.engine.execution.ExecutableInvoker.lambda$invoke$0(ExecutableInvoker.java:105)
	at org.junit.jupiter.engine.execution.InvocationInterceptorChain$InterceptedInvocation.proceed(InvocationInterceptorChain.java:106)
	at org.junit.jupiter.engine.execution.InvocationInterceptorChain.proceed(InvocationInterceptorChain.java:64)
	at org.junit.jupiter.engine.execution.InvocationInterceptorChain.chainAndInvoke(InvocationInterceptorChain.java:45)
	at org.junit.jupiter.engine.execution.InvocationInterceptorChain.invoke(InvocationInterceptorChain.java:37)
	at org.junit.jupiter.engine.execution.ExecutableInvoker.invoke(ExecutableInvoker.java:104)
	at org.junit.jupiter.engine.execution.ExecutableInvoker.invoke(ExecutableInvoker.java:98)
	at org.junit.jupiter.engine.descriptor.ClassBasedTestDescriptor.lambda$invokeBeforeAllMethods$9(ClassBasedTestDescriptor.java:384)
	at org.junit.platform.engine.support.hierarchical.ThrowableCollector.execute(ThrowableCollector.java:73)
	at org.junit.jupiter.engine.descriptor.ClassBasedTestDescriptor.invokeBeforeAllMethods(ClassBasedTestDescriptor.java:382)
	at org.junit.jupiter.engine.descriptor.ClassBasedTestDescriptor.before(ClassBasedTestDescriptor.java:196)
	at org.junit.jupiter.engine.descriptor.ClassBasedTestDescriptor.before(ClassBasedTestDescriptor.java:78)
	at org.junit.platform.engine.support.hierarchical.NodeTestTask.lambda$executeRecursively$5(NodeTestTask.java:136)
	at org.junit.platform.engine.support.hierarchical.ThrowableCollector.execute(ThrowableCollector.java:73)
	at org.junit.platform.engine.support.hierarchical.NodeTestTask.lambda$executeRecursively$7(NodeTestTask.java:129)
	at org.junit.platform.engine.support.hierarchical.Node.around(Node.java:137)
	at org.junit.platform.engine.support.hierarchical.NodeTestTask.lambda$executeRecursively$8(NodeTestTask.java:127)
	at org.junit.platform.engine.support.hierarchical.ThrowableCollector.execute(ThrowableCollector.java:73)
	at org.junit.platform.engine.support.hierarchical.NodeTestTask.executeRecursively(NodeTestTask.java:126)
	at org.junit.platform.engine.support.hierarchical.NodeTestTask.execute(NodeTestTask.java:84)
	at java.base/java.util.ArrayList.forEach(ArrayList.java:1541)
	at org.junit.platform.engine.support.hierarchical.SameThreadHierarchicalTestExecutorService.invokeAll(SameThreadHierarchicalTestExecutorService.java:38)
	at org.junit.platform.engine.support.hierarchical.NodeTestTask.lambda$executeRecursively$5(NodeTestTask.java:143)
	at org.junit.platform.engine.support.hierarchical.ThrowableCollector.execute(ThrowableCollector.java:73)
	at org.junit.platform.engine.support.hierarchical.NodeTestTask.lambda$executeRecursively$7(NodeTestTask.java:129)
	at org.junit.platform.engine.support.hierarchical.Node.around(Node.java:137)
	at org.junit.platform.engine.support.hierarchical.NodeTestTask.lambda$executeRecursively$8(NodeTestTask.java:127)
	at org.junit.platform.engine.support.hierarchical.ThrowableCollector.execute(ThrowableCollector.java:73)
	at org.junit.platform.engine.support.hierarchical.NodeTestTask.executeRecursively(NodeTestTask.java:126)
	at org.junit.platform.engine.support.hierarchical.NodeTestTask.execute(NodeTestTask.java:84)
	at org.junit.platform.engine.support.hierarchical.SameThreadHierarchicalTestExecutorService.submit(SameThreadHierarchicalTestExecutorService.java:32)
	at org.junit.platform.engine.support.hierarchical.HierarchicalTestExecutor.execute(HierarchicalTestExecutor.java:57)
	at org.junit.platform.engine.support.hierarchical.HierarchicalTestEngine.execute(HierarchicalTestEngine.java:51)
	at org.junit.platform.launcher.core.EngineExecutionOrchestrator.execute(EngineExecutionOrchestrator.java:108)
	at org.junit.platform.launcher.core.EngineExecutionOrchestrator.execute(EngineExecutionOrchestrator.java:88)
	at org.junit.platform.launcher.core.EngineExecutionOrchestrator.lambda$execute$0(EngineExecutionOrchestrator.java:54)
	at org.junit.platform.launcher.core.EngineExecutionOrchestrator.withInterceptedStreams(EngineExecutionOrchestrator.java:67)
	at org.junit.platform.launcher.core.EngineExecutionOrchestrator.execute(EngineExecutionOrchestrator.java:52)
	at org.junit.platform.launcher.core.DefaultLauncher.execute(DefaultLauncher.java:96)
	at org.junit.platform.launcher.core.DefaultLauncher.execute(DefaultLauncher.java:75)
	at org.apache.maven.surefire.junitplatform.JUnitPlatformProvider.execute(JUnitPlatformProvider.java:188)
	at org.apache.maven.surefire.junitplatform.JUnitPlatformProvider.invokeAllTests(JUnitPlatformProvider.java:154)
	at org.apache.maven.surefire.junitplatform.JUnitPlatformProvider.invoke(JUnitPlatformProvider.java:128)
	at org.apache.maven.surefire.booter.ForkedBooter.runSuitesInProcess(ForkedBooter.java:428)
	at org.apache.maven.surefire.booter.ForkedBooter.execute(ForkedBooter.java:162)
	at org.apache.maven.surefire.booter.ForkedBooter.run(ForkedBooter.java:562)
	at org.apache.maven.surefire.booter.ForkedBooter.main(ForkedBooter.java:548)
Caused by: java.lang.reflect.InvocationTargetException
	at java.base/jdk.internal.reflect.GeneratedConstructorAccessor17.newInstance(Unknown Source)
	at java.base/jdk.internal.reflect.DelegatingConstructorAccessorImpl.newInstance(DelegatingConstructorAccessorImpl.java:45)
	at java.base/java.lang.reflect.Constructor.newInstance(Constructor.java:490)
	at org.apache.tomcat.util.compat.Jre9Compat.jarFileNewInstance(Jre9Compat.java:206)
	... 94 more
Caused by: java.nio.file.NoSuchFileException: C:\Users\andre\.m2\repository\org\glassfish\jaxb\jaxb-runtime\2.3.1\FastInfoset-1.2.15.jar
	at java.base/sun.nio.fs.WindowsException.translateToIOException(WindowsException.java:85)
	at java.base/sun.nio.fs.WindowsException.rethrowAsIOException(WindowsException.java:103)
	at java.base/sun.nio.fs.WindowsException.rethrowAsIOException(WindowsException.java:108)
	at java.base/sun.nio.fs.WindowsFileAttributeViews$Basic.readAttributes(WindowsFileAttributeViews.java:53)
	at java.base/sun.nio.fs.WindowsFileAttributeViews$Basic.readAttributes(WindowsFileAttributeViews.java:38)
	at java.base/sun.nio.fs.WindowsFileSystemProvider.readAttributes(WindowsFileSystemProvider.java:198)
	at java.base/java.nio.file.Files.readAttributes(Files.java:1763)
	at java.base/java.util.zip.ZipFile$Source.get(ZipFile.java:1225)
	at java.base/java.util.zip.ZipFile$CleanableResource.<init>(ZipFile.java:727)
	at java.base/java.util.zip.ZipFile$CleanableResource.get(ZipFile.java:844)
	at java.base/java.util.zip.ZipFile.<init>(ZipFile.java:247)
	at java.base/java.util.zip.ZipFile.<init>(ZipFile.java:177)
	at java.base/java.util.jar.JarFile.<init>(JarFile.java:348)
	... 98 more

Apr. 14, 2021 1:42:22 P.M. org.apache.tomcat.util.scan.StandardJarScanner processURLs
WARNING: Failed to scan [file:/C:/Users/andre/.m2/repository/org/glassfish/jaxb/jaxb-runtime/2.3.1/javax.activation-api-1.2.0.jar] from classloader hierarchy
java.io.IOException: java.lang.reflect.InvocationTargetException
	at org.apache.tomcat.util.compat.Jre9Compat.jarFileNewInstance(Jre9Compat.java:209)
	at org.apache.tomcat.util.scan.JarFileUrlJar.<init>(JarFileUrlJar.java:65)
	at org.apache.tomcat.util.scan.JarFactory.newInstance(JarFactory.java:49)
	at org.apache.tomcat.util.scan.StandardJarScanner.process(StandardJarScanner.java:383)
	at org.apache.tomcat.util.scan.StandardJarScanner.processURLs(StandardJarScanner.java:318)
	at org.apache.tomcat.util.scan.StandardJarScanner.doScanClassPath(StandardJarScanner.java:282)
	at org.apache.tomcat.util.scan.StandardJarScanner.scan(StandardJarScanner.java:233)
	at org.apache.catalina.startup.ContextConfig.processJarsForWebFragments(ContextConfig.java:2135)
	at org.apache.catalina.startup.ContextConfig.webConfig(ContextConfig.java:1289)
	at org.apache.catalina.startup.ContextConfig.configureStart(ContextConfig.java:986)
	at org.apache.catalina.startup.ContextConfig.lifecycleEvent(ContextConfig.java:303)
	at org.apache.catalina.util.LifecycleBase.fireLifecycleEvent(LifecycleBase.java:123)
	at org.apache.catalina.core.StandardContext.startInternal(StandardContext.java:5082)
	at org.apache.catalina.util.LifecycleBase.start(LifecycleBase.java:183)
	at org.apache.catalina.core.ContainerBase$StartChild.call(ContainerBase.java:1384)
	at org.apache.catalina.core.ContainerBase$StartChild.call(ContainerBase.java:1374)
	at java.base/java.util.concurrent.FutureTask.run(FutureTask.java:264)
	at org.apache.tomcat.util.threads.InlineExecutorService.execute(InlineExecutorService.java:75)
	at java.base/java.util.concurrent.AbstractExecutorService.submit(AbstractExecutorService.java:140)
	at org.apache.catalina.core.ContainerBase.startInternal(ContainerBase.java:909)
	at org.apache.catalina.core.StandardHost.startInternal(StandardHost.java:843)
	at org.apache.catalina.util.LifecycleBase.start(LifecycleBase.java:183)
	at org.apache.catalina.core.ContainerBase$StartChild.call(ContainerBase.java:1384)
	at org.apache.catalina.core.ContainerBase$StartChild.call(ContainerBase.java:1374)
	at java.base/java.util.concurrent.FutureTask.run(FutureTask.java:264)
	at org.apache.tomcat.util.threads.InlineExecutorService.execute(InlineExecutorService.java:75)
	at java.base/java.util.concurrent.AbstractExecutorService.submit(AbstractExecutorService.java:140)
	at org.apache.catalina.core.ContainerBase.startInternal(ContainerBase.java:909)
	at org.apache.catalina.core.StandardEngine.startInternal(StandardEngine.java:262)
	at org.apache.catalina.util.LifecycleBase.start(LifecycleBase.java:183)
	at org.apache.catalina.core.StandardService.startInternal(StandardService.java:434)
	at org.apache.catalina.util.LifecycleBase.start(LifecycleBase.java:183)
	at org.apache.catalina.core.StandardServer.startInternal(StandardServer.java:930)
	at org.apache.catalina.util.LifecycleBase.start(LifecycleBase.java:183)
	at org.apache.catalina.startup.Tomcat.start(Tomcat.java:486)
	at common.TomcatStartUp.createTomcat(TomcatStartUp.java:20)
	at logic.BloodBankTest.setUpBeforeClass(BloodBankTest.java:42)
	at java.base/jdk.internal.reflect.NativeMethodAccessorImpl.invoke0(Native Method)
	at java.base/jdk.internal.reflect.NativeMethodAccessorImpl.invoke(NativeMethodAccessorImpl.java:62)
	at java.base/jdk.internal.reflect.DelegatingMethodAccessorImpl.invoke(DelegatingMethodAccessorImpl.java:43)
	at java.base/java.lang.reflect.Method.invoke(Method.java:566)
	at org.junit.platform.commons.util.ReflectionUtils.invokeMethod(ReflectionUtils.java:688)
	at org.junit.jupiter.engine.execution.MethodInvocation.proceed(MethodInvocation.java:60)
	at org.junit.jupiter.engine.execution.InvocationInterceptorChain$ValidatingInvocation.proceed(InvocationInterceptorChain.java:131)
	at org.junit.jupiter.engine.extension.TimeoutExtension.intercept(TimeoutExtension.java:149)
	at org.junit.jupiter.engine.extension.TimeoutExtension.interceptLifecycleMethod(TimeoutExtension.java:126)
	at org.junit.jupiter.engine.extension.TimeoutExtension.interceptBeforeAllMethod(TimeoutExtension.java:68)
	at org.junit.jupiter.engine.execution.ExecutableInvoker$ReflectiveInterceptorCall.lambda$ofVoidMethod$0(ExecutableInvoker.java:115)
	at org.junit.jupiter.engine.execution.ExecutableInvoker.lambda$invoke$0(ExecutableInvoker.java:105)
	at org.junit.jupiter.engine.execution.InvocationInterceptorChain$InterceptedInvocation.proceed(InvocationInterceptorChain.java:106)
	at org.junit.jupiter.engine.execution.InvocationInterceptorChain.proceed(InvocationInterceptorChain.java:64)
	at org.junit.jupiter.engine.execution.InvocationInterceptorChain.chainAndInvoke(InvocationInterceptorChain.java:45)
	at org.junit.jupiter.engine.execution.InvocationInterceptorChain.invoke(InvocationInterceptorChain.java:37)
	at org.junit.jupiter.engine.execution.ExecutableInvoker.invoke(ExecutableInvoker.java:104)
	at org.junit.jupiter.engine.execution.ExecutableInvoker.invoke(ExecutableInvoker.java:98)
	at org.junit.jupiter.engine.descriptor.ClassBasedTestDescriptor.lambda$invokeBeforeAllMethods$9(ClassBasedTestDescriptor.java:384)
	at org.junit.platform.engine.support.hierarchical.ThrowableCollector.execute(ThrowableCollector.java:73)
	at org.junit.jupiter.engine.descriptor.ClassBasedTestDescriptor.invokeBeforeAllMethods(ClassBasedTestDescriptor.java:382)
	at org.junit.jupiter.engine.descriptor.ClassBasedTestDescriptor.before(ClassBasedTestDescriptor.java:196)
	at org.junit.jupiter.engine.descriptor.ClassBasedTestDescriptor.before(ClassBasedTestDescriptor.java:78)
	at org.junit.platform.engine.support.hierarchical.NodeTestTask.lambda$executeRecursively$5(NodeTestTask.java:136)
	at org.junit.platform.engine.support.hierarchical.ThrowableCollector.execute(ThrowableCollector.java:73)
	at org.junit.platform.engine.support.hierarchical.NodeTestTask.lambda$executeRecursively$7(NodeTestTask.java:129)
	at org.junit.platform.engine.support.hierarchical.Node.around(Node.java:137)
	at org.junit.platform.engine.support.hierarchical.NodeTestTask.lambda$executeRecursively$8(NodeTestTask.java:127)
	at org.junit.platform.engine.support.hierarchical.ThrowableCollector.execute(ThrowableCollector.java:73)
	at org.junit.platform.engine.support.hierarchical.NodeTestTask.executeRecursively(NodeTestTask.java:126)
	at org.junit.platform.engine.support.hierarchical.NodeTestTask.execute(NodeTestTask.java:84)
	at java.base/java.util.ArrayList.forEach(ArrayList.java:1541)
	at org.junit.platform.engine.support.hierarchical.SameThreadHierarchicalTestExecutorService.invokeAll(SameThreadHierarchicalTestExecutorService.java:38)
	at org.junit.platform.engine.support.hierarchical.NodeTestTask.lambda$executeRecursively$5(NodeTestTask.java:143)
	at org.junit.platform.engine.support.hierarchical.ThrowableCollector.execute(ThrowableCollector.java:73)
	at org.junit.platform.engine.support.hierarchical.NodeTestTask.lambda$executeRecursively$7(NodeTestTask.java:129)
	at org.junit.platform.engine.support.hierarchical.Node.around(Node.java:137)
	at org.junit.platform.engine.support.hierarchical.NodeTestTask.lambda$executeRecursively$8(NodeTestTask.java:127)
	at org.junit.platform.engine.support.hierarchical.ThrowableCollector.execute(ThrowableCollector.java:73)
	at org.junit.platform.engine.support.hierarchical.NodeTestTask.executeRecursively(NodeTestTask.java:126)
	at org.junit.platform.engine.support.hierarchical.NodeTestTask.execute(NodeTestTask.java:84)
	at org.junit.platform.engine.support.hierarchical.SameThreadHierarchicalTestExecutorService.submit(SameThreadHierarchicalTestExecutorService.java:32)
	at org.junit.platform.engine.support.hierarchical.HierarchicalTestExecutor.execute(HierarchicalTestExecutor.java:57)
	at org.junit.platform.engine.support.hierarchical.HierarchicalTestEngine.execute(HierarchicalTestEngine.java:51)
	at org.junit.platform.launcher.core.EngineExecutionOrchestrator.execute(EngineExecutionOrchestrator.java:108)
	at org.junit.platform.launcher.core.EngineExecutionOrchestrator.execute(EngineExecutionOrchestrator.java:88)
	at org.junit.platform.launcher.core.EngineExecutionOrchestrator.lambda$execute$0(EngineExecutionOrchestrator.java:54)
	at org.junit.platform.launcher.core.EngineExecutionOrchestrator.withInterceptedStreams(EngineExecutionOrchestrator.java:67)
	at org.junit.platform.launcher.core.EngineExecutionOrchestrator.execute(EngineExecutionOrchestrator.java:52)
	at org.junit.platform.launcher.core.DefaultLauncher.execute(DefaultLauncher.java:96)
	at org.junit.platform.launcher.core.DefaultLauncher.execute(DefaultLauncher.java:75)
	at org.apache.maven.surefire.junitplatform.JUnitPlatformProvider.execute(JUnitPlatformProvider.java:188)
	at org.apache.maven.surefire.junitplatform.JUnitPlatformProvider.invokeAllTests(JUnitPlatformProvider.java:154)
	at org.apache.maven.surefire.junitplatform.JUnitPlatformProvider.invoke(JUnitPlatformProvider.java:128)
	at org.apache.maven.surefire.booter.ForkedBooter.runSuitesInProcess(ForkedBooter.java:428)
	at org.apache.maven.surefire.booter.ForkedBooter.execute(ForkedBooter.java:162)
	at org.apache.maven.surefire.booter.ForkedBooter.run(ForkedBooter.java:562)
	at org.apache.maven.surefire.booter.ForkedBooter.main(ForkedBooter.java:548)
Caused by: java.lang.reflect.InvocationTargetException
	at java.base/jdk.internal.reflect.GeneratedConstructorAccessor17.newInstance(Unknown Source)
	at java.base/jdk.internal.reflect.DelegatingConstructorAccessorImpl.newInstance(DelegatingConstructorAccessorImpl.java:45)
	at java.base/java.lang.reflect.Constructor.newInstance(Constructor.java:490)
	at org.apache.tomcat.util.compat.Jre9Compat.jarFileNewInstance(Jre9Compat.java:206)
	... 94 more
Caused by: java.nio.file.NoSuchFileException: C:\Users\andre\.m2\repository\org\glassfish\jaxb\jaxb-runtime\2.3.1\javax.activation-api-1.2.0.jar
	at java.base/sun.nio.fs.WindowsException.translateToIOException(WindowsException.java:85)
	at java.base/sun.nio.fs.WindowsException.rethrowAsIOException(WindowsException.java:103)
	at java.base/sun.nio.fs.WindowsException.rethrowAsIOException(WindowsException.java:108)
	at java.base/sun.nio.fs.WindowsFileAttributeViews$Basic.readAttributes(WindowsFileAttributeViews.java:53)
	at java.base/sun.nio.fs.WindowsFileAttributeViews$Basic.readAttributes(WindowsFileAttributeViews.java:38)
	at java.base/sun.nio.fs.WindowsFileSystemProvider.readAttributes(WindowsFileSystemProvider.java:198)
	at java.base/java.nio.file.Files.readAttributes(Files.java:1763)
	at java.base/java.util.zip.ZipFile$Source.get(ZipFile.java:1225)
	at java.base/java.util.zip.ZipFile$CleanableResource.<init>(ZipFile.java:727)
	at java.base/java.util.zip.ZipFile$CleanableResource.get(ZipFile.java:844)
	at java.base/java.util.zip.ZipFile.<init>(ZipFile.java:247)
	at java.base/java.util.zip.ZipFile.<init>(ZipFile.java:177)
	at java.base/java.util.jar.JarFile.<init>(JarFile.java:348)
	... 98 more

Apr. 14, 2021 1:42:23 P.M. org.apache.tomcat.util.scan.StandardJarScanner processURLs
WARNING: Failed to scan [file:/C:/Users/andre/.m2/repository/org/glassfish/jaxb/jaxb-runtime/2.3.1/jaxb-api-2.3.1.jar] from classloader hierarchy
java.io.IOException: java.lang.reflect.InvocationTargetException
	at org.apache.tomcat.util.compat.Jre9Compat.jarFileNewInstance(Jre9Compat.java:209)
	at org.apache.tomcat.util.scan.JarFileUrlJar.<init>(JarFileUrlJar.java:65)
	at org.apache.tomcat.util.scan.JarFactory.newInstance(JarFactory.java:49)
	at org.apache.tomcat.util.scan.StandardJarScanner.process(StandardJarScanner.java:383)
	at org.apache.tomcat.util.scan.StandardJarScanner.processURLs(StandardJarScanner.java:318)
	at org.apache.tomcat.util.scan.StandardJarScanner.doScanClassPath(StandardJarScanner.java:282)
	at org.apache.tomcat.util.scan.StandardJarScanner.scan(StandardJarScanner.java:233)
	at org.apache.jasper.servlet.TldScanner.scanJars(TldScanner.java:262)
	at org.apache.jasper.servlet.TldScanner.scan(TldScanner.java:104)
	at org.apache.jasper.servlet.JasperInitializer.onStartup(JasperInitializer.java:83)
	at org.apache.catalina.core.StandardContext.startInternal(StandardContext.java:5166)
	at org.apache.catalina.util.LifecycleBase.start(LifecycleBase.java:183)
	at org.apache.catalina.core.ContainerBase$StartChild.call(ContainerBase.java:1384)
	at org.apache.catalina.core.ContainerBase$StartChild.call(ContainerBase.java:1374)
	at java.base/java.util.concurrent.FutureTask.run(FutureTask.java:264)
	at org.apache.tomcat.util.threads.InlineExecutorService.execute(InlineExecutorService.java:75)
	at java.base/java.util.concurrent.AbstractExecutorService.submit(AbstractExecutorService.java:140)
	at org.apache.catalina.core.ContainerBase.startInternal(ContainerBase.java:909)
	at org.apache.catalina.core.StandardHost.startInternal(StandardHost.java:843)
	at org.apache.catalina.util.LifecycleBase.start(LifecycleBase.java:183)
	at org.apache.catalina.core.ContainerBase$StartChild.call(ContainerBase.java:1384)
	at org.apache.catalina.core.ContainerBase$StartChild.call(ContainerBase.java:1374)
	at java.base/java.util.concurrent.FutureTask.run(FutureTask.java:264)
	at org.apache.tomcat.util.threads.InlineExecutorService.execute(InlineExecutorService.java:75)
	at java.base/java.util.concurrent.AbstractExecutorService.submit(AbstractExecutorService.java:140)
	at org.apache.catalina.core.ContainerBase.startInternal(ContainerBase.java:909)
	at org.apache.catalina.core.StandardEngine.startInternal(StandardEngine.java:262)
	at org.apache.catalina.util.LifecycleBase.start(LifecycleBase.java:183)
	at org.apache.catalina.core.StandardService.startInternal(StandardService.java:434)
	at org.apache.catalina.util.LifecycleBase.start(LifecycleBase.java:183)
	at org.apache.catalina.core.StandardServer.startInternal(StandardServer.java:930)
	at org.apache.catalina.util.LifecycleBase.start(LifecycleBase.java:183)
	at org.apache.catalina.startup.Tomcat.start(Tomcat.java:486)
	at common.TomcatStartUp.createTomcat(TomcatStartUp.java:20)
	at logic.BloodBankTest.setUpBeforeClass(BloodBankTest.java:42)
	at java.base/jdk.internal.reflect.NativeMethodAccessorImpl.invoke0(Native Method)
	at java.base/jdk.internal.reflect.NativeMethodAccessorImpl.invoke(NativeMethodAccessorImpl.java:62)
	at java.base/jdk.internal.reflect.DelegatingMethodAccessorImpl.invoke(DelegatingMethodAccessorImpl.java:43)
	at java.base/java.lang.reflect.Method.invoke(Method.java:566)
	at org.junit.platform.commons.util.ReflectionUtils.invokeMethod(ReflectionUtils.java:688)
	at org.junit.jupiter.engine.execution.MethodInvocation.proceed(MethodInvocation.java:60)
	at org.junit.jupiter.engine.execution.InvocationInterceptorChain$ValidatingInvocation.proceed(InvocationInterceptorChain.java:131)
	at org.junit.jupiter.engine.extension.TimeoutExtension.intercept(TimeoutExtension.java:149)
	at org.junit.jupiter.engine.extension.TimeoutExtension.interceptLifecycleMethod(TimeoutExtension.java:126)
	at org.junit.jupiter.engine.extension.TimeoutExtension.interceptBeforeAllMethod(TimeoutExtension.java:68)
	at org.junit.jupiter.engine.execution.ExecutableInvoker$ReflectiveInterceptorCall.lambda$ofVoidMethod$0(ExecutableInvoker.java:115)
	at org.junit.jupiter.engine.execution.ExecutableInvoker.lambda$invoke$0(ExecutableInvoker.java:105)
	at org.junit.jupiter.engine.execution.InvocationInterceptorChain$InterceptedInvocation.proceed(InvocationInterceptorChain.java:106)
	at org.junit.jupiter.engine.execution.InvocationInterceptorChain.proceed(InvocationInterceptorChain.java:64)
	at org.junit.jupiter.engine.execution.InvocationInterceptorChain.chainAndInvoke(InvocationInterceptorChain.java:45)
	at org.junit.jupiter.engine.execution.InvocationInterceptorChain.invoke(InvocationInterceptorChain.java:37)
	at org.junit.jupiter.engine.execution.ExecutableInvoker.invoke(ExecutableInvoker.java:104)
	at org.junit.jupiter.engine.execution.ExecutableInvoker.invoke(ExecutableInvoker.java:98)
	at org.junit.jupiter.engine.descriptor.ClassBasedTestDescriptor.lambda$invokeBeforeAllMethods$9(ClassBasedTestDescriptor.java:384)
	at org.junit.platform.engine.support.hierarchical.ThrowableCollector.execute(ThrowableCollector.java:73)
	at org.junit.jupiter.engine.descriptor.ClassBasedTestDescriptor.invokeBeforeAllMethods(ClassBasedTestDescriptor.java:382)
	at org.junit.jupiter.engine.descriptor.ClassBasedTestDescriptor.before(ClassBasedTestDescriptor.java:196)
	at org.junit.jupiter.engine.descriptor.ClassBasedTestDescriptor.before(ClassBasedTestDescriptor.java:78)
	at org.junit.platform.engine.support.hierarchical.NodeTestTask.lambda$executeRecursively$5(NodeTestTask.java:136)
	at org.junit.platform.engine.support.hierarchical.ThrowableCollector.execute(ThrowableCollector.java:73)
	at org.junit.platform.engine.support.hierarchical.NodeTestTask.lambda$executeRecursively$7(NodeTestTask.java:129)
	at org.junit.platform.engine.support.hierarchical.Node.around(Node.java:137)
	at org.junit.platform.engine.support.hierarchical.NodeTestTask.lambda$executeRecursively$8(NodeTestTask.java:127)
	at org.junit.platform.engine.support.hierarchical.ThrowableCollector.execute(ThrowableCollector.java:73)
	at org.junit.platform.engine.support.hierarchical.NodeTestTask.executeRecursively(NodeTestTask.java:126)
	at org.junit.platform.engine.support.hierarchical.NodeTestTask.execute(NodeTestTask.java:84)
	at java.base/java.util.ArrayList.forEach(ArrayList.java:1541)
	at org.junit.platform.engine.support.hierarchical.SameThreadHierarchicalTestExecutorService.invokeAll(SameThreadHierarchicalTestExecutorService.java:38)
	at org.junit.platform.engine.support.hierarchical.NodeTestTask.lambda$executeRecursively$5(NodeTestTask.java:143)
	at org.junit.platform.engine.support.hierarchical.ThrowableCollector.execute(ThrowableCollector.java:73)
	at org.junit.platform.engine.support.hierarchical.NodeTestTask.lambda$executeRecursively$7(NodeTestTask.java:129)
	at org.junit.platform.engine.support.hierarchical.Node.around(Node.java:137)
	at org.junit.platform.engine.support.hierarchical.NodeTestTask.lambda$executeRecursively$8(NodeTestTask.java:127)
	at org.junit.platform.engine.support.hierarchical.ThrowableCollector.execute(ThrowableCollector.java:73)
	at org.junit.platform.engine.support.hierarchical.NodeTestTask.executeRecursively(NodeTestTask.java:126)
	at org.junit.platform.engine.support.hierarchical.NodeTestTask.execute(NodeTestTask.java:84)
	at org.junit.platform.engine.support.hierarchical.SameThreadHierarchicalTestExecutorService.submit(SameThreadHierarchicalTestExecutorService.java:32)
	at org.junit.platform.engine.support.hierarchical.HierarchicalTestExecutor.execute(HierarchicalTestExecutor.java:57)
	at org.junit.platform.engine.support.hierarchical.HierarchicalTestEngine.execute(HierarchicalTestEngine.java:51)
	at org.junit.platform.launcher.core.EngineExecutionOrchestrator.execute(EngineExecutionOrchestrator.java:108)
	at org.junit.platform.launcher.core.EngineExecutionOrchestrator.execute(EngineExecutionOrchestrator.java:88)
	at org.junit.platform.launcher.core.EngineExecutionOrchestrator.lambda$execute$0(EngineExecutionOrchestrator.java:54)
	at org.junit.platform.launcher.core.EngineExecutionOrchestrator.withInterceptedStreams(EngineExecutionOrchestrator.java:67)
	at org.junit.platform.launcher.core.EngineExecutionOrchestrator.execute(EngineExecutionOrchestrator.java:52)
	at org.junit.platform.launcher.core.DefaultLauncher.execute(DefaultLauncher.java:96)
	at org.junit.platform.launcher.core.DefaultLauncher.execute(DefaultLauncher.java:75)
	at org.apache.maven.surefire.junitplatform.JUnitPlatformProvider.execute(JUnitPlatformProvider.java:188)
	at org.apache.maven.surefire.junitplatform.JUnitPlatformProvider.invokeAllTests(JUnitPlatformProvider.java:154)
	at org.apache.maven.surefire.junitplatform.JUnitPlatformProvider.invoke(JUnitPlatformProvider.java:128)
	at org.apache.maven.surefire.booter.ForkedBooter.runSuitesInProcess(ForkedBooter.java:428)
	at org.apache.maven.surefire.booter.ForkedBooter.execute(ForkedBooter.java:162)
	at org.apache.maven.surefire.booter.ForkedBooter.run(ForkedBooter.java:562)
	at org.apache.maven.surefire.booter.ForkedBooter.main(ForkedBooter.java:548)
Caused by: java.lang.reflect.InvocationTargetException
	at java.base/jdk.internal.reflect.GeneratedConstructorAccessor17.newInstance(Unknown Source)
	at java.base/jdk.internal.reflect.DelegatingConstructorAccessorImpl.newInstance(DelegatingConstructorAccessorImpl.java:45)
	at java.base/java.lang.reflect.Constructor.newInstance(Constructor.java:490)
	at org.apache.tomcat.util.compat.Jre9Compat.jarFileNewInstance(Jre9Compat.java:206)
	... 92 more
Caused by: java.nio.file.NoSuchFileException: C:\Users\andre\.m2\repository\org\glassfish\jaxb\jaxb-runtime\2.3.1\jaxb-api-2.3.1.jar
	at java.base/sun.nio.fs.WindowsException.translateToIOException(WindowsException.java:85)
	at java.base/sun.nio.fs.WindowsException.rethrowAsIOException(WindowsException.java:103)
	at java.base/sun.nio.fs.WindowsException.rethrowAsIOException(WindowsException.java:108)
	at java.base/sun.nio.fs.WindowsFileAttributeViews$Basic.readAttributes(WindowsFileAttributeViews.java:53)
	at java.base/sun.nio.fs.WindowsFileAttributeViews$Basic.readAttributes(WindowsFileAttributeViews.java:38)
	at java.base/sun.nio.fs.WindowsFileSystemProvider.readAttributes(WindowsFileSystemProvider.java:198)
	at java.base/java.nio.file.Files.readAttributes(Files.java:1763)
	at java.base/java.util.zip.ZipFile$Source.get(ZipFile.java:1225)
	at java.base/java.util.zip.ZipFile$CleanableResource.<init>(ZipFile.java:727)
	at java.base/java.util.zip.ZipFile$CleanableResource.get(ZipFile.java:844)
	at java.base/java.util.zip.ZipFile.<init>(ZipFile.java:247)
	at java.base/java.util.zip.ZipFile.<init>(ZipFile.java:177)
	at java.base/java.util.jar.JarFile.<init>(JarFile.java:348)
	... 96 more

Apr. 14, 2021 1:42:23 P.M. org.apache.tomcat.util.scan.StandardJarScanner processURLs
WARNING: Failed to scan [file:/C:/Users/andre/.m2/repository/org/glassfish/jaxb/jaxb-runtime/2.3.1/txw2-2.3.1.jar] from classloader hierarchy
java.io.IOException: java.lang.reflect.InvocationTargetException
	at org.apache.tomcat.util.compat.Jre9Compat.jarFileNewInstance(Jre9Compat.java:209)
	at org.apache.tomcat.util.scan.JarFileUrlJar.<init>(JarFileUrlJar.java:65)
	at org.apache.tomcat.util.scan.JarFactory.newInstance(JarFactory.java:49)
	at org.apache.tomcat.util.scan.StandardJarScanner.process(StandardJarScanner.java:383)
	at org.apache.tomcat.util.scan.StandardJarScanner.processURLs(StandardJarScanner.java:318)
	at org.apache.tomcat.util.scan.StandardJarScanner.doScanClassPath(StandardJarScanner.java:282)
	at org.apache.tomcat.util.scan.StandardJarScanner.scan(StandardJarScanner.java:233)
	at org.apache.jasper.servlet.TldScanner.scanJars(TldScanner.java:262)
	at org.apache.jasper.servlet.TldScanner.scan(TldScanner.java:104)
	at org.apache.jasper.servlet.JasperInitializer.onStartup(JasperInitializer.java:83)
	at org.apache.catalina.core.StandardContext.startInternal(StandardContext.java:5166)
	at org.apache.catalina.util.LifecycleBase.start(LifecycleBase.java:183)
	at org.apache.catalina.core.ContainerBase$StartChild.call(ContainerBase.java:1384)
	at org.apache.catalina.core.ContainerBase$StartChild.call(ContainerBase.java:1374)
	at java.base/java.util.concurrent.FutureTask.run(FutureTask.java:264)
	at org.apache.tomcat.util.threads.InlineExecutorService.execute(InlineExecutorService.java:75)
	at java.base/java.util.concurrent.AbstractExecutorService.submit(AbstractExecutorService.java:140)
	at org.apache.catalina.core.ContainerBase.startInternal(ContainerBase.java:909)
	at org.apache.catalina.core.StandardHost.startInternal(StandardHost.java:843)
	at org.apache.catalina.util.LifecycleBase.start(LifecycleBase.java:183)
	at org.apache.catalina.core.ContainerBase$StartChild.call(ContainerBase.java:1384)
	at org.apache.catalina.core.ContainerBase$StartChild.call(ContainerBase.java:1374)
	at java.base/java.util.concurrent.FutureTask.run(FutureTask.java:264)
	at org.apache.tomcat.util.threads.InlineExecutorService.execute(InlineExecutorService.java:75)
	at java.base/java.util.concurrent.AbstractExecutorService.submit(AbstractExecutorService.java:140)
	at org.apache.catalina.core.ContainerBase.startInternal(ContainerBase.java:909)
	at org.apache.catalina.core.StandardEngine.startInternal(StandardEngine.java:262)
	at org.apache.catalina.util.LifecycleBase.start(LifecycleBase.java:183)
	at org.apache.catalina.core.StandardService.startInternal(StandardService.java:434)
	at org.apache.catalina.util.LifecycleBase.start(LifecycleBase.java:183)
	at org.apache.catalina.core.StandardServer.startInternal(StandardServer.java:930)
	at org.apache.catalina.util.LifecycleBase.start(LifecycleBase.java:183)
	at org.apache.catalina.startup.Tomcat.start(Tomcat.java:486)
	at common.TomcatStartUp.createTomcat(TomcatStartUp.java:20)
	at logic.BloodBankTest.setUpBeforeClass(BloodBankTest.java:42)
	at java.base/jdk.internal.reflect.NativeMethodAccessorImpl.invoke0(Native Method)
	at java.base/jdk.internal.reflect.NativeMethodAccessorImpl.invoke(NativeMethodAccessorImpl.java:62)
	at java.base/jdk.internal.reflect.DelegatingMethodAccessorImpl.invoke(DelegatingMethodAccessorImpl.java:43)
	at java.base/java.lang.reflect.Method.invoke(Method.java:566)
	at org.junit.platform.commons.util.ReflectionUtils.invokeMethod(ReflectionUtils.java:688)
	at org.junit.jupiter.engine.execution.MethodInvocation.proceed(MethodInvocation.java:60)
	at org.junit.jupiter.engine.execution.InvocationInterceptorChain$ValidatingInvocation.proceed(InvocationInterceptorChain.java:131)
	at org.junit.jupiter.engine.extension.TimeoutExtension.intercept(TimeoutExtension.java:149)
	at org.junit.jupiter.engine.extension.TimeoutExtension.interceptLifecycleMethod(TimeoutExtension.java:126)
	at org.junit.jupiter.engine.extension.TimeoutExtension.interceptBeforeAllMethod(TimeoutExtension.java:68)
	at org.junit.jupiter.engine.execution.ExecutableInvoker$ReflectiveInterceptorCall.lambda$ofVoidMethod$0(ExecutableInvoker.java:115)
	at org.junit.jupiter.engine.execution.ExecutableInvoker.lambda$invoke$0(ExecutableInvoker.java:105)
	at org.junit.jupiter.engine.execution.InvocationInterceptorChain$InterceptedInvocation.proceed(InvocationInterceptorChain.java:106)
	at org.junit.jupiter.engine.execution.InvocationInterceptorChain.proceed(InvocationInterceptorChain.java:64)
	at org.junit.jupiter.engine.execution.InvocationInterceptorChain.chainAndInvoke(InvocationInterceptorChain.java:45)
	at org.junit.jupiter.engine.execution.InvocationInterceptorChain.invoke(InvocationInterceptorChain.java:37)
	at org.junit.jupiter.engine.execution.ExecutableInvoker.invoke(ExecutableInvoker.java:104)
	at org.junit.jupiter.engine.execution.ExecutableInvoker.invoke(ExecutableInvoker.java:98)
	at org.junit.jupiter.engine.descriptor.ClassBasedTestDescriptor.lambda$invokeBeforeAllMethods$9(ClassBasedTestDescriptor.java:384)
	at org.junit.platform.engine.support.hierarchical.ThrowableCollector.execute(ThrowableCollector.java:73)
	at org.junit.jupiter.engine.descriptor.ClassBasedTestDescriptor.invokeBeforeAllMethods(ClassBasedTestDescriptor.java:382)
	at org.junit.jupiter.engine.descriptor.ClassBasedTestDescriptor.before(ClassBasedTestDescriptor.java:196)
	at org.junit.jupiter.engine.descriptor.ClassBasedTestDescriptor.before(ClassBasedTestDescriptor.java:78)
	at org.junit.platform.engine.support.hierarchical.NodeTestTask.lambda$executeRecursively$5(NodeTestTask.java:136)
	at org.junit.platform.engine.support.hierarchical.ThrowableCollector.execute(ThrowableCollector.java:73)
	at org.junit.platform.engine.support.hierarchical.NodeTestTask.lambda$executeRecursively$7(NodeTestTask.java:129)
	at org.junit.platform.engine.support.hierarchical.Node.around(Node.java:137)
	at org.junit.platform.engine.support.hierarchical.NodeTestTask.lambda$executeRecursively$8(NodeTestTask.java:127)
	at org.junit.platform.engine.support.hierarchical.ThrowableCollector.execute(ThrowableCollector.java:73)
	at org.junit.platform.engine.support.hierarchical.NodeTestTask.executeRecursively(NodeTestTask.java:126)
	at org.junit.platform.engine.support.hierarchical.NodeTestTask.execute(NodeTestTask.java:84)
	at java.base/java.util.ArrayList.forEach(ArrayList.java:1541)
	at org.junit.platform.engine.support.hierarchical.SameThreadHierarchicalTestExecutorService.invokeAll(SameThreadHierarchicalTestExecutorService.java:38)
	at org.junit.platform.engine.support.hierarchical.NodeTestTask.lambda$executeRecursively$5(NodeTestTask.java:143)
	at org.junit.platform.engine.support.hierarchical.ThrowableCollector.execute(ThrowableCollector.java:73)
	at org.junit.platform.engine.support.hierarchical.NodeTestTask.lambda$executeRecursively$7(NodeTestTask.java:129)
	at org.junit.platform.engine.support.hierarchical.Node.around(Node.java:137)
	at org.junit.platform.engine.support.hierarchical.NodeTestTask.lambda$executeRecursively$8(NodeTestTask.java:127)
	at org.junit.platform.engine.support.hierarchical.ThrowableCollector.execute(ThrowableCollector.java:73)
	at org.junit.platform.engine.support.hierarchical.NodeTestTask.executeRecursively(NodeTestTask.java:126)
	at org.junit.platform.engine.support.hierarchical.NodeTestTask.execute(NodeTestTask.java:84)
	at org.junit.platform.engine.support.hierarchical.SameThreadHierarchicalTestExecutorService.submit(SameThreadHierarchicalTestExecutorService.java:32)
	at org.junit.platform.engine.support.hierarchical.HierarchicalTestExecutor.execute(HierarchicalTestExecutor.java:57)
	at org.junit.platform.engine.support.hierarchical.HierarchicalTestEngine.execute(HierarchicalTestEngine.java:51)
	at org.junit.platform.launcher.core.EngineExecutionOrchestrator.execute(EngineExecutionOrchestrator.java:108)
	at org.junit.platform.launcher.core.EngineExecutionOrchestrator.execute(EngineExecutionOrchestrator.java:88)
	at org.junit.platform.launcher.core.EngineExecutionOrchestrator.lambda$execute$0(EngineExecutionOrchestrator.java:54)
	at org.junit.platform.launcher.core.EngineExecutionOrchestrator.withInterceptedStreams(EngineExecutionOrchestrator.java:67)
	at org.junit.platform.launcher.core.EngineExecutionOrchestrator.execute(EngineExecutionOrchestrator.java:52)
	at org.junit.platform.launcher.core.DefaultLauncher.execute(DefaultLauncher.java:96)
	at org.junit.platform.launcher.core.DefaultLauncher.execute(DefaultLauncher.java:75)
	at org.apache.maven.surefire.junitplatform.JUnitPlatformProvider.execute(JUnitPlatformProvider.java:188)
	at org.apache.maven.surefire.junitplatform.JUnitPlatformProvider.invokeAllTests(JUnitPlatformProvider.java:154)
	at org.apache.maven.surefire.junitplatform.JUnitPlatformProvider.invoke(JUnitPlatformProvider.java:128)
	at org.apache.maven.surefire.booter.ForkedBooter.runSuitesInProcess(ForkedBooter.java:428)
	at org.apache.maven.surefire.booter.ForkedBooter.execute(ForkedBooter.java:162)
	at org.apache.maven.surefire.booter.ForkedBooter.run(ForkedBooter.java:562)
	at org.apache.maven.surefire.booter.ForkedBooter.main(ForkedBooter.java:548)
Caused by: java.lang.reflect.InvocationTargetException
	at java.base/jdk.internal.reflect.GeneratedConstructorAccessor17.newInstance(Unknown Source)
	at java.base/jdk.internal.reflect.DelegatingConstructorAccessorImpl.newInstance(DelegatingConstructorAccessorImpl.java:45)
	at java.base/java.lang.reflect.Constructor.newInstance(Constructor.java:490)
	at org.apache.tomcat.util.compat.Jre9Compat.jarFileNewInstance(Jre9Compat.java:206)
	... 92 more
Caused by: java.nio.file.NoSuchFileException: C:\Users\andre\.m2\repository\org\glassfish\jaxb\jaxb-runtime\2.3.1\txw2-2.3.1.jar
	at java.base/sun.nio.fs.WindowsException.translateToIOException(WindowsException.java:85)
	at java.base/sun.nio.fs.WindowsException.rethrowAsIOException(WindowsException.java:103)
	at java.base/sun.nio.fs.WindowsException.rethrowAsIOException(WindowsException.java:108)
	at java.base/sun.nio.fs.WindowsFileAttributeViews$Basic.readAttributes(WindowsFileAttributeViews.java:53)
	at java.base/sun.nio.fs.WindowsFileAttributeViews$Basic.readAttributes(WindowsFileAttributeViews.java:38)
	at java.base/sun.nio.fs.WindowsFileSystemProvider.readAttributes(WindowsFileSystemProvider.java:198)
	at java.base/java.nio.file.Files.readAttributes(Files.java:1763)
	at java.base/java.util.zip.ZipFile$Source.get(ZipFile.java:1225)
	at java.base/java.util.zip.ZipFile$CleanableResource.<init>(ZipFile.java:727)
	at java.base/java.util.zip.ZipFile$CleanableResource.get(ZipFile.java:844)
	at java.base/java.util.zip.ZipFile.<init>(ZipFile.java:247)
	at java.base/java.util.zip.ZipFile.<init>(ZipFile.java:177)
	at java.base/java.util.jar.JarFile.<init>(JarFile.java:348)
	... 96 more

Apr. 14, 2021 1:42:23 P.M. org.apache.tomcat.util.scan.StandardJarScanner processURLs
WARNING: Failed to scan [file:/C:/Users/andre/.m2/repository/org/glassfish/jaxb/jaxb-runtime/2.3.1/istack-commons-runtime-3.0.7.jar] from classloader hierarchy
java.io.IOException: java.lang.reflect.InvocationTargetException
	at org.apache.tomcat.util.compat.Jre9Compat.jarFileNewInstance(Jre9Compat.java:209)
	at org.apache.tomcat.util.scan.JarFileUrlJar.<init>(JarFileUrlJar.java:65)
	at org.apache.tomcat.util.scan.JarFactory.newInstance(JarFactory.java:49)
	at org.apache.tomcat.util.scan.StandardJarScanner.process(StandardJarScanner.java:383)
	at org.apache.tomcat.util.scan.StandardJarScanner.processURLs(StandardJarScanner.java:318)
	at org.apache.tomcat.util.scan.StandardJarScanner.doScanClassPath(StandardJarScanner.java:282)
	at org.apache.tomcat.util.scan.StandardJarScanner.scan(StandardJarScanner.java:233)
	at org.apache.jasper.servlet.TldScanner.scanJars(TldScanner.java:262)
	at org.apache.jasper.servlet.TldScanner.scan(TldScanner.java:104)
	at org.apache.jasper.servlet.JasperInitializer.onStartup(JasperInitializer.java:83)
	at org.apache.catalina.core.StandardContext.startInternal(StandardContext.java:5166)
	at org.apache.catalina.util.LifecycleBase.start(LifecycleBase.java:183)
	at org.apache.catalina.core.ContainerBase$StartChild.call(ContainerBase.java:1384)
	at org.apache.catalina.core.ContainerBase$StartChild.call(ContainerBase.java:1374)
	at java.base/java.util.concurrent.FutureTask.run(FutureTask.java:264)
	at org.apache.tomcat.util.threads.InlineExecutorService.execute(InlineExecutorService.java:75)
	at java.base/java.util.concurrent.AbstractExecutorService.submit(AbstractExecutorService.java:140)
	at org.apache.catalina.core.ContainerBase.startInternal(ContainerBase.java:909)
	at org.apache.catalina.core.StandardHost.startInternal(StandardHost.java:843)
	at org.apache.catalina.util.LifecycleBase.start(LifecycleBase.java:183)
	at org.apache.catalina.core.ContainerBase$StartChild.call(ContainerBase.java:1384)
	at org.apache.catalina.core.ContainerBase$StartChild.call(ContainerBase.java:1374)
	at java.base/java.util.concurrent.FutureTask.run(FutureTask.java:264)
	at org.apache.tomcat.util.threads.InlineExecutorService.execute(InlineExecutorService.java:75)
	at java.base/java.util.concurrent.AbstractExecutorService.submit(AbstractExecutorService.java:140)
	at org.apache.catalina.core.ContainerBase.startInternal(ContainerBase.java:909)
	at org.apache.catalina.core.StandardEngine.startInternal(StandardEngine.java:262)
	at org.apache.catalina.util.LifecycleBase.start(LifecycleBase.java:183)
	at org.apache.catalina.core.StandardService.startInternal(StandardService.java:434)
	at org.apache.catalina.util.LifecycleBase.start(LifecycleBase.java:183)
	at org.apache.catalina.core.StandardServer.startInternal(StandardServer.java:930)
	at org.apache.catalina.util.LifecycleBase.start(LifecycleBase.java:183)
	at org.apache.catalina.startup.Tomcat.start(Tomcat.java:486)
	at common.TomcatStartUp.createTomcat(TomcatStartUp.java:20)
	at logic.BloodBankTest.setUpBeforeClass(BloodBankTest.java:42)
	at java.base/jdk.internal.reflect.NativeMethodAccessorImpl.invoke0(Native Method)
	at java.base/jdk.internal.reflect.NativeMethodAccessorImpl.invoke(NativeMethodAccessorImpl.java:62)
	at java.base/jdk.internal.reflect.DelegatingMethodAccessorImpl.invoke(DelegatingMethodAccessorImpl.java:43)
	at java.base/java.lang.reflect.Method.invoke(Method.java:566)
	at org.junit.platform.commons.util.ReflectionUtils.invokeMethod(ReflectionUtils.java:688)
	at org.junit.jupiter.engine.execution.MethodInvocation.proceed(MethodInvocation.java:60)
	at org.junit.jupiter.engine.execution.InvocationInterceptorChain$ValidatingInvocation.proceed(InvocationInterceptorChain.java:131)
	at org.junit.jupiter.engine.extension.TimeoutExtension.intercept(TimeoutExtension.java:149)
	at org.junit.jupiter.engine.extension.TimeoutExtension.interceptLifecycleMethod(TimeoutExtension.java:126)
	at org.junit.jupiter.engine.extension.TimeoutExtension.interceptBeforeAllMethod(TimeoutExtension.java:68)
	at org.junit.jupiter.engine.execution.ExecutableInvoker$ReflectiveInterceptorCall.lambda$ofVoidMethod$0(ExecutableInvoker.java:115)
	at org.junit.jupiter.engine.execution.ExecutableInvoker.lambda$invoke$0(ExecutableInvoker.java:105)
	at org.junit.jupiter.engine.execution.InvocationInterceptorChain$InterceptedInvocation.proceed(InvocationInterceptorChain.java:106)
	at org.junit.jupiter.engine.execution.InvocationInterceptorChain.proceed(InvocationInterceptorChain.java:64)
	at org.junit.jupiter.engine.execution.InvocationInterceptorChain.chainAndInvoke(InvocationInterceptorChain.java:45)
	at org.junit.jupiter.engine.execution.InvocationInterceptorChain.invoke(InvocationInterceptorChain.java:37)
	at org.junit.jupiter.engine.execution.ExecutableInvoker.invoke(ExecutableInvoker.java:104)
	at org.junit.jupiter.engine.execution.ExecutableInvoker.invoke(ExecutableInvoker.java:98)
	at org.junit.jupiter.engine.descriptor.ClassBasedTestDescriptor.lambda$invokeBeforeAllMethods$9(ClassBasedTestDescriptor.java:384)
	at org.junit.platform.engine.support.hierarchical.ThrowableCollector.execute(ThrowableCollector.java:73)
	at org.junit.jupiter.engine.descriptor.ClassBasedTestDescriptor.invokeBeforeAllMethods(ClassBasedTestDescriptor.java:382)
	at org.junit.jupiter.engine.descriptor.ClassBasedTestDescriptor.before(ClassBasedTestDescriptor.java:196)
	at org.junit.jupiter.engine.descriptor.ClassBasedTestDescriptor.before(ClassBasedTestDescriptor.java:78)
	at org.junit.platform.engine.support.hierarchical.NodeTestTask.lambda$executeRecursively$5(NodeTestTask.java:136)
	at org.junit.platform.engine.support.hierarchical.ThrowableCollector.execute(ThrowableCollector.java:73)
	at org.junit.platform.engine.support.hierarchical.NodeTestTask.lambda$executeRecursively$7(NodeTestTask.java:129)
	at org.junit.platform.engine.support.hierarchical.Node.around(Node.java:137)
	at org.junit.platform.engine.support.hierarchical.NodeTestTask.lambda$executeRecursively$8(NodeTestTask.java:127)
	at org.junit.platform.engine.support.hierarchical.ThrowableCollector.execute(ThrowableCollector.java:73)
	at org.junit.platform.engine.support.hierarchical.NodeTestTask.executeRecursively(NodeTestTask.java:126)
	at org.junit.platform.engine.support.hierarchical.NodeTestTask.execute(NodeTestTask.java:84)
	at java.base/java.util.ArrayList.forEach(ArrayList.java:1541)
	at org.junit.platform.engine.support.hierarchical.SameThreadHierarchicalTestExecutorService.invokeAll(SameThreadHierarchicalTestExecutorService.java:38)
	at org.junit.platform.engine.support.hierarchical.NodeTestTask.lambda$executeRecursively$5(NodeTestTask.java:143)
	at org.junit.platform.engine.support.hierarchical.ThrowableCollector.execute(ThrowableCollector.java:73)
	at org.junit.platform.engine.support.hierarchical.NodeTestTask.lambda$executeRecursively$7(NodeTestTask.java:129)
	at org.junit.platform.engine.support.hierarchical.Node.around(Node.java:137)
	at org.junit.platform.engine.support.hierarchical.NodeTestTask.lambda$executeRecursively$8(NodeTestTask.java:127)
	at org.junit.platform.engine.support.hierarchical.ThrowableCollector.execute(ThrowableCollector.java:73)
	at org.junit.platform.engine.support.hierarchical.NodeTestTask.executeRecursively(NodeTestTask.java:126)
	at org.junit.platform.engine.support.hierarchical.NodeTestTask.execute(NodeTestTask.java:84)
	at org.junit.platform.engine.support.hierarchical.SameThreadHierarchicalTestExecutorService.submit(SameThreadHierarchicalTestExecutorService.java:32)
	at org.junit.platform.engine.support.hierarchical.HierarchicalTestExecutor.execute(HierarchicalTestExecutor.java:57)
	at org.junit.platform.engine.support.hierarchical.HierarchicalTestEngine.execute(HierarchicalTestEngine.java:51)
	at org.junit.platform.launcher.core.EngineExecutionOrchestrator.execute(EngineExecutionOrchestrator.java:108)
	at org.junit.platform.launcher.core.EngineExecutionOrchestrator.execute(EngineExecutionOrchestrator.java:88)
	at org.junit.platform.launcher.core.EngineExecutionOrchestrator.lambda$execute$0(EngineExecutionOrchestrator.java:54)
	at org.junit.platform.launcher.core.EngineExecutionOrchestrator.withInterceptedStreams(EngineExecutionOrchestrator.java:67)
	at org.junit.platform.launcher.core.EngineExecutionOrchestrator.execute(EngineExecutionOrchestrator.java:52)
	at org.junit.platform.launcher.core.DefaultLauncher.execute(DefaultLauncher.java:96)
	at org.junit.platform.launcher.core.DefaultLauncher.execute(DefaultLauncher.java:75)
	at org.apache.maven.surefire.junitplatform.JUnitPlatformProvider.execute(JUnitPlatformProvider.java:188)
	at org.apache.maven.surefire.junitplatform.JUnitPlatformProvider.invokeAllTests(JUnitPlatformProvider.java:154)
	at org.apache.maven.surefire.junitplatform.JUnitPlatformProvider.invoke(JUnitPlatformProvider.java:128)
	at org.apache.maven.surefire.booter.ForkedBooter.runSuitesInProcess(ForkedBooter.java:428)
	at org.apache.maven.surefire.booter.ForkedBooter.execute(ForkedBooter.java:162)
	at org.apache.maven.surefire.booter.ForkedBooter.run(ForkedBooter.java:562)
	at org.apache.maven.surefire.booter.ForkedBooter.main(ForkedBooter.java:548)
Caused by: java.lang.reflect.InvocationTargetException
	at java.base/jdk.internal.reflect.GeneratedConstructorAccessor17.newInstance(Unknown Source)
	at java.base/jdk.internal.reflect.DelegatingConstructorAccessorImpl.newInstance(DelegatingConstructorAccessorImpl.java:45)
	at java.base/java.lang.reflect.Constructor.newInstance(Constructor.java:490)
	at org.apache.tomcat.util.compat.Jre9Compat.jarFileNewInstance(Jre9Compat.java:206)
	... 92 more
Caused by: java.nio.file.NoSuchFileException: C:\Users\andre\.m2\repository\org\glassfish\jaxb\jaxb-runtime\2.3.1\istack-commons-runtime-3.0.7.jar
	at java.base/sun.nio.fs.WindowsException.translateToIOException(WindowsException.java:85)
	at java.base/sun.nio.fs.WindowsException.rethrowAsIOException(WindowsException.java:103)
	at java.base/sun.nio.fs.WindowsException.rethrowAsIOException(WindowsException.java:108)
	at java.base/sun.nio.fs.WindowsFileAttributeViews$Basic.readAttributes(WindowsFileAttributeViews.java:53)
	at java.base/sun.nio.fs.WindowsFileAttributeViews$Basic.readAttributes(WindowsFileAttributeViews.java:38)
	at java.base/sun.nio.fs.WindowsFileSystemProvider.readAttributes(WindowsFileSystemProvider.java:198)
	at java.base/java.nio.file.Files.readAttributes(Files.java:1763)
	at java.base/java.util.zip.ZipFile$Source.get(ZipFile.java:1225)
	at java.base/java.util.zip.ZipFile$CleanableResource.<init>(ZipFile.java:727)
	at java.base/java.util.zip.ZipFile$CleanableResource.get(ZipFile.java:844)
	at java.base/java.util.zip.ZipFile.<init>(ZipFile.java:247)
	at java.base/java.util.zip.ZipFile.<init>(ZipFile.java:177)
	at java.base/java.util.jar.JarFile.<init>(JarFile.java:348)
	... 96 more

Apr. 14, 2021 1:42:23 P.M. org.apache.tomcat.util.scan.StandardJarScanner processURLs
WARNING: Failed to scan [file:/C:/Users/andre/.m2/repository/org/glassfish/jaxb/jaxb-runtime/2.3.1/stax-ex-1.8.jar] from classloader hierarchy
java.io.IOException: java.lang.reflect.InvocationTargetException
	at org.apache.tomcat.util.compat.Jre9Compat.jarFileNewInstance(Jre9Compat.java:209)
	at org.apache.tomcat.util.scan.JarFileUrlJar.<init>(JarFileUrlJar.java:65)
	at org.apache.tomcat.util.scan.JarFactory.newInstance(JarFactory.java:49)
	at org.apache.tomcat.util.scan.StandardJarScanner.process(StandardJarScanner.java:383)
	at org.apache.tomcat.util.scan.StandardJarScanner.processURLs(StandardJarScanner.java:318)
	at org.apache.tomcat.util.scan.StandardJarScanner.doScanClassPath(StandardJarScanner.java:282)
	at org.apache.tomcat.util.scan.StandardJarScanner.scan(StandardJarScanner.java:233)
	at org.apache.jasper.servlet.TldScanner.scanJars(TldScanner.java:262)
	at org.apache.jasper.servlet.TldScanner.scan(TldScanner.java:104)
	at org.apache.jasper.servlet.JasperInitializer.onStartup(JasperInitializer.java:83)
	at org.apache.catalina.core.StandardContext.startInternal(StandardContext.java:5166)
	at org.apache.catalina.util.LifecycleBase.start(LifecycleBase.java:183)
	at org.apache.catalina.core.ContainerBase$StartChild.call(ContainerBase.java:1384)
	at org.apache.catalina.core.ContainerBase$StartChild.call(ContainerBase.java:1374)
	at java.base/java.util.concurrent.FutureTask.run(FutureTask.java:264)
	at org.apache.tomcat.util.threads.InlineExecutorService.execute(InlineExecutorService.java:75)
	at java.base/java.util.concurrent.AbstractExecutorService.submit(AbstractExecutorService.java:140)
	at org.apache.catalina.core.ContainerBase.startInternal(ContainerBase.java:909)
	at org.apache.catalina.core.StandardHost.startInternal(StandardHost.java:843)
	at org.apache.catalina.util.LifecycleBase.start(LifecycleBase.java:183)
	at org.apache.catalina.core.ContainerBase$StartChild.call(ContainerBase.java:1384)
	at org.apache.catalina.core.ContainerBase$StartChild.call(ContainerBase.java:1374)
	at java.base/java.util.concurrent.FutureTask.run(FutureTask.java:264)
	at org.apache.tomcat.util.threads.InlineExecutorService.execute(InlineExecutorService.java:75)
	at java.base/java.util.concurrent.AbstractExecutorService.submit(AbstractExecutorService.java:140)
	at org.apache.catalina.core.ContainerBase.startInternal(ContainerBase.java:909)
	at org.apache.catalina.core.StandardEngine.startInternal(StandardEngine.java:262)
	at org.apache.catalina.util.LifecycleBase.start(LifecycleBase.java:183)
	at org.apache.catalina.core.StandardService.startInternal(StandardService.java:434)
	at org.apache.catalina.util.LifecycleBase.start(LifecycleBase.java:183)
	at org.apache.catalina.core.StandardServer.startInternal(StandardServer.java:930)
	at org.apache.catalina.util.LifecycleBase.start(LifecycleBase.java:183)
	at org.apache.catalina.startup.Tomcat.start(Tomcat.java:486)
	at common.TomcatStartUp.createTomcat(TomcatStartUp.java:20)
	at logic.BloodBankTest.setUpBeforeClass(BloodBankTest.java:42)
	at java.base/jdk.internal.reflect.NativeMethodAccessorImpl.invoke0(Native Method)
	at java.base/jdk.internal.reflect.NativeMethodAccessorImpl.invoke(NativeMethodAccessorImpl.java:62)
	at java.base/jdk.internal.reflect.DelegatingMethodAccessorImpl.invoke(DelegatingMethodAccessorImpl.java:43)
	at java.base/java.lang.reflect.Method.invoke(Method.java:566)
	at org.junit.platform.commons.util.ReflectionUtils.invokeMethod(ReflectionUtils.java:688)
	at org.junit.jupiter.engine.execution.MethodInvocation.proceed(MethodInvocation.java:60)
	at org.junit.jupiter.engine.execution.InvocationInterceptorChain$ValidatingInvocation.proceed(InvocationInterceptorChain.java:131)
	at org.junit.jupiter.engine.extension.TimeoutExtension.intercept(TimeoutExtension.java:149)
	at org.junit.jupiter.engine.extension.TimeoutExtension.interceptLifecycleMethod(TimeoutExtension.java:126)
	at org.junit.jupiter.engine.extension.TimeoutExtension.interceptBeforeAllMethod(TimeoutExtension.java:68)
	at org.junit.jupiter.engine.execution.ExecutableInvoker$ReflectiveInterceptorCall.lambda$ofVoidMethod$0(ExecutableInvoker.java:115)
	at org.junit.jupiter.engine.execution.ExecutableInvoker.lambda$invoke$0(ExecutableInvoker.java:105)
	at org.junit.jupiter.engine.execution.InvocationInterceptorChain$InterceptedInvocation.proceed(InvocationInterceptorChain.java:106)
	at org.junit.jupiter.engine.execution.InvocationInterceptorChain.proceed(InvocationInterceptorChain.java:64)
	at org.junit.jupiter.engine.execution.InvocationInterceptorChain.chainAndInvoke(InvocationInterceptorChain.java:45)
	at org.junit.jupiter.engine.execution.InvocationInterceptorChain.invoke(InvocationInterceptorChain.java:37)
	at org.junit.jupiter.engine.execution.ExecutableInvoker.invoke(ExecutableInvoker.java:104)
	at org.junit.jupiter.engine.execution.ExecutableInvoker.invoke(ExecutableInvoker.java:98)
	at org.junit.jupiter.engine.descriptor.ClassBasedTestDescriptor.lambda$invokeBeforeAllMethods$9(ClassBasedTestDescriptor.java:384)
	at org.junit.platform.engine.support.hierarchical.ThrowableCollector.execute(ThrowableCollector.java:73)
	at org.junit.jupiter.engine.descriptor.ClassBasedTestDescriptor.invokeBeforeAllMethods(ClassBasedTestDescriptor.java:382)
	at org.junit.jupiter.engine.descriptor.ClassBasedTestDescriptor.before(ClassBasedTestDescriptor.java:196)
	at org.junit.jupiter.engine.descriptor.ClassBasedTestDescriptor.before(ClassBasedTestDescriptor.java:78)
	at org.junit.platform.engine.support.hierarchical.NodeTestTask.lambda$executeRecursively$5(NodeTestTask.java:136)
	at org.junit.platform.engine.support.hierarchical.ThrowableCollector.execute(ThrowableCollector.java:73)
	at org.junit.platform.engine.support.hierarchical.NodeTestTask.lambda$executeRecursively$7(NodeTestTask.java:129)
	at org.junit.platform.engine.support.hierarchical.Node.around(Node.java:137)
	at org.junit.platform.engine.support.hierarchical.NodeTestTask.lambda$executeRecursively$8(NodeTestTask.java:127)
	at org.junit.platform.engine.support.hierarchical.ThrowableCollector.execute(ThrowableCollector.java:73)
	at org.junit.platform.engine.support.hierarchical.NodeTestTask.executeRecursively(NodeTestTask.java:126)
	at org.junit.platform.engine.support.hierarchical.NodeTestTask.execute(NodeTestTask.java:84)
	at java.base/java.util.ArrayList.forEach(ArrayList.java:1541)
	at org.junit.platform.engine.support.hierarchical.SameThreadHierarchicalTestExecutorService.invokeAll(SameThreadHierarchicalTestExecutorService.java:38)
	at org.junit.platform.engine.support.hierarchical.NodeTestTask.lambda$executeRecursively$5(NodeTestTask.java:143)
	at org.junit.platform.engine.support.hierarchical.ThrowableCollector.execute(ThrowableCollector.java:73)
	at org.junit.platform.engine.support.hierarchical.NodeTestTask.lambda$executeRecursively$7(NodeTestTask.java:129)
	at org.junit.platform.engine.support.hierarchical.Node.around(Node.java:137)
	at org.junit.platform.engine.support.hierarchical.NodeTestTask.lambda$executeRecursively$8(NodeTestTask.java:127)
	at org.junit.platform.engine.support.hierarchical.ThrowableCollector.execute(ThrowableCollector.java:73)
	at org.junit.platform.engine.support.hierarchical.NodeTestTask.executeRecursively(NodeTestTask.java:126)
	at org.junit.platform.engine.support.hierarchical.NodeTestTask.execute(NodeTestTask.java:84)
	at org.junit.platform.engine.support.hierarchical.SameThreadHierarchicalTestExecutorService.submit(SameThreadHierarchicalTestExecutorService.java:32)
	at org.junit.platform.engine.support.hierarchical.HierarchicalTestExecutor.execute(HierarchicalTestExecutor.java:57)
	at org.junit.platform.engine.support.hierarchical.HierarchicalTestEngine.execute(HierarchicalTestEngine.java:51)
	at org.junit.platform.launcher.core.EngineExecutionOrchestrator.execute(EngineExecutionOrchestrator.java:108)
	at org.junit.platform.launcher.core.EngineExecutionOrchestrator.execute(EngineExecutionOrchestrator.java:88)
	at org.junit.platform.launcher.core.EngineExecutionOrchestrator.lambda$execute$0(EngineExecutionOrchestrator.java:54)
	at org.junit.platform.launcher.core.EngineExecutionOrchestrator.withInterceptedStreams(EngineExecutionOrchestrator.java:67)
	at org.junit.platform.launcher.core.EngineExecutionOrchestrator.execute(EngineExecutionOrchestrator.java:52)
	at org.junit.platform.launcher.core.DefaultLauncher.execute(DefaultLauncher.java:96)
	at org.junit.platform.launcher.core.DefaultLauncher.execute(DefaultLauncher.java:75)
	at org.apache.maven.surefire.junitplatform.JUnitPlatformProvider.execute(JUnitPlatformProvider.java:188)
	at org.apache.maven.surefire.junitplatform.JUnitPlatformProvider.invokeAllTests(JUnitPlatformProvider.java:154)
	at org.apache.maven.surefire.junitplatform.JUnitPlatformProvider.invoke(JUnitPlatformProvider.java:128)
	at org.apache.maven.surefire.booter.ForkedBooter.runSuitesInProcess(ForkedBooter.java:428)
	at org.apache.maven.surefire.booter.ForkedBooter.execute(ForkedBooter.java:162)
	at org.apache.maven.surefire.booter.ForkedBooter.run(ForkedBooter.java:562)
	at org.apache.maven.surefire.booter.ForkedBooter.main(ForkedBooter.java:548)
Caused by: java.lang.reflect.InvocationTargetException
	at java.base/jdk.internal.reflect.GeneratedConstructorAccessor17.newInstance(Unknown Source)
	at java.base/jdk.internal.reflect.DelegatingConstructorAccessorImpl.newInstance(DelegatingConstructorAccessorImpl.java:45)
	at java.base/java.lang.reflect.Constructor.newInstance(Constructor.java:490)
	at org.apache.tomcat.util.compat.Jre9Compat.jarFileNewInstance(Jre9Compat.java:206)
	... 92 more
Caused by: java.nio.file.NoSuchFileException: C:\Users\andre\.m2\repository\org\glassfish\jaxb\jaxb-runtime\2.3.1\stax-ex-1.8.jar
	at java.base/sun.nio.fs.WindowsException.translateToIOException(WindowsException.java:85)
	at java.base/sun.nio.fs.WindowsException.rethrowAsIOException(WindowsException.java:103)
	at java.base/sun.nio.fs.WindowsException.rethrowAsIOException(WindowsException.java:108)
	at java.base/sun.nio.fs.WindowsFileAttributeViews$Basic.readAttributes(WindowsFileAttributeViews.java:53)
	at java.base/sun.nio.fs.WindowsFileAttributeViews$Basic.readAttributes(WindowsFileAttributeViews.java:38)
	at java.base/sun.nio.fs.WindowsFileSystemProvider.readAttributes(WindowsFileSystemProvider.java:198)
	at java.base/java.nio.file.Files.readAttributes(Files.java:1763)
	at java.base/java.util.zip.ZipFile$Source.get(ZipFile.java:1225)
	at java.base/java.util.zip.ZipFile$CleanableResource.<init>(ZipFile.java:727)
	at java.base/java.util.zip.ZipFile$CleanableResource.get(ZipFile.java:844)
	at java.base/java.util.zip.ZipFile.<init>(ZipFile.java:247)
	at java.base/java.util.zip.ZipFile.<init>(ZipFile.java:177)
	at java.base/java.util.jar.JarFile.<init>(JarFile.java:348)
	... 96 more

Apr. 14, 2021 1:42:23 P.M. org.apache.tomcat.util.scan.StandardJarScanner processURLs
WARNING: Failed to scan [file:/C:/Users/andre/.m2/repository/org/glassfish/jaxb/jaxb-runtime/2.3.1/FastInfoset-1.2.15.jar] from classloader hierarchy
java.io.IOException: java.lang.reflect.InvocationTargetException
	at org.apache.tomcat.util.compat.Jre9Compat.jarFileNewInstance(Jre9Compat.java:209)
	at org.apache.tomcat.util.scan.JarFileUrlJar.<init>(JarFileUrlJar.java:65)
	at org.apache.tomcat.util.scan.JarFactory.newInstance(JarFactory.java:49)
	at org.apache.tomcat.util.scan.StandardJarScanner.process(StandardJarScanner.java:383)
	at org.apache.tomcat.util.scan.StandardJarScanner.processURLs(StandardJarScanner.java:318)
	at org.apache.tomcat.util.scan.StandardJarScanner.doScanClassPath(StandardJarScanner.java:282)
	at org.apache.tomcat.util.scan.StandardJarScanner.scan(StandardJarScanner.java:233)
	at org.apache.jasper.servlet.TldScanner.scanJars(TldScanner.java:262)
	at org.apache.jasper.servlet.TldScanner.scan(TldScanner.java:104)
	at org.apache.jasper.servlet.JasperInitializer.onStartup(JasperInitializer.java:83)
	at org.apache.catalina.core.StandardContext.startInternal(StandardContext.java:5166)
	at org.apache.catalina.util.LifecycleBase.start(LifecycleBase.java:183)
	at org.apache.catalina.core.ContainerBase$StartChild.call(ContainerBase.java:1384)
	at org.apache.catalina.core.ContainerBase$StartChild.call(ContainerBase.java:1374)
	at java.base/java.util.concurrent.FutureTask.run(FutureTask.java:264)
	at org.apache.tomcat.util.threads.InlineExecutorService.execute(InlineExecutorService.java:75)
	at java.base/java.util.concurrent.AbstractExecutorService.submit(AbstractExecutorService.java:140)
	at org.apache.catalina.core.ContainerBase.startInternal(ContainerBase.java:909)
	at org.apache.catalina.core.StandardHost.startInternal(StandardHost.java:843)
	at org.apache.catalina.util.LifecycleBase.start(LifecycleBase.java:183)
	at org.apache.catalina.core.ContainerBase$StartChild.call(ContainerBase.java:1384)
	at org.apache.catalina.core.ContainerBase$StartChild.call(ContainerBase.java:1374)
	at java.base/java.util.concurrent.FutureTask.run(FutureTask.java:264)
	at org.apache.tomcat.util.threads.InlineExecutorService.execute(InlineExecutorService.java:75)
	at java.base/java.util.concurrent.AbstractExecutorService.submit(AbstractExecutorService.java:140)
	at org.apache.catalina.core.ContainerBase.startInternal(ContainerBase.java:909)
	at org.apache.catalina.core.StandardEngine.startInternal(StandardEngine.java:262)
	at org.apache.catalina.util.LifecycleBase.start(LifecycleBase.java:183)
	at org.apache.catalina.core.StandardService.startInternal(StandardService.java:434)
	at org.apache.catalina.util.LifecycleBase.start(LifecycleBase.java:183)
	at org.apache.catalina.core.StandardServer.startInternal(StandardServer.java:930)
	at org.apache.catalina.util.LifecycleBase.start(LifecycleBase.java:183)
	at org.apache.catalina.startup.Tomcat.start(Tomcat.java:486)
	at common.TomcatStartUp.createTomcat(TomcatStartUp.java:20)
	at logic.BloodBankTest.setUpBeforeClass(BloodBankTest.java:42)
	at java.base/jdk.internal.reflect.NativeMethodAccessorImpl.invoke0(Native Method)
	at java.base/jdk.internal.reflect.NativeMethodAccessorImpl.invoke(NativeMethodAccessorImpl.java:62)
	at java.base/jdk.internal.reflect.DelegatingMethodAccessorImpl.invoke(DelegatingMethodAccessorImpl.java:43)
	at java.base/java.lang.reflect.Method.invoke(Method.java:566)
	at org.junit.platform.commons.util.ReflectionUtils.invokeMethod(ReflectionUtils.java:688)
	at org.junit.jupiter.engine.execution.MethodInvocation.proceed(MethodInvocation.java:60)
	at org.junit.jupiter.engine.execution.InvocationInterceptorChain$ValidatingInvocation.proceed(InvocationInterceptorChain.java:131)
	at org.junit.jupiter.engine.extension.TimeoutExtension.intercept(TimeoutExtension.java:149)
	at org.junit.jupiter.engine.extension.TimeoutExtension.interceptLifecycleMethod(TimeoutExtension.java:126)
	at org.junit.jupiter.engine.extension.TimeoutExtension.interceptBeforeAllMethod(TimeoutExtension.java:68)
	at org.junit.jupiter.engine.execution.ExecutableInvoker$ReflectiveInterceptorCall.lambda$ofVoidMethod$0(ExecutableInvoker.java:115)
	at org.junit.jupiter.engine.execution.ExecutableInvoker.lambda$invoke$0(ExecutableInvoker.java:105)
	at org.junit.jupiter.engine.execution.InvocationInterceptorChain$InterceptedInvocation.proceed(InvocationInterceptorChain.java:106)
	at org.junit.jupiter.engine.execution.InvocationInterceptorChain.proceed(InvocationInterceptorChain.java:64)
	at org.junit.jupiter.engine.execution.InvocationInterceptorChain.chainAndInvoke(InvocationInterceptorChain.java:45)
	at org.junit.jupiter.engine.execution.InvocationInterceptorChain.invoke(InvocationInterceptorChain.java:37)
	at org.junit.jupiter.engine.execution.ExecutableInvoker.invoke(ExecutableInvoker.java:104)
	at org.junit.jupiter.engine.execution.ExecutableInvoker.invoke(ExecutableInvoker.java:98)
	at org.junit.jupiter.engine.descriptor.ClassBasedTestDescriptor.lambda$invokeBeforeAllMethods$9(ClassBasedTestDescriptor.java:384)
	at org.junit.platform.engine.support.hierarchical.ThrowableCollector.execute(ThrowableCollector.java:73)
	at org.junit.jupiter.engine.descriptor.ClassBasedTestDescriptor.invokeBeforeAllMethods(ClassBasedTestDescriptor.java:382)
	at org.junit.jupiter.engine.descriptor.ClassBasedTestDescriptor.before(ClassBasedTestDescriptor.java:196)
	at org.junit.jupiter.engine.descriptor.ClassBasedTestDescriptor.before(ClassBasedTestDescriptor.java:78)
	at org.junit.platform.engine.support.hierarchical.NodeTestTask.lambda$executeRecursively$5(NodeTestTask.java:136)
	at org.junit.platform.engine.support.hierarchical.ThrowableCollector.execute(ThrowableCollector.java:73)
	at org.junit.platform.engine.support.hierarchical.NodeTestTask.lambda$executeRecursively$7(NodeTestTask.java:129)
	at org.junit.platform.engine.support.hierarchical.Node.around(Node.java:137)
	at org.junit.platform.engine.support.hierarchical.NodeTestTask.lambda$executeRecursively$8(NodeTestTask.java:127)
	at org.junit.platform.engine.support.hierarchical.ThrowableCollector.execute(ThrowableCollector.java:73)
	at org.junit.platform.engine.support.hierarchical.NodeTestTask.executeRecursively(NodeTestTask.java:126)
	at org.junit.platform.engine.support.hierarchical.NodeTestTask.execute(NodeTestTask.java:84)
	at java.base/java.util.ArrayList.forEach(ArrayList.java:1541)
	at org.junit.platform.engine.support.hierarchical.SameThreadHierarchicalTestExecutorService.invokeAll(SameThreadHierarchicalTestExecutorService.java:38)
	at org.junit.platform.engine.support.hierarchical.NodeTestTask.lambda$executeRecursively$5(NodeTestTask.java:143)
	at org.junit.platform.engine.support.hierarchical.ThrowableCollector.execute(ThrowableCollector.java:73)
	at org.junit.platform.engine.support.hierarchical.NodeTestTask.lambda$executeRecursively$7(NodeTestTask.java:129)
	at org.junit.platform.engine.support.hierarchical.Node.around(Node.java:137)
	at org.junit.platform.engine.support.hierarchical.NodeTestTask.lambda$executeRecursively$8(NodeTestTask.java:127)
	at org.junit.platform.engine.support.hierarchical.ThrowableCollector.execute(ThrowableCollector.java:73)
	at org.junit.platform.engine.support.hierarchical.NodeTestTask.executeRecursively(NodeTestTask.java:126)
	at org.junit.platform.engine.support.hierarchical.NodeTestTask.execute(NodeTestTask.java:84)
	at org.junit.platform.engine.support.hierarchical.SameThreadHierarchicalTestExecutorService.submit(SameThreadHierarchicalTestExecutorService.java:32)
	at org.junit.platform.engine.support.hierarchical.HierarchicalTestExecutor.execute(HierarchicalTestExecutor.java:57)
	at org.junit.platform.engine.support.hierarchical.HierarchicalTestEngine.execute(HierarchicalTestEngine.java:51)
	at org.junit.platform.launcher.core.EngineExecutionOrchestrator.execute(EngineExecutionOrchestrator.java:108)
	at org.junit.platform.launcher.core.EngineExecutionOrchestrator.execute(EngineExecutionOrchestrator.java:88)
	at org.junit.platform.launcher.core.EngineExecutionOrchestrator.lambda$execute$0(EngineExecutionOrchestrator.java:54)
	at org.junit.platform.launcher.core.EngineExecutionOrchestrator.withInterceptedStreams(EngineExecutionOrchestrator.java:67)
	at org.junit.platform.launcher.core.EngineExecutionOrchestrator.execute(EngineExecutionOrchestrator.java:52)
	at org.junit.platform.launcher.core.DefaultLauncher.execute(DefaultLauncher.java:96)
	at org.junit.platform.launcher.core.DefaultLauncher.execute(DefaultLauncher.java:75)
	at org.apache.maven.surefire.junitplatform.JUnitPlatformProvider.execute(JUnitPlatformProvider.java:188)
	at org.apache.maven.surefire.junitplatform.JUnitPlatformProvider.invokeAllTests(JUnitPlatformProvider.java:154)
	at org.apache.maven.surefire.junitplatform.JUnitPlatformProvider.invoke(JUnitPlatformProvider.java:128)
	at org.apache.maven.surefire.booter.ForkedBooter.runSuitesInProcess(ForkedBooter.java:428)
	at org.apache.maven.surefire.booter.ForkedBooter.execute(ForkedBooter.java:162)
	at org.apache.maven.surefire.booter.ForkedBooter.run(ForkedBooter.java:562)
	at org.apache.maven.surefire.booter.ForkedBooter.main(ForkedBooter.java:548)
Caused by: java.lang.reflect.InvocationTargetException
	at java.base/jdk.internal.reflect.GeneratedConstructorAccessor17.newInstance(Unknown Source)
	at java.base/jdk.internal.reflect.DelegatingConstructorAccessorImpl.newInstance(DelegatingConstructorAccessorImpl.java:45)
	at java.base/java.lang.reflect.Constructor.newInstance(Constructor.java:490)
	at org.apache.tomcat.util.compat.Jre9Compat.jarFileNewInstance(Jre9Compat.java:206)
	... 92 more
Caused by: java.nio.file.NoSuchFileException: C:\Users\andre\.m2\repository\org\glassfish\jaxb\jaxb-runtime\2.3.1\FastInfoset-1.2.15.jar
	at java.base/sun.nio.fs.WindowsException.translateToIOException(WindowsException.java:85)
	at java.base/sun.nio.fs.WindowsException.rethrowAsIOException(WindowsException.java:103)
	at java.base/sun.nio.fs.WindowsException.rethrowAsIOException(WindowsException.java:108)
	at java.base/sun.nio.fs.WindowsFileAttributeViews$Basic.readAttributes(WindowsFileAttributeViews.java:53)
	at java.base/sun.nio.fs.WindowsFileAttributeViews$Basic.readAttributes(WindowsFileAttributeViews.java:38)
	at java.base/sun.nio.fs.WindowsFileSystemProvider.readAttributes(WindowsFileSystemProvider.java:198)
	at java.base/java.nio.file.Files.readAttributes(Files.java:1763)
	at java.base/java.util.zip.ZipFile$Source.get(ZipFile.java:1225)
	at java.base/java.util.zip.ZipFile$CleanableResource.<init>(ZipFile.java:727)
	at java.base/java.util.zip.ZipFile$CleanableResource.get(ZipFile.java:844)
	at java.base/java.util.zip.ZipFile.<init>(ZipFile.java:247)
	at java.base/java.util.zip.ZipFile.<init>(ZipFile.java:177)
	at java.base/java.util.jar.JarFile.<init>(JarFile.java:348)
	... 96 more

Apr. 14, 2021 1:42:23 P.M. org.apache.tomcat.util.scan.StandardJarScanner processURLs
WARNING: Failed to scan [file:/C:/Users/andre/.m2/repository/org/glassfish/jaxb/jaxb-runtime/2.3.1/javax.activation-api-1.2.0.jar] from classloader hierarchy
java.io.IOException: java.lang.reflect.InvocationTargetException
	at org.apache.tomcat.util.compat.Jre9Compat.jarFileNewInstance(Jre9Compat.java:209)
	at org.apache.tomcat.util.scan.JarFileUrlJar.<init>(JarFileUrlJar.java:65)
	at org.apache.tomcat.util.scan.JarFactory.newInstance(JarFactory.java:49)
	at org.apache.tomcat.util.scan.StandardJarScanner.process(StandardJarScanner.java:383)
	at org.apache.tomcat.util.scan.StandardJarScanner.processURLs(StandardJarScanner.java:318)
	at org.apache.tomcat.util.scan.StandardJarScanner.doScanClassPath(StandardJarScanner.java:282)
	at org.apache.tomcat.util.scan.StandardJarScanner.scan(StandardJarScanner.java:233)
	at org.apache.jasper.servlet.TldScanner.scanJars(TldScanner.java:262)
	at org.apache.jasper.servlet.TldScanner.scan(TldScanner.java:104)
	at org.apache.jasper.servlet.JasperInitializer.onStartup(JasperInitializer.java:83)
	at org.apache.catalina.core.StandardContext.startInternal(StandardContext.java:5166)
	at org.apache.catalina.util.LifecycleBase.start(LifecycleBase.java:183)
	at org.apache.catalina.core.ContainerBase$StartChild.call(ContainerBase.java:1384)
	at org.apache.catalina.core.ContainerBase$StartChild.call(ContainerBase.java:1374)
	at java.base/java.util.concurrent.FutureTask.run(FutureTask.java:264)
	at org.apache.tomcat.util.threads.InlineExecutorService.execute(InlineExecutorService.java:75)
	at java.base/java.util.concurrent.AbstractExecutorService.submit(AbstractExecutorService.java:140)
	at org.apache.catalina.core.ContainerBase.startInternal(ContainerBase.java:909)
	at org.apache.catalina.core.StandardHost.startInternal(StandardHost.java:843)
	at org.apache.catalina.util.LifecycleBase.start(LifecycleBase.java:183)
	at org.apache.catalina.core.ContainerBase$StartChild.call(ContainerBase.java:1384)
	at org.apache.catalina.core.ContainerBase$StartChild.call(ContainerBase.java:1374)
	at java.base/java.util.concurrent.FutureTask.run(FutureTask.java:264)
	at org.apache.tomcat.util.threads.InlineExecutorService.execute(InlineExecutorService.java:75)
	at java.base/java.util.concurrent.AbstractExecutorService.submit(AbstractExecutorService.java:140)
	at org.apache.catalina.core.ContainerBase.startInternal(ContainerBase.java:909)
	at org.apache.catalina.core.StandardEngine.startInternal(StandardEngine.java:262)
	at org.apache.catalina.util.LifecycleBase.start(LifecycleBase.java:183)
	at org.apache.catalina.core.StandardService.startInternal(StandardService.java:434)
	at org.apache.catalina.util.LifecycleBase.start(LifecycleBase.java:183)
	at org.apache.catalina.core.StandardServer.startInternal(StandardServer.java:930)
	at org.apache.catalina.util.LifecycleBase.start(LifecycleBase.java:183)
	at org.apache.catalina.startup.Tomcat.start(Tomcat.java:486)
	at common.TomcatStartUp.createTomcat(TomcatStartUp.java:20)
	at logic.BloodBankTest.setUpBeforeClass(BloodBankTest.java:42)
	at java.base/jdk.internal.reflect.NativeMethodAccessorImpl.invoke0(Native Method)
	at java.base/jdk.internal.reflect.NativeMethodAccessorImpl.invoke(NativeMethodAccessorImpl.java:62)
	at java.base/jdk.internal.reflect.DelegatingMethodAccessorImpl.invoke(DelegatingMethodAccessorImpl.java:43)
	at java.base/java.lang.reflect.Method.invoke(Method.java:566)
	at org.junit.platform.commons.util.ReflectionUtils.invokeMethod(ReflectionUtils.java:688)
	at org.junit.jupiter.engine.execution.MethodInvocation.proceed(MethodInvocation.java:60)
	at org.junit.jupiter.engine.execution.InvocationInterceptorChain$ValidatingInvocation.proceed(InvocationInterceptorChain.java:131)
	at org.junit.jupiter.engine.extension.TimeoutExtension.intercept(TimeoutExtension.java:149)
	at org.junit.jupiter.engine.extension.TimeoutExtension.interceptLifecycleMethod(TimeoutExtension.java:126)
	at org.junit.jupiter.engine.extension.TimeoutExtension.interceptBeforeAllMethod(TimeoutExtension.java:68)
	at org.junit.jupiter.engine.execution.ExecutableInvoker$ReflectiveInterceptorCall.lambda$ofVoidMethod$0(ExecutableInvoker.java:115)
	at org.junit.jupiter.engine.execution.ExecutableInvoker.lambda$invoke$0(ExecutableInvoker.java:105)
	at org.junit.jupiter.engine.execution.InvocationInterceptorChain$InterceptedInvocation.proceed(InvocationInterceptorChain.java:106)
	at org.junit.jupiter.engine.execution.InvocationInterceptorChain.proceed(InvocationInterceptorChain.java:64)
	at org.junit.jupiter.engine.execution.InvocationInterceptorChain.chainAndInvoke(InvocationInterceptorChain.java:45)
	at org.junit.jupiter.engine.execution.InvocationInterceptorChain.invoke(InvocationInterceptorChain.java:37)
	at org.junit.jupiter.engine.execution.ExecutableInvoker.invoke(ExecutableInvoker.java:104)
	at org.junit.jupiter.engine.execution.ExecutableInvoker.invoke(ExecutableInvoker.java:98)
	at org.junit.jupiter.engine.descriptor.ClassBasedTestDescriptor.lambda$invokeBeforeAllMethods$9(ClassBasedTestDescriptor.java:384)
	at org.junit.platform.engine.support.hierarchical.ThrowableCollector.execute(ThrowableCollector.java:73)
	at org.junit.jupiter.engine.descriptor.ClassBasedTestDescriptor.invokeBeforeAllMethods(ClassBasedTestDescriptor.java:382)
	at org.junit.jupiter.engine.descriptor.ClassBasedTestDescriptor.before(ClassBasedTestDescriptor.java:196)
	at org.junit.jupiter.engine.descriptor.ClassBasedTestDescriptor.before(ClassBasedTestDescriptor.java:78)
	at org.junit.platform.engine.support.hierarchical.NodeTestTask.lambda$executeRecursively$5(NodeTestTask.java:136)
	at org.junit.platform.engine.support.hierarchical.ThrowableCollector.execute(ThrowableCollector.java:73)
	at org.junit.platform.engine.support.hierarchical.NodeTestTask.lambda$executeRecursively$7(NodeTestTask.java:129)
	at org.junit.platform.engine.support.hierarchical.Node.around(Node.java:137)
	at org.junit.platform.engine.support.hierarchical.NodeTestTask.lambda$executeRecursively$8(NodeTestTask.java:127)
	at org.junit.platform.engine.support.hierarchical.ThrowableCollector.execute(ThrowableCollector.java:73)
	at org.junit.platform.engine.support.hierarchical.NodeTestTask.executeRecursively(NodeTestTask.java:126)
	at org.junit.platform.engine.support.hierarchical.NodeTestTask.execute(NodeTestTask.java:84)
	at java.base/java.util.ArrayList.forEach(ArrayList.java:1541)
	at org.junit.platform.engine.support.hierarchical.SameThreadHierarchicalTestExecutorService.invokeAll(SameThreadHierarchicalTestExecutorService.java:38)
	at org.junit.platform.engine.support.hierarchical.NodeTestTask.lambda$executeRecursively$5(NodeTestTask.java:143)
	at org.junit.platform.engine.support.hierarchical.ThrowableCollector.execute(ThrowableCollector.java:73)
	at org.junit.platform.engine.support.hierarchical.NodeTestTask.lambda$executeRecursively$7(NodeTestTask.java:129)
	at org.junit.platform.engine.support.hierarchical.Node.around(Node.java:137)
	at org.junit.platform.engine.support.hierarchical.NodeTestTask.lambda$executeRecursively$8(NodeTestTask.java:127)
	at org.junit.platform.engine.support.hierarchical.ThrowableCollector.execute(ThrowableCollector.java:73)
	at org.junit.platform.engine.support.hierarchical.NodeTestTask.executeRecursively(NodeTestTask.java:126)
	at org.junit.platform.engine.support.hierarchical.NodeTestTask.execute(NodeTestTask.java:84)
	at org.junit.platform.engine.support.hierarchical.SameThreadHierarchicalTestExecutorService.submit(SameThreadHierarchicalTestExecutorService.java:32)
	at org.junit.platform.engine.support.hierarchical.HierarchicalTestExecutor.execute(HierarchicalTestExecutor.java:57)
	at org.junit.platform.engine.support.hierarchical.HierarchicalTestEngine.execute(HierarchicalTestEngine.java:51)
	at org.junit.platform.launcher.core.EngineExecutionOrchestrator.execute(EngineExecutionOrchestrator.java:108)
	at org.junit.platform.launcher.core.EngineExecutionOrchestrator.execute(EngineExecutionOrchestrator.java:88)
	at org.junit.platform.launcher.core.EngineExecutionOrchestrator.lambda$execute$0(EngineExecutionOrchestrator.java:54)
	at org.junit.platform.launcher.core.EngineExecutionOrchestrator.withInterceptedStreams(EngineExecutionOrchestrator.java:67)
	at org.junit.platform.launcher.core.EngineExecutionOrchestrator.execute(EngineExecutionOrchestrator.java:52)
	at org.junit.platform.launcher.core.DefaultLauncher.execute(DefaultLauncher.java:96)
	at org.junit.platform.launcher.core.DefaultLauncher.execute(DefaultLauncher.java:75)
	at org.apache.maven.surefire.junitplatform.JUnitPlatformProvider.execute(JUnitPlatformProvider.java:188)
	at org.apache.maven.surefire.junitplatform.JUnitPlatformProvider.invokeAllTests(JUnitPlatformProvider.java:154)
	at org.apache.maven.surefire.junitplatform.JUnitPlatformProvider.invoke(JUnitPlatformProvider.java:128)
	at org.apache.maven.surefire.booter.ForkedBooter.runSuitesInProcess(ForkedBooter.java:428)
	at org.apache.maven.surefire.booter.ForkedBooter.execute(ForkedBooter.java:162)
	at org.apache.maven.surefire.booter.ForkedBooter.run(ForkedBooter.java:562)
	at org.apache.maven.surefire.booter.ForkedBooter.main(ForkedBooter.java:548)
Caused by: java.lang.reflect.InvocationTargetException
	at java.base/jdk.internal.reflect.GeneratedConstructorAccessor17.newInstance(Unknown Source)
	at java.base/jdk.internal.reflect.DelegatingConstructorAccessorImpl.newInstance(DelegatingConstructorAccessorImpl.java:45)
	at java.base/java.lang.reflect.Constructor.newInstance(Constructor.java:490)
	at org.apache.tomcat.util.compat.Jre9Compat.jarFileNewInstance(Jre9Compat.java:206)
	... 92 more
Caused by: java.nio.file.NoSuchFileException: C:\Users\andre\.m2\repository\org\glassfish\jaxb\jaxb-runtime\2.3.1\javax.activation-api-1.2.0.jar
	at java.base/sun.nio.fs.WindowsException.translateToIOException(WindowsException.java:85)
	at java.base/sun.nio.fs.WindowsException.rethrowAsIOException(WindowsException.java:103)
	at java.base/sun.nio.fs.WindowsException.rethrowAsIOException(WindowsException.java:108)
	at java.base/sun.nio.fs.WindowsFileAttributeViews$Basic.readAttributes(WindowsFileAttributeViews.java:53)
	at java.base/sun.nio.fs.WindowsFileAttributeViews$Basic.readAttributes(WindowsFileAttributeViews.java:38)
	at java.base/sun.nio.fs.WindowsFileSystemProvider.readAttributes(WindowsFileSystemProvider.java:198)
	at java.base/java.nio.file.Files.readAttributes(Files.java:1763)
	at java.base/java.util.zip.ZipFile$Source.get(ZipFile.java:1225)
	at java.base/java.util.zip.ZipFile$CleanableResource.<init>(ZipFile.java:727)
	at java.base/java.util.zip.ZipFile$CleanableResource.get(ZipFile.java:844)
	at java.base/java.util.zip.ZipFile.<init>(ZipFile.java:247)
	at java.base/java.util.zip.ZipFile.<init>(ZipFile.java:177)
	at java.base/java.util.jar.JarFile.<init>(JarFile.java:348)
	... 96 more

Apr. 14, 2021 1:42:23 P.M. org.apache.jasper.servlet.TldScanner scanJars
INFO: At least one JAR was scanned for TLDs yet contained no TLDs. Enable debug logging for this logger for a complete list of JARs that were scanned but no TLDs were found in them. Skipping unneeded JARs during scanning can improve startup time and JSP compilation time.
Apr. 14, 2021 1:42:25 P.M. org.apache.catalina.util.SessionIdGeneratorBase createSecureRandom
WARNING: Creation of SecureRandom instance for session ID generation using [SHA1PRNG] took [192] milliseconds.
]]></system-err>
  </testcase>
  <testcase name="testGetEstablished" classname="logic.BloodBankTest" time="0.033">
    <system-out><![CDATA[2021-04-14T13:42:26,030|[DEBUG] EMFactory - getting EntityManagerFactory
2021-04-14T13:42:26,030|[DEBUG] EMFactory - initializeing EntityManagerFactory
2021-04-14T13:42:26,030|[DEBUG] SQL - 
    select
        person0_.id as id1_4_0_,
        person0_.address as address2_4_0_,
        person0_.birth as birth3_4_0_,
        person0_.first_name as first_na4_4_0_,
        person0_.last_name as last_nam5_4_0_,
        person0_.phone as phone6_4_0_ 
    from
        simplebloodbank.person person0_ 
    where
        person0_.id=?
2021-04-14T13:42:26,030|[TRACE] BasicBinder - binding parameter [1] as [INTEGER] - [1]
2021-04-14T13:42:26,032|[DEBUG] SQL - 
    /* insert entity.Person
        */ insert 
        into
            simplebloodbank.person
            (address, birth, first_name, last_name, phone) 
        values
            (?, ?, ?, ?, ?)
2021-04-14T13:42:26,032|[TRACE] BasicBinder - binding parameter [1] as [VARCHAR] - [123 Road Street]
2021-04-14T13:42:26,032|[TRACE] BasicBinder - binding parameter [2] as [TIMESTAMP] - [Sun Mar 01 00:00:00 EST 2020]
2021-04-14T13:42:26,032|[TRACE] BasicBinder - binding parameter [3] as [VARCHAR] - [Clark]
2021-04-14T13:42:26,032|[TRACE] BasicBinder - binding parameter [4] as [VARCHAR] - [Kent]
2021-04-14T13:42:26,032|[TRACE] BasicBinder - binding parameter [5] as [VARCHAR] - [613-316-1361]
2021-04-14T13:42:26,034|[DEBUG] SQL - 
    /* insert entity.BloodBank
        */ insert 
        into
            simplebloodbank.blood_bank
            (employee_count, established, name, owner, privately_owned) 
        values
            (?, ?, ?, ?, ?)
2021-04-14T13:42:26,034|[TRACE] BasicBinder - binding parameter [1] as [INTEGER] - [5]
2021-04-14T13:42:26,034|[TRACE] BasicBinder - binding parameter [2] as [TIMESTAMP] - [Wed Dec 12 00:00:00 EST 1212]
2021-04-14T13:42:26,034|[TRACE] BasicBinder - binding parameter [3] as [VARCHAR] - [test name]
2021-04-14T13:42:26,034|[TRACE] BasicBinder - binding parameter [4] as [INTEGER] - [3]
2021-04-14T13:42:26,035|[TRACE] BasicBinder - binding parameter [5] as [BOOLEAN] - [true]
2021-04-14T13:42:26,040|[DEBUG] EMFactory - getting EntityManagerFactory
2021-04-14T13:42:26,040|[DEBUG] EMFactory - initializeing EntityManagerFactory
2021-04-14T13:42:26,041|[DEBUG] SQL - 
    /* load entity.BloodBank */ select
        bloodbank0_.bank_id as bank_id1_1_0_,
        bloodbank0_.employee_count as employee2_1_0_,
        bloodbank0_.established as establis3_1_0_,
        bloodbank0_.name as name4_1_0_,
        bloodbank0_.owner as owner6_1_0_,
        bloodbank0_.privately_owned as privatel5_1_0_ 
    from
        simplebloodbank.blood_bank bloodbank0_ 
    where
        bloodbank0_.bank_id=?
2021-04-14T13:42:26,042|[TRACE] BasicBinder - binding parameter [1] as [INTEGER] - [3]
2021-04-14T13:42:26,043|[TRACE] BasicExtractor - extracted value ([employee2_1_0_] : [INTEGER]) - [5]
2021-04-14T13:42:26,043|[TRACE] BasicExtractor - extracted value ([establis3_1_0_] : [TIMESTAMP]) - [1212-12-12 00:00:00.0]
2021-04-14T13:42:26,043|[TRACE] BasicExtractor - extracted value ([name4_1_0_] : [VARCHAR]) - [test name]
2021-04-14T13:42:26,043|[TRACE] BasicExtractor - extracted value ([owner6_1_0_] : [INTEGER]) - [3]
2021-04-14T13:42:26,043|[TRACE] BasicExtractor - extracted value ([privatel5_1_0_] : [BOOLEAN]) - [true]
2021-04-14T13:42:26,044|[DEBUG] SQL - 
    select
        blooddonat0_.bank_id as bank_id6_2_0_,
        blooddonat0_.donation_id as donation1_2_0_,
        blooddonat0_.donation_id as donation1_2_1_,
        blooddonat0_.bank_id as bank_id6_2_1_,
        blooddonat0_.blood_group as blood_gr2_2_1_,
        blooddonat0_.created as created3_2_1_,
        blooddonat0_.milliliters as millilit4_2_1_,
        blooddonat0_.rhd as rhd5_2_1_ 
    from
        simplebloodbank.blood_donation blooddonat0_ 
    where
        blooddonat0_.bank_id=?
2021-04-14T13:42:26,044|[TRACE] BasicBinder - binding parameter [1] as [INTEGER] - [3]
2021-04-14T13:42:26,046|[DEBUG] SQL - 
    /* delete entity.BloodBank */ delete 
        from
            simplebloodbank.blood_bank 
        where
            bank_id=?
2021-04-14T13:42:26,046|[TRACE] BasicBinder - binding parameter [1] as [INTEGER] - [3]
2021-04-14T13:42:26,051|[DEBUG] EMFactory - getting EntityManagerFactory
2021-04-14T13:42:26,051|[DEBUG] EMFactory - initializeing EntityManagerFactory
2021-04-14T13:42:26,052|[DEBUG] SQL - 
    /* load entity.BloodBank */ select
        bloodbank0_.bank_id as bank_id1_1_0_,
        bloodbank0_.employee_count as employee2_1_0_,
        bloodbank0_.established as establis3_1_0_,
        bloodbank0_.name as name4_1_0_,
        bloodbank0_.owner as owner6_1_0_,
        bloodbank0_.privately_owned as privatel5_1_0_ 
    from
        simplebloodbank.blood_bank bloodbank0_ 
    where
        bloodbank0_.bank_id=?
2021-04-14T13:42:26,052|[TRACE] BasicBinder - binding parameter [1] as [INTEGER] - [3]
2021-04-14T13:42:26,053|[DEBUG] SQL - 
    /* insert entity.BloodBank
        */ insert 
        into
            simplebloodbank.blood_bank
            (employee_count, established, name, owner, privately_owned) 
        values
            (?, ?, ?, ?, ?)
2021-04-14T13:42:26,053|[TRACE] BasicBinder - binding parameter [1] as [INTEGER] - [5]
2021-04-14T13:42:26,053|[TRACE] BasicBinder - binding parameter [2] as [TIMESTAMP] - [Wed Dec 12 00:00:00 EST 1212]
2021-04-14T13:42:26,053|[TRACE] BasicBinder - binding parameter [3] as [VARCHAR] - [test name]
2021-04-14T13:42:26,054|[TRACE] BasicBinder - binding parameter [4] as [INTEGER] - [3]
2021-04-14T13:42:26,054|[TRACE] BasicBinder - binding parameter [5] as [BOOLEAN] - [true]
2021-04-14T13:42:26,055|[DEBUG] SQL - 
    /* delete entity.BloodBank */ delete 
        from
            simplebloodbank.blood_bank 
        where
            bank_id=?
2021-04-14T13:42:26,055|[TRACE] BasicBinder - binding parameter [1] as [INTEGER] - [4]
2021-04-14T13:42:26,059|[DEBUG] EMFactory - getting EntityManagerFactory
2021-04-14T13:42:26,059|[DEBUG] EMFactory - initializeing EntityManagerFactory
2021-04-14T13:42:26,059|[DEBUG] SQL - 
    select
        person0_.id as id1_4_0_,
        person0_.address as address2_4_0_,
        person0_.birth as birth3_4_0_,
        person0_.first_name as first_na4_4_0_,
        person0_.last_name as last_nam5_4_0_,
        person0_.phone as phone6_4_0_ 
    from
        simplebloodbank.person person0_ 
    where
        person0_.id=?
2021-04-14T13:42:26,060|[TRACE] BasicBinder - binding parameter [1] as [INTEGER] - [1]
]]></system-out>
  </testcase>
  <testcase name="testGetOwner" classname="logic.BloodBankTest" time="0.031">
    <system-out><![CDATA[2021-04-14T13:42:26,062|[DEBUG] EMFactory - getting EntityManagerFactory
2021-04-14T13:42:26,062|[DEBUG] EMFactory - initializeing EntityManagerFactory
2021-04-14T13:42:26,063|[DEBUG] SQL - 
    select
        person0_.id as id1_4_0_,
        person0_.address as address2_4_0_,
        person0_.birth as birth3_4_0_,
        person0_.first_name as first_na4_4_0_,
        person0_.last_name as last_nam5_4_0_,
        person0_.phone as phone6_4_0_ 
    from
        simplebloodbank.person person0_ 
    where
        person0_.id=?
2021-04-14T13:42:26,063|[TRACE] BasicBinder - binding parameter [1] as [INTEGER] - [1]
2021-04-14T13:42:26,065|[DEBUG] SQL - 
    /* insert entity.Person
        */ insert 
        into
            simplebloodbank.person
            (address, birth, first_name, last_name, phone) 
        values
            (?, ?, ?, ?, ?)
2021-04-14T13:42:26,065|[TRACE] BasicBinder - binding parameter [1] as [VARCHAR] - [123 Road Street]
2021-04-14T13:42:26,065|[TRACE] BasicBinder - binding parameter [2] as [TIMESTAMP] - [Sun Mar 01 00:00:00 EST 2020]
2021-04-14T13:42:26,065|[TRACE] BasicBinder - binding parameter [3] as [VARCHAR] - [Clark]
2021-04-14T13:42:26,065|[TRACE] BasicBinder - binding parameter [4] as [VARCHAR] - [Kent]
2021-04-14T13:42:26,065|[TRACE] BasicBinder - binding parameter [5] as [VARCHAR] - [613-316-1361]
2021-04-14T13:42:26,067|[DEBUG] SQL - 
    /* insert entity.BloodBank
        */ insert 
        into
            simplebloodbank.blood_bank
            (employee_count, established, name, owner, privately_owned) 
        values
            (?, ?, ?, ?, ?)
2021-04-14T13:42:26,067|[TRACE] BasicBinder - binding parameter [1] as [INTEGER] - [5]
2021-04-14T13:42:26,068|[TRACE] BasicBinder - binding parameter [2] as [TIMESTAMP] - [Wed Dec 12 00:00:00 EST 1212]
2021-04-14T13:42:26,068|[TRACE] BasicBinder - binding parameter [3] as [VARCHAR] - [test name]
2021-04-14T13:42:26,068|[TRACE] BasicBinder - binding parameter [4] as [INTEGER] - [4]
2021-04-14T13:42:26,068|[TRACE] BasicBinder - binding parameter [5] as [BOOLEAN] - [true]
2021-04-14T13:42:26,073|[DEBUG] EMFactory - getting EntityManagerFactory
2021-04-14T13:42:26,073|[DEBUG] EMFactory - initializeing EntityManagerFactory
2021-04-14T13:42:26,073|[DEBUG] SQL - 
    /* load entity.BloodBank */ select
        bloodbank0_.bank_id as bank_id1_1_0_,
        bloodbank0_.employee_count as employee2_1_0_,
        bloodbank0_.established as establis3_1_0_,
        bloodbank0_.name as name4_1_0_,
        bloodbank0_.owner as owner6_1_0_,
        bloodbank0_.privately_owned as privatel5_1_0_ 
    from
        simplebloodbank.blood_bank bloodbank0_ 
    where
        bloodbank0_.bank_id=?
2021-04-14T13:42:26,074|[TRACE] BasicBinder - binding parameter [1] as [INTEGER] - [5]
2021-04-14T13:42:26,074|[TRACE] BasicExtractor - extracted value ([employee2_1_0_] : [INTEGER]) - [5]
2021-04-14T13:42:26,075|[TRACE] BasicExtractor - extracted value ([establis3_1_0_] : [TIMESTAMP]) - [1212-12-12 00:00:00.0]
2021-04-14T13:42:26,075|[TRACE] BasicExtractor - extracted value ([name4_1_0_] : [VARCHAR]) - [test name]
2021-04-14T13:42:26,075|[TRACE] BasicExtractor - extracted value ([owner6_1_0_] : [INTEGER]) - [4]
2021-04-14T13:42:26,075|[TRACE] BasicExtractor - extracted value ([privatel5_1_0_] : [BOOLEAN]) - [true]
2021-04-14T13:42:26,075|[DEBUG] SQL - 
    select
        blooddonat0_.bank_id as bank_id6_2_0_,
        blooddonat0_.donation_id as donation1_2_0_,
        blooddonat0_.donation_id as donation1_2_1_,
        blooddonat0_.bank_id as bank_id6_2_1_,
        blooddonat0_.blood_group as blood_gr2_2_1_,
        blooddonat0_.created as created3_2_1_,
        blooddonat0_.milliliters as millilit4_2_1_,
        blooddonat0_.rhd as rhd5_2_1_ 
    from
        simplebloodbank.blood_donation blooddonat0_ 
    where
        blooddonat0_.bank_id=?
2021-04-14T13:42:26,075|[TRACE] BasicBinder - binding parameter [1] as [INTEGER] - [5]
2021-04-14T13:42:26,077|[DEBUG] SQL - 
    /* delete entity.BloodBank */ delete 
        from
            simplebloodbank.blood_bank 
        where
            bank_id=?
2021-04-14T13:42:26,077|[TRACE] BasicBinder - binding parameter [1] as [INTEGER] - [5]
2021-04-14T13:42:26,082|[DEBUG] EMFactory - getting EntityManagerFactory
2021-04-14T13:42:26,082|[DEBUG] EMFactory - initializeing EntityManagerFactory
2021-04-14T13:42:26,083|[DEBUG] SQL - 
    /* load entity.BloodBank */ select
        bloodbank0_.bank_id as bank_id1_1_0_,
        bloodbank0_.employee_count as employee2_1_0_,
        bloodbank0_.established as establis3_1_0_,
        bloodbank0_.name as name4_1_0_,
        bloodbank0_.owner as owner6_1_0_,
        bloodbank0_.privately_owned as privatel5_1_0_ 
    from
        simplebloodbank.blood_bank bloodbank0_ 
    where
        bloodbank0_.bank_id=?
2021-04-14T13:42:26,083|[TRACE] BasicBinder - binding parameter [1] as [INTEGER] - [5]
2021-04-14T13:42:26,084|[DEBUG] SQL - 
    /* insert entity.BloodBank
        */ insert 
        into
            simplebloodbank.blood_bank
            (employee_count, established, name, owner, privately_owned) 
        values
            (?, ?, ?, ?, ?)
2021-04-14T13:42:26,084|[TRACE] BasicBinder - binding parameter [1] as [INTEGER] - [5]
2021-04-14T13:42:26,084|[TRACE] BasicBinder - binding parameter [2] as [TIMESTAMP] - [Wed Dec 12 00:00:00 EST 1212]
2021-04-14T13:42:26,085|[TRACE] BasicBinder - binding parameter [3] as [VARCHAR] - [test name]
2021-04-14T13:42:26,085|[TRACE] BasicBinder - binding parameter [4] as [INTEGER] - [4]
2021-04-14T13:42:26,085|[TRACE] BasicBinder - binding parameter [5] as [BOOLEAN] - [true]
2021-04-14T13:42:26,086|[DEBUG] SQL - 
    /* delete entity.BloodBank */ delete 
        from
            simplebloodbank.blood_bank 
        where
            bank_id=?
2021-04-14T13:42:26,086|[TRACE] BasicBinder - binding parameter [1] as [INTEGER] - [6]
2021-04-14T13:42:26,090|[DEBUG] EMFactory - getting EntityManagerFactory
2021-04-14T13:42:26,090|[DEBUG] EMFactory - initializeing EntityManagerFactory
2021-04-14T13:42:26,091|[DEBUG] SQL - 
    select
        person0_.id as id1_4_0_,
        person0_.address as address2_4_0_,
        person0_.birth as birth3_4_0_,
        person0_.first_name as first_na4_4_0_,
        person0_.last_name as last_nam5_4_0_,
        person0_.phone as phone6_4_0_ 
    from
        simplebloodbank.person person0_ 
    where
        person0_.id=?
2021-04-14T13:42:26,091|[TRACE] BasicBinder - binding parameter [1] as [INTEGER] - [1]
]]></system-out>
  </testcase>
  <testcase name="testGetBloodBankWithPrivatelyOwned" classname="logic.BloodBankTest" time="0.066">
    <system-out><![CDATA[2021-04-14T13:42:26,094|[DEBUG] EMFactory - getting EntityManagerFactory
2021-04-14T13:42:26,094|[DEBUG] EMFactory - initializeing EntityManagerFactory
2021-04-14T13:42:26,095|[DEBUG] SQL - 
    select
        person0_.id as id1_4_0_,
        person0_.address as address2_4_0_,
        person0_.birth as birth3_4_0_,
        person0_.first_name as first_na4_4_0_,
        person0_.last_name as last_nam5_4_0_,
        person0_.phone as phone6_4_0_ 
    from
        simplebloodbank.person person0_ 
    where
        person0_.id=?
2021-04-14T13:42:26,095|[TRACE] BasicBinder - binding parameter [1] as [INTEGER] - [1]
2021-04-14T13:42:26,096|[DEBUG] SQL - 
    /* insert entity.Person
        */ insert 
        into
            simplebloodbank.person
            (address, birth, first_name, last_name, phone) 
        values
            (?, ?, ?, ?, ?)
2021-04-14T13:42:26,096|[TRACE] BasicBinder - binding parameter [1] as [VARCHAR] - [123 Road Street]
2021-04-14T13:42:26,096|[TRACE] BasicBinder - binding parameter [2] as [TIMESTAMP] - [Sun Mar 01 00:00:00 EST 2020]
2021-04-14T13:42:26,096|[TRACE] BasicBinder - binding parameter [3] as [VARCHAR] - [Clark]
2021-04-14T13:42:26,096|[TRACE] BasicBinder - binding parameter [4] as [VARCHAR] - [Kent]
2021-04-14T13:42:26,096|[TRACE] BasicBinder - binding parameter [5] as [VARCHAR] - [613-316-1361]
2021-04-14T13:42:26,098|[DEBUG] SQL - 
    /* insert entity.BloodBank
        */ insert 
        into
            simplebloodbank.blood_bank
            (employee_count, established, name, owner, privately_owned) 
        values
            (?, ?, ?, ?, ?)
2021-04-14T13:42:26,098|[TRACE] BasicBinder - binding parameter [1] as [INTEGER] - [5]
2021-04-14T13:42:26,098|[TRACE] BasicBinder - binding parameter [2] as [TIMESTAMP] - [Wed Dec 12 00:00:00 EST 1212]
2021-04-14T13:42:26,098|[TRACE] BasicBinder - binding parameter [3] as [VARCHAR] - [test name]
2021-04-14T13:42:26,098|[TRACE] BasicBinder - binding parameter [4] as [INTEGER] - [5]
2021-04-14T13:42:26,098|[TRACE] BasicBinder - binding parameter [5] as [BOOLEAN] - [true]
2021-04-14T13:42:26,104|[DEBUG] EMFactory - getting EntityManagerFactory
2021-04-14T13:42:26,105|[DEBUG] EMFactory - initializeing EntityManagerFactory
2021-04-14T13:42:26,118|[DEBUG] SQL - 
    /* BloodBank.findByPrivatelyOwned */ select
        bloodbank0_.bank_id as bank_id1_1_,
        bloodbank0_.employee_count as employee2_1_,
        bloodbank0_.established as establis3_1_,
        bloodbank0_.name as name4_1_,
        bloodbank0_.owner as owner6_1_,
        bloodbank0_.privately_owned as privatel5_1_ 
    from
        simplebloodbank.blood_bank bloodbank0_ 
    where
        bloodbank0_.privately_owned=?
2021-04-14T13:42:26,118|[TRACE] BasicBinder - binding parameter [1] as [BOOLEAN] - [true]
2021-04-14T13:42:26,119|[TRACE] BasicExtractor - extracted value ([bank_id1_1_] : [INTEGER]) - [7]
2021-04-14T13:42:26,119|[TRACE] BasicExtractor - extracted value ([employee2_1_] : [INTEGER]) - [5]
2021-04-14T13:42:26,119|[TRACE] BasicExtractor - extracted value ([establis3_1_] : [TIMESTAMP]) - [1212-12-12 00:00:00.0]
2021-04-14T13:42:26,120|[TRACE] BasicExtractor - extracted value ([name4_1_] : [VARCHAR]) - [test name]
2021-04-14T13:42:26,120|[TRACE] BasicExtractor - extracted value ([owner6_1_] : [INTEGER]) - [5]
2021-04-14T13:42:26,120|[TRACE] BasicExtractor - extracted value ([privatel5_1_] : [BOOLEAN]) - [true]
2021-04-14T13:42:26,121|[DEBUG] SQL - 
    select
        person0_.id as id1_4_0_,
        person0_.address as address2_4_0_,
        person0_.birth as birth3_4_0_,
        person0_.first_name as first_na4_4_0_,
        person0_.last_name as last_nam5_4_0_,
        person0_.phone as phone6_4_0_ 
    from
        simplebloodbank.person person0_ 
    where
        person0_.id=?
2021-04-14T13:42:26,121|[TRACE] BasicBinder - binding parameter [1] as [INTEGER] - [5]
2021-04-14T13:42:26,122|[TRACE] BasicExtractor - extracted value ([address2_4_0_] : [VARCHAR]) - [123 Road Street]
2021-04-14T13:42:26,122|[TRACE] BasicExtractor - extracted value ([birth3_4_0_] : [TIMESTAMP]) - [2020-03-01 00:00:00.0]
2021-04-14T13:42:26,122|[TRACE] BasicExtractor - extracted value ([first_na4_4_0_] : [VARCHAR]) - [Clark]
2021-04-14T13:42:26,122|[TRACE] BasicExtractor - extracted value ([last_nam5_4_0_] : [VARCHAR]) - [Kent]
2021-04-14T13:42:26,122|[TRACE] BasicExtractor - extracted value ([phone6_4_0_] : [VARCHAR]) - [613-316-1361]
2021-04-14T13:42:26,122|[DEBUG] EMFactory - getting EntityManagerFactory
2021-04-14T13:42:26,122|[DEBUG] EMFactory - initializeing EntityManagerFactory
2021-04-14T13:42:26,138|[DEBUG] SQL - 
    /* load entity.BloodBank */ select
        bloodbank0_.bank_id as bank_id1_1_0_,
        bloodbank0_.employee_count as employee2_1_0_,
        bloodbank0_.established as establis3_1_0_,
        bloodbank0_.name as name4_1_0_,
        bloodbank0_.owner as owner6_1_0_,
        bloodbank0_.privately_owned as privatel5_1_0_ 
    from
        simplebloodbank.blood_bank bloodbank0_ 
    where
        bloodbank0_.bank_id=?
2021-04-14T13:42:26,139|[TRACE] BasicBinder - binding parameter [1] as [INTEGER] - [7]
2021-04-14T13:42:26,139|[TRACE] BasicExtractor - extracted value ([employee2_1_0_] : [INTEGER]) - [5]
2021-04-14T13:42:26,140|[TRACE] BasicExtractor - extracted value ([establis3_1_0_] : [TIMESTAMP]) - [1212-12-12 00:00:00.0]
2021-04-14T13:42:26,140|[TRACE] BasicExtractor - extracted value ([name4_1_0_] : [VARCHAR]) - [test name]
2021-04-14T13:42:26,140|[TRACE] BasicExtractor - extracted value ([owner6_1_0_] : [INTEGER]) - [5]
2021-04-14T13:42:26,140|[TRACE] BasicExtractor - extracted value ([privatel5_1_0_] : [BOOLEAN]) - [true]
2021-04-14T13:42:26,140|[DEBUG] SQL - 
    select
        blooddonat0_.bank_id as bank_id6_2_0_,
        blooddonat0_.donation_id as donation1_2_0_,
        blooddonat0_.donation_id as donation1_2_1_,
        blooddonat0_.bank_id as bank_id6_2_1_,
        blooddonat0_.blood_group as blood_gr2_2_1_,
        blooddonat0_.created as created3_2_1_,
        blooddonat0_.milliliters as millilit4_2_1_,
        blooddonat0_.rhd as rhd5_2_1_ 
    from
        simplebloodbank.blood_donation blooddonat0_ 
    where
        blooddonat0_.bank_id=?
2021-04-14T13:42:26,140|[TRACE] BasicBinder - binding parameter [1] as [INTEGER] - [7]
2021-04-14T13:42:26,142|[DEBUG] SQL - 
    /* delete entity.BloodBank */ delete 
        from
            simplebloodbank.blood_bank 
        where
            bank_id=?
2021-04-14T13:42:26,142|[TRACE] BasicBinder - binding parameter [1] as [INTEGER] - [7]
2021-04-14T13:42:26,147|[DEBUG] EMFactory - getting EntityManagerFactory
2021-04-14T13:42:26,147|[DEBUG] EMFactory - initializeing EntityManagerFactory
2021-04-14T13:42:26,148|[DEBUG] SQL - 
    /* load entity.BloodBank */ select
        bloodbank0_.bank_id as bank_id1_1_0_,
        bloodbank0_.employee_count as employee2_1_0_,
        bloodbank0_.established as establis3_1_0_,
        bloodbank0_.name as name4_1_0_,
        bloodbank0_.owner as owner6_1_0_,
        bloodbank0_.privately_owned as privatel5_1_0_ 
    from
        simplebloodbank.blood_bank bloodbank0_ 
    where
        bloodbank0_.bank_id=?
2021-04-14T13:42:26,148|[TRACE] BasicBinder - binding parameter [1] as [INTEGER] - [7]
2021-04-14T13:42:26,149|[DEBUG] SQL - 
    /* insert entity.BloodBank
        */ insert 
        into
            simplebloodbank.blood_bank
            (employee_count, established, name, owner, privately_owned) 
        values
            (?, ?, ?, ?, ?)
2021-04-14T13:42:26,149|[TRACE] BasicBinder - binding parameter [1] as [INTEGER] - [5]
2021-04-14T13:42:26,150|[TRACE] BasicBinder - binding parameter [2] as [TIMESTAMP] - [Wed Dec 12 00:00:00 EST 1212]
2021-04-14T13:42:26,150|[TRACE] BasicBinder - binding parameter [3] as [VARCHAR] - [test name]
2021-04-14T13:42:26,150|[TRACE] BasicBinder - binding parameter [4] as [INTEGER] - [5]
2021-04-14T13:42:26,150|[TRACE] BasicBinder - binding parameter [5] as [BOOLEAN] - [true]
2021-04-14T13:42:26,152|[DEBUG] SQL - 
    /* delete entity.BloodBank */ delete 
        from
            simplebloodbank.blood_bank 
        where
            bank_id=?
2021-04-14T13:42:26,152|[TRACE] BasicBinder - binding parameter [1] as [INTEGER] - [8]
2021-04-14T13:42:26,157|[DEBUG] EMFactory - getting EntityManagerFactory
2021-04-14T13:42:26,157|[DEBUG] EMFactory - initializeing EntityManagerFactory
2021-04-14T13:42:26,157|[DEBUG] SQL - 
    select
        person0_.id as id1_4_0_,
        person0_.address as address2_4_0_,
        person0_.birth as birth3_4_0_,
        person0_.first_name as first_na4_4_0_,
        person0_.last_name as last_nam5_4_0_,
        person0_.phone as phone6_4_0_ 
    from
        simplebloodbank.person person0_ 
    where
        person0_.id=?
2021-04-14T13:42:26,158|[TRACE] BasicBinder - binding parameter [1] as [INTEGER] - [1]
]]></system-out>
    <system-err><![CDATA[Apr. 14, 2021 1:42:26 P.M. dal.GenericDAL lambda$setParameters$0
INFO: setParameters: privatelyOwned=true
]]></system-err>
  </testcase>
  <testcase name="testExtractDataAsList" classname="logic.BloodBankTest" time="0.047">
    <system-out><![CDATA[2021-04-14T13:42:26,160|[DEBUG] EMFactory - getting EntityManagerFactory
2021-04-14T13:42:26,160|[DEBUG] EMFactory - initializeing EntityManagerFactory
2021-04-14T13:42:26,161|[DEBUG] SQL - 
    select
        person0_.id as id1_4_0_,
        person0_.address as address2_4_0_,
        person0_.birth as birth3_4_0_,
        person0_.first_name as first_na4_4_0_,
        person0_.last_name as last_nam5_4_0_,
        person0_.phone as phone6_4_0_ 
    from
        simplebloodbank.person person0_ 
    where
        person0_.id=?
2021-04-14T13:42:26,161|[TRACE] BasicBinder - binding parameter [1] as [INTEGER] - [1]
2021-04-14T13:42:26,162|[DEBUG] SQL - 
    /* insert entity.Person
        */ insert 
        into
            simplebloodbank.person
            (address, birth, first_name, last_name, phone) 
        values
            (?, ?, ?, ?, ?)
2021-04-14T13:42:26,162|[TRACE] BasicBinder - binding parameter [1] as [VARCHAR] - [123 Road Street]
2021-04-14T13:42:26,162|[TRACE] BasicBinder - binding parameter [2] as [TIMESTAMP] - [Sun Mar 01 00:00:00 EST 2020]
2021-04-14T13:42:26,162|[TRACE] BasicBinder - binding parameter [3] as [VARCHAR] - [Clark]
2021-04-14T13:42:26,163|[TRACE] BasicBinder - binding parameter [4] as [VARCHAR] - [Kent]
2021-04-14T13:42:26,163|[TRACE] BasicBinder - binding parameter [5] as [VARCHAR] - [613-316-1361]
2021-04-14T13:42:26,164|[DEBUG] SQL - 
    /* insert entity.BloodBank
        */ insert 
        into
            simplebloodbank.blood_bank
            (employee_count, established, name, owner, privately_owned) 
        values
            (?, ?, ?, ?, ?)
2021-04-14T13:42:26,165|[TRACE] BasicBinder - binding parameter [1] as [INTEGER] - [5]
2021-04-14T13:42:26,165|[TRACE] BasicBinder - binding parameter [2] as [TIMESTAMP] - [Wed Dec 12 00:00:00 EST 1212]
2021-04-14T13:42:26,165|[TRACE] BasicBinder - binding parameter [3] as [VARCHAR] - [test name]
2021-04-14T13:42:26,166|[TRACE] BasicBinder - binding parameter [4] as [INTEGER] - [6]
2021-04-14T13:42:26,166|[TRACE] BasicBinder - binding parameter [5] as [BOOLEAN] - [true]
2021-04-14T13:42:26,170|[DEBUG] EMFactory - getting EntityManagerFactory
2021-04-14T13:42:26,170|[DEBUG] EMFactory - initializeing EntityManagerFactory
2021-04-14T13:42:26,171|[DEBUG] SQL - 
    /* load entity.BloodBank */ select
        bloodbank0_.bank_id as bank_id1_1_0_,
        bloodbank0_.employee_count as employee2_1_0_,
        bloodbank0_.established as establis3_1_0_,
        bloodbank0_.name as name4_1_0_,
        bloodbank0_.owner as owner6_1_0_,
        bloodbank0_.privately_owned as privatel5_1_0_ 
    from
        simplebloodbank.blood_bank bloodbank0_ 
    where
        bloodbank0_.bank_id=?
2021-04-14T13:42:26,171|[TRACE] BasicBinder - binding parameter [1] as [INTEGER] - [9]
2021-04-14T13:42:26,172|[TRACE] BasicExtractor - extracted value ([employee2_1_0_] : [INTEGER]) - [5]
2021-04-14T13:42:26,172|[TRACE] BasicExtractor - extracted value ([establis3_1_0_] : [TIMESTAMP]) - [1212-12-12 00:00:00.0]
2021-04-14T13:42:26,172|[TRACE] BasicExtractor - extracted value ([name4_1_0_] : [VARCHAR]) - [test name]
2021-04-14T13:42:26,172|[TRACE] BasicExtractor - extracted value ([owner6_1_0_] : [INTEGER]) - [6]
2021-04-14T13:42:26,172|[TRACE] BasicExtractor - extracted value ([privatel5_1_0_] : [BOOLEAN]) - [true]
2021-04-14T13:42:26,172|[DEBUG] SQL - 
    select
        blooddonat0_.bank_id as bank_id6_2_0_,
        blooddonat0_.donation_id as donation1_2_0_,
        blooddonat0_.donation_id as donation1_2_1_,
        blooddonat0_.bank_id as bank_id6_2_1_,
        blooddonat0_.blood_group as blood_gr2_2_1_,
        blooddonat0_.created as created3_2_1_,
        blooddonat0_.milliliters as millilit4_2_1_,
        blooddonat0_.rhd as rhd5_2_1_ 
    from
        simplebloodbank.blood_donation blooddonat0_ 
    where
        blooddonat0_.bank_id=?
2021-04-14T13:42:26,173|[TRACE] BasicBinder - binding parameter [1] as [INTEGER] - [9]
2021-04-14T13:42:26,174|[DEBUG] SQL - 
    /* delete entity.BloodBank */ delete 
        from
            simplebloodbank.blood_bank 
        where
            bank_id=?
2021-04-14T13:42:26,174|[TRACE] BasicBinder - binding parameter [1] as [INTEGER] - [9]
2021-04-14T13:42:26,185|[DEBUG] EMFactory - getting EntityManagerFactory
2021-04-14T13:42:26,185|[DEBUG] EMFactory - initializeing EntityManagerFactory
2021-04-14T13:42:26,185|[DEBUG] SQL - 
    /* load entity.BloodBank */ select
        bloodbank0_.bank_id as bank_id1_1_0_,
        bloodbank0_.employee_count as employee2_1_0_,
        bloodbank0_.established as establis3_1_0_,
        bloodbank0_.name as name4_1_0_,
        bloodbank0_.owner as owner6_1_0_,
        bloodbank0_.privately_owned as privatel5_1_0_ 
    from
        simplebloodbank.blood_bank bloodbank0_ 
    where
        bloodbank0_.bank_id=?
2021-04-14T13:42:26,185|[TRACE] BasicBinder - binding parameter [1] as [INTEGER] - [9]
2021-04-14T13:42:26,186|[DEBUG] SQL - 
    /* insert entity.BloodBank
        */ insert 
        into
            simplebloodbank.blood_bank
            (employee_count, established, name, owner, privately_owned) 
        values
            (?, ?, ?, ?, ?)
2021-04-14T13:42:26,186|[TRACE] BasicBinder - binding parameter [1] as [INTEGER] - [5]
2021-04-14T13:42:26,186|[TRACE] BasicBinder - binding parameter [2] as [TIMESTAMP] - [Wed Dec 12 00:00:00 EST 1212]
2021-04-14T13:42:26,186|[TRACE] BasicBinder - binding parameter [3] as [VARCHAR] - [test name]
2021-04-14T13:42:26,186|[TRACE] BasicBinder - binding parameter [4] as [INTEGER] - [6]
2021-04-14T13:42:26,186|[TRACE] BasicBinder - binding parameter [5] as [BOOLEAN] - [true]
2021-04-14T13:42:26,189|[DEBUG] SQL - 
    /* delete entity.BloodBank */ delete 
        from
            simplebloodbank.blood_bank 
        where
            bank_id=?
2021-04-14T13:42:26,189|[TRACE] BasicBinder - binding parameter [1] as [INTEGER] - [10]
2021-04-14T13:42:26,200|[DEBUG] EMFactory - getting EntityManagerFactory
2021-04-14T13:42:26,200|[DEBUG] EMFactory - initializeing EntityManagerFactory
2021-04-14T13:42:26,202|[DEBUG] SQL - 
    select
        person0_.id as id1_4_0_,
        person0_.address as address2_4_0_,
        person0_.birth as birth3_4_0_,
        person0_.first_name as first_na4_4_0_,
        person0_.last_name as last_nam5_4_0_,
        person0_.phone as phone6_4_0_ 
    from
        simplebloodbank.person person0_ 
    where
        person0_.id=?
2021-04-14T13:42:26,203|[TRACE] BasicBinder - binding parameter [1] as [INTEGER] - [1]
]]></system-out>
  </testcase>
  <testcase name="testGetName" classname="logic.BloodBankTest" time="0.066">
    <system-out><![CDATA[2021-04-14T13:42:26,210|[DEBUG] EMFactory - getting EntityManagerFactory
2021-04-14T13:42:26,210|[DEBUG] EMFactory - initializeing EntityManagerFactory
2021-04-14T13:42:26,212|[DEBUG] SQL - 
    select
        person0_.id as id1_4_0_,
        person0_.address as address2_4_0_,
        person0_.birth as birth3_4_0_,
        person0_.first_name as first_na4_4_0_,
        person0_.last_name as last_nam5_4_0_,
        person0_.phone as phone6_4_0_ 
    from
        simplebloodbank.person person0_ 
    where
        person0_.id=?
2021-04-14T13:42:26,212|[TRACE] BasicBinder - binding parameter [1] as [INTEGER] - [1]
2021-04-14T13:42:26,215|[DEBUG] SQL - 
    /* insert entity.Person
        */ insert 
        into
            simplebloodbank.person
            (address, birth, first_name, last_name, phone) 
        values
            (?, ?, ?, ?, ?)
2021-04-14T13:42:26,216|[TRACE] BasicBinder - binding parameter [1] as [VARCHAR] - [123 Road Street]
2021-04-14T13:42:26,216|[TRACE] BasicBinder - binding parameter [2] as [TIMESTAMP] - [Sun Mar 01 00:00:00 EST 2020]
2021-04-14T13:42:26,216|[TRACE] BasicBinder - binding parameter [3] as [VARCHAR] - [Clark]
2021-04-14T13:42:26,217|[TRACE] BasicBinder - binding parameter [4] as [VARCHAR] - [Kent]
2021-04-14T13:42:26,217|[TRACE] BasicBinder - binding parameter [5] as [VARCHAR] - [613-316-1361]
2021-04-14T13:42:26,219|[DEBUG] SQL - 
    /* insert entity.BloodBank
        */ insert 
        into
            simplebloodbank.blood_bank
            (employee_count, established, name, owner, privately_owned) 
        values
            (?, ?, ?, ?, ?)
2021-04-14T13:42:26,220|[TRACE] BasicBinder - binding parameter [1] as [INTEGER] - [5]
2021-04-14T13:42:26,220|[TRACE] BasicBinder - binding parameter [2] as [TIMESTAMP] - [Wed Dec 12 00:00:00 EST 1212]
2021-04-14T13:42:26,220|[TRACE] BasicBinder - binding parameter [3] as [VARCHAR] - [test name]
2021-04-14T13:42:26,221|[TRACE] BasicBinder - binding parameter [4] as [INTEGER] - [7]
2021-04-14T13:42:26,221|[TRACE] BasicBinder - binding parameter [5] as [BOOLEAN] - [true]
2021-04-14T13:42:26,230|[DEBUG] EMFactory - getting EntityManagerFactory
2021-04-14T13:42:26,230|[DEBUG] EMFactory - initializeing EntityManagerFactory
2021-04-14T13:42:26,230|[DEBUG] SQL - 
    /* load entity.BloodBank */ select
        bloodbank0_.bank_id as bank_id1_1_0_,
        bloodbank0_.employee_count as employee2_1_0_,
        bloodbank0_.established as establis3_1_0_,
        bloodbank0_.name as name4_1_0_,
        bloodbank0_.owner as owner6_1_0_,
        bloodbank0_.privately_owned as privatel5_1_0_ 
    from
        simplebloodbank.blood_bank bloodbank0_ 
    where
        bloodbank0_.bank_id=?
2021-04-14T13:42:26,231|[TRACE] BasicBinder - binding parameter [1] as [INTEGER] - [11]
2021-04-14T13:42:26,231|[TRACE] BasicExtractor - extracted value ([employee2_1_0_] : [INTEGER]) - [5]
2021-04-14T13:42:26,232|[TRACE] BasicExtractor - extracted value ([establis3_1_0_] : [TIMESTAMP]) - [1212-12-12 00:00:00.0]
2021-04-14T13:42:26,232|[TRACE] BasicExtractor - extracted value ([name4_1_0_] : [VARCHAR]) - [test name]
2021-04-14T13:42:26,232|[TRACE] BasicExtractor - extracted value ([owner6_1_0_] : [INTEGER]) - [7]
2021-04-14T13:42:26,232|[TRACE] BasicExtractor - extracted value ([privatel5_1_0_] : [BOOLEAN]) - [true]
2021-04-14T13:42:26,233|[DEBUG] SQL - 
    select
        blooddonat0_.bank_id as bank_id6_2_0_,
        blooddonat0_.donation_id as donation1_2_0_,
        blooddonat0_.donation_id as donation1_2_1_,
        blooddonat0_.bank_id as bank_id6_2_1_,
        blooddonat0_.blood_group as blood_gr2_2_1_,
        blooddonat0_.created as created3_2_1_,
        blooddonat0_.milliliters as millilit4_2_1_,
        blooddonat0_.rhd as rhd5_2_1_ 
    from
        simplebloodbank.blood_donation blooddonat0_ 
    where
        blooddonat0_.bank_id=?
2021-04-14T13:42:26,233|[TRACE] BasicBinder - binding parameter [1] as [INTEGER] - [11]
2021-04-14T13:42:26,234|[DEBUG] SQL - 
    /* delete entity.BloodBank */ delete 
        from
            simplebloodbank.blood_bank 
        where
            bank_id=?
2021-04-14T13:42:26,235|[TRACE] BasicBinder - binding parameter [1] as [INTEGER] - [11]
2021-04-14T13:42:26,249|[DEBUG] EMFactory - getting EntityManagerFactory
2021-04-14T13:42:26,249|[DEBUG] EMFactory - initializeing EntityManagerFactory
2021-04-14T13:42:26,249|[DEBUG] SQL - 
    /* load entity.BloodBank */ select
        bloodbank0_.bank_id as bank_id1_1_0_,
        bloodbank0_.employee_count as employee2_1_0_,
        bloodbank0_.established as establis3_1_0_,
        bloodbank0_.name as name4_1_0_,
        bloodbank0_.owner as owner6_1_0_,
        bloodbank0_.privately_owned as privatel5_1_0_ 
    from
        simplebloodbank.blood_bank bloodbank0_ 
    where
        bloodbank0_.bank_id=?
2021-04-14T13:42:26,249|[TRACE] BasicBinder - binding parameter [1] as [INTEGER] - [11]
2021-04-14T13:42:26,250|[DEBUG] SQL - 
    /* insert entity.BloodBank
        */ insert 
        into
            simplebloodbank.blood_bank
            (employee_count, established, name, owner, privately_owned) 
        values
            (?, ?, ?, ?, ?)
2021-04-14T13:42:26,251|[TRACE] BasicBinder - binding parameter [1] as [INTEGER] - [5]
2021-04-14T13:42:26,251|[TRACE] BasicBinder - binding parameter [2] as [TIMESTAMP] - [Wed Dec 12 00:00:00 EST 1212]
2021-04-14T13:42:26,251|[TRACE] BasicBinder - binding parameter [3] as [VARCHAR] - [test name]
2021-04-14T13:42:26,251|[TRACE] BasicBinder - binding parameter [4] as [INTEGER] - [7]
2021-04-14T13:42:26,251|[TRACE] BasicBinder - binding parameter [5] as [BOOLEAN] - [true]
2021-04-14T13:42:26,265|[DEBUG] SQL - 
    /* delete entity.BloodBank */ delete 
        from
            simplebloodbank.blood_bank 
        where
            bank_id=?
2021-04-14T13:42:26,265|[TRACE] BasicBinder - binding parameter [1] as [INTEGER] - [12]
2021-04-14T13:42:26,273|[DEBUG] EMFactory - getting EntityManagerFactory
2021-04-14T13:42:26,273|[DEBUG] EMFactory - initializeing EntityManagerFactory
2021-04-14T13:42:26,274|[DEBUG] SQL - 
    select
        person0_.id as id1_4_0_,
        person0_.address as address2_4_0_,
        person0_.birth as birth3_4_0_,
        person0_.first_name as first_na4_4_0_,
        person0_.last_name as last_nam5_4_0_,
        person0_.phone as phone6_4_0_ 
    from
        simplebloodbank.person person0_ 
    where
        person0_.id=?
2021-04-14T13:42:26,274|[TRACE] BasicBinder - binding parameter [1] as [INTEGER] - [1]
]]></system-out>
  </testcase>
  <testcase name="testGetBloodBanksWithEstablished" classname="logic.BloodBankTest" time="0.069">
    <system-out><![CDATA[2021-04-14T13:42:26,276|[DEBUG] EMFactory - getting EntityManagerFactory
2021-04-14T13:42:26,276|[DEBUG] EMFactory - initializeing EntityManagerFactory
2021-04-14T13:42:26,277|[DEBUG] SQL - 
    select
        person0_.id as id1_4_0_,
        person0_.address as address2_4_0_,
        person0_.birth as birth3_4_0_,
        person0_.first_name as first_na4_4_0_,
        person0_.last_name as last_nam5_4_0_,
        person0_.phone as phone6_4_0_ 
    from
        simplebloodbank.person person0_ 
    where
        person0_.id=?
2021-04-14T13:42:26,277|[TRACE] BasicBinder - binding parameter [1] as [INTEGER] - [1]
2021-04-14T13:42:26,278|[DEBUG] SQL - 
    /* insert entity.Person
        */ insert 
        into
            simplebloodbank.person
            (address, birth, first_name, last_name, phone) 
        values
            (?, ?, ?, ?, ?)
2021-04-14T13:42:26,278|[TRACE] BasicBinder - binding parameter [1] as [VARCHAR] - [123 Road Street]
2021-04-14T13:42:26,278|[TRACE] BasicBinder - binding parameter [2] as [TIMESTAMP] - [Sun Mar 01 00:00:00 EST 2020]
2021-04-14T13:42:26,278|[TRACE] BasicBinder - binding parameter [3] as [VARCHAR] - [Clark]
2021-04-14T13:42:26,278|[TRACE] BasicBinder - binding parameter [4] as [VARCHAR] - [Kent]
2021-04-14T13:42:26,278|[TRACE] BasicBinder - binding parameter [5] as [VARCHAR] - [613-316-1361]
2021-04-14T13:42:26,280|[DEBUG] SQL - 
    /* insert entity.BloodBank
        */ insert 
        into
            simplebloodbank.blood_bank
            (employee_count, established, name, owner, privately_owned) 
        values
            (?, ?, ?, ?, ?)
2021-04-14T13:42:26,280|[TRACE] BasicBinder - binding parameter [1] as [INTEGER] - [5]
2021-04-14T13:42:26,280|[TRACE] BasicBinder - binding parameter [2] as [TIMESTAMP] - [Wed Dec 12 00:00:00 EST 1212]
2021-04-14T13:42:26,280|[TRACE] BasicBinder - binding parameter [3] as [VARCHAR] - [test name]
2021-04-14T13:42:26,280|[TRACE] BasicBinder - binding parameter [4] as [INTEGER] - [8]
2021-04-14T13:42:26,280|[TRACE] BasicBinder - binding parameter [5] as [BOOLEAN] - [true]
2021-04-14T13:42:26,289|[DEBUG] EMFactory - getting EntityManagerFactory
2021-04-14T13:42:26,289|[DEBUG] EMFactory - initializeing EntityManagerFactory
2021-04-14T13:42:26,290|[DEBUG] SQL - 
    /* BloodBank.findByEstablished */ select
        bloodbank0_.bank_id as bank_id1_1_,
        bloodbank0_.employee_count as employee2_1_,
        bloodbank0_.established as establis3_1_,
        bloodbank0_.name as name4_1_,
        bloodbank0_.owner as owner6_1_,
        bloodbank0_.privately_owned as privatel5_1_ 
    from
        simplebloodbank.blood_bank bloodbank0_ 
    where
        bloodbank0_.established=?
2021-04-14T13:42:26,291|[TRACE] BasicBinder - binding parameter [1] as [TIMESTAMP] - [Wed Dec 12 00:00:00 EST 1212]
2021-04-14T13:42:26,291|[TRACE] BasicExtractor - extracted value ([bank_id1_1_] : [INTEGER]) - [13]
2021-04-14T13:42:26,292|[TRACE] BasicExtractor - extracted value ([employee2_1_] : [INTEGER]) - [5]
2021-04-14T13:42:26,292|[TRACE] BasicExtractor - extracted value ([establis3_1_] : [TIMESTAMP]) - [1212-12-12 00:00:00.0]
2021-04-14T13:42:26,292|[TRACE] BasicExtractor - extracted value ([name4_1_] : [VARCHAR]) - [test name]
2021-04-14T13:42:26,292|[TRACE] BasicExtractor - extracted value ([owner6_1_] : [INTEGER]) - [8]
2021-04-14T13:42:26,292|[TRACE] BasicExtractor - extracted value ([privatel5_1_] : [BOOLEAN]) - [true]
2021-04-14T13:42:26,292|[DEBUG] SQL - 
    select
        person0_.id as id1_4_0_,
        person0_.address as address2_4_0_,
        person0_.birth as birth3_4_0_,
        person0_.first_name as first_na4_4_0_,
        person0_.last_name as last_nam5_4_0_,
        person0_.phone as phone6_4_0_ 
    from
        simplebloodbank.person person0_ 
    where
        person0_.id=?
2021-04-14T13:42:26,292|[TRACE] BasicBinder - binding parameter [1] as [INTEGER] - [8]
2021-04-14T13:42:26,293|[TRACE] BasicExtractor - extracted value ([address2_4_0_] : [VARCHAR]) - [123 Road Street]
2021-04-14T13:42:26,293|[TRACE] BasicExtractor - extracted value ([birth3_4_0_] : [TIMESTAMP]) - [2020-03-01 00:00:00.0]
2021-04-14T13:42:26,293|[TRACE] BasicExtractor - extracted value ([first_na4_4_0_] : [VARCHAR]) - [Clark]
2021-04-14T13:42:26,293|[TRACE] BasicExtractor - extracted value ([last_nam5_4_0_] : [VARCHAR]) - [Kent]
2021-04-14T13:42:26,293|[TRACE] BasicExtractor - extracted value ([phone6_4_0_] : [VARCHAR]) - [613-316-1361]
2021-04-14T13:42:26,294|[DEBUG] EMFactory - getting EntityManagerFactory
2021-04-14T13:42:26,294|[DEBUG] EMFactory - initializeing EntityManagerFactory
2021-04-14T13:42:26,320|[DEBUG] SQL - 
    /* load entity.BloodBank */ select
        bloodbank0_.bank_id as bank_id1_1_0_,
        bloodbank0_.employee_count as employee2_1_0_,
        bloodbank0_.established as establis3_1_0_,
        bloodbank0_.name as name4_1_0_,
        bloodbank0_.owner as owner6_1_0_,
        bloodbank0_.privately_owned as privatel5_1_0_ 
    from
        simplebloodbank.blood_bank bloodbank0_ 
    where
        bloodbank0_.bank_id=?
2021-04-14T13:42:26,321|[TRACE] BasicBinder - binding parameter [1] as [INTEGER] - [13]
2021-04-14T13:42:26,321|[TRACE] BasicExtractor - extracted value ([employee2_1_0_] : [INTEGER]) - [5]
2021-04-14T13:42:26,322|[TRACE] BasicExtractor - extracted value ([establis3_1_0_] : [TIMESTAMP]) - [1212-12-12 00:00:00.0]
2021-04-14T13:42:26,322|[TRACE] BasicExtractor - extracted value ([name4_1_0_] : [VARCHAR]) - [test name]
2021-04-14T13:42:26,322|[TRACE] BasicExtractor - extracted value ([owner6_1_0_] : [INTEGER]) - [8]
2021-04-14T13:42:26,322|[TRACE] BasicExtractor - extracted value ([privatel5_1_0_] : [BOOLEAN]) - [true]
2021-04-14T13:42:26,322|[DEBUG] SQL - 
    select
        blooddonat0_.bank_id as bank_id6_2_0_,
        blooddonat0_.donation_id as donation1_2_0_,
        blooddonat0_.donation_id as donation1_2_1_,
        blooddonat0_.bank_id as bank_id6_2_1_,
        blooddonat0_.blood_group as blood_gr2_2_1_,
        blooddonat0_.created as created3_2_1_,
        blooddonat0_.milliliters as millilit4_2_1_,
        blooddonat0_.rhd as rhd5_2_1_ 
    from
        simplebloodbank.blood_donation blooddonat0_ 
    where
        blooddonat0_.bank_id=?
2021-04-14T13:42:26,322|[TRACE] BasicBinder - binding parameter [1] as [INTEGER] - [13]
2021-04-14T13:42:26,324|[DEBUG] SQL - 
    /* delete entity.BloodBank */ delete 
        from
            simplebloodbank.blood_bank 
        where
            bank_id=?
2021-04-14T13:42:26,324|[TRACE] BasicBinder - binding parameter [1] as [INTEGER] - [13]
2021-04-14T13:42:26,333|[DEBUG] EMFactory - getting EntityManagerFactory
2021-04-14T13:42:26,334|[DEBUG] EMFactory - initializeing EntityManagerFactory
2021-04-14T13:42:26,334|[DEBUG] SQL - 
    /* load entity.BloodBank */ select
        bloodbank0_.bank_id as bank_id1_1_0_,
        bloodbank0_.employee_count as employee2_1_0_,
        bloodbank0_.established as establis3_1_0_,
        bloodbank0_.name as name4_1_0_,
        bloodbank0_.owner as owner6_1_0_,
        bloodbank0_.privately_owned as privatel5_1_0_ 
    from
        simplebloodbank.blood_bank bloodbank0_ 
    where
        bloodbank0_.bank_id=?
2021-04-14T13:42:26,334|[TRACE] BasicBinder - binding parameter [1] as [INTEGER] - [13]
2021-04-14T13:42:26,336|[DEBUG] SQL - 
    /* insert entity.BloodBank
        */ insert 
        into
            simplebloodbank.blood_bank
            (employee_count, established, name, owner, privately_owned) 
        values
            (?, ?, ?, ?, ?)
2021-04-14T13:42:26,336|[TRACE] BasicBinder - binding parameter [1] as [INTEGER] - [5]
2021-04-14T13:42:26,336|[TRACE] BasicBinder - binding parameter [2] as [TIMESTAMP] - [Wed Dec 12 00:00:00 EST 1212]
2021-04-14T13:42:26,336|[TRACE] BasicBinder - binding parameter [3] as [VARCHAR] - [test name]
2021-04-14T13:42:26,336|[TRACE] BasicBinder - binding parameter [4] as [INTEGER] - [8]
2021-04-14T13:42:26,336|[TRACE] BasicBinder - binding parameter [5] as [BOOLEAN] - [true]
2021-04-14T13:42:26,338|[DEBUG] SQL - 
    /* delete entity.BloodBank */ delete 
        from
            simplebloodbank.blood_bank 
        where
            bank_id=?
2021-04-14T13:42:26,338|[TRACE] BasicBinder - binding parameter [1] as [INTEGER] - [14]
2021-04-14T13:42:26,343|[DEBUG] EMFactory - getting EntityManagerFactory
2021-04-14T13:42:26,343|[DEBUG] EMFactory - initializeing EntityManagerFactory
2021-04-14T13:42:26,343|[DEBUG] SQL - 
    select
        person0_.id as id1_4_0_,
        person0_.address as address2_4_0_,
        person0_.birth as birth3_4_0_,
        person0_.first_name as first_na4_4_0_,
        person0_.last_name as last_nam5_4_0_,
        person0_.phone as phone6_4_0_ 
    from
        simplebloodbank.person person0_ 
    where
        person0_.id=?
2021-04-14T13:42:26,344|[TRACE] BasicBinder - binding parameter [1] as [INTEGER] - [1]
]]></system-out>
    <system-err><![CDATA[Apr. 14, 2021 1:42:26 P.M. dal.GenericDAL lambda$setParameters$0
INFO: setParameters: established=Wed Dec 12 00:00:00 EST 1212
]]></system-err>
  </testcase>
  <testcase name="testGetEmployeeCount" classname="logic.BloodBankTest" time="0.029">
    <system-out><![CDATA[2021-04-14T13:42:26,346|[DEBUG] EMFactory - getting EntityManagerFactory
2021-04-14T13:42:26,346|[DEBUG] EMFactory - initializeing EntityManagerFactory
2021-04-14T13:42:26,347|[DEBUG] SQL - 
    select
        person0_.id as id1_4_0_,
        person0_.address as address2_4_0_,
        person0_.birth as birth3_4_0_,
        person0_.first_name as first_na4_4_0_,
        person0_.last_name as last_nam5_4_0_,
        person0_.phone as phone6_4_0_ 
    from
        simplebloodbank.person person0_ 
    where
        person0_.id=?
2021-04-14T13:42:26,347|[TRACE] BasicBinder - binding parameter [1] as [INTEGER] - [1]
2021-04-14T13:42:26,347|[DEBUG] SQL - 
    /* insert entity.Person
        */ insert 
        into
            simplebloodbank.person
            (address, birth, first_name, last_name, phone) 
        values
            (?, ?, ?, ?, ?)
2021-04-14T13:42:26,348|[TRACE] BasicBinder - binding parameter [1] as [VARCHAR] - [123 Road Street]
2021-04-14T13:42:26,348|[TRACE] BasicBinder - binding parameter [2] as [TIMESTAMP] - [Sun Mar 01 00:00:00 EST 2020]
2021-04-14T13:42:26,348|[TRACE] BasicBinder - binding parameter [3] as [VARCHAR] - [Clark]
2021-04-14T13:42:26,348|[TRACE] BasicBinder - binding parameter [4] as [VARCHAR] - [Kent]
2021-04-14T13:42:26,348|[TRACE] BasicBinder - binding parameter [5] as [VARCHAR] - [613-316-1361]
2021-04-14T13:42:26,350|[DEBUG] SQL - 
    /* insert entity.BloodBank
        */ insert 
        into
            simplebloodbank.blood_bank
            (employee_count, established, name, owner, privately_owned) 
        values
            (?, ?, ?, ?, ?)
2021-04-14T13:42:26,350|[TRACE] BasicBinder - binding parameter [1] as [INTEGER] - [5]
2021-04-14T13:42:26,350|[TRACE] BasicBinder - binding parameter [2] as [TIMESTAMP] - [Wed Dec 12 00:00:00 EST 1212]
2021-04-14T13:42:26,350|[TRACE] BasicBinder - binding parameter [3] as [VARCHAR] - [test name]
2021-04-14T13:42:26,350|[TRACE] BasicBinder - binding parameter [4] as [INTEGER] - [9]
2021-04-14T13:42:26,350|[TRACE] BasicBinder - binding parameter [5] as [BOOLEAN] - [true]
2021-04-14T13:42:26,355|[DEBUG] EMFactory - getting EntityManagerFactory
2021-04-14T13:42:26,355|[DEBUG] EMFactory - initializeing EntityManagerFactory
2021-04-14T13:42:26,356|[DEBUG] SQL - 
    /* load entity.BloodBank */ select
        bloodbank0_.bank_id as bank_id1_1_0_,
        bloodbank0_.employee_count as employee2_1_0_,
        bloodbank0_.established as establis3_1_0_,
        bloodbank0_.name as name4_1_0_,
        bloodbank0_.owner as owner6_1_0_,
        bloodbank0_.privately_owned as privatel5_1_0_ 
    from
        simplebloodbank.blood_bank bloodbank0_ 
    where
        bloodbank0_.bank_id=?
2021-04-14T13:42:26,356|[TRACE] BasicBinder - binding parameter [1] as [INTEGER] - [15]
2021-04-14T13:42:26,357|[TRACE] BasicExtractor - extracted value ([employee2_1_0_] : [INTEGER]) - [5]
2021-04-14T13:42:26,357|[TRACE] BasicExtractor - extracted value ([establis3_1_0_] : [TIMESTAMP]) - [1212-12-12 00:00:00.0]
2021-04-14T13:42:26,357|[TRACE] BasicExtractor - extracted value ([name4_1_0_] : [VARCHAR]) - [test name]
2021-04-14T13:42:26,358|[TRACE] BasicExtractor - extracted value ([owner6_1_0_] : [INTEGER]) - [9]
2021-04-14T13:42:26,358|[TRACE] BasicExtractor - extracted value ([privatel5_1_0_] : [BOOLEAN]) - [true]
2021-04-14T13:42:26,358|[DEBUG] SQL - 
    select
        blooddonat0_.bank_id as bank_id6_2_0_,
        blooddonat0_.donation_id as donation1_2_0_,
        blooddonat0_.donation_id as donation1_2_1_,
        blooddonat0_.bank_id as bank_id6_2_1_,
        blooddonat0_.blood_group as blood_gr2_2_1_,
        blooddonat0_.created as created3_2_1_,
        blooddonat0_.milliliters as millilit4_2_1_,
        blooddonat0_.rhd as rhd5_2_1_ 
    from
        simplebloodbank.blood_donation blooddonat0_ 
    where
        blooddonat0_.bank_id=?
2021-04-14T13:42:26,358|[TRACE] BasicBinder - binding parameter [1] as [INTEGER] - [15]
2021-04-14T13:42:26,359|[DEBUG] SQL - 
    /* delete entity.BloodBank */ delete 
        from
            simplebloodbank.blood_bank 
        where
            bank_id=?
2021-04-14T13:42:26,359|[TRACE] BasicBinder - binding parameter [1] as [INTEGER] - [15]
2021-04-14T13:42:26,364|[DEBUG] EMFactory - getting EntityManagerFactory
2021-04-14T13:42:26,364|[DEBUG] EMFactory - initializeing EntityManagerFactory
2021-04-14T13:42:26,364|[DEBUG] SQL - 
    /* load entity.BloodBank */ select
        bloodbank0_.bank_id as bank_id1_1_0_,
        bloodbank0_.employee_count as employee2_1_0_,
        bloodbank0_.established as establis3_1_0_,
        bloodbank0_.name as name4_1_0_,
        bloodbank0_.owner as owner6_1_0_,
        bloodbank0_.privately_owned as privatel5_1_0_ 
    from
        simplebloodbank.blood_bank bloodbank0_ 
    where
        bloodbank0_.bank_id=?
2021-04-14T13:42:26,364|[TRACE] BasicBinder - binding parameter [1] as [INTEGER] - [15]
2021-04-14T13:42:26,365|[DEBUG] SQL - 
    /* insert entity.BloodBank
        */ insert 
        into
            simplebloodbank.blood_bank
            (employee_count, established, name, owner, privately_owned) 
        values
            (?, ?, ?, ?, ?)
2021-04-14T13:42:26,365|[TRACE] BasicBinder - binding parameter [1] as [INTEGER] - [5]
2021-04-14T13:42:26,365|[TRACE] BasicBinder - binding parameter [2] as [TIMESTAMP] - [Wed Dec 12 00:00:00 EST 1212]
2021-04-14T13:42:26,366|[TRACE] BasicBinder - binding parameter [3] as [VARCHAR] - [test name]
2021-04-14T13:42:26,366|[TRACE] BasicBinder - binding parameter [4] as [INTEGER] - [9]
2021-04-14T13:42:26,366|[TRACE] BasicBinder - binding parameter [5] as [BOOLEAN] - [true]
2021-04-14T13:42:26,368|[DEBUG] SQL - 
    /* delete entity.BloodBank */ delete 
        from
            simplebloodbank.blood_bank 
        where
            bank_id=?
2021-04-14T13:42:26,368|[TRACE] BasicBinder - binding parameter [1] as [INTEGER] - [16]
2021-04-14T13:42:26,372|[DEBUG] EMFactory - getting EntityManagerFactory
2021-04-14T13:42:26,372|[DEBUG] EMFactory - initializeing EntityManagerFactory
2021-04-14T13:42:26,373|[DEBUG] SQL - 
    select
        person0_.id as id1_4_0_,
        person0_.address as address2_4_0_,
        person0_.birth as birth3_4_0_,
        person0_.first_name as first_na4_4_0_,
        person0_.last_name as last_nam5_4_0_,
        person0_.phone as phone6_4_0_ 
    from
        simplebloodbank.person person0_ 
    where
        person0_.id=?
2021-04-14T13:42:26,373|[TRACE] BasicBinder - binding parameter [1] as [INTEGER] - [1]
]]></system-out>
  </testcase>
  <testcase name="testGetPrivatelyOwned" classname="logic.BloodBankTest" time="0.028">
    <system-out><![CDATA[2021-04-14T13:42:26,375|[DEBUG] EMFactory - getting EntityManagerFactory
2021-04-14T13:42:26,375|[DEBUG] EMFactory - initializeing EntityManagerFactory
2021-04-14T13:42:26,376|[DEBUG] SQL - 
    select
        person0_.id as id1_4_0_,
        person0_.address as address2_4_0_,
        person0_.birth as birth3_4_0_,
        person0_.first_name as first_na4_4_0_,
        person0_.last_name as last_nam5_4_0_,
        person0_.phone as phone6_4_0_ 
    from
        simplebloodbank.person person0_ 
    where
        person0_.id=?
2021-04-14T13:42:26,376|[TRACE] BasicBinder - binding parameter [1] as [INTEGER] - [1]
2021-04-14T13:42:26,377|[DEBUG] SQL - 
    /* insert entity.Person
        */ insert 
        into
            simplebloodbank.person
            (address, birth, first_name, last_name, phone) 
        values
            (?, ?, ?, ?, ?)
2021-04-14T13:42:26,377|[TRACE] BasicBinder - binding parameter [1] as [VARCHAR] - [123 Road Street]
2021-04-14T13:42:26,377|[TRACE] BasicBinder - binding parameter [2] as [TIMESTAMP] - [Sun Mar 01 00:00:00 EST 2020]
2021-04-14T13:42:26,377|[TRACE] BasicBinder - binding parameter [3] as [VARCHAR] - [Clark]
2021-04-14T13:42:26,377|[TRACE] BasicBinder - binding parameter [4] as [VARCHAR] - [Kent]
2021-04-14T13:42:26,377|[TRACE] BasicBinder - binding parameter [5] as [VARCHAR] - [613-316-1361]
2021-04-14T13:42:26,379|[DEBUG] SQL - 
    /* insert entity.BloodBank
        */ insert 
        into
            simplebloodbank.blood_bank
            (employee_count, established, name, owner, privately_owned) 
        values
            (?, ?, ?, ?, ?)
2021-04-14T13:42:26,379|[TRACE] BasicBinder - binding parameter [1] as [INTEGER] - [5]
2021-04-14T13:42:26,379|[TRACE] BasicBinder - binding parameter [2] as [TIMESTAMP] - [Wed Dec 12 00:00:00 EST 1212]
2021-04-14T13:42:26,379|[TRACE] BasicBinder - binding parameter [3] as [VARCHAR] - [test name]
2021-04-14T13:42:26,379|[TRACE] BasicBinder - binding parameter [4] as [INTEGER] - [10]
2021-04-14T13:42:26,380|[TRACE] BasicBinder - binding parameter [5] as [BOOLEAN] - [true]
2021-04-14T13:42:26,385|[DEBUG] EMFactory - getting EntityManagerFactory
2021-04-14T13:42:26,386|[DEBUG] EMFactory - initializeing EntityManagerFactory
2021-04-14T13:42:26,386|[DEBUG] SQL - 
    /* load entity.BloodBank */ select
        bloodbank0_.bank_id as bank_id1_1_0_,
        bloodbank0_.employee_count as employee2_1_0_,
        bloodbank0_.established as establis3_1_0_,
        bloodbank0_.name as name4_1_0_,
        bloodbank0_.owner as owner6_1_0_,
        bloodbank0_.privately_owned as privatel5_1_0_ 
    from
        simplebloodbank.blood_bank bloodbank0_ 
    where
        bloodbank0_.bank_id=?
2021-04-14T13:42:26,386|[TRACE] BasicBinder - binding parameter [1] as [INTEGER] - [17]
2021-04-14T13:42:26,387|[TRACE] BasicExtractor - extracted value ([employee2_1_0_] : [INTEGER]) - [5]
2021-04-14T13:42:26,387|[TRACE] BasicExtractor - extracted value ([establis3_1_0_] : [TIMESTAMP]) - [1212-12-12 00:00:00.0]
2021-04-14T13:42:26,387|[TRACE] BasicExtractor - extracted value ([name4_1_0_] : [VARCHAR]) - [test name]
2021-04-14T13:42:26,387|[TRACE] BasicExtractor - extracted value ([owner6_1_0_] : [INTEGER]) - [10]
2021-04-14T13:42:26,387|[TRACE] BasicExtractor - extracted value ([privatel5_1_0_] : [BOOLEAN]) - [true]
2021-04-14T13:42:26,387|[DEBUG] SQL - 
    select
        blooddonat0_.bank_id as bank_id6_2_0_,
        blooddonat0_.donation_id as donation1_2_0_,
        blooddonat0_.donation_id as donation1_2_1_,
        blooddonat0_.bank_id as bank_id6_2_1_,
        blooddonat0_.blood_group as blood_gr2_2_1_,
        blooddonat0_.created as created3_2_1_,
        blooddonat0_.milliliters as millilit4_2_1_,
        blooddonat0_.rhd as rhd5_2_1_ 
    from
        simplebloodbank.blood_donation blooddonat0_ 
    where
        blooddonat0_.bank_id=?
2021-04-14T13:42:26,387|[TRACE] BasicBinder - binding parameter [1] as [INTEGER] - [17]
2021-04-14T13:42:26,388|[DEBUG] SQL - 
    /* delete entity.BloodBank */ delete 
        from
            simplebloodbank.blood_bank 
        where
            bank_id=?
2021-04-14T13:42:26,389|[TRACE] BasicBinder - binding parameter [1] as [INTEGER] - [17]
2021-04-14T13:42:26,393|[DEBUG] EMFactory - getting EntityManagerFactory
2021-04-14T13:42:26,393|[DEBUG] EMFactory - initializeing EntityManagerFactory
2021-04-14T13:42:26,393|[DEBUG] SQL - 
    /* load entity.BloodBank */ select
        bloodbank0_.bank_id as bank_id1_1_0_,
        bloodbank0_.employee_count as employee2_1_0_,
        bloodbank0_.established as establis3_1_0_,
        bloodbank0_.name as name4_1_0_,
        bloodbank0_.owner as owner6_1_0_,
        bloodbank0_.privately_owned as privatel5_1_0_ 
    from
        simplebloodbank.blood_bank bloodbank0_ 
    where
        bloodbank0_.bank_id=?
2021-04-14T13:42:26,393|[TRACE] BasicBinder - binding parameter [1] as [INTEGER] - [17]
2021-04-14T13:42:26,394|[DEBUG] SQL - 
    /* insert entity.BloodBank
        */ insert 
        into
            simplebloodbank.blood_bank
            (employee_count, established, name, owner, privately_owned) 
        values
            (?, ?, ?, ?, ?)
2021-04-14T13:42:26,395|[TRACE] BasicBinder - binding parameter [1] as [INTEGER] - [5]
2021-04-14T13:42:26,395|[TRACE] BasicBinder - binding parameter [2] as [TIMESTAMP] - [Wed Dec 12 00:00:00 EST 1212]
2021-04-14T13:42:26,395|[TRACE] BasicBinder - binding parameter [3] as [VARCHAR] - [test name]
2021-04-14T13:42:26,395|[TRACE] BasicBinder - binding parameter [4] as [INTEGER] - [10]
2021-04-14T13:42:26,395|[TRACE] BasicBinder - binding parameter [5] as [BOOLEAN] - [true]
2021-04-14T13:42:26,396|[DEBUG] SQL - 
    /* delete entity.BloodBank */ delete 
        from
            simplebloodbank.blood_bank 
        where
            bank_id=?
2021-04-14T13:42:26,396|[TRACE] BasicBinder - binding parameter [1] as [INTEGER] - [18]
2021-04-14T13:42:26,401|[DEBUG] EMFactory - getting EntityManagerFactory
2021-04-14T13:42:26,401|[DEBUG] EMFactory - initializeing EntityManagerFactory
2021-04-14T13:42:26,402|[DEBUG] SQL - 
    select
        person0_.id as id1_4_0_,
        person0_.address as address2_4_0_,
        person0_.birth as birth3_4_0_,
        person0_.first_name as first_na4_4_0_,
        person0_.last_name as last_nam5_4_0_,
        person0_.phone as phone6_4_0_ 
    from
        simplebloodbank.person person0_ 
    where
        person0_.id=?
2021-04-14T13:42:26,402|[TRACE] BasicBinder - binding parameter [1] as [INTEGER] - [1]
]]></system-out>
  </testcase>
  <testcase name="testGetBloodBanksWithEmployeeCount" classname="logic.BloodBankTest" time="0.049">
    <system-out><![CDATA[2021-04-14T13:42:26,404|[DEBUG] EMFactory - getting EntityManagerFactory
2021-04-14T13:42:26,404|[DEBUG] EMFactory - initializeing EntityManagerFactory
2021-04-14T13:42:26,404|[DEBUG] SQL - 
    select
        person0_.id as id1_4_0_,
        person0_.address as address2_4_0_,
        person0_.birth as birth3_4_0_,
        person0_.first_name as first_na4_4_0_,
        person0_.last_name as last_nam5_4_0_,
        person0_.phone as phone6_4_0_ 
    from
        simplebloodbank.person person0_ 
    where
        person0_.id=?
2021-04-14T13:42:26,404|[TRACE] BasicBinder - binding parameter [1] as [INTEGER] - [1]
2021-04-14T13:42:26,405|[DEBUG] SQL - 
    /* insert entity.Person
        */ insert 
        into
            simplebloodbank.person
            (address, birth, first_name, last_name, phone) 
        values
            (?, ?, ?, ?, ?)
2021-04-14T13:42:26,405|[TRACE] BasicBinder - binding parameter [1] as [VARCHAR] - [123 Road Street]
2021-04-14T13:42:26,406|[TRACE] BasicBinder - binding parameter [2] as [TIMESTAMP] - [Sun Mar 01 00:00:00 EST 2020]
2021-04-14T13:42:26,406|[TRACE] BasicBinder - binding parameter [3] as [VARCHAR] - [Clark]
2021-04-14T13:42:26,406|[TRACE] BasicBinder - binding parameter [4] as [VARCHAR] - [Kent]
2021-04-14T13:42:26,406|[TRACE] BasicBinder - binding parameter [5] as [VARCHAR] - [613-316-1361]
2021-04-14T13:42:26,407|[DEBUG] SQL - 
    /* insert entity.BloodBank
        */ insert 
        into
            simplebloodbank.blood_bank
            (employee_count, established, name, owner, privately_owned) 
        values
            (?, ?, ?, ?, ?)
2021-04-14T13:42:26,407|[TRACE] BasicBinder - binding parameter [1] as [INTEGER] - [5]
2021-04-14T13:42:26,407|[TRACE] BasicBinder - binding parameter [2] as [TIMESTAMP] - [Wed Dec 12 00:00:00 EST 1212]
2021-04-14T13:42:26,408|[TRACE] BasicBinder - binding parameter [3] as [VARCHAR] - [test name]
2021-04-14T13:42:26,408|[TRACE] BasicBinder - binding parameter [4] as [INTEGER] - [11]
2021-04-14T13:42:26,408|[TRACE] BasicBinder - binding parameter [5] as [BOOLEAN] - [true]
2021-04-14T13:42:26,412|[DEBUG] EMFactory - getting EntityManagerFactory
2021-04-14T13:42:26,413|[DEBUG] EMFactory - initializeing EntityManagerFactory
2021-04-14T13:42:26,414|[DEBUG] SQL - 
    /* BloodBank.findByEstablished */ select
        bloodbank0_.bank_id as bank_id1_1_,
        bloodbank0_.employee_count as employee2_1_,
        bloodbank0_.established as establis3_1_,
        bloodbank0_.name as name4_1_,
        bloodbank0_.owner as owner6_1_,
        bloodbank0_.privately_owned as privatel5_1_ 
    from
        simplebloodbank.blood_bank bloodbank0_ 
    where
        bloodbank0_.established=?
2021-04-14T13:42:26,414|[TRACE] BasicBinder - binding parameter [1] as [TIMESTAMP] - [Wed Dec 12 00:00:00 EST 1212]
2021-04-14T13:42:26,415|[TRACE] BasicExtractor - extracted value ([bank_id1_1_] : [INTEGER]) - [19]
2021-04-14T13:42:26,415|[TRACE] BasicExtractor - extracted value ([employee2_1_] : [INTEGER]) - [5]
2021-04-14T13:42:26,415|[TRACE] BasicExtractor - extracted value ([establis3_1_] : [TIMESTAMP]) - [1212-12-12 00:00:00.0]
2021-04-14T13:42:26,415|[TRACE] BasicExtractor - extracted value ([name4_1_] : [VARCHAR]) - [test name]
2021-04-14T13:42:26,415|[TRACE] BasicExtractor - extracted value ([owner6_1_] : [INTEGER]) - [11]
2021-04-14T13:42:26,415|[TRACE] BasicExtractor - extracted value ([privatel5_1_] : [BOOLEAN]) - [true]
2021-04-14T13:42:26,415|[DEBUG] SQL - 
    select
        person0_.id as id1_4_0_,
        person0_.address as address2_4_0_,
        person0_.birth as birth3_4_0_,
        person0_.first_name as first_na4_4_0_,
        person0_.last_name as last_nam5_4_0_,
        person0_.phone as phone6_4_0_ 
    from
        simplebloodbank.person person0_ 
    where
        person0_.id=?
2021-04-14T13:42:26,416|[TRACE] BasicBinder - binding parameter [1] as [INTEGER] - [11]
2021-04-14T13:42:26,416|[TRACE] BasicExtractor - extracted value ([address2_4_0_] : [VARCHAR]) - [123 Road Street]
2021-04-14T13:42:26,416|[TRACE] BasicExtractor - extracted value ([birth3_4_0_] : [TIMESTAMP]) - [2020-03-01 00:00:00.0]
2021-04-14T13:42:26,416|[TRACE] BasicExtractor - extracted value ([first_na4_4_0_] : [VARCHAR]) - [Clark]
2021-04-14T13:42:26,416|[TRACE] BasicExtractor - extracted value ([last_nam5_4_0_] : [VARCHAR]) - [Kent]
2021-04-14T13:42:26,417|[TRACE] BasicExtractor - extracted value ([phone6_4_0_] : [VARCHAR]) - [613-316-1361]
2021-04-14T13:42:26,417|[DEBUG] EMFactory - getting EntityManagerFactory
2021-04-14T13:42:26,417|[DEBUG] EMFactory - initializeing EntityManagerFactory
2021-04-14T13:42:26,433|[DEBUG] SQL - 
    /* load entity.BloodBank */ select
        bloodbank0_.bank_id as bank_id1_1_0_,
        bloodbank0_.employee_count as employee2_1_0_,
        bloodbank0_.established as establis3_1_0_,
        bloodbank0_.name as name4_1_0_,
        bloodbank0_.owner as owner6_1_0_,
        bloodbank0_.privately_owned as privatel5_1_0_ 
    from
        simplebloodbank.blood_bank bloodbank0_ 
    where
        bloodbank0_.bank_id=?
2021-04-14T13:42:26,433|[TRACE] BasicBinder - binding parameter [1] as [INTEGER] - [19]
2021-04-14T13:42:26,434|[TRACE] BasicExtractor - extracted value ([employee2_1_0_] : [INTEGER]) - [5]
2021-04-14T13:42:26,434|[TRACE] BasicExtractor - extracted value ([establis3_1_0_] : [TIMESTAMP]) - [1212-12-12 00:00:00.0]
2021-04-14T13:42:26,434|[TRACE] BasicExtractor - extracted value ([name4_1_0_] : [VARCHAR]) - [test name]
2021-04-14T13:42:26,434|[TRACE] BasicExtractor - extracted value ([owner6_1_0_] : [INTEGER]) - [11]
2021-04-14T13:42:26,434|[TRACE] BasicExtractor - extracted value ([privatel5_1_0_] : [BOOLEAN]) - [true]
2021-04-14T13:42:26,434|[DEBUG] SQL - 
    select
        blooddonat0_.bank_id as bank_id6_2_0_,
        blooddonat0_.donation_id as donation1_2_0_,
        blooddonat0_.donation_id as donation1_2_1_,
        blooddonat0_.bank_id as bank_id6_2_1_,
        blooddonat0_.blood_group as blood_gr2_2_1_,
        blooddonat0_.created as created3_2_1_,
        blooddonat0_.milliliters as millilit4_2_1_,
        blooddonat0_.rhd as rhd5_2_1_ 
    from
        simplebloodbank.blood_donation blooddonat0_ 
    where
        blooddonat0_.bank_id=?
2021-04-14T13:42:26,435|[TRACE] BasicBinder - binding parameter [1] as [INTEGER] - [19]
2021-04-14T13:42:26,436|[DEBUG] SQL - 
    /* delete entity.BloodBank */ delete 
        from
            simplebloodbank.blood_bank 
        where
            bank_id=?
2021-04-14T13:42:26,436|[TRACE] BasicBinder - binding parameter [1] as [INTEGER] - [19]
2021-04-14T13:42:26,440|[DEBUG] EMFactory - getting EntityManagerFactory
2021-04-14T13:42:26,440|[DEBUG] EMFactory - initializeing EntityManagerFactory
2021-04-14T13:42:26,441|[DEBUG] SQL - 
    /* load entity.BloodBank */ select
        bloodbank0_.bank_id as bank_id1_1_0_,
        bloodbank0_.employee_count as employee2_1_0_,
        bloodbank0_.established as establis3_1_0_,
        bloodbank0_.name as name4_1_0_,
        bloodbank0_.owner as owner6_1_0_,
        bloodbank0_.privately_owned as privatel5_1_0_ 
    from
        simplebloodbank.blood_bank bloodbank0_ 
    where
        bloodbank0_.bank_id=?
2021-04-14T13:42:26,442|[TRACE] BasicBinder - binding parameter [1] as [INTEGER] - [19]
2021-04-14T13:42:26,443|[DEBUG] SQL - 
    /* insert entity.BloodBank
        */ insert 
        into
            simplebloodbank.blood_bank
            (employee_count, established, name, owner, privately_owned) 
        values
            (?, ?, ?, ?, ?)
2021-04-14T13:42:26,443|[TRACE] BasicBinder - binding parameter [1] as [INTEGER] - [5]
2021-04-14T13:42:26,443|[TRACE] BasicBinder - binding parameter [2] as [TIMESTAMP] - [Wed Dec 12 00:00:00 EST 1212]
2021-04-14T13:42:26,443|[TRACE] BasicBinder - binding parameter [3] as [VARCHAR] - [test name]
2021-04-14T13:42:26,443|[TRACE] BasicBinder - binding parameter [4] as [INTEGER] - [11]
2021-04-14T13:42:26,444|[TRACE] BasicBinder - binding parameter [5] as [BOOLEAN] - [true]
2021-04-14T13:42:26,445|[DEBUG] SQL - 
    /* delete entity.BloodBank */ delete 
        from
            simplebloodbank.blood_bank 
        where
            bank_id=?
2021-04-14T13:42:26,445|[TRACE] BasicBinder - binding parameter [1] as [INTEGER] - [20]
2021-04-14T13:42:26,449|[DEBUG] EMFactory - getting EntityManagerFactory
2021-04-14T13:42:26,450|[DEBUG] EMFactory - initializeing EntityManagerFactory
2021-04-14T13:42:26,450|[DEBUG] SQL - 
    select
        person0_.id as id1_4_0_,
        person0_.address as address2_4_0_,
        person0_.birth as birth3_4_0_,
        person0_.first_name as first_na4_4_0_,
        person0_.last_name as last_nam5_4_0_,
        person0_.phone as phone6_4_0_ 
    from
        simplebloodbank.person person0_ 
    where
        person0_.id=?
2021-04-14T13:42:26,450|[TRACE] BasicBinder - binding parameter [1] as [INTEGER] - [1]
]]></system-out>
    <system-err><![CDATA[Apr. 14, 2021 1:42:26 P.M. dal.GenericDAL lambda$setParameters$0
INFO: setParameters: established=Wed Dec 12 00:00:00 EST 1212
]]></system-err>
  </testcase>
  <testcase name="testGetBloodDonationSet" classname="logic.BloodBankTest" time="0.024">
    <system-out><![CDATA[2021-04-14T13:42:26,452|[DEBUG] EMFactory - getting EntityManagerFactory
2021-04-14T13:42:26,452|[DEBUG] EMFactory - initializeing EntityManagerFactory
2021-04-14T13:42:26,453|[DEBUG] SQL - 
    select
        person0_.id as id1_4_0_,
        person0_.address as address2_4_0_,
        person0_.birth as birth3_4_0_,
        person0_.first_name as first_na4_4_0_,
        person0_.last_name as last_nam5_4_0_,
        person0_.phone as phone6_4_0_ 
    from
        simplebloodbank.person person0_ 
    where
        person0_.id=?
2021-04-14T13:42:26,453|[TRACE] BasicBinder - binding parameter [1] as [INTEGER] - [1]
2021-04-14T13:42:26,453|[DEBUG] SQL - 
    /* insert entity.Person
        */ insert 
        into
            simplebloodbank.person
            (address, birth, first_name, last_name, phone) 
        values
            (?, ?, ?, ?, ?)
2021-04-14T13:42:26,453|[TRACE] BasicBinder - binding parameter [1] as [VARCHAR] - [123 Road Street]
2021-04-14T13:42:26,454|[TRACE] BasicBinder - binding parameter [2] as [TIMESTAMP] - [Sun Mar 01 00:00:00 EST 2020]
2021-04-14T13:42:26,454|[TRACE] BasicBinder - binding parameter [3] as [VARCHAR] - [Clark]
2021-04-14T13:42:26,454|[TRACE] BasicBinder - binding parameter [4] as [VARCHAR] - [Kent]
2021-04-14T13:42:26,454|[TRACE] BasicBinder - binding parameter [5] as [VARCHAR] - [613-316-1361]
2021-04-14T13:42:26,455|[DEBUG] SQL - 
    /* insert entity.BloodBank
        */ insert 
        into
            simplebloodbank.blood_bank
            (employee_count, established, name, owner, privately_owned) 
        values
            (?, ?, ?, ?, ?)
2021-04-14T13:42:26,455|[TRACE] BasicBinder - binding parameter [1] as [INTEGER] - [5]
2021-04-14T13:42:26,455|[TRACE] BasicBinder - binding parameter [2] as [TIMESTAMP] - [Wed Dec 12 00:00:00 EST 1212]
2021-04-14T13:42:26,455|[TRACE] BasicBinder - binding parameter [3] as [VARCHAR] - [test name]
2021-04-14T13:42:26,455|[TRACE] BasicBinder - binding parameter [4] as [INTEGER] - [12]
2021-04-14T13:42:26,455|[TRACE] BasicBinder - binding parameter [5] as [BOOLEAN] - [true]
2021-04-14T13:42:26,459|[DEBUG] EMFactory - getting EntityManagerFactory
2021-04-14T13:42:26,459|[DEBUG] EMFactory - initializeing EntityManagerFactory
2021-04-14T13:42:26,460|[DEBUG] SQL - 
    /* load entity.BloodBank */ select
        bloodbank0_.bank_id as bank_id1_1_0_,
        bloodbank0_.employee_count as employee2_1_0_,
        bloodbank0_.established as establis3_1_0_,
        bloodbank0_.name as name4_1_0_,
        bloodbank0_.owner as owner6_1_0_,
        bloodbank0_.privately_owned as privatel5_1_0_ 
    from
        simplebloodbank.blood_bank bloodbank0_ 
    where
        bloodbank0_.bank_id=?
2021-04-14T13:42:26,460|[TRACE] BasicBinder - binding parameter [1] as [INTEGER] - [21]
2021-04-14T13:42:26,460|[TRACE] BasicExtractor - extracted value ([employee2_1_0_] : [INTEGER]) - [5]
2021-04-14T13:42:26,461|[TRACE] BasicExtractor - extracted value ([establis3_1_0_] : [TIMESTAMP]) - [1212-12-12 00:00:00.0]
2021-04-14T13:42:26,461|[TRACE] BasicExtractor - extracted value ([name4_1_0_] : [VARCHAR]) - [test name]
2021-04-14T13:42:26,461|[TRACE] BasicExtractor - extracted value ([owner6_1_0_] : [INTEGER]) - [12]
2021-04-14T13:42:26,461|[TRACE] BasicExtractor - extracted value ([privatel5_1_0_] : [BOOLEAN]) - [true]
2021-04-14T13:42:26,461|[DEBUG] SQL - 
    select
        blooddonat0_.bank_id as bank_id6_2_0_,
        blooddonat0_.donation_id as donation1_2_0_,
        blooddonat0_.donation_id as donation1_2_1_,
        blooddonat0_.bank_id as bank_id6_2_1_,
        blooddonat0_.blood_group as blood_gr2_2_1_,
        blooddonat0_.created as created3_2_1_,
        blooddonat0_.milliliters as millilit4_2_1_,
        blooddonat0_.rhd as rhd5_2_1_ 
    from
        simplebloodbank.blood_donation blooddonat0_ 
    where
        blooddonat0_.bank_id=?
2021-04-14T13:42:26,461|[TRACE] BasicBinder - binding parameter [1] as [INTEGER] - [21]
2021-04-14T13:42:26,462|[DEBUG] SQL - 
    /* delete entity.BloodBank */ delete 
        from
            simplebloodbank.blood_bank 
        where
            bank_id=?
2021-04-14T13:42:26,462|[TRACE] BasicBinder - binding parameter [1] as [INTEGER] - [21]
2021-04-14T13:42:26,466|[DEBUG] EMFactory - getting EntityManagerFactory
2021-04-14T13:42:26,466|[DEBUG] EMFactory - initializeing EntityManagerFactory
2021-04-14T13:42:26,467|[DEBUG] SQL - 
    /* load entity.BloodBank */ select
        bloodbank0_.bank_id as bank_id1_1_0_,
        bloodbank0_.employee_count as employee2_1_0_,
        bloodbank0_.established as establis3_1_0_,
        bloodbank0_.name as name4_1_0_,
        bloodbank0_.owner as owner6_1_0_,
        bloodbank0_.privately_owned as privatel5_1_0_ 
    from
        simplebloodbank.blood_bank bloodbank0_ 
    where
        bloodbank0_.bank_id=?
2021-04-14T13:42:26,467|[TRACE] BasicBinder - binding parameter [1] as [INTEGER] - [21]
2021-04-14T13:42:26,467|[DEBUG] SQL - 
    /* insert entity.BloodBank
        */ insert 
        into
            simplebloodbank.blood_bank
            (employee_count, established, name, owner, privately_owned) 
        values
            (?, ?, ?, ?, ?)
2021-04-14T13:42:26,468|[TRACE] BasicBinder - binding parameter [1] as [INTEGER] - [5]
2021-04-14T13:42:26,468|[TRACE] BasicBinder - binding parameter [2] as [TIMESTAMP] - [Wed Dec 12 00:00:00 EST 1212]
2021-04-14T13:42:26,468|[TRACE] BasicBinder - binding parameter [3] as [VARCHAR] - [test name]
2021-04-14T13:42:26,468|[TRACE] BasicBinder - binding parameter [4] as [INTEGER] - [12]
2021-04-14T13:42:26,468|[TRACE] BasicBinder - binding parameter [5] as [BOOLEAN] - [true]
2021-04-14T13:42:26,469|[DEBUG] SQL - 
    /* delete entity.BloodBank */ delete 
        from
            simplebloodbank.blood_bank 
        where
            bank_id=?
2021-04-14T13:42:26,469|[TRACE] BasicBinder - binding parameter [1] as [INTEGER] - [22]
2021-04-14T13:42:26,474|[DEBUG] EMFactory - getting EntityManagerFactory
2021-04-14T13:42:26,474|[DEBUG] EMFactory - initializeing EntityManagerFactory
2021-04-14T13:42:26,474|[DEBUG] SQL - 
    select
        person0_.id as id1_4_0_,
        person0_.address as address2_4_0_,
        person0_.birth as birth3_4_0_,
        person0_.first_name as first_na4_4_0_,
        person0_.last_name as last_nam5_4_0_,
        person0_.phone as phone6_4_0_ 
    from
        simplebloodbank.person person0_ 
    where
        person0_.id=?
2021-04-14T13:42:26,475|[TRACE] BasicBinder - binding parameter [1] as [INTEGER] - [1]
]]></system-out>
  </testcase>
  <testcase name="testCreateEntityAndAdd" classname="logic.BloodBankTest" time="0.051">
    <system-out><![CDATA[2021-04-14T13:42:26,476|[DEBUG] EMFactory - getting EntityManagerFactory
2021-04-14T13:42:26,476|[DEBUG] EMFactory - initializeing EntityManagerFactory
2021-04-14T13:42:26,477|[DEBUG] SQL - 
    select
        person0_.id as id1_4_0_,
        person0_.address as address2_4_0_,
        person0_.birth as birth3_4_0_,
        person0_.first_name as first_na4_4_0_,
        person0_.last_name as last_nam5_4_0_,
        person0_.phone as phone6_4_0_ 
    from
        simplebloodbank.person person0_ 
    where
        person0_.id=?
2021-04-14T13:42:26,477|[TRACE] BasicBinder - binding parameter [1] as [INTEGER] - [1]
2021-04-14T13:42:26,478|[DEBUG] SQL - 
    /* insert entity.Person
        */ insert 
        into
            simplebloodbank.person
            (address, birth, first_name, last_name, phone) 
        values
            (?, ?, ?, ?, ?)
2021-04-14T13:42:26,478|[TRACE] BasicBinder - binding parameter [1] as [VARCHAR] - [123 Road Street]
2021-04-14T13:42:26,478|[TRACE] BasicBinder - binding parameter [2] as [TIMESTAMP] - [Sun Mar 01 00:00:00 EST 2020]
2021-04-14T13:42:26,478|[TRACE] BasicBinder - binding parameter [3] as [VARCHAR] - [Clark]
2021-04-14T13:42:26,478|[TRACE] BasicBinder - binding parameter [4] as [VARCHAR] - [Kent]
2021-04-14T13:42:26,479|[TRACE] BasicBinder - binding parameter [5] as [VARCHAR] - [613-316-1361]
2021-04-14T13:42:26,480|[DEBUG] SQL - 
    /* insert entity.BloodBank
        */ insert 
        into
            simplebloodbank.blood_bank
            (employee_count, established, name, owner, privately_owned) 
        values
            (?, ?, ?, ?, ?)
2021-04-14T13:42:26,480|[TRACE] BasicBinder - binding parameter [1] as [INTEGER] - [5]
2021-04-14T13:42:26,480|[TRACE] BasicBinder - binding parameter [2] as [TIMESTAMP] - [Wed Dec 12 00:00:00 EST 1212]
2021-04-14T13:42:26,480|[TRACE] BasicBinder - binding parameter [3] as [VARCHAR] - [test name]
2021-04-14T13:42:26,480|[TRACE] BasicBinder - binding parameter [4] as [INTEGER] - [13]
2021-04-14T13:42:26,480|[TRACE] BasicBinder - binding parameter [5] as [BOOLEAN] - [true]
2021-04-14T13:42:26,484|[DEBUG] EMFactory - getting EntityManagerFactory
2021-04-14T13:42:26,484|[DEBUG] EMFactory - initializeing EntityManagerFactory
2021-04-14T13:42:26,485|[DEBUG] SQL - 
    /* insert entity.BloodBank
        */ insert 
        into
            simplebloodbank.blood_bank
            (employee_count, established, name, owner, privately_owned) 
        values
            (?, ?, ?, ?, ?)
2021-04-14T13:42:26,485|[TRACE] BasicBinder - binding parameter [1] as [INTEGER] - [5]
2021-04-14T13:42:26,485|[TRACE] BasicBinder - binding parameter [2] as [TIMESTAMP] - [Wed Dec 12 00:00:00 EST 1212]
2021-04-14T13:42:26,485|[TRACE] BasicBinder - binding parameter [3] as [VARCHAR] - [test names]
2021-04-14T13:42:26,485|[TRACE] BasicBinder - binding parameter [4] as [INTEGER] - [null]
2021-04-14T13:42:26,485|[TRACE] BasicBinder - binding parameter [5] as [BOOLEAN] - [false]
2021-04-14T13:42:26,490|[DEBUG] EMFactory - getting EntityManagerFactory
2021-04-14T13:42:26,490|[DEBUG] EMFactory - initializeing EntityManagerFactory
2021-04-14T13:42:26,491|[DEBUG] SQL - 
    /* BloodBank.findByName */ select
        bloodbank0_.bank_id as bank_id1_1_,
        bloodbank0_.employee_count as employee2_1_,
        bloodbank0_.established as establis3_1_,
        bloodbank0_.name as name4_1_,
        bloodbank0_.owner as owner6_1_,
        bloodbank0_.privately_owned as privatel5_1_ 
    from
        simplebloodbank.blood_bank bloodbank0_ 
    where
        bloodbank0_.name=?
2021-04-14T13:42:26,491|[TRACE] BasicBinder - binding parameter [1] as [VARCHAR] - [test names]
2021-04-14T13:42:26,492|[TRACE] BasicExtractor - extracted value ([bank_id1_1_] : [INTEGER]) - [24]
2021-04-14T13:42:26,492|[TRACE] BasicExtractor - extracted value ([employee2_1_] : [INTEGER]) - [5]
2021-04-14T13:42:26,492|[TRACE] BasicExtractor - extracted value ([establis3_1_] : [TIMESTAMP]) - [1212-12-12 00:00:00.0]
2021-04-14T13:42:26,492|[TRACE] BasicExtractor - extracted value ([name4_1_] : [VARCHAR]) - [test names]
2021-04-14T13:42:26,492|[TRACE] BasicExtractor - extracted value ([owner6_1_] : [INTEGER]) - [null]
2021-04-14T13:42:26,492|[TRACE] BasicExtractor - extracted value ([privatel5_1_] : [BOOLEAN]) - [false]
2021-04-14T13:42:26,492|[DEBUG] EMFactory - getting EntityManagerFactory
2021-04-14T13:42:26,492|[DEBUG] EMFactory - initializeing EntityManagerFactory
2021-04-14T13:42:26,504|[DEBUG] SQL - 
    /* load entity.BloodBank */ select
        bloodbank0_.bank_id as bank_id1_1_0_,
        bloodbank0_.employee_count as employee2_1_0_,
        bloodbank0_.established as establis3_1_0_,
        bloodbank0_.name as name4_1_0_,
        bloodbank0_.owner as owner6_1_0_,
        bloodbank0_.privately_owned as privatel5_1_0_ 
    from
        simplebloodbank.blood_bank bloodbank0_ 
    where
        bloodbank0_.bank_id=?
2021-04-14T13:42:26,505|[TRACE] BasicBinder - binding parameter [1] as [INTEGER] - [24]
2021-04-14T13:42:26,505|[TRACE] BasicExtractor - extracted value ([employee2_1_0_] : [INTEGER]) - [5]
2021-04-14T13:42:26,505|[TRACE] BasicExtractor - extracted value ([establis3_1_0_] : [TIMESTAMP]) - [1212-12-12 00:00:00.0]
2021-04-14T13:42:26,505|[TRACE] BasicExtractor - extracted value ([name4_1_0_] : [VARCHAR]) - [test names]
2021-04-14T13:42:26,505|[TRACE] BasicExtractor - extracted value ([owner6_1_0_] : [INTEGER]) - [null]
2021-04-14T13:42:26,505|[TRACE] BasicExtractor - extracted value ([privatel5_1_0_] : [BOOLEAN]) - [false]
2021-04-14T13:42:26,506|[DEBUG] SQL - 
    /* delete entity.BloodBank */ delete 
        from
            simplebloodbank.blood_bank 
        where
            bank_id=?
2021-04-14T13:42:26,506|[TRACE] BasicBinder - binding parameter [1] as [INTEGER] - [24]
2021-04-14T13:42:26,511|[DEBUG] EMFactory - getting EntityManagerFactory
2021-04-14T13:42:26,511|[DEBUG] EMFactory - initializeing EntityManagerFactory
2021-04-14T13:42:26,511|[DEBUG] SQL - 
    /* load entity.BloodBank */ select
        bloodbank0_.bank_id as bank_id1_1_0_,
        bloodbank0_.employee_count as employee2_1_0_,
        bloodbank0_.established as establis3_1_0_,
        bloodbank0_.name as name4_1_0_,
        bloodbank0_.owner as owner6_1_0_,
        bloodbank0_.privately_owned as privatel5_1_0_ 
    from
        simplebloodbank.blood_bank bloodbank0_ 
    where
        bloodbank0_.bank_id=?
2021-04-14T13:42:26,511|[TRACE] BasicBinder - binding parameter [1] as [INTEGER] - [23]
2021-04-14T13:42:26,512|[TRACE] BasicExtractor - extracted value ([employee2_1_0_] : [INTEGER]) - [5]
2021-04-14T13:42:26,512|[TRACE] BasicExtractor - extracted value ([establis3_1_0_] : [TIMESTAMP]) - [1212-12-12 00:00:00.0]
2021-04-14T13:42:26,512|[TRACE] BasicExtractor - extracted value ([name4_1_0_] : [VARCHAR]) - [test name]
2021-04-14T13:42:26,512|[TRACE] BasicExtractor - extracted value ([owner6_1_0_] : [INTEGER]) - [13]
2021-04-14T13:42:26,512|[TRACE] BasicExtractor - extracted value ([privatel5_1_0_] : [BOOLEAN]) - [true]
2021-04-14T13:42:26,513|[DEBUG] SQL - 
    select
        blooddonat0_.bank_id as bank_id6_2_0_,
        blooddonat0_.donation_id as donation1_2_0_,
        blooddonat0_.donation_id as donation1_2_1_,
        blooddonat0_.bank_id as bank_id6_2_1_,
        blooddonat0_.blood_group as blood_gr2_2_1_,
        blooddonat0_.created as created3_2_1_,
        blooddonat0_.milliliters as millilit4_2_1_,
        blooddonat0_.rhd as rhd5_2_1_ 
    from
        simplebloodbank.blood_donation blooddonat0_ 
    where
        blooddonat0_.bank_id=?
2021-04-14T13:42:26,513|[TRACE] BasicBinder - binding parameter [1] as [INTEGER] - [23]
2021-04-14T13:42:26,514|[DEBUG] SQL - 
    /* delete entity.BloodBank */ delete 
        from
            simplebloodbank.blood_bank 
        where
            bank_id=?
2021-04-14T13:42:26,514|[TRACE] BasicBinder - binding parameter [1] as [INTEGER] - [23]
2021-04-14T13:42:26,519|[DEBUG] EMFactory - getting EntityManagerFactory
2021-04-14T13:42:26,519|[DEBUG] EMFactory - initializeing EntityManagerFactory
2021-04-14T13:42:26,519|[DEBUG] SQL - 
    /* load entity.BloodBank */ select
        bloodbank0_.bank_id as bank_id1_1_0_,
        bloodbank0_.employee_count as employee2_1_0_,
        bloodbank0_.established as establis3_1_0_,
        bloodbank0_.name as name4_1_0_,
        bloodbank0_.owner as owner6_1_0_,
        bloodbank0_.privately_owned as privatel5_1_0_ 
    from
        simplebloodbank.blood_bank bloodbank0_ 
    where
        bloodbank0_.bank_id=?
2021-04-14T13:42:26,519|[TRACE] BasicBinder - binding parameter [1] as [INTEGER] - [23]
2021-04-14T13:42:26,520|[DEBUG] SQL - 
    /* insert entity.BloodBank
        */ insert 
        into
            simplebloodbank.blood_bank
            (employee_count, established, name, owner, privately_owned) 
        values
            (?, ?, ?, ?, ?)
2021-04-14T13:42:26,520|[TRACE] BasicBinder - binding parameter [1] as [INTEGER] - [5]
2021-04-14T13:42:26,520|[TRACE] BasicBinder - binding parameter [2] as [TIMESTAMP] - [Wed Dec 12 00:00:00 EST 1212]
2021-04-14T13:42:26,520|[TRACE] BasicBinder - binding parameter [3] as [VARCHAR] - [test name]
2021-04-14T13:42:26,520|[TRACE] BasicBinder - binding parameter [4] as [INTEGER] - [13]
2021-04-14T13:42:26,520|[TRACE] BasicBinder - binding parameter [5] as [BOOLEAN] - [true]
2021-04-14T13:42:26,521|[DEBUG] SQL - 
    /* delete entity.BloodBank */ delete 
        from
            simplebloodbank.blood_bank 
        where
            bank_id=?
2021-04-14T13:42:26,521|[TRACE] BasicBinder - binding parameter [1] as [INTEGER] - [25]
2021-04-14T13:42:26,525|[DEBUG] EMFactory - getting EntityManagerFactory
2021-04-14T13:42:26,526|[DEBUG] EMFactory - initializeing EntityManagerFactory
2021-04-14T13:42:26,526|[DEBUG] SQL - 
    select
        person0_.id as id1_4_0_,
        person0_.address as address2_4_0_,
        person0_.birth as birth3_4_0_,
        person0_.first_name as first_na4_4_0_,
        person0_.last_name as last_nam5_4_0_,
        person0_.phone as phone6_4_0_ 
    from
        simplebloodbank.person person0_ 
    where
        person0_.id=?
2021-04-14T13:42:26,526|[TRACE] BasicBinder - binding parameter [1] as [INTEGER] - [1]
]]></system-out>
    <system-err><![CDATA[Apr. 14, 2021 1:42:26 P.M. dal.GenericDAL lambda$setParameters$0
INFO: setParameters: name=test names
]]></system-err>
  </testcase>
  <testcase name="testGetBloodBankWithName" classname="logic.BloodBankTest" time="0.039">
    <system-out><![CDATA[2021-04-14T13:42:26,528|[DEBUG] EMFactory - getting EntityManagerFactory
2021-04-14T13:42:26,528|[DEBUG] EMFactory - initializeing EntityManagerFactory
2021-04-14T13:42:26,528|[DEBUG] SQL - 
    select
        person0_.id as id1_4_0_,
        person0_.address as address2_4_0_,
        person0_.birth as birth3_4_0_,
        person0_.first_name as first_na4_4_0_,
        person0_.last_name as last_nam5_4_0_,
        person0_.phone as phone6_4_0_ 
    from
        simplebloodbank.person person0_ 
    where
        person0_.id=?
2021-04-14T13:42:26,529|[TRACE] BasicBinder - binding parameter [1] as [INTEGER] - [1]
2021-04-14T13:42:26,529|[DEBUG] SQL - 
    /* insert entity.Person
        */ insert 
        into
            simplebloodbank.person
            (address, birth, first_name, last_name, phone) 
        values
            (?, ?, ?, ?, ?)
2021-04-14T13:42:26,529|[TRACE] BasicBinder - binding parameter [1] as [VARCHAR] - [123 Road Street]
2021-04-14T13:42:26,529|[TRACE] BasicBinder - binding parameter [2] as [TIMESTAMP] - [Sun Mar 01 00:00:00 EST 2020]
2021-04-14T13:42:26,529|[TRACE] BasicBinder - binding parameter [3] as [VARCHAR] - [Clark]
2021-04-14T13:42:26,529|[TRACE] BasicBinder - binding parameter [4] as [VARCHAR] - [Kent]
2021-04-14T13:42:26,529|[TRACE] BasicBinder - binding parameter [5] as [VARCHAR] - [613-316-1361]
2021-04-14T13:42:26,530|[DEBUG] SQL - 
    /* insert entity.BloodBank
        */ insert 
        into
            simplebloodbank.blood_bank
            (employee_count, established, name, owner, privately_owned) 
        values
            (?, ?, ?, ?, ?)
2021-04-14T13:42:26,530|[TRACE] BasicBinder - binding parameter [1] as [INTEGER] - [5]
2021-04-14T13:42:26,531|[TRACE] BasicBinder - binding parameter [2] as [TIMESTAMP] - [Wed Dec 12 00:00:00 EST 1212]
2021-04-14T13:42:26,531|[TRACE] BasicBinder - binding parameter [3] as [VARCHAR] - [test name]
2021-04-14T13:42:26,531|[TRACE] BasicBinder - binding parameter [4] as [INTEGER] - [14]
2021-04-14T13:42:26,531|[TRACE] BasicBinder - binding parameter [5] as [BOOLEAN] - [true]
2021-04-14T13:42:26,535|[DEBUG] EMFactory - getting EntityManagerFactory
2021-04-14T13:42:26,535|[DEBUG] EMFactory - initializeing EntityManagerFactory
2021-04-14T13:42:26,536|[DEBUG] SQL - 
    /* BloodBank.findByName */ select
        bloodbank0_.bank_id as bank_id1_1_,
        bloodbank0_.employee_count as employee2_1_,
        bloodbank0_.established as establis3_1_,
        bloodbank0_.name as name4_1_,
        bloodbank0_.owner as owner6_1_,
        bloodbank0_.privately_owned as privatel5_1_ 
    from
        simplebloodbank.blood_bank bloodbank0_ 
    where
        bloodbank0_.name=?
2021-04-14T13:42:26,536|[TRACE] BasicBinder - binding parameter [1] as [VARCHAR] - [test name]
2021-04-14T13:42:26,537|[TRACE] BasicExtractor - extracted value ([bank_id1_1_] : [INTEGER]) - [26]
2021-04-14T13:42:26,537|[TRACE] BasicExtractor - extracted value ([employee2_1_] : [INTEGER]) - [5]
2021-04-14T13:42:26,537|[TRACE] BasicExtractor - extracted value ([establis3_1_] : [TIMESTAMP]) - [1212-12-12 00:00:00.0]
2021-04-14T13:42:26,537|[TRACE] BasicExtractor - extracted value ([name4_1_] : [VARCHAR]) - [test name]
2021-04-14T13:42:26,537|[TRACE] BasicExtractor - extracted value ([owner6_1_] : [INTEGER]) - [14]
2021-04-14T13:42:26,537|[TRACE] BasicExtractor - extracted value ([privatel5_1_] : [BOOLEAN]) - [true]
2021-04-14T13:42:26,537|[DEBUG] SQL - 
    select
        person0_.id as id1_4_0_,
        person0_.address as address2_4_0_,
        person0_.birth as birth3_4_0_,
        person0_.first_name as first_na4_4_0_,
        person0_.last_name as last_nam5_4_0_,
        person0_.phone as phone6_4_0_ 
    from
        simplebloodbank.person person0_ 
    where
        person0_.id=?
2021-04-14T13:42:26,537|[TRACE] BasicBinder - binding parameter [1] as [INTEGER] - [14]
2021-04-14T13:42:26,538|[TRACE] BasicExtractor - extracted value ([address2_4_0_] : [VARCHAR]) - [123 Road Street]
2021-04-14T13:42:26,538|[TRACE] BasicExtractor - extracted value ([birth3_4_0_] : [TIMESTAMP]) - [2020-03-01 00:00:00.0]
2021-04-14T13:42:26,538|[TRACE] BasicExtractor - extracted value ([first_na4_4_0_] : [VARCHAR]) - [Clark]
2021-04-14T13:42:26,538|[TRACE] BasicExtractor - extracted value ([last_nam5_4_0_] : [VARCHAR]) - [Kent]
2021-04-14T13:42:26,538|[TRACE] BasicExtractor - extracted value ([phone6_4_0_] : [VARCHAR]) - [613-316-1361]
2021-04-14T13:42:26,538|[DEBUG] EMFactory - getting EntityManagerFactory
2021-04-14T13:42:26,538|[DEBUG] EMFactory - initializeing EntityManagerFactory
2021-04-14T13:42:26,552|[DEBUG] SQL - 
    /* load entity.BloodBank */ select
        bloodbank0_.bank_id as bank_id1_1_0_,
        bloodbank0_.employee_count as employee2_1_0_,
        bloodbank0_.established as establis3_1_0_,
        bloodbank0_.name as name4_1_0_,
        bloodbank0_.owner as owner6_1_0_,
        bloodbank0_.privately_owned as privatel5_1_0_ 
    from
        simplebloodbank.blood_bank bloodbank0_ 
    where
        bloodbank0_.bank_id=?
2021-04-14T13:42:26,552|[TRACE] BasicBinder - binding parameter [1] as [INTEGER] - [26]
2021-04-14T13:42:26,553|[TRACE] BasicExtractor - extracted value ([employee2_1_0_] : [INTEGER]) - [5]
2021-04-14T13:42:26,553|[TRACE] BasicExtractor - extracted value ([establis3_1_0_] : [TIMESTAMP]) - [1212-12-12 00:00:00.0]
2021-04-14T13:42:26,553|[TRACE] BasicExtractor - extracted value ([name4_1_0_] : [VARCHAR]) - [test name]
2021-04-14T13:42:26,553|[TRACE] BasicExtractor - extracted value ([owner6_1_0_] : [INTEGER]) - [14]
2021-04-14T13:42:26,553|[TRACE] BasicExtractor - extracted value ([privatel5_1_0_] : [BOOLEAN]) - [true]
2021-04-14T13:42:26,554|[DEBUG] SQL - 
    select
        blooddonat0_.bank_id as bank_id6_2_0_,
        blooddonat0_.donation_id as donation1_2_0_,
        blooddonat0_.donation_id as donation1_2_1_,
        blooddonat0_.bank_id as bank_id6_2_1_,
        blooddonat0_.blood_group as blood_gr2_2_1_,
        blooddonat0_.created as created3_2_1_,
        blooddonat0_.milliliters as millilit4_2_1_,
        blooddonat0_.rhd as rhd5_2_1_ 
    from
        simplebloodbank.blood_donation blooddonat0_ 
    where
        blooddonat0_.bank_id=?
2021-04-14T13:42:26,554|[TRACE] BasicBinder - binding parameter [1] as [INTEGER] - [26]
2021-04-14T13:42:26,555|[DEBUG] SQL - 
    /* delete entity.BloodBank */ delete 
        from
            simplebloodbank.blood_bank 
        where
            bank_id=?
2021-04-14T13:42:26,555|[TRACE] BasicBinder - binding parameter [1] as [INTEGER] - [26]
2021-04-14T13:42:26,559|[DEBUG] EMFactory - getting EntityManagerFactory
2021-04-14T13:42:26,559|[DEBUG] EMFactory - initializeing EntityManagerFactory
2021-04-14T13:42:26,559|[DEBUG] SQL - 
    /* load entity.BloodBank */ select
        bloodbank0_.bank_id as bank_id1_1_0_,
        bloodbank0_.employee_count as employee2_1_0_,
        bloodbank0_.established as establis3_1_0_,
        bloodbank0_.name as name4_1_0_,
        bloodbank0_.owner as owner6_1_0_,
        bloodbank0_.privately_owned as privatel5_1_0_ 
    from
        simplebloodbank.blood_bank bloodbank0_ 
    where
        bloodbank0_.bank_id=?
2021-04-14T13:42:26,559|[TRACE] BasicBinder - binding parameter [1] as [INTEGER] - [26]
2021-04-14T13:42:26,560|[DEBUG] SQL - 
    /* insert entity.BloodBank
        */ insert 
        into
            simplebloodbank.blood_bank
            (employee_count, established, name, owner, privately_owned) 
        values
            (?, ?, ?, ?, ?)
2021-04-14T13:42:26,560|[TRACE] BasicBinder - binding parameter [1] as [INTEGER] - [5]
2021-04-14T13:42:26,560|[TRACE] BasicBinder - binding parameter [2] as [TIMESTAMP] - [Wed Dec 12 00:00:00 EST 1212]
2021-04-14T13:42:26,560|[TRACE] BasicBinder - binding parameter [3] as [VARCHAR] - [test name]
2021-04-14T13:42:26,560|[TRACE] BasicBinder - binding parameter [4] as [INTEGER] - [14]
2021-04-14T13:42:26,560|[TRACE] BasicBinder - binding parameter [5] as [BOOLEAN] - [true]
2021-04-14T13:42:26,561|[DEBUG] SQL - 
    /* delete entity.BloodBank */ delete 
        from
            simplebloodbank.blood_bank 
        where
            bank_id=?
2021-04-14T13:42:26,561|[TRACE] BasicBinder - binding parameter [1] as [INTEGER] - [27]
2021-04-14T13:42:26,565|[DEBUG] EMFactory - getting EntityManagerFactory
2021-04-14T13:42:26,565|[DEBUG] EMFactory - initializeing EntityManagerFactory
2021-04-14T13:42:26,566|[DEBUG] SQL - 
    select
        person0_.id as id1_4_0_,
        person0_.address as address2_4_0_,
        person0_.birth as birth3_4_0_,
        person0_.first_name as first_na4_4_0_,
        person0_.last_name as last_nam5_4_0_,
        person0_.phone as phone6_4_0_ 
    from
        simplebloodbank.person person0_ 
    where
        person0_.id=?
2021-04-14T13:42:26,566|[TRACE] BasicBinder - binding parameter [1] as [INTEGER] - [1]
]]></system-out>
    <system-err><![CDATA[Apr. 14, 2021 1:42:26 P.M. dal.GenericDAL lambda$setParameters$0
INFO: setParameters: name=test name
]]></system-err>
  </testcase>
  <testcase name="testEquals" classname="logic.BloodBankTest" time="0.023">
    <system-out><![CDATA[2021-04-14T13:42:26,567|[DEBUG] EMFactory - getting EntityManagerFactory
2021-04-14T13:42:26,567|[DEBUG] EMFactory - initializeing EntityManagerFactory
2021-04-14T13:42:26,568|[DEBUG] SQL - 
    select
        person0_.id as id1_4_0_,
        person0_.address as address2_4_0_,
        person0_.birth as birth3_4_0_,
        person0_.first_name as first_na4_4_0_,
        person0_.last_name as last_nam5_4_0_,
        person0_.phone as phone6_4_0_ 
    from
        simplebloodbank.person person0_ 
    where
        person0_.id=?
2021-04-14T13:42:26,568|[TRACE] BasicBinder - binding parameter [1] as [INTEGER] - [1]
2021-04-14T13:42:26,568|[DEBUG] SQL - 
    /* insert entity.Person
        */ insert 
        into
            simplebloodbank.person
            (address, birth, first_name, last_name, phone) 
        values
            (?, ?, ?, ?, ?)
2021-04-14T13:42:26,568|[TRACE] BasicBinder - binding parameter [1] as [VARCHAR] - [123 Road Street]
2021-04-14T13:42:26,568|[TRACE] BasicBinder - binding parameter [2] as [TIMESTAMP] - [Sun Mar 01 00:00:00 EST 2020]
2021-04-14T13:42:26,569|[TRACE] BasicBinder - binding parameter [3] as [VARCHAR] - [Clark]
2021-04-14T13:42:26,569|[TRACE] BasicBinder - binding parameter [4] as [VARCHAR] - [Kent]
2021-04-14T13:42:26,569|[TRACE] BasicBinder - binding parameter [5] as [VARCHAR] - [613-316-1361]
2021-04-14T13:42:26,569|[DEBUG] SQL - 
    /* insert entity.BloodBank
        */ insert 
        into
            simplebloodbank.blood_bank
            (employee_count, established, name, owner, privately_owned) 
        values
            (?, ?, ?, ?, ?)
2021-04-14T13:42:26,569|[TRACE] BasicBinder - binding parameter [1] as [INTEGER] - [5]
2021-04-14T13:42:26,569|[TRACE] BasicBinder - binding parameter [2] as [TIMESTAMP] - [Wed Dec 12 00:00:00 EST 1212]
2021-04-14T13:42:26,569|[TRACE] BasicBinder - binding parameter [3] as [VARCHAR] - [test name]
2021-04-14T13:42:26,569|[TRACE] BasicBinder - binding parameter [4] as [INTEGER] - [15]
2021-04-14T13:42:26,569|[TRACE] BasicBinder - binding parameter [5] as [BOOLEAN] - [true]
2021-04-14T13:42:26,574|[DEBUG] EMFactory - getting EntityManagerFactory
2021-04-14T13:42:26,574|[DEBUG] EMFactory - initializeing EntityManagerFactory
2021-04-14T13:42:26,574|[DEBUG] SQL - 
    /* load entity.BloodBank */ select
        bloodbank0_.bank_id as bank_id1_1_0_,
        bloodbank0_.employee_count as employee2_1_0_,
        bloodbank0_.established as establis3_1_0_,
        bloodbank0_.name as name4_1_0_,
        bloodbank0_.owner as owner6_1_0_,
        bloodbank0_.privately_owned as privatel5_1_0_ 
    from
        simplebloodbank.blood_bank bloodbank0_ 
    where
        bloodbank0_.bank_id=?
2021-04-14T13:42:26,574|[TRACE] BasicBinder - binding parameter [1] as [INTEGER] - [28]
2021-04-14T13:42:26,575|[TRACE] BasicExtractor - extracted value ([employee2_1_0_] : [INTEGER]) - [5]
2021-04-14T13:42:26,575|[TRACE] BasicExtractor - extracted value ([establis3_1_0_] : [TIMESTAMP]) - [1212-12-12 00:00:00.0]
2021-04-14T13:42:26,575|[TRACE] BasicExtractor - extracted value ([name4_1_0_] : [VARCHAR]) - [test name]
2021-04-14T13:42:26,575|[TRACE] BasicExtractor - extracted value ([owner6_1_0_] : [INTEGER]) - [15]
2021-04-14T13:42:26,575|[TRACE] BasicExtractor - extracted value ([privatel5_1_0_] : [BOOLEAN]) - [true]
2021-04-14T13:42:26,576|[DEBUG] SQL - 
    select
        blooddonat0_.bank_id as bank_id6_2_0_,
        blooddonat0_.donation_id as donation1_2_0_,
        blooddonat0_.donation_id as donation1_2_1_,
        blooddonat0_.bank_id as bank_id6_2_1_,
        blooddonat0_.blood_group as blood_gr2_2_1_,
        blooddonat0_.created as created3_2_1_,
        blooddonat0_.milliliters as millilit4_2_1_,
        blooddonat0_.rhd as rhd5_2_1_ 
    from
        simplebloodbank.blood_donation blooddonat0_ 
    where
        blooddonat0_.bank_id=?
2021-04-14T13:42:26,576|[TRACE] BasicBinder - binding parameter [1] as [INTEGER] - [28]
2021-04-14T13:42:26,577|[DEBUG] SQL - 
    /* delete entity.BloodBank */ delete 
        from
            simplebloodbank.blood_bank 
        where
            bank_id=?
2021-04-14T13:42:26,577|[TRACE] BasicBinder - binding parameter [1] as [INTEGER] - [28]
2021-04-14T13:42:26,581|[DEBUG] EMFactory - getting EntityManagerFactory
2021-04-14T13:42:26,581|[DEBUG] EMFactory - initializeing EntityManagerFactory
2021-04-14T13:42:26,582|[DEBUG] SQL - 
    /* load entity.BloodBank */ select
        bloodbank0_.bank_id as bank_id1_1_0_,
        bloodbank0_.employee_count as employee2_1_0_,
        bloodbank0_.established as establis3_1_0_,
        bloodbank0_.name as name4_1_0_,
        bloodbank0_.owner as owner6_1_0_,
        bloodbank0_.privately_owned as privatel5_1_0_ 
    from
        simplebloodbank.blood_bank bloodbank0_ 
    where
        bloodbank0_.bank_id=?
2021-04-14T13:42:26,582|[TRACE] BasicBinder - binding parameter [1] as [INTEGER] - [28]
2021-04-14T13:42:26,584|[DEBUG] SQL - 
    /* insert entity.BloodBank
        */ insert 
        into
            simplebloodbank.blood_bank
            (employee_count, established, name, owner, privately_owned) 
        values
            (?, ?, ?, ?, ?)
2021-04-14T13:42:26,584|[TRACE] BasicBinder - binding parameter [1] as [INTEGER] - [5]
2021-04-14T13:42:26,584|[TRACE] BasicBinder - binding parameter [2] as [TIMESTAMP] - [Wed Dec 12 00:00:00 EST 1212]
2021-04-14T13:42:26,584|[TRACE] BasicBinder - binding parameter [3] as [VARCHAR] - [test name]
2021-04-14T13:42:26,584|[TRACE] BasicBinder - binding parameter [4] as [INTEGER] - [15]
2021-04-14T13:42:26,584|[TRACE] BasicBinder - binding parameter [5] as [BOOLEAN] - [true]
2021-04-14T13:42:26,584|[DEBUG] SQL - 
    /* delete entity.BloodBank */ delete 
        from
            simplebloodbank.blood_bank 
        where
            bank_id=?
2021-04-14T13:42:26,584|[TRACE] BasicBinder - binding parameter [1] as [INTEGER] - [29]
2021-04-14T13:42:26,589|[DEBUG] EMFactory - getting EntityManagerFactory
2021-04-14T13:42:26,589|[DEBUG] EMFactory - initializeing EntityManagerFactory
2021-04-14T13:42:26,589|[DEBUG] SQL - 
    select
        person0_.id as id1_4_0_,
        person0_.address as address2_4_0_,
        person0_.birth as birth3_4_0_,
        person0_.first_name as first_na4_4_0_,
        person0_.last_name as last_nam5_4_0_,
        person0_.phone as phone6_4_0_ 
    from
        simplebloodbank.person person0_ 
    where
        person0_.id=?
2021-04-14T13:42:26,589|[TRACE] BasicBinder - binding parameter [1] as [INTEGER] - [1]
]]></system-out>
  </testcase>
  <testcase name="testGetAll" classname="logic.BloodBankTest" time="0.075">
    <system-out><![CDATA[2021-04-14T13:42:26,591|[DEBUG] EMFactory - getting EntityManagerFactory
2021-04-14T13:42:26,591|[DEBUG] EMFactory - initializeing EntityManagerFactory
2021-04-14T13:42:26,592|[DEBUG] SQL - 
    select
        person0_.id as id1_4_0_,
        person0_.address as address2_4_0_,
        person0_.birth as birth3_4_0_,
        person0_.first_name as first_na4_4_0_,
        person0_.last_name as last_nam5_4_0_,
        person0_.phone as phone6_4_0_ 
    from
        simplebloodbank.person person0_ 
    where
        person0_.id=?
2021-04-14T13:42:26,592|[TRACE] BasicBinder - binding parameter [1] as [INTEGER] - [1]
2021-04-14T13:42:26,592|[DEBUG] SQL - 
    /* insert entity.Person
        */ insert 
        into
            simplebloodbank.person
            (address, birth, first_name, last_name, phone) 
        values
            (?, ?, ?, ?, ?)
2021-04-14T13:42:26,593|[TRACE] BasicBinder - binding parameter [1] as [VARCHAR] - [123 Road Street]
2021-04-14T13:42:26,593|[TRACE] BasicBinder - binding parameter [2] as [TIMESTAMP] - [Sun Mar 01 00:00:00 EST 2020]
2021-04-14T13:42:26,593|[TRACE] BasicBinder - binding parameter [3] as [VARCHAR] - [Clark]
2021-04-14T13:42:26,593|[TRACE] BasicBinder - binding parameter [4] as [VARCHAR] - [Kent]
2021-04-14T13:42:26,593|[TRACE] BasicBinder - binding parameter [5] as [VARCHAR] - [613-316-1361]
2021-04-14T13:42:26,594|[DEBUG] SQL - 
    /* insert entity.BloodBank
        */ insert 
        into
            simplebloodbank.blood_bank
            (employee_count, established, name, owner, privately_owned) 
        values
            (?, ?, ?, ?, ?)
2021-04-14T13:42:26,594|[TRACE] BasicBinder - binding parameter [1] as [INTEGER] - [5]
2021-04-14T13:42:26,594|[TRACE] BasicBinder - binding parameter [2] as [TIMESTAMP] - [Wed Dec 12 00:00:00 EST 1212]
2021-04-14T13:42:26,594|[TRACE] BasicBinder - binding parameter [3] as [VARCHAR] - [test name]
2021-04-14T13:42:26,594|[TRACE] BasicBinder - binding parameter [4] as [INTEGER] - [16]
2021-04-14T13:42:26,594|[TRACE] BasicBinder - binding parameter [5] as [BOOLEAN] - [true]
2021-04-14T13:42:26,599|[DEBUG] EMFactory - getting EntityManagerFactory
2021-04-14T13:42:26,599|[DEBUG] EMFactory - initializeing EntityManagerFactory
2021-04-14T13:42:26,600|[DEBUG] SQL - 
    /* BloodBank.findAll */ select
        bloodbank0_.bank_id as bank_id1_1_,
        bloodbank0_.employee_count as employee2_1_,
        bloodbank0_.established as establis3_1_,
        bloodbank0_.name as name4_1_,
        bloodbank0_.owner as owner6_1_,
        bloodbank0_.privately_owned as privatel5_1_ 
    from
        simplebloodbank.blood_bank bloodbank0_
2021-04-14T13:42:26,600|[TRACE] BasicExtractor - extracted value ([bank_id1_1_] : [INTEGER]) - [30]
2021-04-14T13:42:26,600|[TRACE] BasicExtractor - extracted value ([employee2_1_] : [INTEGER]) - [5]
2021-04-14T13:42:26,600|[TRACE] BasicExtractor - extracted value ([establis3_1_] : [TIMESTAMP]) - [1212-12-12 00:00:00.0]
2021-04-14T13:42:26,600|[TRACE] BasicExtractor - extracted value ([name4_1_] : [VARCHAR]) - [test name]
2021-04-14T13:42:26,600|[TRACE] BasicExtractor - extracted value ([owner6_1_] : [INTEGER]) - [16]
2021-04-14T13:42:26,601|[TRACE] BasicExtractor - extracted value ([privatel5_1_] : [BOOLEAN]) - [true]
2021-04-14T13:42:26,601|[DEBUG] EMFactory - getting EntityManagerFactory
2021-04-14T13:42:26,601|[DEBUG] EMFactory - initializeing EntityManagerFactory
2021-04-14T13:42:26,615|[DEBUG] SQL - 
    /* load entity.BloodBank */ select
        bloodbank0_.bank_id as bank_id1_1_0_,
        bloodbank0_.employee_count as employee2_1_0_,
        bloodbank0_.established as establis3_1_0_,
        bloodbank0_.name as name4_1_0_,
        bloodbank0_.owner as owner6_1_0_,
        bloodbank0_.privately_owned as privatel5_1_0_ 
    from
        simplebloodbank.blood_bank bloodbank0_ 
    where
        bloodbank0_.bank_id=?
2021-04-14T13:42:26,615|[TRACE] BasicBinder - binding parameter [1] as [INTEGER] - [30]
2021-04-14T13:42:26,616|[TRACE] BasicExtractor - extracted value ([employee2_1_0_] : [INTEGER]) - [5]
2021-04-14T13:42:26,616|[TRACE] BasicExtractor - extracted value ([establis3_1_0_] : [TIMESTAMP]) - [1212-12-12 00:00:00.0]
2021-04-14T13:42:26,616|[TRACE] BasicExtractor - extracted value ([name4_1_0_] : [VARCHAR]) - [test name]
2021-04-14T13:42:26,616|[TRACE] BasicExtractor - extracted value ([owner6_1_0_] : [INTEGER]) - [16]
2021-04-14T13:42:26,616|[TRACE] BasicExtractor - extracted value ([privatel5_1_0_] : [BOOLEAN]) - [true]
2021-04-14T13:42:26,617|[DEBUG] SQL - 
    select
        blooddonat0_.bank_id as bank_id6_2_0_,
        blooddonat0_.donation_id as donation1_2_0_,
        blooddonat0_.donation_id as donation1_2_1_,
        blooddonat0_.bank_id as bank_id6_2_1_,
        blooddonat0_.blood_group as blood_gr2_2_1_,
        blooddonat0_.created as created3_2_1_,
        blooddonat0_.milliliters as millilit4_2_1_,
        blooddonat0_.rhd as rhd5_2_1_ 
    from
        simplebloodbank.blood_donation blooddonat0_ 
    where
        blooddonat0_.bank_id=?
2021-04-14T13:42:26,617|[TRACE] BasicBinder - binding parameter [1] as [INTEGER] - [30]
2021-04-14T13:42:26,618|[DEBUG] SQL - 
    /* delete entity.BloodBank */ delete 
        from
            simplebloodbank.blood_bank 
        where
            bank_id=?
2021-04-14T13:42:26,618|[TRACE] BasicBinder - binding parameter [1] as [INTEGER] - [30]
2021-04-14T13:42:26,622|[DEBUG] EMFactory - getting EntityManagerFactory
2021-04-14T13:42:26,623|[DEBUG] EMFactory - initializeing EntityManagerFactory
2021-04-14T13:42:26,623|[DEBUG] SQL - 
    /* BloodBank.findAll */ select
        bloodbank0_.bank_id as bank_id1_1_,
        bloodbank0_.employee_count as employee2_1_,
        bloodbank0_.established as establis3_1_,
        bloodbank0_.name as name4_1_,
        bloodbank0_.owner as owner6_1_,
        bloodbank0_.privately_owned as privatel5_1_ 
    from
        simplebloodbank.blood_bank bloodbank0_
2021-04-14T13:42:26,624|[DEBUG] EMFactory - getting EntityManagerFactory
2021-04-14T13:42:26,624|[DEBUG] EMFactory - initializeing EntityManagerFactory
2021-04-14T13:42:26,650|[DEBUG] SQL - 
    /* load entity.BloodBank */ select
        bloodbank0_.bank_id as bank_id1_1_0_,
        bloodbank0_.employee_count as employee2_1_0_,
        bloodbank0_.established as establis3_1_0_,
        bloodbank0_.name as name4_1_0_,
        bloodbank0_.owner as owner6_1_0_,
        bloodbank0_.privately_owned as privatel5_1_0_ 
    from
        simplebloodbank.blood_bank bloodbank0_ 
    where
        bloodbank0_.bank_id=?
2021-04-14T13:42:26,650|[TRACE] BasicBinder - binding parameter [1] as [INTEGER] - [30]
2021-04-14T13:42:26,652|[DEBUG] SQL - 
    /* insert entity.BloodBank
        */ insert 
        into
            simplebloodbank.blood_bank
            (employee_count, established, name, owner, privately_owned) 
        values
            (?, ?, ?, ?, ?)
2021-04-14T13:42:26,652|[TRACE] BasicBinder - binding parameter [1] as [INTEGER] - [5]
2021-04-14T13:42:26,652|[TRACE] BasicBinder - binding parameter [2] as [TIMESTAMP] - [Wed Dec 12 00:00:00 EST 1212]
2021-04-14T13:42:26,652|[TRACE] BasicBinder - binding parameter [3] as [VARCHAR] - [test name]
2021-04-14T13:42:26,652|[TRACE] BasicBinder - binding parameter [4] as [INTEGER] - [16]
2021-04-14T13:42:26,652|[TRACE] BasicBinder - binding parameter [5] as [BOOLEAN] - [true]
2021-04-14T13:42:26,653|[DEBUG] SQL - 
    /* delete entity.BloodBank */ delete 
        from
            simplebloodbank.blood_bank 
        where
            bank_id=?
2021-04-14T13:42:26,653|[TRACE] BasicBinder - binding parameter [1] as [INTEGER] - [31]
2021-04-14T13:42:26,658|[DEBUG] EMFactory - getting EntityManagerFactory
2021-04-14T13:42:26,658|[DEBUG] EMFactory - initializeing EntityManagerFactory
2021-04-14T13:42:26,658|[DEBUG] SQL - 
    /* load entity.BloodBank */ select
        bloodbank0_.bank_id as bank_id1_1_0_,
        bloodbank0_.employee_count as employee2_1_0_,
        bloodbank0_.established as establis3_1_0_,
        bloodbank0_.name as name4_1_0_,
        bloodbank0_.owner as owner6_1_0_,
        bloodbank0_.privately_owned as privatel5_1_0_ 
    from
        simplebloodbank.blood_bank bloodbank0_ 
    where
        bloodbank0_.bank_id=?
2021-04-14T13:42:26,658|[TRACE] BasicBinder - binding parameter [1] as [INTEGER] - [30]
2021-04-14T13:42:26,659|[DEBUG] SQL - 
    /* insert entity.BloodBank
        */ insert 
        into
            simplebloodbank.blood_bank
            (employee_count, established, name, owner, privately_owned) 
        values
            (?, ?, ?, ?, ?)
2021-04-14T13:42:26,659|[TRACE] BasicBinder - binding parameter [1] as [INTEGER] - [5]
2021-04-14T13:42:26,659|[TRACE] BasicBinder - binding parameter [2] as [TIMESTAMP] - [Wed Dec 12 00:00:00 EST 1212]
2021-04-14T13:42:26,659|[TRACE] BasicBinder - binding parameter [3] as [VARCHAR] - [test name]
2021-04-14T13:42:26,659|[TRACE] BasicBinder - binding parameter [4] as [INTEGER] - [16]
2021-04-14T13:42:26,659|[TRACE] BasicBinder - binding parameter [5] as [BOOLEAN] - [true]
2021-04-14T13:42:26,660|[DEBUG] SQL - 
    /* delete entity.BloodBank */ delete 
        from
            simplebloodbank.blood_bank 
        where
            bank_id=?
2021-04-14T13:42:26,660|[TRACE] BasicBinder - binding parameter [1] as [INTEGER] - [32]
2021-04-14T13:42:26,664|[DEBUG] EMFactory - getting EntityManagerFactory
2021-04-14T13:42:26,664|[DEBUG] EMFactory - initializeing EntityManagerFactory
2021-04-14T13:42:26,665|[DEBUG] SQL - 
    select
        person0_.id as id1_4_0_,
        person0_.address as address2_4_0_,
        person0_.birth as birth3_4_0_,
        person0_.first_name as first_na4_4_0_,
        person0_.last_name as last_nam5_4_0_,
        person0_.phone as phone6_4_0_ 
    from
        simplebloodbank.person person0_ 
    where
        person0_.id=?
2021-04-14T13:42:26,665|[TRACE] BasicBinder - binding parameter [1] as [INTEGER] - [1]
]]></system-out>
  </testcase>
  <testcase name="testGetColumnCodes" classname="logic.BloodBankTest" time="0.026">
    <system-out><![CDATA[2021-04-14T13:42:26,667|[DEBUG] EMFactory - getting EntityManagerFactory
2021-04-14T13:42:26,667|[DEBUG] EMFactory - initializeing EntityManagerFactory
2021-04-14T13:42:26,668|[DEBUG] SQL - 
    select
        person0_.id as id1_4_0_,
        person0_.address as address2_4_0_,
        person0_.birth as birth3_4_0_,
        person0_.first_name as first_na4_4_0_,
        person0_.last_name as last_nam5_4_0_,
        person0_.phone as phone6_4_0_ 
    from
        simplebloodbank.person person0_ 
    where
        person0_.id=?
2021-04-14T13:42:26,668|[TRACE] BasicBinder - binding parameter [1] as [INTEGER] - [1]
2021-04-14T13:42:26,669|[DEBUG] SQL - 
    /* insert entity.Person
        */ insert 
        into
            simplebloodbank.person
            (address, birth, first_name, last_name, phone) 
        values
            (?, ?, ?, ?, ?)
2021-04-14T13:42:26,669|[TRACE] BasicBinder - binding parameter [1] as [VARCHAR] - [123 Road Street]
2021-04-14T13:42:26,669|[TRACE] BasicBinder - binding parameter [2] as [TIMESTAMP] - [Sun Mar 01 00:00:00 EST 2020]
2021-04-14T13:42:26,669|[TRACE] BasicBinder - binding parameter [3] as [VARCHAR] - [Clark]
2021-04-14T13:42:26,669|[TRACE] BasicBinder - binding parameter [4] as [VARCHAR] - [Kent]
2021-04-14T13:42:26,669|[TRACE] BasicBinder - binding parameter [5] as [VARCHAR] - [613-316-1361]
2021-04-14T13:42:26,670|[DEBUG] SQL - 
    /* insert entity.BloodBank
        */ insert 
        into
            simplebloodbank.blood_bank
            (employee_count, established, name, owner, privately_owned) 
        values
            (?, ?, ?, ?, ?)
2021-04-14T13:42:26,670|[TRACE] BasicBinder - binding parameter [1] as [INTEGER] - [5]
2021-04-14T13:42:26,670|[TRACE] BasicBinder - binding parameter [2] as [TIMESTAMP] - [Wed Dec 12 00:00:00 EST 1212]
2021-04-14T13:42:26,670|[TRACE] BasicBinder - binding parameter [3] as [VARCHAR] - [test name]
2021-04-14T13:42:26,670|[TRACE] BasicBinder - binding parameter [4] as [INTEGER] - [17]
2021-04-14T13:42:26,671|[TRACE] BasicBinder - binding parameter [5] as [BOOLEAN] - [true]
2021-04-14T13:42:26,677|[DEBUG] EMFactory - getting EntityManagerFactory
2021-04-14T13:42:26,677|[DEBUG] EMFactory - initializeing EntityManagerFactory
2021-04-14T13:42:26,678|[DEBUG] SQL - 
    /* load entity.BloodBank */ select
        bloodbank0_.bank_id as bank_id1_1_0_,
        bloodbank0_.employee_count as employee2_1_0_,
        bloodbank0_.established as establis3_1_0_,
        bloodbank0_.name as name4_1_0_,
        bloodbank0_.owner as owner6_1_0_,
        bloodbank0_.privately_owned as privatel5_1_0_ 
    from
        simplebloodbank.blood_bank bloodbank0_ 
    where
        bloodbank0_.bank_id=?
2021-04-14T13:42:26,678|[TRACE] BasicBinder - binding parameter [1] as [INTEGER] - [33]
2021-04-14T13:42:26,678|[TRACE] BasicExtractor - extracted value ([employee2_1_0_] : [INTEGER]) - [5]
2021-04-14T13:42:26,678|[TRACE] BasicExtractor - extracted value ([establis3_1_0_] : [TIMESTAMP]) - [1212-12-12 00:00:00.0]
2021-04-14T13:42:26,679|[TRACE] BasicExtractor - extracted value ([name4_1_0_] : [VARCHAR]) - [test name]
2021-04-14T13:42:26,679|[TRACE] BasicExtractor - extracted value ([owner6_1_0_] : [INTEGER]) - [17]
2021-04-14T13:42:26,679|[TRACE] BasicExtractor - extracted value ([privatel5_1_0_] : [BOOLEAN]) - [true]
2021-04-14T13:42:26,679|[DEBUG] SQL - 
    select
        blooddonat0_.bank_id as bank_id6_2_0_,
        blooddonat0_.donation_id as donation1_2_0_,
        blooddonat0_.donation_id as donation1_2_1_,
        blooddonat0_.bank_id as bank_id6_2_1_,
        blooddonat0_.blood_group as blood_gr2_2_1_,
        blooddonat0_.created as created3_2_1_,
        blooddonat0_.milliliters as millilit4_2_1_,
        blooddonat0_.rhd as rhd5_2_1_ 
    from
        simplebloodbank.blood_donation blooddonat0_ 
    where
        blooddonat0_.bank_id=?
2021-04-14T13:42:26,679|[TRACE] BasicBinder - binding parameter [1] as [INTEGER] - [33]
2021-04-14T13:42:26,680|[DEBUG] SQL - 
    /* delete entity.BloodBank */ delete 
        from
            simplebloodbank.blood_bank 
        where
            bank_id=?
2021-04-14T13:42:26,680|[TRACE] BasicBinder - binding parameter [1] as [INTEGER] - [33]
2021-04-14T13:42:26,684|[DEBUG] EMFactory - getting EntityManagerFactory
2021-04-14T13:42:26,685|[DEBUG] EMFactory - initializeing EntityManagerFactory
2021-04-14T13:42:26,685|[DEBUG] SQL - 
    /* load entity.BloodBank */ select
        bloodbank0_.bank_id as bank_id1_1_0_,
        bloodbank0_.employee_count as employee2_1_0_,
        bloodbank0_.established as establis3_1_0_,
        bloodbank0_.name as name4_1_0_,
        bloodbank0_.owner as owner6_1_0_,
        bloodbank0_.privately_owned as privatel5_1_0_ 
    from
        simplebloodbank.blood_bank bloodbank0_ 
    where
        bloodbank0_.bank_id=?
2021-04-14T13:42:26,685|[TRACE] BasicBinder - binding parameter [1] as [INTEGER] - [33]
2021-04-14T13:42:26,686|[DEBUG] SQL - 
    /* insert entity.BloodBank
        */ insert 
        into
            simplebloodbank.blood_bank
            (employee_count, established, name, owner, privately_owned) 
        values
            (?, ?, ?, ?, ?)
2021-04-14T13:42:26,686|[TRACE] BasicBinder - binding parameter [1] as [INTEGER] - [5]
2021-04-14T13:42:26,686|[TRACE] BasicBinder - binding parameter [2] as [TIMESTAMP] - [Wed Dec 12 00:00:00 EST 1212]
2021-04-14T13:42:26,686|[TRACE] BasicBinder - binding parameter [3] as [VARCHAR] - [test name]
2021-04-14T13:42:26,686|[TRACE] BasicBinder - binding parameter [4] as [INTEGER] - [17]
2021-04-14T13:42:26,686|[TRACE] BasicBinder - binding parameter [5] as [BOOLEAN] - [true]
2021-04-14T13:42:26,688|[DEBUG] SQL - 
    /* delete entity.BloodBank */ delete 
        from
            simplebloodbank.blood_bank 
        where
            bank_id=?
2021-04-14T13:42:26,688|[TRACE] BasicBinder - binding parameter [1] as [INTEGER] - [34]
2021-04-14T13:42:26,692|[DEBUG] EMFactory - getting EntityManagerFactory
2021-04-14T13:42:26,692|[DEBUG] EMFactory - initializeing EntityManagerFactory
2021-04-14T13:42:26,692|[DEBUG] SQL - 
    select
        person0_.id as id1_4_0_,
        person0_.address as address2_4_0_,
        person0_.birth as birth3_4_0_,
        person0_.first_name as first_na4_4_0_,
        person0_.last_name as last_nam5_4_0_,
        person0_.phone as phone6_4_0_ 
    from
        simplebloodbank.person person0_ 
    where
        person0_.id=?
2021-04-14T13:42:26,692|[TRACE] BasicBinder - binding parameter [1] as [INTEGER] - [1]
]]></system-out>
  </testcase>
  <testcase name="testGetColumnNames" classname="logic.BloodBankTest" time="0.023">
    <system-out><![CDATA[2021-04-14T13:42:26,694|[DEBUG] EMFactory - getting EntityManagerFactory
2021-04-14T13:42:26,694|[DEBUG] EMFactory - initializeing EntityManagerFactory
2021-04-14T13:42:26,694|[DEBUG] SQL - 
    select
        person0_.id as id1_4_0_,
        person0_.address as address2_4_0_,
        person0_.birth as birth3_4_0_,
        person0_.first_name as first_na4_4_0_,
        person0_.last_name as last_nam5_4_0_,
        person0_.phone as phone6_4_0_ 
    from
        simplebloodbank.person person0_ 
    where
        person0_.id=?
2021-04-14T13:42:26,694|[TRACE] BasicBinder - binding parameter [1] as [INTEGER] - [1]
2021-04-14T13:42:26,695|[DEBUG] SQL - 
    /* insert entity.Person
        */ insert 
        into
            simplebloodbank.person
            (address, birth, first_name, last_name, phone) 
        values
            (?, ?, ?, ?, ?)
2021-04-14T13:42:26,695|[TRACE] BasicBinder - binding parameter [1] as [VARCHAR] - [123 Road Street]
2021-04-14T13:42:26,695|[TRACE] BasicBinder - binding parameter [2] as [TIMESTAMP] - [Sun Mar 01 00:00:00 EST 2020]
2021-04-14T13:42:26,695|[TRACE] BasicBinder - binding parameter [3] as [VARCHAR] - [Clark]
2021-04-14T13:42:26,695|[TRACE] BasicBinder - binding parameter [4] as [VARCHAR] - [Kent]
2021-04-14T13:42:26,695|[TRACE] BasicBinder - binding parameter [5] as [VARCHAR] - [613-316-1361]
2021-04-14T13:42:26,696|[DEBUG] SQL - 
    /* insert entity.BloodBank
        */ insert 
        into
            simplebloodbank.blood_bank
            (employee_count, established, name, owner, privately_owned) 
        values
            (?, ?, ?, ?, ?)
2021-04-14T13:42:26,696|[TRACE] BasicBinder - binding parameter [1] as [INTEGER] - [5]
2021-04-14T13:42:26,696|[TRACE] BasicBinder - binding parameter [2] as [TIMESTAMP] - [Wed Dec 12 00:00:00 EST 1212]
2021-04-14T13:42:26,696|[TRACE] BasicBinder - binding parameter [3] as [VARCHAR] - [test name]
2021-04-14T13:42:26,696|[TRACE] BasicBinder - binding parameter [4] as [INTEGER] - [18]
2021-04-14T13:42:26,696|[TRACE] BasicBinder - binding parameter [5] as [BOOLEAN] - [true]
2021-04-14T13:42:26,700|[DEBUG] EMFactory - getting EntityManagerFactory
2021-04-14T13:42:26,700|[DEBUG] EMFactory - initializeing EntityManagerFactory
2021-04-14T13:42:26,700|[DEBUG] SQL - 
    /* load entity.BloodBank */ select
        bloodbank0_.bank_id as bank_id1_1_0_,
        bloodbank0_.employee_count as employee2_1_0_,
        bloodbank0_.established as establis3_1_0_,
        bloodbank0_.name as name4_1_0_,
        bloodbank0_.owner as owner6_1_0_,
        bloodbank0_.privately_owned as privatel5_1_0_ 
    from
        simplebloodbank.blood_bank bloodbank0_ 
    where
        bloodbank0_.bank_id=?
2021-04-14T13:42:26,700|[TRACE] BasicBinder - binding parameter [1] as [INTEGER] - [35]
2021-04-14T13:42:26,701|[TRACE] BasicExtractor - extracted value ([employee2_1_0_] : [INTEGER]) - [5]
2021-04-14T13:42:26,701|[TRACE] BasicExtractor - extracted value ([establis3_1_0_] : [TIMESTAMP]) - [1212-12-12 00:00:00.0]
2021-04-14T13:42:26,701|[TRACE] BasicExtractor - extracted value ([name4_1_0_] : [VARCHAR]) - [test name]
2021-04-14T13:42:26,701|[TRACE] BasicExtractor - extracted value ([owner6_1_0_] : [INTEGER]) - [18]
2021-04-14T13:42:26,701|[TRACE] BasicExtractor - extracted value ([privatel5_1_0_] : [BOOLEAN]) - [true]
2021-04-14T13:42:26,702|[DEBUG] SQL - 
    select
        blooddonat0_.bank_id as bank_id6_2_0_,
        blooddonat0_.donation_id as donation1_2_0_,
        blooddonat0_.donation_id as donation1_2_1_,
        blooddonat0_.bank_id as bank_id6_2_1_,
        blooddonat0_.blood_group as blood_gr2_2_1_,
        blooddonat0_.created as created3_2_1_,
        blooddonat0_.milliliters as millilit4_2_1_,
        blooddonat0_.rhd as rhd5_2_1_ 
    from
        simplebloodbank.blood_donation blooddonat0_ 
    where
        blooddonat0_.bank_id=?
2021-04-14T13:42:26,702|[TRACE] BasicBinder - binding parameter [1] as [INTEGER] - [35]
2021-04-14T13:42:26,703|[DEBUG] SQL - 
    /* delete entity.BloodBank */ delete 
        from
            simplebloodbank.blood_bank 
        where
            bank_id=?
2021-04-14T13:42:26,703|[TRACE] BasicBinder - binding parameter [1] as [INTEGER] - [35]
2021-04-14T13:42:26,707|[DEBUG] EMFactory - getting EntityManagerFactory
2021-04-14T13:42:26,707|[DEBUG] EMFactory - initializeing EntityManagerFactory
2021-04-14T13:42:26,707|[DEBUG] SQL - 
    /* load entity.BloodBank */ select
        bloodbank0_.bank_id as bank_id1_1_0_,
        bloodbank0_.employee_count as employee2_1_0_,
        bloodbank0_.established as establis3_1_0_,
        bloodbank0_.name as name4_1_0_,
        bloodbank0_.owner as owner6_1_0_,
        bloodbank0_.privately_owned as privatel5_1_0_ 
    from
        simplebloodbank.blood_bank bloodbank0_ 
    where
        bloodbank0_.bank_id=?
2021-04-14T13:42:26,708|[TRACE] BasicBinder - binding parameter [1] as [INTEGER] - [35]
2021-04-14T13:42:26,708|[DEBUG] SQL - 
    /* insert entity.BloodBank
        */ insert 
        into
            simplebloodbank.blood_bank
            (employee_count, established, name, owner, privately_owned) 
        values
            (?, ?, ?, ?, ?)
2021-04-14T13:42:26,708|[TRACE] BasicBinder - binding parameter [1] as [INTEGER] - [5]
2021-04-14T13:42:26,709|[TRACE] BasicBinder - binding parameter [2] as [TIMESTAMP] - [Wed Dec 12 00:00:00 EST 1212]
2021-04-14T13:42:26,709|[TRACE] BasicBinder - binding parameter [3] as [VARCHAR] - [test name]
2021-04-14T13:42:26,709|[TRACE] BasicBinder - binding parameter [4] as [INTEGER] - [18]
2021-04-14T13:42:26,709|[TRACE] BasicBinder - binding parameter [5] as [BOOLEAN] - [true]
2021-04-14T13:42:26,710|[DEBUG] SQL - 
    /* delete entity.BloodBank */ delete 
        from
            simplebloodbank.blood_bank 
        where
            bank_id=?
2021-04-14T13:42:26,710|[TRACE] BasicBinder - binding parameter [1] as [INTEGER] - [36]
2021-04-14T13:42:26,714|[DEBUG] EMFactory - getting EntityManagerFactory
2021-04-14T13:42:26,714|[DEBUG] EMFactory - initializeing EntityManagerFactory
2021-04-14T13:42:26,715|[DEBUG] SQL - 
    select
        person0_.id as id1_4_0_,
        person0_.address as address2_4_0_,
        person0_.birth as birth3_4_0_,
        person0_.first_name as first_na4_4_0_,
        person0_.last_name as last_nam5_4_0_,
        person0_.phone as phone6_4_0_ 
    from
        simplebloodbank.person person0_ 
    where
        person0_.id=?
2021-04-14T13:42:26,715|[TRACE] BasicBinder - binding parameter [1] as [INTEGER] - [1]
]]></system-out>
  </testcase>
  <testcase name="testGetWithId" classname="logic.BloodBankTest" time="0.039">
    <system-out><![CDATA[2021-04-14T13:42:26,717|[DEBUG] EMFactory - getting EntityManagerFactory
2021-04-14T13:42:26,717|[DEBUG] EMFactory - initializeing EntityManagerFactory
2021-04-14T13:42:26,717|[DEBUG] SQL - 
    select
        person0_.id as id1_4_0_,
        person0_.address as address2_4_0_,
        person0_.birth as birth3_4_0_,
        person0_.first_name as first_na4_4_0_,
        person0_.last_name as last_nam5_4_0_,
        person0_.phone as phone6_4_0_ 
    from
        simplebloodbank.person person0_ 
    where
        person0_.id=?
2021-04-14T13:42:26,717|[TRACE] BasicBinder - binding parameter [1] as [INTEGER] - [1]
2021-04-14T13:42:26,718|[DEBUG] SQL - 
    /* insert entity.Person
        */ insert 
        into
            simplebloodbank.person
            (address, birth, first_name, last_name, phone) 
        values
            (?, ?, ?, ?, ?)
2021-04-14T13:42:26,718|[TRACE] BasicBinder - binding parameter [1] as [VARCHAR] - [123 Road Street]
2021-04-14T13:42:26,718|[TRACE] BasicBinder - binding parameter [2] as [TIMESTAMP] - [Sun Mar 01 00:00:00 EST 2020]
2021-04-14T13:42:26,718|[TRACE] BasicBinder - binding parameter [3] as [VARCHAR] - [Clark]
2021-04-14T13:42:26,718|[TRACE] BasicBinder - binding parameter [4] as [VARCHAR] - [Kent]
2021-04-14T13:42:26,718|[TRACE] BasicBinder - binding parameter [5] as [VARCHAR] - [613-316-1361]
2021-04-14T13:42:26,719|[DEBUG] SQL - 
    /* insert entity.BloodBank
        */ insert 
        into
            simplebloodbank.blood_bank
            (employee_count, established, name, owner, privately_owned) 
        values
            (?, ?, ?, ?, ?)
2021-04-14T13:42:26,719|[TRACE] BasicBinder - binding parameter [1] as [INTEGER] - [5]
2021-04-14T13:42:26,719|[TRACE] BasicBinder - binding parameter [2] as [TIMESTAMP] - [Wed Dec 12 00:00:00 EST 1212]
2021-04-14T13:42:26,719|[TRACE] BasicBinder - binding parameter [3] as [VARCHAR] - [test name]
2021-04-14T13:42:26,719|[TRACE] BasicBinder - binding parameter [4] as [INTEGER] - [19]
2021-04-14T13:42:26,719|[TRACE] BasicBinder - binding parameter [5] as [BOOLEAN] - [true]
2021-04-14T13:42:26,724|[DEBUG] EMFactory - getting EntityManagerFactory
2021-04-14T13:42:26,724|[DEBUG] EMFactory - initializeing EntityManagerFactory
2021-04-14T13:42:26,724|[DEBUG] SQL - 
    /* BloodBank.findByBankId */ select
        bloodbank0_.bank_id as bank_id1_1_,
        bloodbank0_.employee_count as employee2_1_,
        bloodbank0_.established as establis3_1_,
        bloodbank0_.name as name4_1_,
        bloodbank0_.owner as owner6_1_,
        bloodbank0_.privately_owned as privatel5_1_ 
    from
        simplebloodbank.blood_bank bloodbank0_ 
    where
        bloodbank0_.bank_id=?
2021-04-14T13:42:26,725|[TRACE] BasicBinder - binding parameter [1] as [INTEGER] - [37]
2021-04-14T13:42:26,725|[TRACE] BasicExtractor - extracted value ([bank_id1_1_] : [INTEGER]) - [37]
2021-04-14T13:42:26,725|[TRACE] BasicExtractor - extracted value ([employee2_1_] : [INTEGER]) - [5]
2021-04-14T13:42:26,725|[TRACE] BasicExtractor - extracted value ([establis3_1_] : [TIMESTAMP]) - [1212-12-12 00:00:00.0]
2021-04-14T13:42:26,725|[TRACE] BasicExtractor - extracted value ([name4_1_] : [VARCHAR]) - [test name]
2021-04-14T13:42:26,725|[TRACE] BasicExtractor - extracted value ([owner6_1_] : [INTEGER]) - [19]
2021-04-14T13:42:26,725|[TRACE] BasicExtractor - extracted value ([privatel5_1_] : [BOOLEAN]) - [true]
2021-04-14T13:42:26,725|[DEBUG] SQL - 
    select
        person0_.id as id1_4_0_,
        person0_.address as address2_4_0_,
        person0_.birth as birth3_4_0_,
        person0_.first_name as first_na4_4_0_,
        person0_.last_name as last_nam5_4_0_,
        person0_.phone as phone6_4_0_ 
    from
        simplebloodbank.person person0_ 
    where
        person0_.id=?
2021-04-14T13:42:26,726|[TRACE] BasicBinder - binding parameter [1] as [INTEGER] - [19]
2021-04-14T13:42:26,726|[TRACE] BasicExtractor - extracted value ([address2_4_0_] : [VARCHAR]) - [123 Road Street]
2021-04-14T13:42:26,726|[TRACE] BasicExtractor - extracted value ([birth3_4_0_] : [TIMESTAMP]) - [2020-03-01 00:00:00.0]
2021-04-14T13:42:26,726|[TRACE] BasicExtractor - extracted value ([first_na4_4_0_] : [VARCHAR]) - [Clark]
2021-04-14T13:42:26,726|[TRACE] BasicExtractor - extracted value ([last_nam5_4_0_] : [VARCHAR]) - [Kent]
2021-04-14T13:42:26,726|[TRACE] BasicExtractor - extracted value ([phone6_4_0_] : [VARCHAR]) - [613-316-1361]
2021-04-14T13:42:26,726|[DEBUG] EMFactory - getting EntityManagerFactory
2021-04-14T13:42:26,726|[DEBUG] EMFactory - initializeing EntityManagerFactory
2021-04-14T13:42:26,738|[DEBUG] SQL - 
    /* load entity.BloodBank */ select
        bloodbank0_.bank_id as bank_id1_1_0_,
        bloodbank0_.employee_count as employee2_1_0_,
        bloodbank0_.established as establis3_1_0_,
        bloodbank0_.name as name4_1_0_,
        bloodbank0_.owner as owner6_1_0_,
        bloodbank0_.privately_owned as privatel5_1_0_ 
    from
        simplebloodbank.blood_bank bloodbank0_ 
    where
        bloodbank0_.bank_id=?
2021-04-14T13:42:26,738|[TRACE] BasicBinder - binding parameter [1] as [INTEGER] - [37]
2021-04-14T13:42:26,739|[TRACE] BasicExtractor - extracted value ([employee2_1_0_] : [INTEGER]) - [5]
2021-04-14T13:42:26,739|[TRACE] BasicExtractor - extracted value ([establis3_1_0_] : [TIMESTAMP]) - [1212-12-12 00:00:00.0]
2021-04-14T13:42:26,739|[TRACE] BasicExtractor - extracted value ([name4_1_0_] : [VARCHAR]) - [test name]
2021-04-14T13:42:26,739|[TRACE] BasicExtractor - extracted value ([owner6_1_0_] : [INTEGER]) - [19]
2021-04-14T13:42:26,739|[TRACE] BasicExtractor - extracted value ([privatel5_1_0_] : [BOOLEAN]) - [true]
2021-04-14T13:42:26,740|[DEBUG] SQL - 
    select
        blooddonat0_.bank_id as bank_id6_2_0_,
        blooddonat0_.donation_id as donation1_2_0_,
        blooddonat0_.donation_id as donation1_2_1_,
        blooddonat0_.bank_id as bank_id6_2_1_,
        blooddonat0_.blood_group as blood_gr2_2_1_,
        blooddonat0_.created as created3_2_1_,
        blooddonat0_.milliliters as millilit4_2_1_,
        blooddonat0_.rhd as rhd5_2_1_ 
    from
        simplebloodbank.blood_donation blooddonat0_ 
    where
        blooddonat0_.bank_id=?
2021-04-14T13:42:26,740|[TRACE] BasicBinder - binding parameter [1] as [INTEGER] - [37]
2021-04-14T13:42:26,741|[DEBUG] SQL - 
    /* delete entity.BloodBank */ delete 
        from
            simplebloodbank.blood_bank 
        where
            bank_id=?
2021-04-14T13:42:26,741|[TRACE] BasicBinder - binding parameter [1] as [INTEGER] - [37]
2021-04-14T13:42:26,746|[DEBUG] EMFactory - getting EntityManagerFactory
2021-04-14T13:42:26,746|[DEBUG] EMFactory - initializeing EntityManagerFactory
2021-04-14T13:42:26,746|[DEBUG] SQL - 
    /* load entity.BloodBank */ select
        bloodbank0_.bank_id as bank_id1_1_0_,
        bloodbank0_.employee_count as employee2_1_0_,
        bloodbank0_.established as establis3_1_0_,
        bloodbank0_.name as name4_1_0_,
        bloodbank0_.owner as owner6_1_0_,
        bloodbank0_.privately_owned as privatel5_1_0_ 
    from
        simplebloodbank.blood_bank bloodbank0_ 
    where
        bloodbank0_.bank_id=?
2021-04-14T13:42:26,746|[TRACE] BasicBinder - binding parameter [1] as [INTEGER] - [37]
2021-04-14T13:42:26,747|[DEBUG] SQL - 
    /* insert entity.BloodBank
        */ insert 
        into
            simplebloodbank.blood_bank
            (employee_count, established, name, owner, privately_owned) 
        values
            (?, ?, ?, ?, ?)
2021-04-14T13:42:26,747|[TRACE] BasicBinder - binding parameter [1] as [INTEGER] - [5]
2021-04-14T13:42:26,747|[TRACE] BasicBinder - binding parameter [2] as [TIMESTAMP] - [Wed Dec 12 00:00:00 EST 1212]
2021-04-14T13:42:26,747|[TRACE] BasicBinder - binding parameter [3] as [VARCHAR] - [test name]
2021-04-14T13:42:26,747|[TRACE] BasicBinder - binding parameter [4] as [INTEGER] - [19]
2021-04-14T13:42:26,747|[TRACE] BasicBinder - binding parameter [5] as [BOOLEAN] - [true]
2021-04-14T13:42:26,749|[DEBUG] SQL - 
    /* delete entity.BloodBank */ delete 
        from
            simplebloodbank.blood_bank 
        where
            bank_id=?
2021-04-14T13:42:26,749|[TRACE] BasicBinder - binding parameter [1] as [INTEGER] - [38]
2021-04-14T13:42:26,753|[DEBUG] EMFactory - getting EntityManagerFactory
2021-04-14T13:42:26,753|[DEBUG] EMFactory - initializeing EntityManagerFactory
2021-04-14T13:42:26,753|[DEBUG] SQL - 
    select
        person0_.id as id1_4_0_,
        person0_.address as address2_4_0_,
        person0_.birth as birth3_4_0_,
        person0_.first_name as first_na4_4_0_,
        person0_.last_name as last_nam5_4_0_,
        person0_.phone as phone6_4_0_ 
    from
        simplebloodbank.person person0_ 
    where
        person0_.id=?
2021-04-14T13:42:26,754|[TRACE] BasicBinder - binding parameter [1] as [INTEGER] - [1]
]]></system-out>
    <system-err><![CDATA[Apr. 14, 2021 1:42:26 P.M. dal.GenericDAL lambda$setParameters$0
INFO: setParameters: bankId=37
]]></system-err>
  </testcase>
</testsuite>