<?xml version="1.0" encoding="UTF-8"?>
<testsuite xmlns:xsi="http://www.w3.org/2001/XMLSchema-instance" xsi:noNamespaceSchemaLocation="https://maven.apache.org/surefire/maven-surefire-plugin/xsd/surefire-test-report-3.0.xsd" version="3.0" name="logic.BloodBankTest" time="0.43" tests="18" errors="0" skipped="0" failures="0">
  <properties>
    <property name="sun.desktop" value="windows"/>
    <property name="awt.toolkit" value="sun.awt.windows.WToolkit"/>
    <property name="netbeans.deploy" value="true"/>
    <property name="java.specification.version" value="11"/>
    <property name="sun.cpu.isalist" value="amd64"/>
    <property name="sun.jnu.encoding" value="Cp1252"/>
    <property name="java.class.path" value="C:\Users\andre\Documents\NetBeansProjects\SimpleBloodBank\target\test-classes;C:\Users\andre\Documents\NetBeansProjects\SimpleBloodBank\target\classes;C:\Users\andre\.m2\repository\org\junit\jupiter\junit-jupiter\5.7.0\junit-jupiter-5.7.0.jar;C:\Users\andre\.m2\repository\org\junit\jupiter\junit-jupiter-api\5.7.0\junit-jupiter-api-5.7.0.jar;C:\Users\andre\.m2\repository\org\apiguardian\apiguardian-api\1.1.0\apiguardian-api-1.1.0.jar;C:\Users\andre\.m2\repository\org\opentest4j\opentest4j\1.2.0\opentest4j-1.2.0.jar;C:\Users\andre\.m2\repository\org\junit\platform\junit-platform-commons\1.7.0\junit-platform-commons-1.7.0.jar;C:\Users\andre\.m2\repository\org\junit\jupiter\junit-jupiter-params\5.7.0\junit-jupiter-params-5.7.0.jar;C:\Users\andre\.m2\repository\org\junit\jupiter\junit-jupiter-engine\5.7.0\junit-jupiter-engine-5.7.0.jar;C:\Users\andre\.m2\repository\org\junit\platform\junit-platform-engine\1.7.0\junit-platform-engine-1.7.0.jar;C:\Users\andre\.m2\repository\org\hamcrest\hamcrest\2.2\hamcrest-2.2.jar;C:\Users\andre\.m2\repository\org\hamcrest\hamcrest-library\2.2\hamcrest-library-2.2.jar;C:\Users\andre\.m2\repository\org\hamcrest\hamcrest-core\2.2\hamcrest-core-2.2.jar;C:\Users\andre\.m2\repository\org\apache\logging\log4j\log4j-api\2.14.0\log4j-api-2.14.0.jar;C:\Users\andre\.m2\repository\org\apache\logging\log4j\log4j-core\2.14.0\log4j-core-2.14.0.jar;C:\Users\andre\.m2\repository\org\hibernate\hibernate-core\5.4.27.Final\hibernate-core-5.4.27.Final.jar;C:\Users\andre\.m2\repository\org\jboss\logging\jboss-logging\3.4.1.Final\jboss-logging-3.4.1.Final.jar;C:\Users\andre\.m2\repository\javax\persistence\javax.persistence-api\2.2\javax.persistence-api-2.2.jar;C:\Users\andre\.m2\repository\org\javassist\javassist\3.27.0-GA\javassist-3.27.0-GA.jar;C:\Users\andre\.m2\repository\net\bytebuddy\byte-buddy\1.10.17\byte-buddy-1.10.17.jar;C:\Users\andre\.m2\repository\antlr\antlr\2.7.7\antlr-2.7.7.jar;C:\Users\andre\.m2\repository\org\jboss\spec\javax\transaction\jboss-transaction-api_1.2_spec\1.1.1.Final\jboss-transaction-api_1.2_spec-1.1.1.Final.jar;C:\Users\andre\.m2\repository\org\jboss\jandex\2.1.3.Final\jandex-2.1.3.Final.jar;C:\Users\andre\.m2\repository\com\fasterxml\classmate\1.5.1\classmate-1.5.1.jar;C:\Users\andre\.m2\repository\javax\activation\javax.activation-api\1.2.0\javax.activation-api-1.2.0.jar;C:\Users\andre\.m2\repository\org\dom4j\dom4j\2.1.3\dom4j-2.1.3.jar;C:\Users\andre\.m2\repository\org\hibernate\common\hibernate-commons-annotations\5.1.2.Final\hibernate-commons-annotations-5.1.2.Final.jar;C:\Users\andre\.m2\repository\javax\xml\bind\jaxb-api\2.3.1\jaxb-api-2.3.1.jar;C:\Users\andre\.m2\repository\org\glassfish\jaxb\jaxb-runtime\2.3.1\jaxb-runtime-2.3.1.jar;C:\Users\andre\.m2\repository\org\glassfish\jaxb\txw2\2.3.1\txw2-2.3.1.jar;C:\Users\andre\.m2\repository\com\sun\istack\istack-commons-runtime\3.0.7\istack-commons-runtime-3.0.7.jar;C:\Users\andre\.m2\repository\org\jvnet\staxex\stax-ex\1.8\stax-ex-1.8.jar;C:\Users\andre\.m2\repository\com\sun\xml\fastinfoset\FastInfoset\1.2.15\FastInfoset-1.2.15.jar;C:\Users\andre\.m2\repository\org\apache\tomcat\embed\tomcat-embed-core\9.0.44\tomcat-embed-core-9.0.44.jar;C:\Users\andre\.m2\repository\org\apache\tomcat\tomcat-annotations-api\9.0.44\tomcat-annotations-api-9.0.44.jar;C:\Users\andre\.m2\repository\org\apache\tomcat\embed\tomcat-embed-jasper\9.0.44\tomcat-embed-jasper-9.0.44.jar;C:\Users\andre\.m2\repository\org\apache\tomcat\embed\tomcat-embed-el\9.0.44\tomcat-embed-el-9.0.44.jar;C:\Users\andre\.m2\repository\org\eclipse\jdt\ecj\3.18.0\ecj-3.18.0.jar;C:\Users\andre\.m2\repository\org\apache\tomcat\tomcat-jdbc\9.0.44\tomcat-jdbc-9.0.44.jar;C:\Users\andre\.m2\repository\org\apache\tomcat\tomcat-juli\9.0.44\tomcat-juli-9.0.44.jar;C:\Users\andre\.m2\repository\jakarta\platform\jakarta.jakartaee-api\8.0.0\jakarta.jakartaee-api-8.0.0.jar;C:\Users\andre\.m2\repository\org\glassfish\web\jakarta.servlet.jsp.jstl\1.2.6\jakarta.servlet.jsp.jstl-1.2.6.jar;C:\Users\andre\.m2\repository\jakarta\servlet\jsp\jstl\jakarta.servlet.jsp.jstl-api\1.2.4\jakarta.servlet.jsp.jstl-api-1.2.4.jar;C:\Users\andre\.m2\repository\jakarta\servlet\jakarta.servlet-api\4.0.2\jakarta.servlet-api-4.0.2.jar;C:\Users\andre\.m2\repository\jakarta\el\jakarta.el-api\3.0.2\jakarta.el-api-3.0.2.jar;C:\Users\andre\.m2\repository\mysql\mysql-connector-java\8.0.23\mysql-connector-java-8.0.23.jar;C:\Users\andre\.m2\repository\com\google\protobuf\protobuf-java\3.11.4\protobuf-java-3.11.4.jar;"/>
    <property name="java.vm.vendor" value="AdoptOpenJDK"/>
    <property name="sun.arch.data.model" value="64"/>
    <property name="user.variant" value=""/>
    <property name="catalina.useNaming" value="true"/>
    <property name="java.vendor.url" value="https://adoptopenjdk.net/"/>
    <property name="user.timezone" value="America/New_York"/>
    <property name="java.vm.specification.version" value="11"/>
    <property name="os.name" value="Windows 10"/>
    <property name="user.country" value="CA"/>
    <property name="sun.java.launcher" value="SUN_STANDARD"/>
    <property name="sun.boot.library.path" value="C:\Program Files\AdoptOpenJDK\jdk-11.0.9.101-hotspot\bin"/>
    <property name="sun.java.command" value="C:\Users\andre\AppData\Local\Temp\surefire16904921229811020071\surefirebooter7562843939868575443.jar C:\Users\andre\AppData\Local\Temp\surefire16904921229811020071 2021-04-13T15-27-17_571-jvmRun1 surefire12807586493478481651tmp surefire_015780872043933914553tmp"/>
    <property name="jdk.debug" value="release"/>
    <property name="surefire.test.class.path" value="C:\Users\andre\Documents\NetBeansProjects\SimpleBloodBank\target\test-classes;C:\Users\andre\Documents\NetBeansProjects\SimpleBloodBank\target\classes;C:\Users\andre\.m2\repository\org\junit\jupiter\junit-jupiter\5.7.0\junit-jupiter-5.7.0.jar;C:\Users\andre\.m2\repository\org\junit\jupiter\junit-jupiter-api\5.7.0\junit-jupiter-api-5.7.0.jar;C:\Users\andre\.m2\repository\org\apiguardian\apiguardian-api\1.1.0\apiguardian-api-1.1.0.jar;C:\Users\andre\.m2\repository\org\opentest4j\opentest4j\1.2.0\opentest4j-1.2.0.jar;C:\Users\andre\.m2\repository\org\junit\platform\junit-platform-commons\1.7.0\junit-platform-commons-1.7.0.jar;C:\Users\andre\.m2\repository\org\junit\jupiter\junit-jupiter-params\5.7.0\junit-jupiter-params-5.7.0.jar;C:\Users\andre\.m2\repository\org\junit\jupiter\junit-jupiter-engine\5.7.0\junit-jupiter-engine-5.7.0.jar;C:\Users\andre\.m2\repository\org\junit\platform\junit-platform-engine\1.7.0\junit-platform-engine-1.7.0.jar;C:\Users\andre\.m2\repository\org\hamcrest\hamcrest\2.2\hamcrest-2.2.jar;C:\Users\andre\.m2\repository\org\hamcrest\hamcrest-library\2.2\hamcrest-library-2.2.jar;C:\Users\andre\.m2\repository\org\hamcrest\hamcrest-core\2.2\hamcrest-core-2.2.jar;C:\Users\andre\.m2\repository\org\apache\logging\log4j\log4j-api\2.14.0\log4j-api-2.14.0.jar;C:\Users\andre\.m2\repository\org\apache\logging\log4j\log4j-core\2.14.0\log4j-core-2.14.0.jar;C:\Users\andre\.m2\repository\org\hibernate\hibernate-core\5.4.27.Final\hibernate-core-5.4.27.Final.jar;C:\Users\andre\.m2\repository\org\jboss\logging\jboss-logging\3.4.1.Final\jboss-logging-3.4.1.Final.jar;C:\Users\andre\.m2\repository\javax\persistence\javax.persistence-api\2.2\javax.persistence-api-2.2.jar;C:\Users\andre\.m2\repository\org\javassist\javassist\3.27.0-GA\javassist-3.27.0-GA.jar;C:\Users\andre\.m2\repository\net\bytebuddy\byte-buddy\1.10.17\byte-buddy-1.10.17.jar;C:\Users\andre\.m2\repository\antlr\antlr\2.7.7\antlr-2.7.7.jar;C:\Users\andre\.m2\repository\org\jboss\spec\javax\transaction\jboss-transaction-api_1.2_spec\1.1.1.Final\jboss-transaction-api_1.2_spec-1.1.1.Final.jar;C:\Users\andre\.m2\repository\org\jboss\jandex\2.1.3.Final\jandex-2.1.3.Final.jar;C:\Users\andre\.m2\repository\com\fasterxml\classmate\1.5.1\classmate-1.5.1.jar;C:\Users\andre\.m2\repository\javax\activation\javax.activation-api\1.2.0\javax.activation-api-1.2.0.jar;C:\Users\andre\.m2\repository\org\dom4j\dom4j\2.1.3\dom4j-2.1.3.jar;C:\Users\andre\.m2\repository\org\hibernate\common\hibernate-commons-annotations\5.1.2.Final\hibernate-commons-annotations-5.1.2.Final.jar;C:\Users\andre\.m2\repository\javax\xml\bind\jaxb-api\2.3.1\jaxb-api-2.3.1.jar;C:\Users\andre\.m2\repository\org\glassfish\jaxb\jaxb-runtime\2.3.1\jaxb-runtime-2.3.1.jar;C:\Users\andre\.m2\repository\org\glassfish\jaxb\txw2\2.3.1\txw2-2.3.1.jar;C:\Users\andre\.m2\repository\com\sun\istack\istack-commons-runtime\3.0.7\istack-commons-runtime-3.0.7.jar;C:\Users\andre\.m2\repository\org\jvnet\staxex\stax-ex\1.8\stax-ex-1.8.jar;C:\Users\andre\.m2\repository\com\sun\xml\fastinfoset\FastInfoset\1.2.15\FastInfoset-1.2.15.jar;C:\Users\andre\.m2\repository\org\apache\tomcat\embed\tomcat-embed-core\9.0.44\tomcat-embed-core-9.0.44.jar;C:\Users\andre\.m2\repository\org\apache\tomcat\tomcat-annotations-api\9.0.44\tomcat-annotations-api-9.0.44.jar;C:\Users\andre\.m2\repository\org\apache\tomcat\embed\tomcat-embed-jasper\9.0.44\tomcat-embed-jasper-9.0.44.jar;C:\Users\andre\.m2\repository\org\apache\tomcat\embed\tomcat-embed-el\9.0.44\tomcat-embed-el-9.0.44.jar;C:\Users\andre\.m2\repository\org\eclipse\jdt\ecj\3.18.0\ecj-3.18.0.jar;C:\Users\andre\.m2\repository\org\apache\tomcat\tomcat-jdbc\9.0.44\tomcat-jdbc-9.0.44.jar;C:\Users\andre\.m2\repository\org\apache\tomcat\tomcat-juli\9.0.44\tomcat-juli-9.0.44.jar;C:\Users\andre\.m2\repository\jakarta\platform\jakarta.jakartaee-api\8.0.0\jakarta.jakartaee-api-8.0.0.jar;C:\Users\andre\.m2\repository\org\glassfish\web\jakarta.servlet.jsp.jstl\1.2.6\jakarta.servlet.jsp.jstl-1.2.6.jar;C:\Users\andre\.m2\repository\jakarta\servlet\jsp\jstl\jakarta.servlet.jsp.jstl-api\1.2.4\jakarta.servlet.jsp.jstl-api-1.2.4.jar;C:\Users\andre\.m2\repository\jakarta\servlet\jakarta.servlet-api\4.0.2\jakarta.servlet-api-4.0.2.jar;C:\Users\andre\.m2\repository\jakarta\el\jakarta.el-api\3.0.2\jakarta.el-api-3.0.2.jar;C:\Users\andre\.m2\repository\mysql\mysql-connector-java\8.0.23\mysql-connector-java-8.0.23.jar;C:\Users\andre\.m2\repository\com\google\protobuf\protobuf-java\3.11.4\protobuf-java-3.11.4.jar;"/>
    <property name="sun.cpu.endian" value="little"/>
    <property name="user.home" value="C:\Users\andre"/>
    <property name="user.language" value="en"/>
    <property name="java.specification.vendor" value="Oracle Corporation"/>
    <property name="java.naming.factory.url.pkgs" value="org.apache.naming"/>
    <property name="java.version.date" value="2020-11-04"/>
    <property name="java.home" value="C:\Program Files\AdoptOpenJDK\jdk-11.0.9.101-hotspot"/>
    <property name="file.separator" value="\"/>
    <property name="basedir" value="C:\Users\andre\Documents\NetBeansProjects\SimpleBloodBank"/>
    <property name="java.vm.compressedOopsMode" value="32-bit"/>
    <property name="line.separator" value="&#10;"/>
    <property name="java.specification.name" value="Java Platform API Specification"/>
    <property name="java.vm.specification.vendor" value="Oracle Corporation"/>
    <property name="java.awt.graphicsenv" value="sun.awt.Win32GraphicsEnvironment"/>
    <property name="surefire.real.class.path" value="C:\Users\andre\AppData\Local\Temp\surefire16904921229811020071\surefirebooter7562843939868575443.jar"/>
    <property name="user.script" value=""/>
    <property name="sun.management.compiler" value="HotSpot 64-Bit Tiered Compilers"/>
    <property name="java.runtime.version" value="11.0.9.1+1"/>
    <property name="java.naming.factory.initial" value="org.apache.naming.java.javaURLContextFactory"/>
    <property name="user.name" value="dynonomous"/>
    <property name="path.separator" value=";"/>
    <property name="os.version" value="10.0"/>
    <property name="java.runtime.name" value="OpenJDK Runtime Environment"/>
    <property name="file.encoding" value="UTF-8"/>
    <property name="java.vm.name" value="OpenJDK 64-Bit Server VM"/>
    <property name="java.vendor.version" value="AdoptOpenJDK"/>
    <property name="maven.ext.class.path" value="C:\Program Files\NetBeans-12.0\netbeans\java\maven-nblib\netbeans-eventspy.jar"/>
    <property name="localRepository" value="C:\Users\andre\.m2\repository"/>
    <property name="java.vendor.url.bug" value="https://github.com/AdoptOpenJDK/openjdk-support/issues"/>
    <property name="java.io.tmpdir" value="C:\Users\andre\AppData\Local\Temp\"/>
    <property name="catalina.home" value="C:\Users\andre\Documents\NetBeansProjects\SimpleBloodBank\tomcat.8080"/>
    <property name="java.version" value="11.0.9.1"/>
    <property name="user.dir" value="C:\Users\andre\Documents\NetBeansProjects\SimpleBloodBank"/>
    <property name="os.arch" value="amd64"/>
    <property name="java.vm.specification.name" value="Java Virtual Machine Specification"/>
    <property name="java.awt.printerjob" value="sun.awt.windows.WPrinterJob"/>
    <property name="sun.os.patch.level" value=""/>
    <property name="catalina.base" value="C:\Users\andre\Documents\NetBeansProjects\SimpleBloodBank\tomcat.8080"/>
    <property name="java.library.path" value="C:\Program Files\AdoptOpenJDK\jdk-11.0.9.101-hotspot\bin;C:\WINDOWS\Sun\Java\bin;C:\WINDOWS\system32;C:\WINDOWS;C:\Program Files\AdoptOpenJDK\jdk-11.0.9.101-hotspot\bin;C:\app\dynonomous\product\18.0.0\dbhomeXE\bin;C:\Program Files\Microsoft MPI\Bin\;C:\Program Files (x86)\Common Files\Oracle\Java\javapath;C:\Program Files\AdoptOpenJDK\jdk-11.0.9.101-hotspot\\bin;C:\Windows\system32;C:\Windows;C:\Windows\System32\Wbem;C:\Windows\System32\WindowsPowerShell\v1.0\;C:\Windows\System32\OpenSSH\;C:\Program Files (x86)\NVIDIA Corporation\PhysX\Common;C:\Program Files\NVIDIA Corporation\NVIDIA NvDLISR;C:\Program Files\Intel\WiFi\bin\;C:\Program Files\Common Files\Intel\WirelessCommon\;C:\WINDOWS\system32;C:\WINDOWS;C:\WINDOWS\System32\Wbem;C:\WINDOWS\System32\WindowsPowerShell\v1.0\;C:\WINDOWS\System32\OpenSSH\;C:\Program Files (x86)\pgmodeler;C:\Program Files\Git\cmd;C:\Program Files\Java\jdk1.8.0_261\bin;C:\Program Files (x86)\Microsoft SQL Server\150\Tools\Binn\;C:\Program Files\Microsoft SQL Server\150\Tools\Binn\;C:\Program Files (x86)\Microsoft SQL Server\150\DTS\Binn\;C:\Program Files\Microsoft SQL Server\150\DTS\Binn\;C:\Program Files\Microsoft SQL Server\Client SDK\ODBC\170\Tools\Binn\;C:\Users\andre\javafx-sdk-11.0.2\bin;C:\Users\andre\.cargo\bin;C:\Users\andre\AppData\Local\Microsoft\WindowsApps;C:\Program Files\Intel\WiFi\bin\;C:\Program Files\Common Files\Intel\WirelessCommon\;;C:\Program Files\JetBrains\IntelliJ IDEA Community Edition 2020.2\bin;;."/>
    <property name="java.vm.info" value="mixed mode"/>
    <property name="java.vendor" value="AdoptOpenJDK"/>
    <property name="java.vm.version" value="11.0.9.1+1"/>
    <property name="sun.io.unicode.encoding" value="UnicodeLittle"/>
    <property name="java.class.version" value="55.0"/>
  </properties>
  <testcase name="testCreateEntity" classname="logic.BloodBankTest" time="0.044">
    <system-out><![CDATA[2021-04-13T15:27:23,649|[DEBUG] EMFactory - getting EntityManagerFactory
2021-04-13T15:27:23,649|[DEBUG] EMFactory - initializeing EntityManagerFactory
2021-04-13T15:27:23,653|[DEBUG] SQL - 
    /* insert entity.BloodBank
        */ insert 
        into
            simplebloodbank.blood_bank
            (employee_count, established, name, owner, privately_owned) 
        values
            (?, ?, ?, ?, ?)
2021-04-13T15:27:23,653|[TRACE] BasicBinder - binding parameter [1] as [INTEGER] - [5]
2021-04-13T15:27:23,654|[TRACE] BasicBinder - binding parameter [2] as [TIMESTAMP] - [Wed Dec 12 00:00:00 EST 1212]
2021-04-13T15:27:23,656|[TRACE] BasicBinder - binding parameter [3] as [VARCHAR] - [BloodBank Test]
2021-04-13T15:27:23,656|[TRACE] BasicBinder - binding parameter [4] as [INTEGER] - [null]
2021-04-13T15:27:23,656|[TRACE] BasicBinder - binding parameter [5] as [BOOLEAN] - [false]
2021-04-13T15:27:23,671|[DEBUG] EMFactory - getting EntityManagerFactory
2021-04-13T15:27:23,671|[DEBUG] EMFactory - initializeing EntityManagerFactory
2021-04-13T15:27:23,672|[DEBUG] SQL - 
    /* load entity.BloodBank */ select
        bloodbank0_.bank_id as bank_id1_1_0_,
        bloodbank0_.employee_count as employee2_1_0_,
        bloodbank0_.established as establis3_1_0_,
        bloodbank0_.name as name4_1_0_,
        bloodbank0_.owner as owner6_1_0_,
        bloodbank0_.privately_owned as privatel5_1_0_ 
    from
        simplebloodbank.blood_bank bloodbank0_ 
    where
        bloodbank0_.bank_id=?
2021-04-13T15:27:23,673|[TRACE] BasicBinder - binding parameter [1] as [INTEGER] - [1]
2021-04-13T15:27:23,674|[TRACE] BasicExtractor - extracted value ([employee2_1_0_] : [INTEGER]) - [5]
2021-04-13T15:27:23,675|[TRACE] BasicExtractor - extracted value ([establis3_1_0_] : [TIMESTAMP]) - [1212-12-12 00:00:00.0]
2021-04-13T15:27:23,675|[TRACE] BasicExtractor - extracted value ([name4_1_0_] : [VARCHAR]) - [BloodBank Test]
2021-04-13T15:27:23,675|[TRACE] BasicExtractor - extracted value ([owner6_1_0_] : [INTEGER]) - [null]
2021-04-13T15:27:23,676|[TRACE] BasicExtractor - extracted value ([privatel5_1_0_] : [BOOLEAN]) - [false]
2021-04-13T15:27:23,681|[DEBUG] SQL - 
    select
        blooddonat0_.bank_id as bank_id6_2_0_,
        blooddonat0_.donation_id as donation1_2_0_,
        blooddonat0_.donation_id as donation1_2_1_,
        blooddonat0_.bank_id as bank_id6_2_1_,
        blooddonat0_.blood_group as blood_gr2_2_1_,
        blooddonat0_.created as created3_2_1_,
        blooddonat0_.milliliters as millilit4_2_1_,
        blooddonat0_.rhd as rhd5_2_1_ 
    from
        simplebloodbank.blood_donation blooddonat0_ 
    where
        blooddonat0_.bank_id=?
2021-04-13T15:27:23,681|[TRACE] BasicBinder - binding parameter [1] as [INTEGER] - [1]
2021-04-13T15:27:23,687|[DEBUG] SQL - 
    /* delete entity.BloodBank */ delete 
        from
            simplebloodbank.blood_bank 
        where
            bank_id=?
2021-04-13T15:27:23,688|[TRACE] BasicBinder - binding parameter [1] as [INTEGER] - [1]
]]></system-out>
  </testcase>
  <testcase name="testGetEstablished" classname="logic.BloodBankTest" time="0.015">
    <system-out><![CDATA[2021-04-13T15:27:23,693|[DEBUG] EMFactory - getting EntityManagerFactory
2021-04-13T15:27:23,693|[DEBUG] EMFactory - initializeing EntityManagerFactory
2021-04-13T15:27:23,693|[DEBUG] SQL - 
    /* insert entity.BloodBank
        */ insert 
        into
            simplebloodbank.blood_bank
            (employee_count, established, name, owner, privately_owned) 
        values
            (?, ?, ?, ?, ?)
2021-04-13T15:27:23,693|[TRACE] BasicBinder - binding parameter [1] as [INTEGER] - [5]
2021-04-13T15:27:23,693|[TRACE] BasicBinder - binding parameter [2] as [TIMESTAMP] - [Wed Dec 12 00:00:00 EST 1212]
2021-04-13T15:27:23,694|[TRACE] BasicBinder - binding parameter [3] as [VARCHAR] - [BloodBank Test]
2021-04-13T15:27:23,694|[TRACE] BasicBinder - binding parameter [4] as [INTEGER] - [null]
2021-04-13T15:27:23,694|[TRACE] BasicBinder - binding parameter [5] as [BOOLEAN] - [false]
2021-04-13T15:27:23,698|[DEBUG] EMFactory - getting EntityManagerFactory
2021-04-13T15:27:23,698|[DEBUG] EMFactory - initializeing EntityManagerFactory
2021-04-13T15:27:23,699|[DEBUG] SQL - 
    /* load entity.BloodBank */ select
        bloodbank0_.bank_id as bank_id1_1_0_,
        bloodbank0_.employee_count as employee2_1_0_,
        bloodbank0_.established as establis3_1_0_,
        bloodbank0_.name as name4_1_0_,
        bloodbank0_.owner as owner6_1_0_,
        bloodbank0_.privately_owned as privatel5_1_0_ 
    from
        simplebloodbank.blood_bank bloodbank0_ 
    where
        bloodbank0_.bank_id=?
2021-04-13T15:27:23,699|[TRACE] BasicBinder - binding parameter [1] as [INTEGER] - [2]
2021-04-13T15:27:23,700|[TRACE] BasicExtractor - extracted value ([employee2_1_0_] : [INTEGER]) - [5]
2021-04-13T15:27:23,700|[TRACE] BasicExtractor - extracted value ([establis3_1_0_] : [TIMESTAMP]) - [1212-12-12 00:00:00.0]
2021-04-13T15:27:23,700|[TRACE] BasicExtractor - extracted value ([name4_1_0_] : [VARCHAR]) - [BloodBank Test]
2021-04-13T15:27:23,700|[TRACE] BasicExtractor - extracted value ([owner6_1_0_] : [INTEGER]) - [null]
2021-04-13T15:27:23,700|[TRACE] BasicExtractor - extracted value ([privatel5_1_0_] : [BOOLEAN]) - [false]
2021-04-13T15:27:23,700|[DEBUG] SQL - 
    select
        blooddonat0_.bank_id as bank_id6_2_0_,
        blooddonat0_.donation_id as donation1_2_0_,
        blooddonat0_.donation_id as donation1_2_1_,
        blooddonat0_.bank_id as bank_id6_2_1_,
        blooddonat0_.blood_group as blood_gr2_2_1_,
        blooddonat0_.created as created3_2_1_,
        blooddonat0_.milliliters as millilit4_2_1_,
        blooddonat0_.rhd as rhd5_2_1_ 
    from
        simplebloodbank.blood_donation blooddonat0_ 
    where
        blooddonat0_.bank_id=?
2021-04-13T15:27:23,700|[TRACE] BasicBinder - binding parameter [1] as [INTEGER] - [2]
2021-04-13T15:27:23,701|[DEBUG] SQL - 
    /* delete entity.BloodBank */ delete 
        from
            simplebloodbank.blood_bank 
        where
            bank_id=?
2021-04-13T15:27:23,702|[TRACE] BasicBinder - binding parameter [1] as [INTEGER] - [2]
]]></system-out>
  </testcase>
  <testcase name="testGetOwner" classname="logic.BloodBankTest" time="0.014">
    <system-out><![CDATA[2021-04-13T15:27:23,707|[DEBUG] EMFactory - getting EntityManagerFactory
2021-04-13T15:27:23,707|[DEBUG] EMFactory - initializeing EntityManagerFactory
2021-04-13T15:27:23,708|[DEBUG] SQL - 
    /* insert entity.BloodBank
        */ insert 
        into
            simplebloodbank.blood_bank
            (employee_count, established, name, owner, privately_owned) 
        values
            (?, ?, ?, ?, ?)
2021-04-13T15:27:23,708|[TRACE] BasicBinder - binding parameter [1] as [INTEGER] - [5]
2021-04-13T15:27:23,708|[TRACE] BasicBinder - binding parameter [2] as [TIMESTAMP] - [Wed Dec 12 00:00:00 EST 1212]
2021-04-13T15:27:23,709|[TRACE] BasicBinder - binding parameter [3] as [VARCHAR] - [BloodBank Test]
2021-04-13T15:27:23,709|[TRACE] BasicBinder - binding parameter [4] as [INTEGER] - [null]
2021-04-13T15:27:23,709|[TRACE] BasicBinder - binding parameter [5] as [BOOLEAN] - [false]
2021-04-13T15:27:23,713|[DEBUG] EMFactory - getting EntityManagerFactory
2021-04-13T15:27:23,713|[DEBUG] EMFactory - initializeing EntityManagerFactory
2021-04-13T15:27:23,714|[DEBUG] SQL - 
    /* load entity.BloodBank */ select
        bloodbank0_.bank_id as bank_id1_1_0_,
        bloodbank0_.employee_count as employee2_1_0_,
        bloodbank0_.established as establis3_1_0_,
        bloodbank0_.name as name4_1_0_,
        bloodbank0_.owner as owner6_1_0_,
        bloodbank0_.privately_owned as privatel5_1_0_ 
    from
        simplebloodbank.blood_bank bloodbank0_ 
    where
        bloodbank0_.bank_id=?
2021-04-13T15:27:23,714|[TRACE] BasicBinder - binding parameter [1] as [INTEGER] - [3]
2021-04-13T15:27:23,715|[TRACE] BasicExtractor - extracted value ([employee2_1_0_] : [INTEGER]) - [5]
2021-04-13T15:27:23,715|[TRACE] BasicExtractor - extracted value ([establis3_1_0_] : [TIMESTAMP]) - [1212-12-12 00:00:00.0]
2021-04-13T15:27:23,715|[TRACE] BasicExtractor - extracted value ([name4_1_0_] : [VARCHAR]) - [BloodBank Test]
2021-04-13T15:27:23,715|[TRACE] BasicExtractor - extracted value ([owner6_1_0_] : [INTEGER]) - [null]
2021-04-13T15:27:23,715|[TRACE] BasicExtractor - extracted value ([privatel5_1_0_] : [BOOLEAN]) - [false]
2021-04-13T15:27:23,715|[DEBUG] SQL - 
    select
        blooddonat0_.bank_id as bank_id6_2_0_,
        blooddonat0_.donation_id as donation1_2_0_,
        blooddonat0_.donation_id as donation1_2_1_,
        blooddonat0_.bank_id as bank_id6_2_1_,
        blooddonat0_.blood_group as blood_gr2_2_1_,
        blooddonat0_.created as created3_2_1_,
        blooddonat0_.milliliters as millilit4_2_1_,
        blooddonat0_.rhd as rhd5_2_1_ 
    from
        simplebloodbank.blood_donation blooddonat0_ 
    where
        blooddonat0_.bank_id=?
2021-04-13T15:27:23,715|[TRACE] BasicBinder - binding parameter [1] as [INTEGER] - [3]
2021-04-13T15:27:23,716|[DEBUG] SQL - 
    /* delete entity.BloodBank */ delete 
        from
            simplebloodbank.blood_bank 
        where
            bank_id=?
2021-04-13T15:27:23,716|[TRACE] BasicBinder - binding parameter [1] as [INTEGER] - [3]
]]></system-out>
  </testcase>
  <testcase name="testGetBloodBankWithPrivatelyOwned" classname="logic.BloodBankTest" time="0.03">
    <system-out><![CDATA[2021-04-13T15:27:23,722|[DEBUG] EMFactory - getting EntityManagerFactory
2021-04-13T15:27:23,722|[DEBUG] EMFactory - initializeing EntityManagerFactory
2021-04-13T15:27:23,722|[DEBUG] SQL - 
    /* insert entity.BloodBank
        */ insert 
        into
            simplebloodbank.blood_bank
            (employee_count, established, name, owner, privately_owned) 
        values
            (?, ?, ?, ?, ?)
2021-04-13T15:27:23,723|[TRACE] BasicBinder - binding parameter [1] as [INTEGER] - [5]
2021-04-13T15:27:23,723|[TRACE] BasicBinder - binding parameter [2] as [TIMESTAMP] - [Wed Dec 12 00:00:00 EST 1212]
2021-04-13T15:27:23,723|[TRACE] BasicBinder - binding parameter [3] as [VARCHAR] - [BloodBank Test]
2021-04-13T15:27:23,723|[TRACE] BasicBinder - binding parameter [4] as [INTEGER] - [null]
2021-04-13T15:27:23,723|[TRACE] BasicBinder - binding parameter [5] as [BOOLEAN] - [false]
2021-04-13T15:27:23,727|[DEBUG] EMFactory - getting EntityManagerFactory
2021-04-13T15:27:23,727|[DEBUG] EMFactory - initializeing EntityManagerFactory
2021-04-13T15:27:23,728|[DEBUG] SQL - 
    /* BloodBank.findByPrivatelyOwned */ select
        bloodbank0_.bank_id as bank_id1_1_,
        bloodbank0_.employee_count as employee2_1_,
        bloodbank0_.established as establis3_1_,
        bloodbank0_.name as name4_1_,
        bloodbank0_.owner as owner6_1_,
        bloodbank0_.privately_owned as privatel5_1_ 
    from
        simplebloodbank.blood_bank bloodbank0_ 
    where
        bloodbank0_.privately_owned=?
2021-04-13T15:27:23,728|[TRACE] BasicBinder - binding parameter [1] as [BOOLEAN] - [false]
2021-04-13T15:27:23,729|[TRACE] BasicExtractor - extracted value ([bank_id1_1_] : [INTEGER]) - [4]
2021-04-13T15:27:23,729|[TRACE] BasicExtractor - extracted value ([employee2_1_] : [INTEGER]) - [5]
2021-04-13T15:27:23,729|[TRACE] BasicExtractor - extracted value ([establis3_1_] : [TIMESTAMP]) - [1212-12-12 00:00:00.0]
2021-04-13T15:27:23,729|[TRACE] BasicExtractor - extracted value ([name4_1_] : [VARCHAR]) - [BloodBank Test]
2021-04-13T15:27:23,729|[TRACE] BasicExtractor - extracted value ([owner6_1_] : [INTEGER]) - [null]
2021-04-13T15:27:23,729|[TRACE] BasicExtractor - extracted value ([privatel5_1_] : [BOOLEAN]) - [false]
2021-04-13T15:27:23,730|[DEBUG] EMFactory - getting EntityManagerFactory
2021-04-13T15:27:23,730|[DEBUG] EMFactory - initializeing EntityManagerFactory
2021-04-13T15:27:23,743|[DEBUG] SQL - 
    /* load entity.BloodBank */ select
        bloodbank0_.bank_id as bank_id1_1_0_,
        bloodbank0_.employee_count as employee2_1_0_,
        bloodbank0_.established as establis3_1_0_,
        bloodbank0_.name as name4_1_0_,
        bloodbank0_.owner as owner6_1_0_,
        bloodbank0_.privately_owned as privatel5_1_0_ 
    from
        simplebloodbank.blood_bank bloodbank0_ 
    where
        bloodbank0_.bank_id=?
2021-04-13T15:27:23,743|[TRACE] BasicBinder - binding parameter [1] as [INTEGER] - [4]
2021-04-13T15:27:23,744|[TRACE] BasicExtractor - extracted value ([employee2_1_0_] : [INTEGER]) - [5]
2021-04-13T15:27:23,744|[TRACE] BasicExtractor - extracted value ([establis3_1_0_] : [TIMESTAMP]) - [1212-12-12 00:00:00.0]
2021-04-13T15:27:23,745|[TRACE] BasicExtractor - extracted value ([name4_1_0_] : [VARCHAR]) - [BloodBank Test]
2021-04-13T15:27:23,745|[TRACE] BasicExtractor - extracted value ([owner6_1_0_] : [INTEGER]) - [null]
2021-04-13T15:27:23,745|[TRACE] BasicExtractor - extracted value ([privatel5_1_0_] : [BOOLEAN]) - [false]
2021-04-13T15:27:23,745|[DEBUG] SQL - 
    select
        blooddonat0_.bank_id as bank_id6_2_0_,
        blooddonat0_.donation_id as donation1_2_0_,
        blooddonat0_.donation_id as donation1_2_1_,
        blooddonat0_.bank_id as bank_id6_2_1_,
        blooddonat0_.blood_group as blood_gr2_2_1_,
        blooddonat0_.created as created3_2_1_,
        blooddonat0_.milliliters as millilit4_2_1_,
        blooddonat0_.rhd as rhd5_2_1_ 
    from
        simplebloodbank.blood_donation blooddonat0_ 
    where
        blooddonat0_.bank_id=?
2021-04-13T15:27:23,746|[TRACE] BasicBinder - binding parameter [1] as [INTEGER] - [4]
2021-04-13T15:27:23,747|[DEBUG] SQL - 
    /* delete entity.BloodBank */ delete 
        from
            simplebloodbank.blood_bank 
        where
            bank_id=?
2021-04-13T15:27:23,747|[TRACE] BasicBinder - binding parameter [1] as [INTEGER] - [4]
]]></system-out>
    <system-err><![CDATA[Apr. 13, 2021 3:27:23 P.M. dal.GenericDAL lambda$setParameters$0
INFO: setParameters: privatelyOwned=false
]]></system-err>
  </testcase>
  <testcase name="testExtractDataAsList" classname="logic.BloodBankTest" time="0.016">
    <system-out><![CDATA[2021-04-13T15:27:23,751|[DEBUG] EMFactory - getting EntityManagerFactory
2021-04-13T15:27:23,752|[DEBUG] EMFactory - initializeing EntityManagerFactory
2021-04-13T15:27:23,752|[DEBUG] SQL - 
    /* insert entity.BloodBank
        */ insert 
        into
            simplebloodbank.blood_bank
            (employee_count, established, name, owner, privately_owned) 
        values
            (?, ?, ?, ?, ?)
2021-04-13T15:27:23,752|[TRACE] BasicBinder - binding parameter [1] as [INTEGER] - [5]
2021-04-13T15:27:23,753|[TRACE] BasicBinder - binding parameter [2] as [TIMESTAMP] - [Wed Dec 12 00:00:00 EST 1212]
2021-04-13T15:27:23,753|[TRACE] BasicBinder - binding parameter [3] as [VARCHAR] - [BloodBank Test]
2021-04-13T15:27:23,753|[TRACE] BasicBinder - binding parameter [4] as [INTEGER] - [null]
2021-04-13T15:27:23,753|[TRACE] BasicBinder - binding parameter [5] as [BOOLEAN] - [false]
2021-04-13T15:27:23,759|[DEBUG] EMFactory - getting EntityManagerFactory
2021-04-13T15:27:23,759|[DEBUG] EMFactory - initializeing EntityManagerFactory
2021-04-13T15:27:23,759|[DEBUG] SQL - 
    /* load entity.BloodBank */ select
        bloodbank0_.bank_id as bank_id1_1_0_,
        bloodbank0_.employee_count as employee2_1_0_,
        bloodbank0_.established as establis3_1_0_,
        bloodbank0_.name as name4_1_0_,
        bloodbank0_.owner as owner6_1_0_,
        bloodbank0_.privately_owned as privatel5_1_0_ 
    from
        simplebloodbank.blood_bank bloodbank0_ 
    where
        bloodbank0_.bank_id=?
2021-04-13T15:27:23,760|[TRACE] BasicBinder - binding parameter [1] as [INTEGER] - [5]
2021-04-13T15:27:23,760|[TRACE] BasicExtractor - extracted value ([employee2_1_0_] : [INTEGER]) - [5]
2021-04-13T15:27:23,760|[TRACE] BasicExtractor - extracted value ([establis3_1_0_] : [TIMESTAMP]) - [1212-12-12 00:00:00.0]
2021-04-13T15:27:23,760|[TRACE] BasicExtractor - extracted value ([name4_1_0_] : [VARCHAR]) - [BloodBank Test]
2021-04-13T15:27:23,761|[TRACE] BasicExtractor - extracted value ([owner6_1_0_] : [INTEGER]) - [null]
2021-04-13T15:27:23,761|[TRACE] BasicExtractor - extracted value ([privatel5_1_0_] : [BOOLEAN]) - [false]
2021-04-13T15:27:23,761|[DEBUG] SQL - 
    select
        blooddonat0_.bank_id as bank_id6_2_0_,
        blooddonat0_.donation_id as donation1_2_0_,
        blooddonat0_.donation_id as donation1_2_1_,
        blooddonat0_.bank_id as bank_id6_2_1_,
        blooddonat0_.blood_group as blood_gr2_2_1_,
        blooddonat0_.created as created3_2_1_,
        blooddonat0_.milliliters as millilit4_2_1_,
        blooddonat0_.rhd as rhd5_2_1_ 
    from
        simplebloodbank.blood_donation blooddonat0_ 
    where
        blooddonat0_.bank_id=?
2021-04-13T15:27:23,761|[TRACE] BasicBinder - binding parameter [1] as [INTEGER] - [5]
2021-04-13T15:27:23,762|[DEBUG] SQL - 
    /* delete entity.BloodBank */ delete 
        from
            simplebloodbank.blood_bank 
        where
            bank_id=?
2021-04-13T15:27:23,762|[TRACE] BasicBinder - binding parameter [1] as [INTEGER] - [5]
]]></system-out>
  </testcase>
  <testcase name="testGetName" classname="logic.BloodBankTest" time="0.021">
    <system-out><![CDATA[2021-04-13T15:27:23,768|[DEBUG] EMFactory - getting EntityManagerFactory
2021-04-13T15:27:23,768|[DEBUG] EMFactory - initializeing EntityManagerFactory
2021-04-13T15:27:23,769|[DEBUG] SQL - 
    /* insert entity.BloodBank
        */ insert 
        into
            simplebloodbank.blood_bank
            (employee_count, established, name, owner, privately_owned) 
        values
            (?, ?, ?, ?, ?)
2021-04-13T15:27:23,769|[TRACE] BasicBinder - binding parameter [1] as [INTEGER] - [5]
2021-04-13T15:27:23,769|[TRACE] BasicBinder - binding parameter [2] as [TIMESTAMP] - [Wed Dec 12 00:00:00 EST 1212]
2021-04-13T15:27:23,770|[TRACE] BasicBinder - binding parameter [3] as [VARCHAR] - [BloodBank Test]
2021-04-13T15:27:23,770|[TRACE] BasicBinder - binding parameter [4] as [INTEGER] - [null]
2021-04-13T15:27:23,770|[TRACE] BasicBinder - binding parameter [5] as [BOOLEAN] - [false]
2021-04-13T15:27:23,776|[DEBUG] EMFactory - getting EntityManagerFactory
2021-04-13T15:27:23,776|[DEBUG] EMFactory - initializeing EntityManagerFactory
2021-04-13T15:27:23,777|[DEBUG] SQL - 
    /* load entity.BloodBank */ select
        bloodbank0_.bank_id as bank_id1_1_0_,
        bloodbank0_.employee_count as employee2_1_0_,
        bloodbank0_.established as establis3_1_0_,
        bloodbank0_.name as name4_1_0_,
        bloodbank0_.owner as owner6_1_0_,
        bloodbank0_.privately_owned as privatel5_1_0_ 
    from
        simplebloodbank.blood_bank bloodbank0_ 
    where
        bloodbank0_.bank_id=?
2021-04-13T15:27:23,777|[TRACE] BasicBinder - binding parameter [1] as [INTEGER] - [6]
2021-04-13T15:27:23,778|[TRACE] BasicExtractor - extracted value ([employee2_1_0_] : [INTEGER]) - [5]
2021-04-13T15:27:23,779|[TRACE] BasicExtractor - extracted value ([establis3_1_0_] : [TIMESTAMP]) - [1212-12-12 00:00:00.0]
2021-04-13T15:27:23,779|[TRACE] BasicExtractor - extracted value ([name4_1_0_] : [VARCHAR]) - [BloodBank Test]
2021-04-13T15:27:23,779|[TRACE] BasicExtractor - extracted value ([owner6_1_0_] : [INTEGER]) - [null]
2021-04-13T15:27:23,779|[TRACE] BasicExtractor - extracted value ([privatel5_1_0_] : [BOOLEAN]) - [false]
2021-04-13T15:27:23,779|[DEBUG] SQL - 
    select
        blooddonat0_.bank_id as bank_id6_2_0_,
        blooddonat0_.donation_id as donation1_2_0_,
        blooddonat0_.donation_id as donation1_2_1_,
        blooddonat0_.bank_id as bank_id6_2_1_,
        blooddonat0_.blood_group as blood_gr2_2_1_,
        blooddonat0_.created as created3_2_1_,
        blooddonat0_.milliliters as millilit4_2_1_,
        blooddonat0_.rhd as rhd5_2_1_ 
    from
        simplebloodbank.blood_donation blooddonat0_ 
    where
        blooddonat0_.bank_id=?
2021-04-13T15:27:23,780|[TRACE] BasicBinder - binding parameter [1] as [INTEGER] - [6]
2021-04-13T15:27:23,781|[DEBUG] SQL - 
    /* delete entity.BloodBank */ delete 
        from
            simplebloodbank.blood_bank 
        where
            bank_id=?
2021-04-13T15:27:23,781|[TRACE] BasicBinder - binding parameter [1] as [INTEGER] - [6]
]]></system-out>
  </testcase>
  <testcase name="testGetBloodBanksWithEstablished" classname="logic.BloodBankTest" time="0.031">
    <system-out><![CDATA[2021-04-13T15:27:23,789|[DEBUG] EMFactory - getting EntityManagerFactory
2021-04-13T15:27:23,789|[DEBUG] EMFactory - initializeing EntityManagerFactory
2021-04-13T15:27:23,790|[DEBUG] SQL - 
    /* insert entity.BloodBank
        */ insert 
        into
            simplebloodbank.blood_bank
            (employee_count, established, name, owner, privately_owned) 
        values
            (?, ?, ?, ?, ?)
2021-04-13T15:27:23,790|[TRACE] BasicBinder - binding parameter [1] as [INTEGER] - [5]
2021-04-13T15:27:23,790|[TRACE] BasicBinder - binding parameter [2] as [TIMESTAMP] - [Wed Dec 12 00:00:00 EST 1212]
2021-04-13T15:27:23,791|[TRACE] BasicBinder - binding parameter [3] as [VARCHAR] - [BloodBank Test]
2021-04-13T15:27:23,791|[TRACE] BasicBinder - binding parameter [4] as [INTEGER] - [null]
2021-04-13T15:27:23,791|[TRACE] BasicBinder - binding parameter [5] as [BOOLEAN] - [false]
2021-04-13T15:27:23,795|[DEBUG] EMFactory - getting EntityManagerFactory
2021-04-13T15:27:23,795|[DEBUG] EMFactory - initializeing EntityManagerFactory
2021-04-13T15:27:23,796|[DEBUG] SQL - 
    /* BloodBank.findByEstablished */ select
        bloodbank0_.bank_id as bank_id1_1_,
        bloodbank0_.employee_count as employee2_1_,
        bloodbank0_.established as establis3_1_,
        bloodbank0_.name as name4_1_,
        bloodbank0_.owner as owner6_1_,
        bloodbank0_.privately_owned as privatel5_1_ 
    from
        simplebloodbank.blood_bank bloodbank0_ 
    where
        bloodbank0_.established=?
2021-04-13T15:27:23,796|[TRACE] BasicBinder - binding parameter [1] as [TIMESTAMP] - [Wed Dec 12 00:00:00 EST 1212]
2021-04-13T15:27:23,797|[TRACE] BasicExtractor - extracted value ([bank_id1_1_] : [INTEGER]) - [7]
2021-04-13T15:27:23,797|[TRACE] BasicExtractor - extracted value ([employee2_1_] : [INTEGER]) - [5]
2021-04-13T15:27:23,797|[TRACE] BasicExtractor - extracted value ([establis3_1_] : [TIMESTAMP]) - [1212-12-12 00:00:00.0]
2021-04-13T15:27:23,797|[TRACE] BasicExtractor - extracted value ([name4_1_] : [VARCHAR]) - [BloodBank Test]
2021-04-13T15:27:23,797|[TRACE] BasicExtractor - extracted value ([owner6_1_] : [INTEGER]) - [null]
2021-04-13T15:27:23,797|[TRACE] BasicExtractor - extracted value ([privatel5_1_] : [BOOLEAN]) - [false]
2021-04-13T15:27:23,798|[DEBUG] EMFactory - getting EntityManagerFactory
2021-04-13T15:27:23,798|[DEBUG] EMFactory - initializeing EntityManagerFactory
2021-04-13T15:27:23,812|[DEBUG] SQL - 
    /* load entity.BloodBank */ select
        bloodbank0_.bank_id as bank_id1_1_0_,
        bloodbank0_.employee_count as employee2_1_0_,
        bloodbank0_.established as establis3_1_0_,
        bloodbank0_.name as name4_1_0_,
        bloodbank0_.owner as owner6_1_0_,
        bloodbank0_.privately_owned as privatel5_1_0_ 
    from
        simplebloodbank.blood_bank bloodbank0_ 
    where
        bloodbank0_.bank_id=?
2021-04-13T15:27:23,813|[TRACE] BasicBinder - binding parameter [1] as [INTEGER] - [7]
2021-04-13T15:27:23,813|[TRACE] BasicExtractor - extracted value ([employee2_1_0_] : [INTEGER]) - [5]
2021-04-13T15:27:23,813|[TRACE] BasicExtractor - extracted value ([establis3_1_0_] : [TIMESTAMP]) - [1212-12-12 00:00:00.0]
2021-04-13T15:27:23,813|[TRACE] BasicExtractor - extracted value ([name4_1_0_] : [VARCHAR]) - [BloodBank Test]
2021-04-13T15:27:23,813|[TRACE] BasicExtractor - extracted value ([owner6_1_0_] : [INTEGER]) - [null]
2021-04-13T15:27:23,814|[TRACE] BasicExtractor - extracted value ([privatel5_1_0_] : [BOOLEAN]) - [false]
2021-04-13T15:27:23,814|[DEBUG] SQL - 
    select
        blooddonat0_.bank_id as bank_id6_2_0_,
        blooddonat0_.donation_id as donation1_2_0_,
        blooddonat0_.donation_id as donation1_2_1_,
        blooddonat0_.bank_id as bank_id6_2_1_,
        blooddonat0_.blood_group as blood_gr2_2_1_,
        blooddonat0_.created as created3_2_1_,
        blooddonat0_.milliliters as millilit4_2_1_,
        blooddonat0_.rhd as rhd5_2_1_ 
    from
        simplebloodbank.blood_donation blooddonat0_ 
    where
        blooddonat0_.bank_id=?
2021-04-13T15:27:23,814|[TRACE] BasicBinder - binding parameter [1] as [INTEGER] - [7]
2021-04-13T15:27:23,816|[DEBUG] SQL - 
    /* delete entity.BloodBank */ delete 
        from
            simplebloodbank.blood_bank 
        where
            bank_id=?
2021-04-13T15:27:23,816|[TRACE] BasicBinder - binding parameter [1] as [INTEGER] - [7]
]]></system-out>
    <system-err><![CDATA[Apr. 13, 2021 3:27:23 P.M. dal.GenericDAL lambda$setParameters$0
INFO: setParameters: established=Wed Dec 12 00:00:00 EST 1212
]]></system-err>
  </testcase>
  <testcase name="testGetEmployeeCount" classname="logic.BloodBankTest" time="0.013">
    <system-out><![CDATA[2021-04-13T15:27:23,821|[DEBUG] EMFactory - getting EntityManagerFactory
2021-04-13T15:27:23,821|[DEBUG] EMFactory - initializeing EntityManagerFactory
2021-04-13T15:27:23,822|[DEBUG] SQL - 
    /* insert entity.BloodBank
        */ insert 
        into
            simplebloodbank.blood_bank
            (employee_count, established, name, owner, privately_owned) 
        values
            (?, ?, ?, ?, ?)
2021-04-13T15:27:23,822|[TRACE] BasicBinder - binding parameter [1] as [INTEGER] - [5]
2021-04-13T15:27:23,822|[TRACE] BasicBinder - binding parameter [2] as [TIMESTAMP] - [Wed Dec 12 00:00:00 EST 1212]
2021-04-13T15:27:23,823|[TRACE] BasicBinder - binding parameter [3] as [VARCHAR] - [BloodBank Test]
2021-04-13T15:27:23,823|[TRACE] BasicBinder - binding parameter [4] as [INTEGER] - [null]
2021-04-13T15:27:23,823|[TRACE] BasicBinder - binding parameter [5] as [BOOLEAN] - [false]
2021-04-13T15:27:23,827|[DEBUG] EMFactory - getting EntityManagerFactory
2021-04-13T15:27:23,827|[DEBUG] EMFactory - initializeing EntityManagerFactory
2021-04-13T15:27:23,828|[DEBUG] SQL - 
    /* load entity.BloodBank */ select
        bloodbank0_.bank_id as bank_id1_1_0_,
        bloodbank0_.employee_count as employee2_1_0_,
        bloodbank0_.established as establis3_1_0_,
        bloodbank0_.name as name4_1_0_,
        bloodbank0_.owner as owner6_1_0_,
        bloodbank0_.privately_owned as privatel5_1_0_ 
    from
        simplebloodbank.blood_bank bloodbank0_ 
    where
        bloodbank0_.bank_id=?
2021-04-13T15:27:23,828|[TRACE] BasicBinder - binding parameter [1] as [INTEGER] - [8]
2021-04-13T15:27:23,828|[TRACE] BasicExtractor - extracted value ([employee2_1_0_] : [INTEGER]) - [5]
2021-04-13T15:27:23,829|[TRACE] BasicExtractor - extracted value ([establis3_1_0_] : [TIMESTAMP]) - [1212-12-12 00:00:00.0]
2021-04-13T15:27:23,829|[TRACE] BasicExtractor - extracted value ([name4_1_0_] : [VARCHAR]) - [BloodBank Test]
2021-04-13T15:27:23,829|[TRACE] BasicExtractor - extracted value ([owner6_1_0_] : [INTEGER]) - [null]
2021-04-13T15:27:23,829|[TRACE] BasicExtractor - extracted value ([privatel5_1_0_] : [BOOLEAN]) - [false]
2021-04-13T15:27:23,829|[DEBUG] SQL - 
    select
        blooddonat0_.bank_id as bank_id6_2_0_,
        blooddonat0_.donation_id as donation1_2_0_,
        blooddonat0_.donation_id as donation1_2_1_,
        blooddonat0_.bank_id as bank_id6_2_1_,
        blooddonat0_.blood_group as blood_gr2_2_1_,
        blooddonat0_.created as created3_2_1_,
        blooddonat0_.milliliters as millilit4_2_1_,
        blooddonat0_.rhd as rhd5_2_1_ 
    from
        simplebloodbank.blood_donation blooddonat0_ 
    where
        blooddonat0_.bank_id=?
2021-04-13T15:27:23,829|[TRACE] BasicBinder - binding parameter [1] as [INTEGER] - [8]
2021-04-13T15:27:23,830|[DEBUG] SQL - 
    /* delete entity.BloodBank */ delete 
        from
            simplebloodbank.blood_bank 
        where
            bank_id=?
2021-04-13T15:27:23,830|[TRACE] BasicBinder - binding parameter [1] as [INTEGER] - [8]
]]></system-out>
  </testcase>
  <testcase name="testGetPrivatelyOwned" classname="logic.BloodBankTest" time="0.016">
    <system-out><![CDATA[2021-04-13T15:27:23,834|[DEBUG] EMFactory - getting EntityManagerFactory
2021-04-13T15:27:23,835|[DEBUG] EMFactory - initializeing EntityManagerFactory
2021-04-13T15:27:23,835|[DEBUG] SQL - 
    /* insert entity.BloodBank
        */ insert 
        into
            simplebloodbank.blood_bank
            (employee_count, established, name, owner, privately_owned) 
        values
            (?, ?, ?, ?, ?)
2021-04-13T15:27:23,836|[TRACE] BasicBinder - binding parameter [1] as [INTEGER] - [5]
2021-04-13T15:27:23,836|[TRACE] BasicBinder - binding parameter [2] as [TIMESTAMP] - [Wed Dec 12 00:00:00 EST 1212]
2021-04-13T15:27:23,836|[TRACE] BasicBinder - binding parameter [3] as [VARCHAR] - [BloodBank Test]
2021-04-13T15:27:23,836|[TRACE] BasicBinder - binding parameter [4] as [INTEGER] - [null]
2021-04-13T15:27:23,836|[TRACE] BasicBinder - binding parameter [5] as [BOOLEAN] - [false]
2021-04-13T15:27:23,842|[DEBUG] EMFactory - getting EntityManagerFactory
2021-04-13T15:27:23,842|[DEBUG] EMFactory - initializeing EntityManagerFactory
2021-04-13T15:27:23,843|[DEBUG] SQL - 
    /* load entity.BloodBank */ select
        bloodbank0_.bank_id as bank_id1_1_0_,
        bloodbank0_.employee_count as employee2_1_0_,
        bloodbank0_.established as establis3_1_0_,
        bloodbank0_.name as name4_1_0_,
        bloodbank0_.owner as owner6_1_0_,
        bloodbank0_.privately_owned as privatel5_1_0_ 
    from
        simplebloodbank.blood_bank bloodbank0_ 
    where
        bloodbank0_.bank_id=?
2021-04-13T15:27:23,843|[TRACE] BasicBinder - binding parameter [1] as [INTEGER] - [9]
2021-04-13T15:27:23,844|[TRACE] BasicExtractor - extracted value ([employee2_1_0_] : [INTEGER]) - [5]
2021-04-13T15:27:23,844|[TRACE] BasicExtractor - extracted value ([establis3_1_0_] : [TIMESTAMP]) - [1212-12-12 00:00:00.0]
2021-04-13T15:27:23,844|[TRACE] BasicExtractor - extracted value ([name4_1_0_] : [VARCHAR]) - [BloodBank Test]
2021-04-13T15:27:23,844|[TRACE] BasicExtractor - extracted value ([owner6_1_0_] : [INTEGER]) - [null]
2021-04-13T15:27:23,844|[TRACE] BasicExtractor - extracted value ([privatel5_1_0_] : [BOOLEAN]) - [false]
2021-04-13T15:27:23,844|[DEBUG] SQL - 
    select
        blooddonat0_.bank_id as bank_id6_2_0_,
        blooddonat0_.donation_id as donation1_2_0_,
        blooddonat0_.donation_id as donation1_2_1_,
        blooddonat0_.bank_id as bank_id6_2_1_,
        blooddonat0_.blood_group as blood_gr2_2_1_,
        blooddonat0_.created as created3_2_1_,
        blooddonat0_.milliliters as millilit4_2_1_,
        blooddonat0_.rhd as rhd5_2_1_ 
    from
        simplebloodbank.blood_donation blooddonat0_ 
    where
        blooddonat0_.bank_id=?
2021-04-13T15:27:23,844|[TRACE] BasicBinder - binding parameter [1] as [INTEGER] - [9]
2021-04-13T15:27:23,845|[DEBUG] SQL - 
    /* delete entity.BloodBank */ delete 
        from
            simplebloodbank.blood_bank 
        where
            bank_id=?
2021-04-13T15:27:23,846|[TRACE] BasicBinder - binding parameter [1] as [INTEGER] - [9]
]]></system-out>
  </testcase>
  <testcase name="testGetBloodBanksWithEmployeeCount" classname="logic.BloodBankTest" time="0.03">
    <system-out><![CDATA[2021-04-13T15:27:23,851|[DEBUG] EMFactory - getting EntityManagerFactory
2021-04-13T15:27:23,851|[DEBUG] EMFactory - initializeing EntityManagerFactory
2021-04-13T15:27:23,851|[DEBUG] SQL - 
    /* insert entity.BloodBank
        */ insert 
        into
            simplebloodbank.blood_bank
            (employee_count, established, name, owner, privately_owned) 
        values
            (?, ?, ?, ?, ?)
2021-04-13T15:27:23,851|[TRACE] BasicBinder - binding parameter [1] as [INTEGER] - [5]
2021-04-13T15:27:23,851|[TRACE] BasicBinder - binding parameter [2] as [TIMESTAMP] - [Wed Dec 12 00:00:00 EST 1212]
2021-04-13T15:27:23,851|[TRACE] BasicBinder - binding parameter [3] as [VARCHAR] - [BloodBank Test]
2021-04-13T15:27:23,852|[TRACE] BasicBinder - binding parameter [4] as [INTEGER] - [null]
2021-04-13T15:27:23,852|[TRACE] BasicBinder - binding parameter [5] as [BOOLEAN] - [false]
2021-04-13T15:27:23,856|[DEBUG] EMFactory - getting EntityManagerFactory
2021-04-13T15:27:23,856|[DEBUG] EMFactory - initializeing EntityManagerFactory
2021-04-13T15:27:23,857|[DEBUG] SQL - 
    /* BloodBank.findByEstablished */ select
        bloodbank0_.bank_id as bank_id1_1_,
        bloodbank0_.employee_count as employee2_1_,
        bloodbank0_.established as establis3_1_,
        bloodbank0_.name as name4_1_,
        bloodbank0_.owner as owner6_1_,
        bloodbank0_.privately_owned as privatel5_1_ 
    from
        simplebloodbank.blood_bank bloodbank0_ 
    where
        bloodbank0_.established=?
2021-04-13T15:27:23,857|[TRACE] BasicBinder - binding parameter [1] as [TIMESTAMP] - [Wed Dec 12 00:00:00 EST 1212]
2021-04-13T15:27:23,858|[TRACE] BasicExtractor - extracted value ([bank_id1_1_] : [INTEGER]) - [10]
2021-04-13T15:27:23,858|[TRACE] BasicExtractor - extracted value ([employee2_1_] : [INTEGER]) - [5]
2021-04-13T15:27:23,858|[TRACE] BasicExtractor - extracted value ([establis3_1_] : [TIMESTAMP]) - [1212-12-12 00:00:00.0]
2021-04-13T15:27:23,858|[TRACE] BasicExtractor - extracted value ([name4_1_] : [VARCHAR]) - [BloodBank Test]
2021-04-13T15:27:23,858|[TRACE] BasicExtractor - extracted value ([owner6_1_] : [INTEGER]) - [null]
2021-04-13T15:27:23,859|[TRACE] BasicExtractor - extracted value ([privatel5_1_] : [BOOLEAN]) - [false]
2021-04-13T15:27:23,859|[DEBUG] EMFactory - getting EntityManagerFactory
2021-04-13T15:27:23,859|[DEBUG] EMFactory - initializeing EntityManagerFactory
2021-04-13T15:27:23,872|[DEBUG] SQL - 
    /* load entity.BloodBank */ select
        bloodbank0_.bank_id as bank_id1_1_0_,
        bloodbank0_.employee_count as employee2_1_0_,
        bloodbank0_.established as establis3_1_0_,
        bloodbank0_.name as name4_1_0_,
        bloodbank0_.owner as owner6_1_0_,
        bloodbank0_.privately_owned as privatel5_1_0_ 
    from
        simplebloodbank.blood_bank bloodbank0_ 
    where
        bloodbank0_.bank_id=?
2021-04-13T15:27:23,872|[TRACE] BasicBinder - binding parameter [1] as [INTEGER] - [10]
2021-04-13T15:27:23,873|[TRACE] BasicExtractor - extracted value ([employee2_1_0_] : [INTEGER]) - [5]
2021-04-13T15:27:23,873|[TRACE] BasicExtractor - extracted value ([establis3_1_0_] : [TIMESTAMP]) - [1212-12-12 00:00:00.0]
2021-04-13T15:27:23,873|[TRACE] BasicExtractor - extracted value ([name4_1_0_] : [VARCHAR]) - [BloodBank Test]
2021-04-13T15:27:23,873|[TRACE] BasicExtractor - extracted value ([owner6_1_0_] : [INTEGER]) - [null]
2021-04-13T15:27:23,873|[TRACE] BasicExtractor - extracted value ([privatel5_1_0_] : [BOOLEAN]) - [false]
2021-04-13T15:27:23,873|[DEBUG] SQL - 
    select
        blooddonat0_.bank_id as bank_id6_2_0_,
        blooddonat0_.donation_id as donation1_2_0_,
        blooddonat0_.donation_id as donation1_2_1_,
        blooddonat0_.bank_id as bank_id6_2_1_,
        blooddonat0_.blood_group as blood_gr2_2_1_,
        blooddonat0_.created as created3_2_1_,
        blooddonat0_.milliliters as millilit4_2_1_,
        blooddonat0_.rhd as rhd5_2_1_ 
    from
        simplebloodbank.blood_donation blooddonat0_ 
    where
        blooddonat0_.bank_id=?
2021-04-13T15:27:23,873|[TRACE] BasicBinder - binding parameter [1] as [INTEGER] - [10]
2021-04-13T15:27:23,875|[DEBUG] SQL - 
    /* delete entity.BloodBank */ delete 
        from
            simplebloodbank.blood_bank 
        where
            bank_id=?
2021-04-13T15:27:23,875|[TRACE] BasicBinder - binding parameter [1] as [INTEGER] - [10]
]]></system-out>
    <system-err><![CDATA[Apr. 13, 2021 3:27:23 P.M. dal.GenericDAL lambda$setParameters$0
INFO: setParameters: established=Wed Dec 12 00:00:00 EST 1212
]]></system-err>
  </testcase>
  <testcase name="testGetBloodDonationSet" classname="logic.BloodBankTest" time="0.013">
    <system-out><![CDATA[2021-04-13T15:27:23,881|[DEBUG] EMFactory - getting EntityManagerFactory
2021-04-13T15:27:23,881|[DEBUG] EMFactory - initializeing EntityManagerFactory
2021-04-13T15:27:23,882|[DEBUG] SQL - 
    /* insert entity.BloodBank
        */ insert 
        into
            simplebloodbank.blood_bank
            (employee_count, established, name, owner, privately_owned) 
        values
            (?, ?, ?, ?, ?)
2021-04-13T15:27:23,882|[TRACE] BasicBinder - binding parameter [1] as [INTEGER] - [5]
2021-04-13T15:27:23,882|[TRACE] BasicBinder - binding parameter [2] as [TIMESTAMP] - [Wed Dec 12 00:00:00 EST 1212]
2021-04-13T15:27:23,883|[TRACE] BasicBinder - binding parameter [3] as [VARCHAR] - [BloodBank Test]
2021-04-13T15:27:23,883|[TRACE] BasicBinder - binding parameter [4] as [INTEGER] - [null]
2021-04-13T15:27:23,883|[TRACE] BasicBinder - binding parameter [5] as [BOOLEAN] - [false]
2021-04-13T15:27:23,887|[DEBUG] EMFactory - getting EntityManagerFactory
2021-04-13T15:27:23,887|[DEBUG] EMFactory - initializeing EntityManagerFactory
2021-04-13T15:27:23,887|[DEBUG] SQL - 
    /* load entity.BloodBank */ select
        bloodbank0_.bank_id as bank_id1_1_0_,
        bloodbank0_.employee_count as employee2_1_0_,
        bloodbank0_.established as establis3_1_0_,
        bloodbank0_.name as name4_1_0_,
        bloodbank0_.owner as owner6_1_0_,
        bloodbank0_.privately_owned as privatel5_1_0_ 
    from
        simplebloodbank.blood_bank bloodbank0_ 
    where
        bloodbank0_.bank_id=?
2021-04-13T15:27:23,887|[TRACE] BasicBinder - binding parameter [1] as [INTEGER] - [11]
2021-04-13T15:27:23,889|[TRACE] BasicExtractor - extracted value ([employee2_1_0_] : [INTEGER]) - [5]
2021-04-13T15:27:23,889|[TRACE] BasicExtractor - extracted value ([establis3_1_0_] : [TIMESTAMP]) - [1212-12-12 00:00:00.0]
2021-04-13T15:27:23,889|[TRACE] BasicExtractor - extracted value ([name4_1_0_] : [VARCHAR]) - [BloodBank Test]
2021-04-13T15:27:23,889|[TRACE] BasicExtractor - extracted value ([owner6_1_0_] : [INTEGER]) - [null]
2021-04-13T15:27:23,889|[TRACE] BasicExtractor - extracted value ([privatel5_1_0_] : [BOOLEAN]) - [false]
2021-04-13T15:27:23,889|[DEBUG] SQL - 
    select
        blooddonat0_.bank_id as bank_id6_2_0_,
        blooddonat0_.donation_id as donation1_2_0_,
        blooddonat0_.donation_id as donation1_2_1_,
        blooddonat0_.bank_id as bank_id6_2_1_,
        blooddonat0_.blood_group as blood_gr2_2_1_,
        blooddonat0_.created as created3_2_1_,
        blooddonat0_.milliliters as millilit4_2_1_,
        blooddonat0_.rhd as rhd5_2_1_ 
    from
        simplebloodbank.blood_donation blooddonat0_ 
    where
        blooddonat0_.bank_id=?
2021-04-13T15:27:23,889|[TRACE] BasicBinder - binding parameter [1] as [INTEGER] - [11]
2021-04-13T15:27:23,890|[DEBUG] SQL - 
    /* delete entity.BloodBank */ delete 
        from
            simplebloodbank.blood_bank 
        where
            bank_id=?
2021-04-13T15:27:23,890|[TRACE] BasicBinder - binding parameter [1] as [INTEGER] - [11]
]]></system-out>
  </testcase>
  <testcase name="testCreateEntityAndAdd" classname="logic.BloodBankTest" time="0.039">
    <system-out><![CDATA[2021-04-13T15:27:23,894|[DEBUG] EMFactory - getting EntityManagerFactory
2021-04-13T15:27:23,894|[DEBUG] EMFactory - initializeing EntityManagerFactory
2021-04-13T15:27:23,895|[DEBUG] SQL - 
    /* insert entity.BloodBank
        */ insert 
        into
            simplebloodbank.blood_bank
            (employee_count, established, name, owner, privately_owned) 
        values
            (?, ?, ?, ?, ?)
2021-04-13T15:27:23,895|[TRACE] BasicBinder - binding parameter [1] as [INTEGER] - [5]
2021-04-13T15:27:23,895|[TRACE] BasicBinder - binding parameter [2] as [TIMESTAMP] - [Wed Dec 12 00:00:00 EST 1212]
2021-04-13T15:27:23,896|[TRACE] BasicBinder - binding parameter [3] as [VARCHAR] - [BloodBank Test]
2021-04-13T15:27:23,896|[TRACE] BasicBinder - binding parameter [4] as [INTEGER] - [null]
2021-04-13T15:27:23,896|[TRACE] BasicBinder - binding parameter [5] as [BOOLEAN] - [false]
2021-04-13T15:27:23,900|[DEBUG] EMFactory - getting EntityManagerFactory
2021-04-13T15:27:23,900|[DEBUG] EMFactory - initializeing EntityManagerFactory
2021-04-13T15:27:23,901|[DEBUG] SQL - 
    /* insert entity.BloodBank
        */ insert 
        into
            simplebloodbank.blood_bank
            (employee_count, established, name, owner, privately_owned) 
        values
            (?, ?, ?, ?, ?)
2021-04-13T15:27:23,901|[TRACE] BasicBinder - binding parameter [1] as [INTEGER] - [5]
2021-04-13T15:27:23,901|[TRACE] BasicBinder - binding parameter [2] as [TIMESTAMP] - [Wed Dec 12 00:00:00 EST 1212]
2021-04-13T15:27:23,901|[TRACE] BasicBinder - binding parameter [3] as [VARCHAR] - [testBloodBank]
2021-04-13T15:27:23,901|[TRACE] BasicBinder - binding parameter [4] as [INTEGER] - [null]
2021-04-13T15:27:23,901|[TRACE] BasicBinder - binding parameter [5] as [BOOLEAN] - [false]
2021-04-13T15:27:23,906|[DEBUG] EMFactory - getting EntityManagerFactory
2021-04-13T15:27:23,906|[DEBUG] EMFactory - initializeing EntityManagerFactory
2021-04-13T15:27:23,907|[DEBUG] SQL - 
    /* BloodBank.findByName */ select
        bloodbank0_.bank_id as bank_id1_1_,
        bloodbank0_.employee_count as employee2_1_,
        bloodbank0_.established as establis3_1_,
        bloodbank0_.name as name4_1_,
        bloodbank0_.owner as owner6_1_,
        bloodbank0_.privately_owned as privatel5_1_ 
    from
        simplebloodbank.blood_bank bloodbank0_ 
    where
        bloodbank0_.name=?
2021-04-13T15:27:23,907|[TRACE] BasicBinder - binding parameter [1] as [VARCHAR] - [testBloodBank]
2021-04-13T15:27:23,908|[TRACE] BasicExtractor - extracted value ([bank_id1_1_] : [INTEGER]) - [13]
2021-04-13T15:27:23,908|[TRACE] BasicExtractor - extracted value ([employee2_1_] : [INTEGER]) - [5]
2021-04-13T15:27:23,908|[TRACE] BasicExtractor - extracted value ([establis3_1_] : [TIMESTAMP]) - [1212-12-12 00:00:00.0]
2021-04-13T15:27:23,908|[TRACE] BasicExtractor - extracted value ([name4_1_] : [VARCHAR]) - [testBloodBank]
2021-04-13T15:27:23,908|[TRACE] BasicExtractor - extracted value ([owner6_1_] : [INTEGER]) - [null]
2021-04-13T15:27:23,908|[TRACE] BasicExtractor - extracted value ([privatel5_1_] : [BOOLEAN]) - [false]
2021-04-13T15:27:23,909|[DEBUG] EMFactory - getting EntityManagerFactory
2021-04-13T15:27:23,909|[DEBUG] EMFactory - initializeing EntityManagerFactory
2021-04-13T15:27:23,921|[DEBUG] SQL - 
    /* load entity.BloodBank */ select
        bloodbank0_.bank_id as bank_id1_1_0_,
        bloodbank0_.employee_count as employee2_1_0_,
        bloodbank0_.established as establis3_1_0_,
        bloodbank0_.name as name4_1_0_,
        bloodbank0_.owner as owner6_1_0_,
        bloodbank0_.privately_owned as privatel5_1_0_ 
    from
        simplebloodbank.blood_bank bloodbank0_ 
    where
        bloodbank0_.bank_id=?
2021-04-13T15:27:23,921|[TRACE] BasicBinder - binding parameter [1] as [INTEGER] - [13]
2021-04-13T15:27:23,922|[TRACE] BasicExtractor - extracted value ([employee2_1_0_] : [INTEGER]) - [5]
2021-04-13T15:27:23,922|[TRACE] BasicExtractor - extracted value ([establis3_1_0_] : [TIMESTAMP]) - [1212-12-12 00:00:00.0]
2021-04-13T15:27:23,922|[TRACE] BasicExtractor - extracted value ([name4_1_0_] : [VARCHAR]) - [testBloodBank]
2021-04-13T15:27:23,922|[TRACE] BasicExtractor - extracted value ([owner6_1_0_] : [INTEGER]) - [null]
2021-04-13T15:27:23,922|[TRACE] BasicExtractor - extracted value ([privatel5_1_0_] : [BOOLEAN]) - [false]
2021-04-13T15:27:23,922|[DEBUG] SQL - 
    /* delete entity.BloodBank */ delete 
        from
            simplebloodbank.blood_bank 
        where
            bank_id=?
2021-04-13T15:27:23,922|[TRACE] BasicBinder - binding parameter [1] as [INTEGER] - [13]
2021-04-13T15:27:23,927|[DEBUG] EMFactory - getting EntityManagerFactory
2021-04-13T15:27:23,927|[DEBUG] EMFactory - initializeing EntityManagerFactory
2021-04-13T15:27:23,927|[DEBUG] SQL - 
    /* load entity.BloodBank */ select
        bloodbank0_.bank_id as bank_id1_1_0_,
        bloodbank0_.employee_count as employee2_1_0_,
        bloodbank0_.established as establis3_1_0_,
        bloodbank0_.name as name4_1_0_,
        bloodbank0_.owner as owner6_1_0_,
        bloodbank0_.privately_owned as privatel5_1_0_ 
    from
        simplebloodbank.blood_bank bloodbank0_ 
    where
        bloodbank0_.bank_id=?
2021-04-13T15:27:23,927|[TRACE] BasicBinder - binding parameter [1] as [INTEGER] - [12]
2021-04-13T15:27:23,928|[TRACE] BasicExtractor - extracted value ([employee2_1_0_] : [INTEGER]) - [5]
2021-04-13T15:27:23,928|[TRACE] BasicExtractor - extracted value ([establis3_1_0_] : [TIMESTAMP]) - [1212-12-12 00:00:00.0]
2021-04-13T15:27:23,928|[TRACE] BasicExtractor - extracted value ([name4_1_0_] : [VARCHAR]) - [BloodBank Test]
2021-04-13T15:27:23,928|[TRACE] BasicExtractor - extracted value ([owner6_1_0_] : [INTEGER]) - [null]
2021-04-13T15:27:23,928|[TRACE] BasicExtractor - extracted value ([privatel5_1_0_] : [BOOLEAN]) - [false]
2021-04-13T15:27:23,928|[DEBUG] SQL - 
    select
        blooddonat0_.bank_id as bank_id6_2_0_,
        blooddonat0_.donation_id as donation1_2_0_,
        blooddonat0_.donation_id as donation1_2_1_,
        blooddonat0_.bank_id as bank_id6_2_1_,
        blooddonat0_.blood_group as blood_gr2_2_1_,
        blooddonat0_.created as created3_2_1_,
        blooddonat0_.milliliters as millilit4_2_1_,
        blooddonat0_.rhd as rhd5_2_1_ 
    from
        simplebloodbank.blood_donation blooddonat0_ 
    where
        blooddonat0_.bank_id=?
2021-04-13T15:27:23,928|[TRACE] BasicBinder - binding parameter [1] as [INTEGER] - [12]
2021-04-13T15:27:23,929|[DEBUG] SQL - 
    /* delete entity.BloodBank */ delete 
        from
            simplebloodbank.blood_bank 
        where
            bank_id=?
2021-04-13T15:27:23,929|[TRACE] BasicBinder - binding parameter [1] as [INTEGER] - [12]
]]></system-out>
    <system-err><![CDATA[Apr. 13, 2021 3:27:23 P.M. dal.GenericDAL lambda$setParameters$0
INFO: setParameters: name=testBloodBank
]]></system-err>
  </testcase>
  <testcase name="testGetBloodBankWithName" classname="logic.BloodBankTest" time="0.028">
    <system-out><![CDATA[2021-04-13T15:27:23,934|[DEBUG] EMFactory - getting EntityManagerFactory
2021-04-13T15:27:23,934|[DEBUG] EMFactory - initializeing EntityManagerFactory
2021-04-13T15:27:23,935|[DEBUG] SQL - 
    /* insert entity.BloodBank
        */ insert 
        into
            simplebloodbank.blood_bank
            (employee_count, established, name, owner, privately_owned) 
        values
            (?, ?, ?, ?, ?)
2021-04-13T15:27:23,935|[TRACE] BasicBinder - binding parameter [1] as [INTEGER] - [5]
2021-04-13T15:27:23,935|[TRACE] BasicBinder - binding parameter [2] as [TIMESTAMP] - [Wed Dec 12 00:00:00 EST 1212]
2021-04-13T15:27:23,936|[TRACE] BasicBinder - binding parameter [3] as [VARCHAR] - [BloodBank Test]
2021-04-13T15:27:23,936|[TRACE] BasicBinder - binding parameter [4] as [INTEGER] - [null]
2021-04-13T15:27:23,936|[TRACE] BasicBinder - binding parameter [5] as [BOOLEAN] - [false]
2021-04-13T15:27:23,941|[DEBUG] EMFactory - getting EntityManagerFactory
2021-04-13T15:27:23,941|[DEBUG] EMFactory - initializeing EntityManagerFactory
2021-04-13T15:27:23,941|[DEBUG] SQL - 
    /* BloodBank.findByName */ select
        bloodbank0_.bank_id as bank_id1_1_,
        bloodbank0_.employee_count as employee2_1_,
        bloodbank0_.established as establis3_1_,
        bloodbank0_.name as name4_1_,
        bloodbank0_.owner as owner6_1_,
        bloodbank0_.privately_owned as privatel5_1_ 
    from
        simplebloodbank.blood_bank bloodbank0_ 
    where
        bloodbank0_.name=?
2021-04-13T15:27:23,941|[TRACE] BasicBinder - binding parameter [1] as [VARCHAR] - [BloodBank Test]
2021-04-13T15:27:23,942|[TRACE] BasicExtractor - extracted value ([bank_id1_1_] : [INTEGER]) - [14]
2021-04-13T15:27:23,942|[TRACE] BasicExtractor - extracted value ([employee2_1_] : [INTEGER]) - [5]
2021-04-13T15:27:23,942|[TRACE] BasicExtractor - extracted value ([establis3_1_] : [TIMESTAMP]) - [1212-12-12 00:00:00.0]
2021-04-13T15:27:23,942|[TRACE] BasicExtractor - extracted value ([name4_1_] : [VARCHAR]) - [BloodBank Test]
2021-04-13T15:27:23,942|[TRACE] BasicExtractor - extracted value ([owner6_1_] : [INTEGER]) - [null]
2021-04-13T15:27:23,942|[TRACE] BasicExtractor - extracted value ([privatel5_1_] : [BOOLEAN]) - [false]
2021-04-13T15:27:23,943|[DEBUG] EMFactory - getting EntityManagerFactory
2021-04-13T15:27:23,943|[DEBUG] EMFactory - initializeing EntityManagerFactory
2021-04-13T15:27:23,956|[DEBUG] SQL - 
    /* load entity.BloodBank */ select
        bloodbank0_.bank_id as bank_id1_1_0_,
        bloodbank0_.employee_count as employee2_1_0_,
        bloodbank0_.established as establis3_1_0_,
        bloodbank0_.name as name4_1_0_,
        bloodbank0_.owner as owner6_1_0_,
        bloodbank0_.privately_owned as privatel5_1_0_ 
    from
        simplebloodbank.blood_bank bloodbank0_ 
    where
        bloodbank0_.bank_id=?
2021-04-13T15:27:23,956|[TRACE] BasicBinder - binding parameter [1] as [INTEGER] - [14]
2021-04-13T15:27:23,957|[TRACE] BasicExtractor - extracted value ([employee2_1_0_] : [INTEGER]) - [5]
2021-04-13T15:27:23,957|[TRACE] BasicExtractor - extracted value ([establis3_1_0_] : [TIMESTAMP]) - [1212-12-12 00:00:00.0]
2021-04-13T15:27:23,957|[TRACE] BasicExtractor - extracted value ([name4_1_0_] : [VARCHAR]) - [BloodBank Test]
2021-04-13T15:27:23,957|[TRACE] BasicExtractor - extracted value ([owner6_1_0_] : [INTEGER]) - [null]
2021-04-13T15:27:23,957|[TRACE] BasicExtractor - extracted value ([privatel5_1_0_] : [BOOLEAN]) - [false]
2021-04-13T15:27:23,957|[DEBUG] SQL - 
    select
        blooddonat0_.bank_id as bank_id6_2_0_,
        blooddonat0_.donation_id as donation1_2_0_,
        blooddonat0_.donation_id as donation1_2_1_,
        blooddonat0_.bank_id as bank_id6_2_1_,
        blooddonat0_.blood_group as blood_gr2_2_1_,
        blooddonat0_.created as created3_2_1_,
        blooddonat0_.milliliters as millilit4_2_1_,
        blooddonat0_.rhd as rhd5_2_1_ 
    from
        simplebloodbank.blood_donation blooddonat0_ 
    where
        blooddonat0_.bank_id=?
2021-04-13T15:27:23,957|[TRACE] BasicBinder - binding parameter [1] as [INTEGER] - [14]
2021-04-13T15:27:23,958|[DEBUG] SQL - 
    /* delete entity.BloodBank */ delete 
        from
            simplebloodbank.blood_bank 
        where
            bank_id=?
2021-04-13T15:27:23,958|[TRACE] BasicBinder - binding parameter [1] as [INTEGER] - [14]
]]></system-out>
    <system-err><![CDATA[Apr. 13, 2021 3:27:23 P.M. dal.GenericDAL lambda$setParameters$0
INFO: setParameters: name=BloodBank Test
]]></system-err>
  </testcase>
  <testcase name="testEquals" classname="logic.BloodBankTest" time="0.014">
    <system-out><![CDATA[2021-04-13T15:27:23,963|[DEBUG] EMFactory - getting EntityManagerFactory
2021-04-13T15:27:23,963|[DEBUG] EMFactory - initializeing EntityManagerFactory
2021-04-13T15:27:23,963|[DEBUG] SQL - 
    /* insert entity.BloodBank
        */ insert 
        into
            simplebloodbank.blood_bank
            (employee_count, established, name, owner, privately_owned) 
        values
            (?, ?, ?, ?, ?)
2021-04-13T15:27:23,963|[TRACE] BasicBinder - binding parameter [1] as [INTEGER] - [5]
2021-04-13T15:27:23,964|[TRACE] BasicBinder - binding parameter [2] as [TIMESTAMP] - [Wed Dec 12 00:00:00 EST 1212]
2021-04-13T15:27:23,964|[TRACE] BasicBinder - binding parameter [3] as [VARCHAR] - [BloodBank Test]
2021-04-13T15:27:23,964|[TRACE] BasicBinder - binding parameter [4] as [INTEGER] - [null]
2021-04-13T15:27:23,964|[TRACE] BasicBinder - binding parameter [5] as [BOOLEAN] - [false]
2021-04-13T15:27:23,969|[DEBUG] EMFactory - getting EntityManagerFactory
2021-04-13T15:27:23,969|[DEBUG] EMFactory - initializeing EntityManagerFactory
2021-04-13T15:27:23,970|[DEBUG] SQL - 
    /* load entity.BloodBank */ select
        bloodbank0_.bank_id as bank_id1_1_0_,
        bloodbank0_.employee_count as employee2_1_0_,
        bloodbank0_.established as establis3_1_0_,
        bloodbank0_.name as name4_1_0_,
        bloodbank0_.owner as owner6_1_0_,
        bloodbank0_.privately_owned as privatel5_1_0_ 
    from
        simplebloodbank.blood_bank bloodbank0_ 
    where
        bloodbank0_.bank_id=?
2021-04-13T15:27:23,970|[TRACE] BasicBinder - binding parameter [1] as [INTEGER] - [15]
2021-04-13T15:27:23,971|[TRACE] BasicExtractor - extracted value ([employee2_1_0_] : [INTEGER]) - [5]
2021-04-13T15:27:23,971|[TRACE] BasicExtractor - extracted value ([establis3_1_0_] : [TIMESTAMP]) - [1212-12-12 00:00:00.0]
2021-04-13T15:27:23,971|[TRACE] BasicExtractor - extracted value ([name4_1_0_] : [VARCHAR]) - [BloodBank Test]
2021-04-13T15:27:23,971|[TRACE] BasicExtractor - extracted value ([owner6_1_0_] : [INTEGER]) - [null]
2021-04-13T15:27:23,971|[TRACE] BasicExtractor - extracted value ([privatel5_1_0_] : [BOOLEAN]) - [false]
2021-04-13T15:27:23,971|[DEBUG] SQL - 
    select
        blooddonat0_.bank_id as bank_id6_2_0_,
        blooddonat0_.donation_id as donation1_2_0_,
        blooddonat0_.donation_id as donation1_2_1_,
        blooddonat0_.bank_id as bank_id6_2_1_,
        blooddonat0_.blood_group as blood_gr2_2_1_,
        blooddonat0_.created as created3_2_1_,
        blooddonat0_.milliliters as millilit4_2_1_,
        blooddonat0_.rhd as rhd5_2_1_ 
    from
        simplebloodbank.blood_donation blooddonat0_ 
    where
        blooddonat0_.bank_id=?
2021-04-13T15:27:23,971|[TRACE] BasicBinder - binding parameter [1] as [INTEGER] - [15]
2021-04-13T15:27:23,972|[DEBUG] SQL - 
    /* delete entity.BloodBank */ delete 
        from
            simplebloodbank.blood_bank 
        where
            bank_id=?
2021-04-13T15:27:23,972|[TRACE] BasicBinder - binding parameter [1] as [INTEGER] - [15]
]]></system-out>
  </testcase>
  <testcase name="testGetAll" classname="logic.BloodBankTest" time="0.045">
    <system-out><![CDATA[2021-04-13T15:27:23,977|[DEBUG] EMFactory - getting EntityManagerFactory
2021-04-13T15:27:23,977|[DEBUG] EMFactory - initializeing EntityManagerFactory
2021-04-13T15:27:23,978|[DEBUG] SQL - 
    /* insert entity.BloodBank
        */ insert 
        into
            simplebloodbank.blood_bank
            (employee_count, established, name, owner, privately_owned) 
        values
            (?, ?, ?, ?, ?)
2021-04-13T15:27:23,978|[TRACE] BasicBinder - binding parameter [1] as [INTEGER] - [5]
2021-04-13T15:27:23,978|[TRACE] BasicBinder - binding parameter [2] as [TIMESTAMP] - [Wed Dec 12 00:00:00 EST 1212]
2021-04-13T15:27:23,978|[TRACE] BasicBinder - binding parameter [3] as [VARCHAR] - [BloodBank Test]
2021-04-13T15:27:23,978|[TRACE] BasicBinder - binding parameter [4] as [INTEGER] - [null]
2021-04-13T15:27:23,979|[TRACE] BasicBinder - binding parameter [5] as [BOOLEAN] - [false]
2021-04-13T15:27:23,984|[DEBUG] EMFactory - getting EntityManagerFactory
2021-04-13T15:27:23,984|[DEBUG] EMFactory - initializeing EntityManagerFactory
2021-04-13T15:27:23,985|[DEBUG] SQL - 
    /* BloodBank.findAll */ select
        bloodbank0_.bank_id as bank_id1_1_,
        bloodbank0_.employee_count as employee2_1_,
        bloodbank0_.established as establis3_1_,
        bloodbank0_.name as name4_1_,
        bloodbank0_.owner as owner6_1_,
        bloodbank0_.privately_owned as privatel5_1_ 
    from
        simplebloodbank.blood_bank bloodbank0_
2021-04-13T15:27:23,985|[TRACE] BasicExtractor - extracted value ([bank_id1_1_] : [INTEGER]) - [16]
2021-04-13T15:27:23,985|[TRACE] BasicExtractor - extracted value ([employee2_1_] : [INTEGER]) - [5]
2021-04-13T15:27:23,985|[TRACE] BasicExtractor - extracted value ([establis3_1_] : [TIMESTAMP]) - [1212-12-12 00:00:00.0]
2021-04-13T15:27:23,986|[TRACE] BasicExtractor - extracted value ([name4_1_] : [VARCHAR]) - [BloodBank Test]
2021-04-13T15:27:23,986|[TRACE] BasicExtractor - extracted value ([owner6_1_] : [INTEGER]) - [null]
2021-04-13T15:27:23,986|[TRACE] BasicExtractor - extracted value ([privatel5_1_] : [BOOLEAN]) - [false]
2021-04-13T15:27:23,986|[DEBUG] EMFactory - getting EntityManagerFactory
2021-04-13T15:27:23,986|[DEBUG] EMFactory - initializeing EntityManagerFactory
2021-04-13T15:27:23,997|[DEBUG] SQL - 
    /* load entity.BloodBank */ select
        bloodbank0_.bank_id as bank_id1_1_0_,
        bloodbank0_.employee_count as employee2_1_0_,
        bloodbank0_.established as establis3_1_0_,
        bloodbank0_.name as name4_1_0_,
        bloodbank0_.owner as owner6_1_0_,
        bloodbank0_.privately_owned as privatel5_1_0_ 
    from
        simplebloodbank.blood_bank bloodbank0_ 
    where
        bloodbank0_.bank_id=?
2021-04-13T15:27:23,997|[TRACE] BasicBinder - binding parameter [1] as [INTEGER] - [16]
2021-04-13T15:27:23,998|[TRACE] BasicExtractor - extracted value ([employee2_1_0_] : [INTEGER]) - [5]
2021-04-13T15:27:23,998|[TRACE] BasicExtractor - extracted value ([establis3_1_0_] : [TIMESTAMP]) - [1212-12-12 00:00:00.0]
2021-04-13T15:27:23,998|[TRACE] BasicExtractor - extracted value ([name4_1_0_] : [VARCHAR]) - [BloodBank Test]
2021-04-13T15:27:23,998|[TRACE] BasicExtractor - extracted value ([owner6_1_0_] : [INTEGER]) - [null]
2021-04-13T15:27:23,998|[TRACE] BasicExtractor - extracted value ([privatel5_1_0_] : [BOOLEAN]) - [false]
2021-04-13T15:27:23,998|[DEBUG] SQL - 
    select
        blooddonat0_.bank_id as bank_id6_2_0_,
        blooddonat0_.donation_id as donation1_2_0_,
        blooddonat0_.donation_id as donation1_2_1_,
        blooddonat0_.bank_id as bank_id6_2_1_,
        blooddonat0_.blood_group as blood_gr2_2_1_,
        blooddonat0_.created as created3_2_1_,
        blooddonat0_.milliliters as millilit4_2_1_,
        blooddonat0_.rhd as rhd5_2_1_ 
    from
        simplebloodbank.blood_donation blooddonat0_ 
    where
        blooddonat0_.bank_id=?
2021-04-13T15:27:23,998|[TRACE] BasicBinder - binding parameter [1] as [INTEGER] - [16]
2021-04-13T15:27:23,999|[DEBUG] SQL - 
    /* delete entity.BloodBank */ delete 
        from
            simplebloodbank.blood_bank 
        where
            bank_id=?
2021-04-13T15:27:23,999|[TRACE] BasicBinder - binding parameter [1] as [INTEGER] - [16]
2021-04-13T15:27:24,003|[DEBUG] EMFactory - getting EntityManagerFactory
2021-04-13T15:27:24,003|[DEBUG] EMFactory - initializeing EntityManagerFactory
2021-04-13T15:27:24,004|[DEBUG] SQL - 
    /* BloodBank.findAll */ select
        bloodbank0_.bank_id as bank_id1_1_,
        bloodbank0_.employee_count as employee2_1_,
        bloodbank0_.established as establis3_1_,
        bloodbank0_.name as name4_1_,
        bloodbank0_.owner as owner6_1_,
        bloodbank0_.privately_owned as privatel5_1_ 
    from
        simplebloodbank.blood_bank bloodbank0_
2021-04-13T15:27:24,004|[DEBUG] EMFactory - getting EntityManagerFactory
2021-04-13T15:27:24,004|[DEBUG] EMFactory - initializeing EntityManagerFactory
2021-04-13T15:27:24,015|[DEBUG] SQL - 
    /* load entity.BloodBank */ select
        bloodbank0_.bank_id as bank_id1_1_0_,
        bloodbank0_.employee_count as employee2_1_0_,
        bloodbank0_.established as establis3_1_0_,
        bloodbank0_.name as name4_1_0_,
        bloodbank0_.owner as owner6_1_0_,
        bloodbank0_.privately_owned as privatel5_1_0_ 
    from
        simplebloodbank.blood_bank bloodbank0_ 
    where
        bloodbank0_.bank_id=?
2021-04-13T15:27:24,016|[TRACE] BasicBinder - binding parameter [1] as [INTEGER] - [16]
2021-04-13T15:27:24,016|[DEBUG] SQL - 
    /* insert entity.BloodBank
        */ insert 
        into
            simplebloodbank.blood_bank
            (employee_count, established, name, owner, privately_owned) 
        values
            (?, ?, ?, ?, ?)
2021-04-13T15:27:24,016|[TRACE] BasicBinder - binding parameter [1] as [INTEGER] - [5]
2021-04-13T15:27:24,016|[TRACE] BasicBinder - binding parameter [2] as [TIMESTAMP] - [Wed Dec 12 00:00:00 EST 1212]
2021-04-13T15:27:24,017|[TRACE] BasicBinder - binding parameter [3] as [VARCHAR] - [BloodBank Test]
2021-04-13T15:27:24,017|[TRACE] BasicBinder - binding parameter [4] as [INTEGER] - [null]
2021-04-13T15:27:24,017|[TRACE] BasicBinder - binding parameter [5] as [BOOLEAN] - [false]
2021-04-13T15:27:24,018|[DEBUG] SQL - 
    /* delete entity.BloodBank */ delete 
        from
            simplebloodbank.blood_bank 
        where
            bank_id=?
2021-04-13T15:27:24,018|[TRACE] BasicBinder - binding parameter [1] as [INTEGER] - [17]
]]></system-out>
  </testcase>
  <testcase name="testGetColumnCodes" classname="logic.BloodBankTest" time="0.011">
    <system-out><![CDATA[2021-04-13T15:27:24,023|[DEBUG] EMFactory - getting EntityManagerFactory
2021-04-13T15:27:24,023|[DEBUG] EMFactory - initializeing EntityManagerFactory
2021-04-13T15:27:24,023|[DEBUG] SQL - 
    /* insert entity.BloodBank
        */ insert 
        into
            simplebloodbank.blood_bank
            (employee_count, established, name, owner, privately_owned) 
        values
            (?, ?, ?, ?, ?)
2021-04-13T15:27:24,024|[TRACE] BasicBinder - binding parameter [1] as [INTEGER] - [5]
2021-04-13T15:27:24,024|[TRACE] BasicBinder - binding parameter [2] as [TIMESTAMP] - [Wed Dec 12 00:00:00 EST 1212]
2021-04-13T15:27:24,024|[TRACE] BasicBinder - binding parameter [3] as [VARCHAR] - [BloodBank Test]
2021-04-13T15:27:24,024|[TRACE] BasicBinder - binding parameter [4] as [INTEGER] - [null]
2021-04-13T15:27:24,024|[TRACE] BasicBinder - binding parameter [5] as [BOOLEAN] - [false]
2021-04-13T15:27:24,028|[DEBUG] EMFactory - getting EntityManagerFactory
2021-04-13T15:27:24,028|[DEBUG] EMFactory - initializeing EntityManagerFactory
2021-04-13T15:27:24,028|[DEBUG] SQL - 
    /* load entity.BloodBank */ select
        bloodbank0_.bank_id as bank_id1_1_0_,
        bloodbank0_.employee_count as employee2_1_0_,
        bloodbank0_.established as establis3_1_0_,
        bloodbank0_.name as name4_1_0_,
        bloodbank0_.owner as owner6_1_0_,
        bloodbank0_.privately_owned as privatel5_1_0_ 
    from
        simplebloodbank.blood_bank bloodbank0_ 
    where
        bloodbank0_.bank_id=?
2021-04-13T15:27:24,029|[TRACE] BasicBinder - binding parameter [1] as [INTEGER] - [18]
2021-04-13T15:27:24,029|[TRACE] BasicExtractor - extracted value ([employee2_1_0_] : [INTEGER]) - [5]
2021-04-13T15:27:24,029|[TRACE] BasicExtractor - extracted value ([establis3_1_0_] : [TIMESTAMP]) - [1212-12-12 00:00:00.0]
2021-04-13T15:27:24,029|[TRACE] BasicExtractor - extracted value ([name4_1_0_] : [VARCHAR]) - [BloodBank Test]
2021-04-13T15:27:24,029|[TRACE] BasicExtractor - extracted value ([owner6_1_0_] : [INTEGER]) - [null]
2021-04-13T15:27:24,029|[TRACE] BasicExtractor - extracted value ([privatel5_1_0_] : [BOOLEAN]) - [false]
2021-04-13T15:27:24,029|[DEBUG] SQL - 
    select
        blooddonat0_.bank_id as bank_id6_2_0_,
        blooddonat0_.donation_id as donation1_2_0_,
        blooddonat0_.donation_id as donation1_2_1_,
        blooddonat0_.bank_id as bank_id6_2_1_,
        blooddonat0_.blood_group as blood_gr2_2_1_,
        blooddonat0_.created as created3_2_1_,
        blooddonat0_.milliliters as millilit4_2_1_,
        blooddonat0_.rhd as rhd5_2_1_ 
    from
        simplebloodbank.blood_donation blooddonat0_ 
    where
        blooddonat0_.bank_id=?
2021-04-13T15:27:24,030|[TRACE] BasicBinder - binding parameter [1] as [INTEGER] - [18]
2021-04-13T15:27:24,030|[DEBUG] SQL - 
    /* delete entity.BloodBank */ delete 
        from
            simplebloodbank.blood_bank 
        where
            bank_id=?
2021-04-13T15:27:24,030|[TRACE] BasicBinder - binding parameter [1] as [INTEGER] - [18]
]]></system-out>
  </testcase>
  <testcase name="testGetColumnNames" classname="logic.BloodBankTest" time="0.013">
    <system-out><![CDATA[2021-04-13T15:27:24,035|[DEBUG] EMFactory - getting EntityManagerFactory
2021-04-13T15:27:24,035|[DEBUG] EMFactory - initializeing EntityManagerFactory
2021-04-13T15:27:24,036|[DEBUG] SQL - 
    /* insert entity.BloodBank
        */ insert 
        into
            simplebloodbank.blood_bank
            (employee_count, established, name, owner, privately_owned) 
        values
            (?, ?, ?, ?, ?)
2021-04-13T15:27:24,036|[TRACE] BasicBinder - binding parameter [1] as [INTEGER] - [5]
2021-04-13T15:27:24,036|[TRACE] BasicBinder - binding parameter [2] as [TIMESTAMP] - [Wed Dec 12 00:00:00 EST 1212]
2021-04-13T15:27:24,036|[TRACE] BasicBinder - binding parameter [3] as [VARCHAR] - [BloodBank Test]
2021-04-13T15:27:24,036|[TRACE] BasicBinder - binding parameter [4] as [INTEGER] - [null]
2021-04-13T15:27:24,036|[TRACE] BasicBinder - binding parameter [5] as [BOOLEAN] - [false]
2021-04-13T15:27:24,041|[DEBUG] EMFactory - getting EntityManagerFactory
2021-04-13T15:27:24,041|[DEBUG] EMFactory - initializeing EntityManagerFactory
2021-04-13T15:27:24,041|[DEBUG] SQL - 
    /* load entity.BloodBank */ select
        bloodbank0_.bank_id as bank_id1_1_0_,
        bloodbank0_.employee_count as employee2_1_0_,
        bloodbank0_.established as establis3_1_0_,
        bloodbank0_.name as name4_1_0_,
        bloodbank0_.owner as owner6_1_0_,
        bloodbank0_.privately_owned as privatel5_1_0_ 
    from
        simplebloodbank.blood_bank bloodbank0_ 
    where
        bloodbank0_.bank_id=?
2021-04-13T15:27:24,042|[TRACE] BasicBinder - binding parameter [1] as [INTEGER] - [19]
2021-04-13T15:27:24,042|[TRACE] BasicExtractor - extracted value ([employee2_1_0_] : [INTEGER]) - [5]
2021-04-13T15:27:24,042|[TRACE] BasicExtractor - extracted value ([establis3_1_0_] : [TIMESTAMP]) - [1212-12-12 00:00:00.0]
2021-04-13T15:27:24,042|[TRACE] BasicExtractor - extracted value ([name4_1_0_] : [VARCHAR]) - [BloodBank Test]
2021-04-13T15:27:24,042|[TRACE] BasicExtractor - extracted value ([owner6_1_0_] : [INTEGER]) - [null]
2021-04-13T15:27:24,042|[TRACE] BasicExtractor - extracted value ([privatel5_1_0_] : [BOOLEAN]) - [false]
2021-04-13T15:27:24,042|[DEBUG] SQL - 
    select
        blooddonat0_.bank_id as bank_id6_2_0_,
        blooddonat0_.donation_id as donation1_2_0_,
        blooddonat0_.donation_id as donation1_2_1_,
        blooddonat0_.bank_id as bank_id6_2_1_,
        blooddonat0_.blood_group as blood_gr2_2_1_,
        blooddonat0_.created as created3_2_1_,
        blooddonat0_.milliliters as millilit4_2_1_,
        blooddonat0_.rhd as rhd5_2_1_ 
    from
        simplebloodbank.blood_donation blooddonat0_ 
    where
        blooddonat0_.bank_id=?
2021-04-13T15:27:24,043|[TRACE] BasicBinder - binding parameter [1] as [INTEGER] - [19]
2021-04-13T15:27:24,043|[DEBUG] SQL - 
    /* delete entity.BloodBank */ delete 
        from
            simplebloodbank.blood_bank 
        where
            bank_id=?
2021-04-13T15:27:24,044|[TRACE] BasicBinder - binding parameter [1] as [INTEGER] - [19]
]]></system-out>
  </testcase>
  <testcase name="testGetWithId" classname="logic.BloodBankTest" time="0.029">
    <system-out><![CDATA[2021-04-13T15:27:24,048|[DEBUG] EMFactory - getting EntityManagerFactory
2021-04-13T15:27:24,048|[DEBUG] EMFactory - initializeing EntityManagerFactory
2021-04-13T15:27:24,049|[DEBUG] SQL - 
    /* insert entity.BloodBank
        */ insert 
        into
            simplebloodbank.blood_bank
            (employee_count, established, name, owner, privately_owned) 
        values
            (?, ?, ?, ?, ?)
2021-04-13T15:27:24,049|[TRACE] BasicBinder - binding parameter [1] as [INTEGER] - [5]
2021-04-13T15:27:24,050|[TRACE] BasicBinder - binding parameter [2] as [TIMESTAMP] - [Wed Dec 12 00:00:00 EST 1212]
2021-04-13T15:27:24,050|[TRACE] BasicBinder - binding parameter [3] as [VARCHAR] - [BloodBank Test]
2021-04-13T15:27:24,050|[TRACE] BasicBinder - binding parameter [4] as [INTEGER] - [null]
2021-04-13T15:27:24,050|[TRACE] BasicBinder - binding parameter [5] as [BOOLEAN] - [false]
2021-04-13T15:27:24,055|[DEBUG] EMFactory - getting EntityManagerFactory
2021-04-13T15:27:24,055|[DEBUG] EMFactory - initializeing EntityManagerFactory
2021-04-13T15:27:24,055|[DEBUG] SQL - 
    /* BloodBank.findByBankId */ select
        bloodbank0_.bank_id as bank_id1_1_,
        bloodbank0_.employee_count as employee2_1_,
        bloodbank0_.established as establis3_1_,
        bloodbank0_.name as name4_1_,
        bloodbank0_.owner as owner6_1_,
        bloodbank0_.privately_owned as privatel5_1_ 
    from
        simplebloodbank.blood_bank bloodbank0_ 
    where
        bloodbank0_.bank_id=?
2021-04-13T15:27:24,055|[TRACE] BasicBinder - binding parameter [1] as [INTEGER] - [20]
2021-04-13T15:27:24,056|[TRACE] BasicExtractor - extracted value ([bank_id1_1_] : [INTEGER]) - [20]
2021-04-13T15:27:24,056|[TRACE] BasicExtractor - extracted value ([employee2_1_] : [INTEGER]) - [5]
2021-04-13T15:27:24,056|[TRACE] BasicExtractor - extracted value ([establis3_1_] : [TIMESTAMP]) - [1212-12-12 00:00:00.0]
2021-04-13T15:27:24,056|[TRACE] BasicExtractor - extracted value ([name4_1_] : [VARCHAR]) - [BloodBank Test]
2021-04-13T15:27:24,056|[TRACE] BasicExtractor - extracted value ([owner6_1_] : [INTEGER]) - [null]
2021-04-13T15:27:24,056|[TRACE] BasicExtractor - extracted value ([privatel5_1_] : [BOOLEAN]) - [false]
2021-04-13T15:27:24,057|[DEBUG] EMFactory - getting EntityManagerFactory
2021-04-13T15:27:24,057|[DEBUG] EMFactory - initializeing EntityManagerFactory
2021-04-13T15:27:24,068|[DEBUG] SQL - 
    /* load entity.BloodBank */ select
        bloodbank0_.bank_id as bank_id1_1_0_,
        bloodbank0_.employee_count as employee2_1_0_,
        bloodbank0_.established as establis3_1_0_,
        bloodbank0_.name as name4_1_0_,
        bloodbank0_.owner as owner6_1_0_,
        bloodbank0_.privately_owned as privatel5_1_0_ 
    from
        simplebloodbank.blood_bank bloodbank0_ 
    where
        bloodbank0_.bank_id=?
2021-04-13T15:27:24,068|[TRACE] BasicBinder - binding parameter [1] as [INTEGER] - [20]
2021-04-13T15:27:24,069|[TRACE] BasicExtractor - extracted value ([employee2_1_0_] : [INTEGER]) - [5]
2021-04-13T15:27:24,070|[TRACE] BasicExtractor - extracted value ([establis3_1_0_] : [TIMESTAMP]) - [1212-12-12 00:00:00.0]
2021-04-13T15:27:24,070|[TRACE] BasicExtractor - extracted value ([name4_1_0_] : [VARCHAR]) - [BloodBank Test]
2021-04-13T15:27:24,070|[TRACE] BasicExtractor - extracted value ([owner6_1_0_] : [INTEGER]) - [null]
2021-04-13T15:27:24,070|[TRACE] BasicExtractor - extracted value ([privatel5_1_0_] : [BOOLEAN]) - [false]
2021-04-13T15:27:24,070|[DEBUG] SQL - 
    select
        blooddonat0_.bank_id as bank_id6_2_0_,
        blooddonat0_.donation_id as donation1_2_0_,
        blooddonat0_.donation_id as donation1_2_1_,
        blooddonat0_.bank_id as bank_id6_2_1_,
        blooddonat0_.blood_group as blood_gr2_2_1_,
        blooddonat0_.created as created3_2_1_,
        blooddonat0_.milliliters as millilit4_2_1_,
        blooddonat0_.rhd as rhd5_2_1_ 
    from
        simplebloodbank.blood_donation blooddonat0_ 
    where
        blooddonat0_.bank_id=?
2021-04-13T15:27:24,071|[TRACE] BasicBinder - binding parameter [1] as [INTEGER] - [20]
2021-04-13T15:27:24,072|[DEBUG] SQL - 
    /* delete entity.BloodBank */ delete 
        from
            simplebloodbank.blood_bank 
        where
            bank_id=?
2021-04-13T15:27:24,072|[TRACE] BasicBinder - binding parameter [1] as [INTEGER] - [20]
]]></system-out>
    <system-err><![CDATA[Apr. 13, 2021 3:27:24 P.M. dal.GenericDAL lambda$setParameters$0
INFO: setParameters: bankId=20
]]></system-err>
  </testcase>
</testsuite>